{"numFailedTestSuites":35,"numFailedTests":8,"numPassedTestSuites":113,"numPassedTests":1505,"numPendingTestSuites":11,"numPendingTests":11,"numRuntimeErrorTestSuites":34,"numTodoTests":0,"numTotalTestSuites":159,"numTotalTests":1524,"openHandles":[],"snapshot":{"added":0,"didUpdate":false,"failure":false,"filesAdded":0,"filesRemoved":0,"filesRemovedList":[],"filesUnmatched":0,"filesUpdated":0,"matched":2,"total":2,"unchecked":0,"uncheckedKeysByFile":[],"unmatched":0,"updated":0},"startTime":1763593241702,"success":false,"testResults":[{"assertionResults":[{"ancestorTitles":["PostgreSQL advanced index DDL (SchemaDiff → SQL)"],"duration":5,"failureDetails":[],"failureMessages":[],"fullName":"PostgreSQL advanced index DDL (SchemaDiff → SQL) Partial index (WHERE), USING GIN, CONCURRENTLY, WITH params, expressions, NULLS","invocations":1,"location":null,"numPassingAsserts":3,"retryReasons":[],"status":"passed","title":"Partial index (WHERE), USING GIN, CONCURRENTLY, WITH params, expressions, NULLS"}],"endTime":1763593242458,"message":"","name":"/Users/mikhail.soosaar_1/Documents/WebsStormProjects/ts-linq/packages/provider-postgres/tests/postgres.migration-snapshots.advanced.test.ts","startTime":1763593242136,"status":"passed","summary":""},{"assertionResults":[{"ancestorTitles":["PostgresProvider CRUD (smoke)"],"duration":4,"failureDetails":[],"failureMessages":[],"fullName":"PostgresProvider CRUD (smoke) create table, insert, select, update, delete","invocations":1,"location":null,"numPassingAsserts":0,"retryReasons":[],"status":"passed","title":"create table, insert, select, update, delete"}],"endTime":1763593242624,"message":"","name":"/Users/mikhail.soosaar_1/Documents/WebsStormProjects/ts-linq/packages/provider-postgres/tests/postgres.crud.test.ts","startTime":1763593242146,"status":"passed","summary":""},{"assertionResults":[{"ancestorTitles":["PrometheusSqlLogger - Query Analysis"],"duration":1,"failureDetails":[],"failureMessages":[],"fullName":"PrometheusSqlLogger - Query Analysis should record analysis duration, slow queries and explain plans","invocations":1,"location":null,"numPassingAsserts":1,"retryReasons":[],"status":"passed","title":"should record analysis duration, slow queries and explain plans"},{"ancestorTitles":["PrometheusSqlLogger - Query Analysis"],"duration":0,"failureDetails":[],"failureMessages":[],"fullName":"PrometheusSqlLogger - Query Analysis should handle fast queries without explain plans","invocations":1,"location":null,"numPassingAsserts":1,"retryReasons":[],"status":"passed","title":"should handle fast queries without explain plans"},{"ancestorTitles":["PrometheusSqlLogger - Query Analysis"],"duration":0,"failureDetails":[],"failureMessages":[],"fullName":"PrometheusSqlLogger - Query Analysis should record analysis for different database providers","invocations":1,"location":null,"numPassingAsserts":1,"retryReasons":[],"status":"passed","title":"should record analysis for different database providers"},{"ancestorTitles":["PrometheusSqlLogger - Query Analysis"],"duration":18,"failureDetails":[],"failureMessages":[],"fullName":"PrometheusSqlLogger - Query Analysis should no-op when analysis hook is called without client","invocations":1,"location":null,"numPassingAsserts":1,"retryReasons":[],"status":"passed","title":"should no-op when analysis hook is called without client"}],"endTime":1763593242729,"message":"","name":"/Users/mikhail.soosaar_1/Documents/WebsStormProjects/ts-linq/packages/prometheus-sql-logger/tests-new/PrometheusAnalysis.test.ts","startTime":1763593242633,"status":"passed","summary":""},{"assertionResults":[{"ancestorTitles":["JOIN / GROUP BY / HAVING / ORDER (property-based)"],"duration":16,"failureDetails":[],"failureMessages":[],"fullName":"JOIN / GROUP BY / HAVING / ORDER (property-based) { name: 'pg', qb: [Function: qb], qid: [Function: qid] }: renders JOIN/GROUP BY/HAVING/ORDER consistently","invocations":1,"location":null,"numPassingAsserts":109,"retryReasons":[],"status":"passed","title":"{ name: 'pg', qb: [Function: qb], qid: [Function: qid] }: renders JOIN/GROUP BY/HAVING/ORDER consistently"},{"ancestorTitles":["JOIN / GROUP BY / HAVING / ORDER (property-based)"],"duration":7,"failureDetails":[],"failureMessages":[],"fullName":"JOIN / GROUP BY / HAVING / ORDER (property-based) { name: 'mysql', qb: [Function: qb], qid: [Function: qid] }: renders JOIN/GROUP BY/HAVING/ORDER consistently","invocations":1,"location":null,"numPassingAsserts":116,"retryReasons":[],"status":"passed","title":"{ name: 'mysql', qb: [Function: qb], qid: [Function: qid] }: renders JOIN/GROUP BY/HAVING/ORDER consistently"},{"ancestorTitles":["JOIN / GROUP BY / HAVING / ORDER (property-based)"],"duration":4,"failureDetails":[],"failureMessages":[],"fullName":"JOIN / GROUP BY / HAVING / ORDER (property-based) { name: 'mssql', qb: [Function: qb], qid: [Function: qid] }: renders JOIN/GROUP BY/HAVING/ORDER consistently","invocations":1,"location":null,"numPassingAsserts":118,"retryReasons":[],"status":"passed","title":"{ name: 'mssql', qb: [Function: qb], qid: [Function: qid] }: renders JOIN/GROUP BY/HAVING/ORDER consistently"},{"ancestorTitles":["JOIN / GROUP BY / HAVING / ORDER (property-based)"],"duration":5,"failureDetails":[],"failureMessages":[],"fullName":"JOIN / GROUP BY / HAVING / ORDER (property-based) { name: 'sqlite', qb: [Function: qb], qid: [Function: qid] }: renders JOIN/GROUP BY/HAVING/ORDER consistently","invocations":1,"location":null,"numPassingAsserts":110,"retryReasons":[],"status":"passed","title":"{ name: 'sqlite', qb: [Function: qb], qid: [Function: qid] }: renders JOIN/GROUP BY/HAVING/ORDER consistently"}],"endTime":1763593242743,"message":"","name":"/Users/mikhail.soosaar_1/Documents/WebsStormProjects/ts-linq/packages/provider-mysql/tests/dialects.groupby.property.test.ts","startTime":1763593242466,"status":"passed","summary":""},{"assertionResults":[{"ancestorTitles":["Provider Factory - Environment Variable Mapping","PostgreSQL Provider"],"duration":5,"failureDetails":[{"matcherResult":{"message":"expect(jest.fn()).toHaveBeenCalledWith(...expected)\n\nExpected: \"postgres://user:pass@localhost:5432/testdb\", undefined, undefined, undefined, undefined, {\"acquireTimeoutMs\": 5000, \"connectionTimeoutMs\": 10000, \"idleTimeoutMs\": 30000, \"max\": 20, \"min\": 2}, {\"degradeAfterFailures\": 3, \"enabled\": true, \"intervalMs\": 60000, \"maxIntervalMs\": 10000, \"minIntervalMs\": 1000, \"testQuery\": \"SELECT 42\", \"timeoutMs\": 5000, \"unhealthyAfterFailures\": 5}\nReceived: {\"applicationName\": undefined, \"connectionTimeoutMs\": undefined, \"database\": \"testdb\", \"healthCheck\": {\"degradeAfterFailures\": 3, \"enabled\": true, \"intervalMs\": 60000, \"maxIntervalMs\": 10000, \"minIntervalMs\": 1000, \"testQuery\": \"SELECT 42\", \"timeoutMs\": 5000, \"unhealthyAfterFailures\": 5}, \"host\": \"localhost\", \"password\": \"pass\", \"poolOptions\": {\"acquireTimeoutMs\": 5000, \"connectionTimeoutMs\": 10000, \"idleTimeoutMs\": 30000, \"max\": 20, \"min\": 2}, \"port\": 5432, \"schema\": undefined, \"ssl\": undefined, \"user\": \"user\"}\n\nNumber of calls: 1","pass":false}}],"failureMessages":["Error: expect(jest.fn()).toHaveBeenCalledWith(...expected)\n\nExpected: \"postgres://user:pass@localhost:5432/testdb\", undefined, undefined, undefined, undefined, {\"acquireTimeoutMs\": 5000, \"connectionTimeoutMs\": 10000, \"idleTimeoutMs\": 30000, \"max\": 20, \"min\": 2}, {\"degradeAfterFailures\": 3, \"enabled\": true, \"intervalMs\": 60000, \"maxIntervalMs\": 10000, \"minIntervalMs\": 1000, \"testQuery\": \"SELECT 42\", \"timeoutMs\": 5000, \"unhealthyAfterFailures\": 5}\nReceived: {\"applicationName\": undefined, \"connectionTimeoutMs\": undefined, \"database\": \"testdb\", \"healthCheck\": {\"degradeAfterFailures\": 3, \"enabled\": true, \"intervalMs\": 60000, \"maxIntervalMs\": 10000, \"minIntervalMs\": 1000, \"testQuery\": \"SELECT 42\", \"timeoutMs\": 5000, \"unhealthyAfterFailures\": 5}, \"host\": \"localhost\", \"password\": \"pass\", \"poolOptions\": {\"acquireTimeoutMs\": 5000, \"connectionTimeoutMs\": 10000, \"idleTimeoutMs\": 30000, \"max\": 20, \"min\": 2}, \"port\": 5432, \"schema\": undefined, \"ssl\": undefined, \"user\": \"user\"}\n\nNumber of calls: 1\n    at Object.<anonymous> (/Users/mikhail.soosaar_1/Documents/WebsStormProjects/ts-linq/packages/cli/tests/provider-factory-pool.test.ts:42:32)\n    at Promise.then.completed (/Users/mikhail.soosaar_1/Documents/WebsStormProjects/ts-linq/node_modules/.pnpm/jest-circus@29.7.0/node_modules/jest-circus/build/utils.js:298:28)\n    at new Promise (<anonymous>)\n    at callAsyncCircusFn (/Users/mikhail.soosaar_1/Documents/WebsStormProjects/ts-linq/node_modules/.pnpm/jest-circus@29.7.0/node_modules/jest-circus/build/utils.js:231:10)\n    at _callCircusTest (/Users/mikhail.soosaar_1/Documents/WebsStormProjects/ts-linq/node_modules/.pnpm/jest-circus@29.7.0/node_modules/jest-circus/build/run.js:316:40)\n    at processTicksAndRejections (node:internal/process/task_queues:95:5)\n    at _runTest (/Users/mikhail.soosaar_1/Documents/WebsStormProjects/ts-linq/node_modules/.pnpm/jest-circus@29.7.0/node_modules/jest-circus/build/run.js:252:3)\n    at _runTestsForDescribeBlock (/Users/mikhail.soosaar_1/Documents/WebsStormProjects/ts-linq/node_modules/.pnpm/jest-circus@29.7.0/node_modules/jest-circus/build/run.js:126:9)\n    at _runTestsForDescribeBlock (/Users/mikhail.soosaar_1/Documents/WebsStormProjects/ts-linq/node_modules/.pnpm/jest-circus@29.7.0/node_modules/jest-circus/build/run.js:121:9)\n    at _runTestsForDescribeBlock (/Users/mikhail.soosaar_1/Documents/WebsStormProjects/ts-linq/node_modules/.pnpm/jest-circus@29.7.0/node_modules/jest-circus/build/run.js:121:9)\n    at run (/Users/mikhail.soosaar_1/Documents/WebsStormProjects/ts-linq/node_modules/.pnpm/jest-circus@29.7.0/node_modules/jest-circus/build/run.js:71:3)\n    at runAndTransformResultsToJestFormat (/Users/mikhail.soosaar_1/Documents/WebsStormProjects/ts-linq/node_modules/.pnpm/jest-circus@29.7.0/node_modules/jest-circus/build/legacy-code-todo-rewrite/jestAdapterInit.js:122:21)\n    at jestAdapter (/Users/mikhail.soosaar_1/Documents/WebsStormProjects/ts-linq/node_modules/.pnpm/jest-circus@29.7.0/node_modules/jest-circus/build/legacy-code-todo-rewrite/jestAdapter.js:79:19)\n    at runTestInternal (/Users/mikhail.soosaar_1/Documents/WebsStormProjects/ts-linq/node_modules/.pnpm/jest-runner@29.7.0/node_modules/jest-runner/build/runTest.js:367:16)\n    at runTest (/Users/mikhail.soosaar_1/Documents/WebsStormProjects/ts-linq/node_modules/.pnpm/jest-runner@29.7.0/node_modules/jest-runner/build/runTest.js:444:34)\n    at Object.worker (/Users/mikhail.soosaar_1/Documents/WebsStormProjects/ts-linq/node_modules/.pnpm/jest-runner@29.7.0/node_modules/jest-runner/build/testWorker.js:106:12)"],"fullName":"Provider Factory - Environment Variable Mapping PostgreSQL Provider creates provider with pool and health options from environment","invocations":1,"location":null,"numPassingAsserts":0,"retryReasons":[],"status":"failed","title":"creates provider with pool and health options from environment"},{"ancestorTitles":["Provider Factory - Environment Variable Mapping","PostgreSQL Provider"],"duration":4,"failureDetails":[{"matcherResult":{"message":"expect(jest.fn()).toHaveBeenCalledWith(...expected)\n\nExpected: \"postgres://localhost/db\", undefined, undefined, undefined, undefined, undefined, undefined\nReceived: {\"applicationName\": undefined, \"connectionTimeoutMs\": undefined, \"database\": \"db\", \"healthCheck\": undefined, \"host\": \"localhost\", \"password\": \"\", \"poolOptions\": undefined, \"port\": 5432, \"schema\": undefined, \"ssl\": undefined, \"user\": \"\"}\n\nNumber of calls: 1","pass":false}}],"failureMessages":["Error: expect(jest.fn()).toHaveBeenCalledWith(...expected)\n\nExpected: \"postgres://localhost/db\", undefined, undefined, undefined, undefined, undefined, undefined\nReceived: {\"applicationName\": undefined, \"connectionTimeoutMs\": undefined, \"database\": \"db\", \"healthCheck\": undefined, \"host\": \"localhost\", \"password\": \"\", \"poolOptions\": undefined, \"port\": 5432, \"schema\": undefined, \"ssl\": undefined, \"user\": \"\"}\n\nNumber of calls: 1\n    at Object.<anonymous> (/Users/mikhail.soosaar_1/Documents/WebsStormProjects/ts-linq/packages/cli/tests/provider-factory-pool.test.ts:74:32)\n    at Promise.then.completed (/Users/mikhail.soosaar_1/Documents/WebsStormProjects/ts-linq/node_modules/.pnpm/jest-circus@29.7.0/node_modules/jest-circus/build/utils.js:298:28)\n    at new Promise (<anonymous>)\n    at callAsyncCircusFn (/Users/mikhail.soosaar_1/Documents/WebsStormProjects/ts-linq/node_modules/.pnpm/jest-circus@29.7.0/node_modules/jest-circus/build/utils.js:231:10)\n    at _callCircusTest (/Users/mikhail.soosaar_1/Documents/WebsStormProjects/ts-linq/node_modules/.pnpm/jest-circus@29.7.0/node_modules/jest-circus/build/run.js:316:40)\n    at processTicksAndRejections (node:internal/process/task_queues:95:5)\n    at _runTest (/Users/mikhail.soosaar_1/Documents/WebsStormProjects/ts-linq/node_modules/.pnpm/jest-circus@29.7.0/node_modules/jest-circus/build/run.js:252:3)\n    at _runTestsForDescribeBlock (/Users/mikhail.soosaar_1/Documents/WebsStormProjects/ts-linq/node_modules/.pnpm/jest-circus@29.7.0/node_modules/jest-circus/build/run.js:126:9)\n    at _runTestsForDescribeBlock (/Users/mikhail.soosaar_1/Documents/WebsStormProjects/ts-linq/node_modules/.pnpm/jest-circus@29.7.0/node_modules/jest-circus/build/run.js:121:9)\n    at _runTestsForDescribeBlock (/Users/mikhail.soosaar_1/Documents/WebsStormProjects/ts-linq/node_modules/.pnpm/jest-circus@29.7.0/node_modules/jest-circus/build/run.js:121:9)\n    at run (/Users/mikhail.soosaar_1/Documents/WebsStormProjects/ts-linq/node_modules/.pnpm/jest-circus@29.7.0/node_modules/jest-circus/build/run.js:71:3)\n    at runAndTransformResultsToJestFormat (/Users/mikhail.soosaar_1/Documents/WebsStormProjects/ts-linq/node_modules/.pnpm/jest-circus@29.7.0/node_modules/jest-circus/build/legacy-code-todo-rewrite/jestAdapterInit.js:122:21)\n    at jestAdapter (/Users/mikhail.soosaar_1/Documents/WebsStormProjects/ts-linq/node_modules/.pnpm/jest-circus@29.7.0/node_modules/jest-circus/build/legacy-code-todo-rewrite/jestAdapter.js:79:19)\n    at runTestInternal (/Users/mikhail.soosaar_1/Documents/WebsStormProjects/ts-linq/node_modules/.pnpm/jest-runner@29.7.0/node_modules/jest-runner/build/runTest.js:367:16)\n    at runTest (/Users/mikhail.soosaar_1/Documents/WebsStormProjects/ts-linq/node_modules/.pnpm/jest-runner@29.7.0/node_modules/jest-runner/build/runTest.js:444:34)\n    at Object.worker (/Users/mikhail.soosaar_1/Documents/WebsStormProjects/ts-linq/node_modules/.pnpm/jest-runner@29.7.0/node_modules/jest-runner/build/testWorker.js:106:12)"],"fullName":"Provider Factory - Environment Variable Mapping PostgreSQL Provider creates provider without optional pool/health when env vars not set","invocations":1,"location":null,"numPassingAsserts":0,"retryReasons":[],"status":"failed","title":"creates provider without optional pool/health when env vars not set"},{"ancestorTitles":["Provider Factory - Environment Variable Mapping","PostgreSQL Provider"],"duration":1,"failureDetails":[{"matcherResult":{"message":"expect(jest.fn()).toHaveBeenCalledWith(...expected)\n\nExpected: \"postgres://fallback/db\", undefined, undefined, undefined, undefined, undefined, undefined\nReceived: {\"applicationName\": undefined, \"connectionTimeoutMs\": undefined, \"database\": \"db\", \"healthCheck\": undefined, \"host\": \"fallback\", \"password\": \"\", \"poolOptions\": undefined, \"port\": 5432, \"schema\": undefined, \"ssl\": undefined, \"user\": \"\"}\n\nNumber of calls: 1","pass":false}}],"failureMessages":["Error: expect(jest.fn()).toHaveBeenCalledWith(...expected)\n\nExpected: \"postgres://fallback/db\", undefined, undefined, undefined, undefined, undefined, undefined\nReceived: {\"applicationName\": undefined, \"connectionTimeoutMs\": undefined, \"database\": \"db\", \"healthCheck\": undefined, \"host\": \"fallback\", \"password\": \"\", \"poolOptions\": undefined, \"port\": 5432, \"schema\": undefined, \"ssl\": undefined, \"user\": \"\"}\n\nNumber of calls: 1\n    at Object.<anonymous> (/Users/mikhail.soosaar_1/Documents/WebsStormProjects/ts-linq/packages/cli/tests/provider-factory-pool.test.ts:91:32)\n    at Promise.then.completed (/Users/mikhail.soosaar_1/Documents/WebsStormProjects/ts-linq/node_modules/.pnpm/jest-circus@29.7.0/node_modules/jest-circus/build/utils.js:298:28)\n    at new Promise (<anonymous>)\n    at callAsyncCircusFn (/Users/mikhail.soosaar_1/Documents/WebsStormProjects/ts-linq/node_modules/.pnpm/jest-circus@29.7.0/node_modules/jest-circus/build/utils.js:231:10)\n    at _callCircusTest (/Users/mikhail.soosaar_1/Documents/WebsStormProjects/ts-linq/node_modules/.pnpm/jest-circus@29.7.0/node_modules/jest-circus/build/run.js:316:40)\n    at processTicksAndRejections (node:internal/process/task_queues:95:5)\n    at _runTest (/Users/mikhail.soosaar_1/Documents/WebsStormProjects/ts-linq/node_modules/.pnpm/jest-circus@29.7.0/node_modules/jest-circus/build/run.js:252:3)\n    at _runTestsForDescribeBlock (/Users/mikhail.soosaar_1/Documents/WebsStormProjects/ts-linq/node_modules/.pnpm/jest-circus@29.7.0/node_modules/jest-circus/build/run.js:126:9)\n    at _runTestsForDescribeBlock (/Users/mikhail.soosaar_1/Documents/WebsStormProjects/ts-linq/node_modules/.pnpm/jest-circus@29.7.0/node_modules/jest-circus/build/run.js:121:9)\n    at _runTestsForDescribeBlock (/Users/mikhail.soosaar_1/Documents/WebsStormProjects/ts-linq/node_modules/.pnpm/jest-circus@29.7.0/node_modules/jest-circus/build/run.js:121:9)\n    at run (/Users/mikhail.soosaar_1/Documents/WebsStormProjects/ts-linq/node_modules/.pnpm/jest-circus@29.7.0/node_modules/jest-circus/build/run.js:71:3)\n    at runAndTransformResultsToJestFormat (/Users/mikhail.soosaar_1/Documents/WebsStormProjects/ts-linq/node_modules/.pnpm/jest-circus@29.7.0/node_modules/jest-circus/build/legacy-code-todo-rewrite/jestAdapterInit.js:122:21)\n    at jestAdapter (/Users/mikhail.soosaar_1/Documents/WebsStormProjects/ts-linq/node_modules/.pnpm/jest-circus@29.7.0/node_modules/jest-circus/build/legacy-code-todo-rewrite/jestAdapter.js:79:19)\n    at runTestInternal (/Users/mikhail.soosaar_1/Documents/WebsStormProjects/ts-linq/node_modules/.pnpm/jest-runner@29.7.0/node_modules/jest-runner/build/runTest.js:367:16)\n    at runTest (/Users/mikhail.soosaar_1/Documents/WebsStormProjects/ts-linq/node_modules/.pnpm/jest-runner@29.7.0/node_modules/jest-runner/build/runTest.js:444:34)\n    at Object.worker (/Users/mikhail.soosaar_1/Documents/WebsStormProjects/ts-linq/node_modules/.pnpm/jest-runner@29.7.0/node_modules/jest-runner/build/testWorker.js:106:12)"],"fullName":"Provider Factory - Environment Variable Mapping PostgreSQL Provider uses DATABASE_URL fallback when POSTGRES_URL not set","invocations":1,"location":null,"numPassingAsserts":0,"retryReasons":[],"status":"failed","title":"uses DATABASE_URL fallback when POSTGRES_URL not set"},{"ancestorTitles":["Provider Factory - Environment Variable Mapping","PostgreSQL Provider"],"duration":5,"failureDetails":[],"failureMessages":[],"fullName":"Provider Factory - Environment Variable Mapping PostgreSQL Provider throws error when neither POSTGRES_URL nor DATABASE_URL provided","invocations":1,"location":null,"numPassingAsserts":1,"retryReasons":[],"status":"passed","title":"throws error when neither POSTGRES_URL nor DATABASE_URL provided"},{"ancestorTitles":["Provider Factory - Environment Variable Mapping","MySQL Provider"],"duration":1,"failureDetails":[{"matcherResult":{"message":"expect(jest.fn()).toHaveBeenCalledWith(...expected)\n\nExpected: \"mysql://user:pass@localhost:3306/testdb\", undefined, undefined, undefined, undefined, {\"max\": 10, \"min\": 1}, {\"enabled\": true, \"intervalMs\": 30000}\nReceived: {\"charset\": undefined, \"database\": \"testdb\", \"healthCheck\": {\"enabled\": true, \"intervalMs\": 30000}, \"host\": \"localhost\", \"password\": \"pass\", \"poolOptions\": {\"max\": 10, \"min\": 1}, \"port\": 3306, \"socketPath\": undefined, \"timezone\": undefined, \"user\": \"user\"}\n\nNumber of calls: 1","pass":false}}],"failureMessages":["Error: expect(jest.fn()).toHaveBeenCalledWith(...expected)\n\nExpected: \"mysql://user:pass@localhost:3306/testdb\", undefined, undefined, undefined, undefined, {\"max\": 10, \"min\": 1}, {\"enabled\": true, \"intervalMs\": 30000}\nReceived: {\"charset\": undefined, \"database\": \"testdb\", \"healthCheck\": {\"enabled\": true, \"intervalMs\": 30000}, \"host\": \"localhost\", \"password\": \"pass\", \"poolOptions\": {\"max\": 10, \"min\": 1}, \"port\": 3306, \"socketPath\": undefined, \"timezone\": undefined, \"user\": \"user\"}\n\nNumber of calls: 1\n    at Object.<anonymous> (/Users/mikhail.soosaar_1/Documents/WebsStormProjects/ts-linq/packages/cli/tests/provider-factory-pool.test.ts:124:29)\n    at Promise.then.completed (/Users/mikhail.soosaar_1/Documents/WebsStormProjects/ts-linq/node_modules/.pnpm/jest-circus@29.7.0/node_modules/jest-circus/build/utils.js:298:28)\n    at new Promise (<anonymous>)\n    at callAsyncCircusFn (/Users/mikhail.soosaar_1/Documents/WebsStormProjects/ts-linq/node_modules/.pnpm/jest-circus@29.7.0/node_modules/jest-circus/build/utils.js:231:10)\n    at _callCircusTest (/Users/mikhail.soosaar_1/Documents/WebsStormProjects/ts-linq/node_modules/.pnpm/jest-circus@29.7.0/node_modules/jest-circus/build/run.js:316:40)\n    at processTicksAndRejections (node:internal/process/task_queues:95:5)\n    at _runTest (/Users/mikhail.soosaar_1/Documents/WebsStormProjects/ts-linq/node_modules/.pnpm/jest-circus@29.7.0/node_modules/jest-circus/build/run.js:252:3)\n    at _runTestsForDescribeBlock (/Users/mikhail.soosaar_1/Documents/WebsStormProjects/ts-linq/node_modules/.pnpm/jest-circus@29.7.0/node_modules/jest-circus/build/run.js:126:9)\n    at _runTestsForDescribeBlock (/Users/mikhail.soosaar_1/Documents/WebsStormProjects/ts-linq/node_modules/.pnpm/jest-circus@29.7.0/node_modules/jest-circus/build/run.js:121:9)\n    at _runTestsForDescribeBlock (/Users/mikhail.soosaar_1/Documents/WebsStormProjects/ts-linq/node_modules/.pnpm/jest-circus@29.7.0/node_modules/jest-circus/build/run.js:121:9)\n    at run (/Users/mikhail.soosaar_1/Documents/WebsStormProjects/ts-linq/node_modules/.pnpm/jest-circus@29.7.0/node_modules/jest-circus/build/run.js:71:3)\n    at runAndTransformResultsToJestFormat (/Users/mikhail.soosaar_1/Documents/WebsStormProjects/ts-linq/node_modules/.pnpm/jest-circus@29.7.0/node_modules/jest-circus/build/legacy-code-todo-rewrite/jestAdapterInit.js:122:21)\n    at jestAdapter (/Users/mikhail.soosaar_1/Documents/WebsStormProjects/ts-linq/node_modules/.pnpm/jest-circus@29.7.0/node_modules/jest-circus/build/legacy-code-todo-rewrite/jestAdapter.js:79:19)\n    at runTestInternal (/Users/mikhail.soosaar_1/Documents/WebsStormProjects/ts-linq/node_modules/.pnpm/jest-runner@29.7.0/node_modules/jest-runner/build/runTest.js:367:16)\n    at runTest (/Users/mikhail.soosaar_1/Documents/WebsStormProjects/ts-linq/node_modules/.pnpm/jest-runner@29.7.0/node_modules/jest-runner/build/runTest.js:444:34)\n    at Object.worker (/Users/mikhail.soosaar_1/Documents/WebsStormProjects/ts-linq/node_modules/.pnpm/jest-runner@29.7.0/node_modules/jest-runner/build/testWorker.js:106:12)"],"fullName":"Provider Factory - Environment Variable Mapping MySQL Provider creates MySQL provider with pool and health options","invocations":1,"location":null,"numPassingAsserts":0,"retryReasons":[],"status":"failed","title":"creates MySQL provider with pool and health options"},{"ancestorTitles":["Provider Factory - Environment Variable Mapping","MySQL Provider"],"duration":0,"failureDetails":[],"failureMessages":[],"fullName":"Provider Factory - Environment Variable Mapping MySQL Provider throws error when MYSQL_URL not provided","invocations":1,"location":null,"numPassingAsserts":1,"retryReasons":[],"status":"passed","title":"throws error when MYSQL_URL not provided"},{"ancestorTitles":["Provider Factory - Environment Variable Mapping","SQLite Provider"],"duration":1,"failureDetails":[{"matcherResult":{"message":"expect(jest.fn()).toHaveBeenCalledWith(...expected)\n\nExpected: \":memory:\"\nReceived: {\"file\": \":memory:\"}\n\nNumber of calls: 1","pass":false}}],"failureMessages":["Error: expect(jest.fn()).toHaveBeenCalledWith(...expected)\n\nExpected: \":memory:\"\nReceived: {\"file\": \":memory:\"}\n\nNumber of calls: 1\n    at Object.<anonymous> (/Users/mikhail.soosaar_1/Documents/WebsStormProjects/ts-linq/packages/cli/tests/provider-factory-pool.test.ts:158:30)\n    at Promise.then.completed (/Users/mikhail.soosaar_1/Documents/WebsStormProjects/ts-linq/node_modules/.pnpm/jest-circus@29.7.0/node_modules/jest-circus/build/utils.js:298:28)\n    at new Promise (<anonymous>)\n    at callAsyncCircusFn (/Users/mikhail.soosaar_1/Documents/WebsStormProjects/ts-linq/node_modules/.pnpm/jest-circus@29.7.0/node_modules/jest-circus/build/utils.js:231:10)\n    at _callCircusTest (/Users/mikhail.soosaar_1/Documents/WebsStormProjects/ts-linq/node_modules/.pnpm/jest-circus@29.7.0/node_modules/jest-circus/build/run.js:316:40)\n    at processTicksAndRejections (node:internal/process/task_queues:95:5)\n    at _runTest (/Users/mikhail.soosaar_1/Documents/WebsStormProjects/ts-linq/node_modules/.pnpm/jest-circus@29.7.0/node_modules/jest-circus/build/run.js:252:3)\n    at _runTestsForDescribeBlock (/Users/mikhail.soosaar_1/Documents/WebsStormProjects/ts-linq/node_modules/.pnpm/jest-circus@29.7.0/node_modules/jest-circus/build/run.js:126:9)\n    at _runTestsForDescribeBlock (/Users/mikhail.soosaar_1/Documents/WebsStormProjects/ts-linq/node_modules/.pnpm/jest-circus@29.7.0/node_modules/jest-circus/build/run.js:121:9)\n    at _runTestsForDescribeBlock (/Users/mikhail.soosaar_1/Documents/WebsStormProjects/ts-linq/node_modules/.pnpm/jest-circus@29.7.0/node_modules/jest-circus/build/run.js:121:9)\n    at run (/Users/mikhail.soosaar_1/Documents/WebsStormProjects/ts-linq/node_modules/.pnpm/jest-circus@29.7.0/node_modules/jest-circus/build/run.js:71:3)\n    at runAndTransformResultsToJestFormat (/Users/mikhail.soosaar_1/Documents/WebsStormProjects/ts-linq/node_modules/.pnpm/jest-circus@29.7.0/node_modules/jest-circus/build/legacy-code-todo-rewrite/jestAdapterInit.js:122:21)\n    at jestAdapter (/Users/mikhail.soosaar_1/Documents/WebsStormProjects/ts-linq/node_modules/.pnpm/jest-circus@29.7.0/node_modules/jest-circus/build/legacy-code-todo-rewrite/jestAdapter.js:79:19)\n    at runTestInternal (/Users/mikhail.soosaar_1/Documents/WebsStormProjects/ts-linq/node_modules/.pnpm/jest-runner@29.7.0/node_modules/jest-runner/build/runTest.js:367:16)\n    at runTest (/Users/mikhail.soosaar_1/Documents/WebsStormProjects/ts-linq/node_modules/.pnpm/jest-runner@29.7.0/node_modules/jest-runner/build/runTest.js:444:34)\n    at Object.worker (/Users/mikhail.soosaar_1/Documents/WebsStormProjects/ts-linq/node_modules/.pnpm/jest-runner@29.7.0/node_modules/jest-runner/build/testWorker.js:106:12)"],"fullName":"Provider Factory - Environment Variable Mapping SQLite Provider creates SQLite provider with in-memory database by default","invocations":1,"location":null,"numPassingAsserts":0,"retryReasons":[],"status":"failed","title":"creates SQLite provider with in-memory database by default"},{"ancestorTitles":["Provider Factory - Environment Variable Mapping","SQLite Provider"],"duration":1,"failureDetails":[{"matcherResult":{"message":"expect(jest.fn()).toHaveBeenCalledWith(...expected)\n\nExpected: \"./data/test.db\"\nReceived: {\"file\": \"./data/test.db\"}\n\nNumber of calls: 1","pass":false}}],"failureMessages":["Error: expect(jest.fn()).toHaveBeenCalledWith(...expected)\n\nExpected: \"./data/test.db\"\nReceived: {\"file\": \"./data/test.db\"}\n\nNumber of calls: 1\n    at Object.<anonymous> (/Users/mikhail.soosaar_1/Documents/WebsStormProjects/ts-linq/packages/cli/tests/provider-factory-pool.test.ts:167:30)\n    at Promise.then.completed (/Users/mikhail.soosaar_1/Documents/WebsStormProjects/ts-linq/node_modules/.pnpm/jest-circus@29.7.0/node_modules/jest-circus/build/utils.js:298:28)\n    at new Promise (<anonymous>)\n    at callAsyncCircusFn (/Users/mikhail.soosaar_1/Documents/WebsStormProjects/ts-linq/node_modules/.pnpm/jest-circus@29.7.0/node_modules/jest-circus/build/utils.js:231:10)\n    at _callCircusTest (/Users/mikhail.soosaar_1/Documents/WebsStormProjects/ts-linq/node_modules/.pnpm/jest-circus@29.7.0/node_modules/jest-circus/build/run.js:316:40)\n    at processTicksAndRejections (node:internal/process/task_queues:95:5)\n    at _runTest (/Users/mikhail.soosaar_1/Documents/WebsStormProjects/ts-linq/node_modules/.pnpm/jest-circus@29.7.0/node_modules/jest-circus/build/run.js:252:3)\n    at _runTestsForDescribeBlock (/Users/mikhail.soosaar_1/Documents/WebsStormProjects/ts-linq/node_modules/.pnpm/jest-circus@29.7.0/node_modules/jest-circus/build/run.js:126:9)\n    at _runTestsForDescribeBlock (/Users/mikhail.soosaar_1/Documents/WebsStormProjects/ts-linq/node_modules/.pnpm/jest-circus@29.7.0/node_modules/jest-circus/build/run.js:121:9)\n    at _runTestsForDescribeBlock (/Users/mikhail.soosaar_1/Documents/WebsStormProjects/ts-linq/node_modules/.pnpm/jest-circus@29.7.0/node_modules/jest-circus/build/run.js:121:9)\n    at run (/Users/mikhail.soosaar_1/Documents/WebsStormProjects/ts-linq/node_modules/.pnpm/jest-circus@29.7.0/node_modules/jest-circus/build/run.js:71:3)\n    at runAndTransformResultsToJestFormat (/Users/mikhail.soosaar_1/Documents/WebsStormProjects/ts-linq/node_modules/.pnpm/jest-circus@29.7.0/node_modules/jest-circus/build/legacy-code-todo-rewrite/jestAdapterInit.js:122:21)\n    at jestAdapter (/Users/mikhail.soosaar_1/Documents/WebsStormProjects/ts-linq/node_modules/.pnpm/jest-circus@29.7.0/node_modules/jest-circus/build/legacy-code-todo-rewrite/jestAdapter.js:79:19)\n    at runTestInternal (/Users/mikhail.soosaar_1/Documents/WebsStormProjects/ts-linq/node_modules/.pnpm/jest-runner@29.7.0/node_modules/jest-runner/build/runTest.js:367:16)\n    at runTest (/Users/mikhail.soosaar_1/Documents/WebsStormProjects/ts-linq/node_modules/.pnpm/jest-runner@29.7.0/node_modules/jest-runner/build/runTest.js:444:34)\n    at Object.worker (/Users/mikhail.soosaar_1/Documents/WebsStormProjects/ts-linq/node_modules/.pnpm/jest-runner@29.7.0/node_modules/jest-runner/build/testWorker.js:106:12)"],"fullName":"Provider Factory - Environment Variable Mapping SQLite Provider creates SQLite provider with custom database path","invocations":1,"location":null,"numPassingAsserts":0,"retryReasons":[],"status":"failed","title":"creates SQLite provider with custom database path"},{"ancestorTitles":["Provider Factory - Environment Variable Mapping","SQLite Provider"],"duration":1,"failureDetails":[],"failureMessages":[],"fullName":"Provider Factory - Environment Variable Mapping SQLite Provider defaults to SQLite when DB_PROVIDER not set","invocations":1,"location":null,"numPassingAsserts":1,"retryReasons":[],"status":"passed","title":"defaults to SQLite when DB_PROVIDER not set"},{"ancestorTitles":["Provider Factory - Environment Variable Mapping","Circuit Breaker Configuration"],"duration":4,"failureDetails":[],"failureMessages":[],"fullName":"Provider Factory - Environment Variable Mapping Circuit Breaker Configuration configures circuit breaker when env vars provided","invocations":1,"location":null,"numPassingAsserts":1,"retryReasons":[],"status":"passed","title":"configures circuit breaker when env vars provided"},{"ancestorTitles":["Provider Factory - Environment Variable Mapping","Real-world scenarios"],"duration":2,"failureDetails":[{"matcherResult":{"message":"expect(jest.fn()).toHaveBeenCalledWith(...expected)\n\nExpected: StringContaining \"prod-db.example.com\", undefined, undefined, undefined, undefined, ObjectContaining {\"acquireTimeoutMs\": 10000, \"idleTimeoutMs\": 60000, \"max\": 50, \"min\": 5}, ObjectContaining {\"enabled\": true, \"intervalMs\": 30000, \"timeoutMs\": 3000}\nReceived: {\"applicationName\": undefined, \"connectionTimeoutMs\": undefined, \"database\": \"appdb\", \"healthCheck\": {\"enabled\": true, \"intervalMs\": 30000, \"timeoutMs\": 3000}, \"host\": \"prod-db.example.com\", \"password\": \"secret\", \"poolOptions\": {\"acquireTimeoutMs\": 10000, \"idleTimeoutMs\": 60000, \"max\": 50, \"min\": 5}, \"port\": 5432, \"schema\": undefined, \"ssl\": undefined, \"user\": \"prod_user\"}\n\nNumber of calls: 1","pass":false}}],"failureMessages":["Error: expect(jest.fn()).toHaveBeenCalledWith(...expected)\n\nExpected: StringContaining \"prod-db.example.com\", undefined, undefined, undefined, undefined, ObjectContaining {\"acquireTimeoutMs\": 10000, \"idleTimeoutMs\": 60000, \"max\": 50, \"min\": 5}, ObjectContaining {\"enabled\": true, \"intervalMs\": 30000, \"timeoutMs\": 3000}\nReceived: {\"applicationName\": undefined, \"connectionTimeoutMs\": undefined, \"database\": \"appdb\", \"healthCheck\": {\"enabled\": true, \"intervalMs\": 30000, \"timeoutMs\": 3000}, \"host\": \"prod-db.example.com\", \"password\": \"secret\", \"poolOptions\": {\"acquireTimeoutMs\": 10000, \"idleTimeoutMs\": 60000, \"max\": 50, \"min\": 5}, \"port\": 5432, \"schema\": undefined, \"ssl\": undefined, \"user\": \"prod_user\"}\n\nNumber of calls: 1\n    at Object.<anonymous> (/Users/mikhail.soosaar_1/Documents/WebsStormProjects/ts-linq/packages/cli/tests/provider-factory-pool.test.ts:224:32)\n    at Promise.then.completed (/Users/mikhail.soosaar_1/Documents/WebsStormProjects/ts-linq/node_modules/.pnpm/jest-circus@29.7.0/node_modules/jest-circus/build/utils.js:298:28)\n    at new Promise (<anonymous>)\n    at callAsyncCircusFn (/Users/mikhail.soosaar_1/Documents/WebsStormProjects/ts-linq/node_modules/.pnpm/jest-circus@29.7.0/node_modules/jest-circus/build/utils.js:231:10)\n    at _callCircusTest (/Users/mikhail.soosaar_1/Documents/WebsStormProjects/ts-linq/node_modules/.pnpm/jest-circus@29.7.0/node_modules/jest-circus/build/run.js:316:40)\n    at processTicksAndRejections (node:internal/process/task_queues:95:5)\n    at _runTest (/Users/mikhail.soosaar_1/Documents/WebsStormProjects/ts-linq/node_modules/.pnpm/jest-circus@29.7.0/node_modules/jest-circus/build/run.js:252:3)\n    at _runTestsForDescribeBlock (/Users/mikhail.soosaar_1/Documents/WebsStormProjects/ts-linq/node_modules/.pnpm/jest-circus@29.7.0/node_modules/jest-circus/build/run.js:126:9)\n    at _runTestsForDescribeBlock (/Users/mikhail.soosaar_1/Documents/WebsStormProjects/ts-linq/node_modules/.pnpm/jest-circus@29.7.0/node_modules/jest-circus/build/run.js:121:9)\n    at _runTestsForDescribeBlock (/Users/mikhail.soosaar_1/Documents/WebsStormProjects/ts-linq/node_modules/.pnpm/jest-circus@29.7.0/node_modules/jest-circus/build/run.js:121:9)\n    at run (/Users/mikhail.soosaar_1/Documents/WebsStormProjects/ts-linq/node_modules/.pnpm/jest-circus@29.7.0/node_modules/jest-circus/build/run.js:71:3)\n    at runAndTransformResultsToJestFormat (/Users/mikhail.soosaar_1/Documents/WebsStormProjects/ts-linq/node_modules/.pnpm/jest-circus@29.7.0/node_modules/jest-circus/build/legacy-code-todo-rewrite/jestAdapterInit.js:122:21)\n    at jestAdapter (/Users/mikhail.soosaar_1/Documents/WebsStormProjects/ts-linq/node_modules/.pnpm/jest-circus@29.7.0/node_modules/jest-circus/build/legacy-code-todo-rewrite/jestAdapter.js:79:19)\n    at runTestInternal (/Users/mikhail.soosaar_1/Documents/WebsStormProjects/ts-linq/node_modules/.pnpm/jest-runner@29.7.0/node_modules/jest-runner/build/runTest.js:367:16)\n    at runTest (/Users/mikhail.soosaar_1/Documents/WebsStormProjects/ts-linq/node_modules/.pnpm/jest-runner@29.7.0/node_modules/jest-runner/build/runTest.js:444:34)\n    at Object.worker (/Users/mikhail.soosaar_1/Documents/WebsStormProjects/ts-linq/node_modules/.pnpm/jest-runner@29.7.0/node_modules/jest-runner/build/testWorker.js:106:12)"],"fullName":"Provider Factory - Environment Variable Mapping Real-world scenarios production-like PostgreSQL configuration","invocations":1,"location":null,"numPassingAsserts":0,"retryReasons":[],"status":"failed","title":"production-like PostgreSQL configuration"},{"ancestorTitles":["Provider Factory - Environment Variable Mapping","Real-world scenarios"],"duration":1,"failureDetails":[{"matcherResult":{"message":"expect(jest.fn()).toHaveBeenCalledWith(...expected)\n\nExpected: \":memory:\"\nReceived: {\"file\": \":memory:\"}\n\nNumber of calls: 1","pass":false}}],"failureMessages":["Error: expect(jest.fn()).toHaveBeenCalledWith(...expected)\n\nExpected: \":memory:\"\nReceived: {\"file\": \":memory:\"}\n\nNumber of calls: 1\n    at Object.<anonymous> (/Users/mikhail.soosaar_1/Documents/WebsStormProjects/ts-linq/packages/cli/tests/provider-factory-pool.test.ts:258:30)\n    at Promise.then.completed (/Users/mikhail.soosaar_1/Documents/WebsStormProjects/ts-linq/node_modules/.pnpm/jest-circus@29.7.0/node_modules/jest-circus/build/utils.js:298:28)\n    at new Promise (<anonymous>)\n    at callAsyncCircusFn (/Users/mikhail.soosaar_1/Documents/WebsStormProjects/ts-linq/node_modules/.pnpm/jest-circus@29.7.0/node_modules/jest-circus/build/utils.js:231:10)\n    at _callCircusTest (/Users/mikhail.soosaar_1/Documents/WebsStormProjects/ts-linq/node_modules/.pnpm/jest-circus@29.7.0/node_modules/jest-circus/build/run.js:316:40)\n    at processTicksAndRejections (node:internal/process/task_queues:95:5)\n    at _runTest (/Users/mikhail.soosaar_1/Documents/WebsStormProjects/ts-linq/node_modules/.pnpm/jest-circus@29.7.0/node_modules/jest-circus/build/run.js:252:3)\n    at _runTestsForDescribeBlock (/Users/mikhail.soosaar_1/Documents/WebsStormProjects/ts-linq/node_modules/.pnpm/jest-circus@29.7.0/node_modules/jest-circus/build/run.js:126:9)\n    at _runTestsForDescribeBlock (/Users/mikhail.soosaar_1/Documents/WebsStormProjects/ts-linq/node_modules/.pnpm/jest-circus@29.7.0/node_modules/jest-circus/build/run.js:121:9)\n    at _runTestsForDescribeBlock (/Users/mikhail.soosaar_1/Documents/WebsStormProjects/ts-linq/node_modules/.pnpm/jest-circus@29.7.0/node_modules/jest-circus/build/run.js:121:9)\n    at run (/Users/mikhail.soosaar_1/Documents/WebsStormProjects/ts-linq/node_modules/.pnpm/jest-circus@29.7.0/node_modules/jest-circus/build/run.js:71:3)\n    at runAndTransformResultsToJestFormat (/Users/mikhail.soosaar_1/Documents/WebsStormProjects/ts-linq/node_modules/.pnpm/jest-circus@29.7.0/node_modules/jest-circus/build/legacy-code-todo-rewrite/jestAdapterInit.js:122:21)\n    at jestAdapter (/Users/mikhail.soosaar_1/Documents/WebsStormProjects/ts-linq/node_modules/.pnpm/jest-circus@29.7.0/node_modules/jest-circus/build/legacy-code-todo-rewrite/jestAdapter.js:79:19)\n    at runTestInternal (/Users/mikhail.soosaar_1/Documents/WebsStormProjects/ts-linq/node_modules/.pnpm/jest-runner@29.7.0/node_modules/jest-runner/build/runTest.js:367:16)\n    at runTest (/Users/mikhail.soosaar_1/Documents/WebsStormProjects/ts-linq/node_modules/.pnpm/jest-runner@29.7.0/node_modules/jest-runner/build/runTest.js:444:34)\n    at Object.worker (/Users/mikhail.soosaar_1/Documents/WebsStormProjects/ts-linq/node_modules/.pnpm/jest-runner@29.7.0/node_modules/jest-runner/build/testWorker.js:106:12)"],"fullName":"Provider Factory - Environment Variable Mapping Real-world scenarios development-like SQLite configuration","invocations":1,"location":null,"numPassingAsserts":0,"retryReasons":[],"status":"failed","title":"development-like SQLite configuration"}],"endTime":1763593242746,"message":"  ● Provider Factory - Environment Variable Mapping › PostgreSQL Provider › creates provider with pool and health options from environment\n\n    expect(jest.fn()).toHaveBeenCalledWith(...expected)\n\n    Expected: \"postgres://user:pass@localhost:5432/testdb\", undefined, undefined, undefined, undefined, {\"acquireTimeoutMs\": 5000, \"connectionTimeoutMs\": 10000, \"idleTimeoutMs\": 30000, \"max\": 20, \"min\": 2}, {\"degradeAfterFailures\": 3, \"enabled\": true, \"intervalMs\": 60000, \"maxIntervalMs\": 10000, \"minIntervalMs\": 1000, \"testQuery\": \"SELECT 42\", \"timeoutMs\": 5000, \"unhealthyAfterFailures\": 5}\n    Received: {\"applicationName\": undefined, \"connectionTimeoutMs\": undefined, \"database\": \"testdb\", \"healthCheck\": {\"degradeAfterFailures\": 3, \"enabled\": true, \"intervalMs\": 60000, \"maxIntervalMs\": 10000, \"minIntervalMs\": 1000, \"testQuery\": \"SELECT 42\", \"timeoutMs\": 5000, \"unhealthyAfterFailures\": 5}, \"host\": \"localhost\", \"password\": \"pass\", \"poolOptions\": {\"acquireTimeoutMs\": 5000, \"connectionTimeoutMs\": 10000, \"idleTimeoutMs\": 30000, \"max\": 20, \"min\": 2}, \"port\": 5432, \"schema\": undefined, \"ssl\": undefined, \"user\": \"user\"}\n\n    Number of calls: 1\n\n      40 |       createProviderFromEnv();\n      41 |\n    > 42 |       expect(PostgresProvider).toHaveBeenCalledWith(\n         |                                ^\n      43 |         'postgres://user:pass@localhost:5432/testdb',\n      44 |         undefined,\n      45 |         undefined,\n\n      at Object.<anonymous> (packages/cli/tests/provider-factory-pool.test.ts:42:32)\n\n  ● Provider Factory - Environment Variable Mapping › PostgreSQL Provider › creates provider without optional pool/health when env vars not set\n\n    expect(jest.fn()).toHaveBeenCalledWith(...expected)\n\n    Expected: \"postgres://localhost/db\", undefined, undefined, undefined, undefined, undefined, undefined\n    Received: {\"applicationName\": undefined, \"connectionTimeoutMs\": undefined, \"database\": \"db\", \"healthCheck\": undefined, \"host\": \"localhost\", \"password\": \"\", \"poolOptions\": undefined, \"port\": 5432, \"schema\": undefined, \"ssl\": undefined, \"user\": \"\"}\n\n    Number of calls: 1\n\n      72 |       createProviderFromEnv();\n      73 |\n    > 74 |       expect(PostgresProvider).toHaveBeenCalledWith(\n         |                                ^\n      75 |         'postgres://localhost/db',\n      76 |         undefined,\n      77 |         undefined,\n\n      at Object.<anonymous> (packages/cli/tests/provider-factory-pool.test.ts:74:32)\n\n  ● Provider Factory - Environment Variable Mapping › PostgreSQL Provider › uses DATABASE_URL fallback when POSTGRES_URL not set\n\n    expect(jest.fn()).toHaveBeenCalledWith(...expected)\n\n    Expected: \"postgres://fallback/db\", undefined, undefined, undefined, undefined, undefined, undefined\n    Received: {\"applicationName\": undefined, \"connectionTimeoutMs\": undefined, \"database\": \"db\", \"healthCheck\": undefined, \"host\": \"fallback\", \"password\": \"\", \"poolOptions\": undefined, \"port\": 5432, \"schema\": undefined, \"ssl\": undefined, \"user\": \"\"}\n\n    Number of calls: 1\n\n      89 |       createProviderFromEnv();\n      90 |\n    > 91 |       expect(PostgresProvider).toHaveBeenCalledWith(\n         |                                ^\n      92 |         'postgres://fallback/db',\n      93 |         undefined,\n      94 |         undefined,\n\n      at Object.<anonymous> (packages/cli/tests/provider-factory-pool.test.ts:91:32)\n\n  ● Provider Factory - Environment Variable Mapping › MySQL Provider › creates MySQL provider with pool and health options\n\n    expect(jest.fn()).toHaveBeenCalledWith(...expected)\n\n    Expected: \"mysql://user:pass@localhost:3306/testdb\", undefined, undefined, undefined, undefined, {\"max\": 10, \"min\": 1}, {\"enabled\": true, \"intervalMs\": 30000}\n    Received: {\"charset\": undefined, \"database\": \"testdb\", \"healthCheck\": {\"enabled\": true, \"intervalMs\": 30000}, \"host\": \"localhost\", \"password\": \"pass\", \"poolOptions\": {\"max\": 10, \"min\": 1}, \"port\": 3306, \"socketPath\": undefined, \"timezone\": undefined, \"user\": \"user\"}\n\n    Number of calls: 1\n\n      122 |       createProviderFromEnv();\n      123 |\n    > 124 |       expect(MySqlProvider).toHaveBeenCalledWith(\n          |                             ^\n      125 |         'mysql://user:pass@localhost:3306/testdb',\n      126 |         undefined,\n      127 |         undefined,\n\n      at Object.<anonymous> (packages/cli/tests/provider-factory-pool.test.ts:124:29)\n\n  ● Provider Factory - Environment Variable Mapping › SQLite Provider › creates SQLite provider with in-memory database by default\n\n    expect(jest.fn()).toHaveBeenCalledWith(...expected)\n\n    Expected: \":memory:\"\n    Received: {\"file\": \":memory:\"}\n\n    Number of calls: 1\n\n      156 |       createProviderFromEnv();\n      157 |\n    > 158 |       expect(SQLiteProvider).toHaveBeenCalledWith(':memory:');\n          |                              ^\n      159 |     });\n      160 |\n      161 |     test('creates SQLite provider with custom database path', () => {\n\n      at Object.<anonymous> (packages/cli/tests/provider-factory-pool.test.ts:158:30)\n\n  ● Provider Factory - Environment Variable Mapping › SQLite Provider › creates SQLite provider with custom database path\n\n    expect(jest.fn()).toHaveBeenCalledWith(...expected)\n\n    Expected: \"./data/test.db\"\n    Received: {\"file\": \"./data/test.db\"}\n\n    Number of calls: 1\n\n      165 |       createProviderFromEnv();\n      166 |\n    > 167 |       expect(SQLiteProvider).toHaveBeenCalledWith('./data/test.db');\n          |                              ^\n      168 |     });\n      169 |\n      170 |     test('defaults to SQLite when DB_PROVIDER not set', () => {\n\n      at Object.<anonymous> (packages/cli/tests/provider-factory-pool.test.ts:167:30)\n\n  ● Provider Factory - Environment Variable Mapping › Real-world scenarios › production-like PostgreSQL configuration\n\n    expect(jest.fn()).toHaveBeenCalledWith(...expected)\n\n    Expected: StringContaining \"prod-db.example.com\", undefined, undefined, undefined, undefined, ObjectContaining {\"acquireTimeoutMs\": 10000, \"idleTimeoutMs\": 60000, \"max\": 50, \"min\": 5}, ObjectContaining {\"enabled\": true, \"intervalMs\": 30000, \"timeoutMs\": 3000}\n    Received: {\"applicationName\": undefined, \"connectionTimeoutMs\": undefined, \"database\": \"appdb\", \"healthCheck\": {\"enabled\": true, \"intervalMs\": 30000, \"timeoutMs\": 3000}, \"host\": \"prod-db.example.com\", \"password\": \"secret\", \"poolOptions\": {\"acquireTimeoutMs\": 10000, \"idleTimeoutMs\": 60000, \"max\": 50, \"min\": 5}, \"port\": 5432, \"schema\": undefined, \"ssl\": undefined, \"user\": \"prod_user\"}\n\n    Number of calls: 1\n\n      222 |       const provider = createProviderFromEnv();\n      223 |\n    > 224 |       expect(PostgresProvider).toHaveBeenCalledWith(\n          |                                ^\n      225 |         expect.stringContaining('prod-db.example.com'),\n      226 |         undefined,\n      227 |         undefined,\n\n      at Object.<anonymous> (packages/cli/tests/provider-factory-pool.test.ts:224:32)\n\n  ● Provider Factory - Environment Variable Mapping › Real-world scenarios › development-like SQLite configuration\n\n    expect(jest.fn()).toHaveBeenCalledWith(...expected)\n\n    Expected: \":memory:\"\n    Received: {\"file\": \":memory:\"}\n\n    Number of calls: 1\n\n      256 |       const provider = createProviderFromEnv();\n      257 |\n    > 258 |       expect(SQLiteProvider).toHaveBeenCalledWith(':memory:');\n          |                              ^\n      259 |       expect(provider).toBeDefined();\n      260 |     });\n      261 |   });\n\n      at Object.<anonymous> (packages/cli/tests/provider-factory-pool.test.ts:258:30)\n","name":"/Users/mikhail.soosaar_1/Documents/WebsStormProjects/ts-linq/packages/cli/tests/provider-factory-pool.test.ts","startTime":1763593242122,"status":"failed","summary":""},{"assertionResults":[{"ancestorTitles":["PrometheusSqlLogger"],"duration":1,"failureDetails":[],"failureMessages":[],"fullName":"PrometheusSqlLogger should increment counters and observe duration when client provided","invocations":1,"location":null,"numPassingAsserts":1,"retryReasons":[],"status":"passed","title":"should increment counters and observe duration when client provided"},{"ancestorTitles":["PrometheusSqlLogger"],"duration":1,"failureDetails":[],"failureMessages":[],"fullName":"PrometheusSqlLogger should no-op when prom-client is not installed","invocations":1,"location":null,"numPassingAsserts":1,"retryReasons":[],"status":"passed","title":"should no-op when prom-client is not installed"},{"ancestorTitles":["PrometheusSqlLogger"],"duration":0,"failureDetails":[],"failureMessages":[],"fullName":"PrometheusSqlLogger should record retry attempts and transaction gauge when Gauge available","invocations":1,"location":null,"numPassingAsserts":1,"retryReasons":[],"status":"passed","title":"should record retry attempts and transaction gauge when Gauge available"},{"ancestorTitles":["PrometheusSqlLogger"],"duration":0,"failureDetails":[],"failureMessages":[],"fullName":"PrometheusSqlLogger should record cache hits and misses via cache() hook","invocations":1,"location":null,"numPassingAsserts":2,"retryReasons":[],"status":"passed","title":"should record cache hits and misses via cache() hook"},{"ancestorTitles":["PrometheusSqlLogger"],"duration":1,"failureDetails":[],"failureMessages":[],"fullName":"PrometheusSqlLogger should handle multiple queries with different providers","invocations":1,"location":null,"numPassingAsserts":1,"retryReasons":[],"status":"passed","title":"should handle multiple queries with different providers"},{"ancestorTitles":["PrometheusSqlLogger"],"duration":0,"failureDetails":[],"failureMessages":[],"fullName":"PrometheusSqlLogger should track cache performance across different cache types","invocations":1,"location":null,"numPassingAsserts":2,"retryReasons":[],"status":"passed","title":"should track cache performance across different cache types"}],"endTime":1763593242783,"message":"","name":"/Users/mikhail.soosaar_1/Documents/WebsStormProjects/ts-linq/packages/prometheus-sql-logger/tests-new/PrometheusSqlLogger.test.ts","startTime":1763593242735,"status":"passed","summary":""},{"assertionResults":[{"ancestorTitles":["SoftDeleteMiddleware","Middleware Lifecycle"],"duration":0,"failureDetails":[],"failureMessages":[],"fullName":"SoftDeleteMiddleware Middleware Lifecycle should create middleware with default options","invocations":1,"location":null,"numPassingAsserts":1,"retryReasons":[],"status":"passed","title":"should create middleware with default options"},{"ancestorTitles":["SoftDeleteMiddleware","Middleware Lifecycle"],"duration":0,"failureDetails":[],"failureMessages":[],"fullName":"SoftDeleteMiddleware Middleware Lifecycle should create middleware with custom options","invocations":1,"location":null,"numPassingAsserts":1,"retryReasons":[],"status":"passed","title":"should create middleware with custom options"},{"ancestorTitles":["SoftDeleteMiddleware","Middleware Lifecycle"],"duration":0,"failureDetails":[],"failureMessages":[],"fullName":"SoftDeleteMiddleware Middleware Lifecycle should disable soft delete when enabled=false","invocations":1,"location":null,"numPassingAsserts":1,"retryReasons":[],"status":"passed","title":"should disable soft delete when enabled=false"},{"ancestorTitles":["SoftDeleteMiddleware","Boolean Flag Deletion"],"duration":0,"failureDetails":[],"failureMessages":[],"fullName":"SoftDeleteMiddleware Boolean Flag Deletion should set isDeleted=true on delete","invocations":1,"location":null,"numPassingAsserts":2,"retryReasons":[],"status":"passed","title":"should set isDeleted=true on delete"},{"ancestorTitles":["SoftDeleteMiddleware","Boolean Flag Deletion"],"duration":1,"failureDetails":[],"failureMessages":[],"fullName":"SoftDeleteMiddleware Boolean Flag Deletion should set deletedAt timestamp on delete","invocations":1,"location":null,"numPassingAsserts":3,"retryReasons":[],"status":"passed","title":"should set deletedAt timestamp on delete"},{"ancestorTitles":["SoftDeleteMiddleware","Boolean Flag Deletion"],"duration":0,"failureDetails":[],"failureMessages":[],"fullName":"SoftDeleteMiddleware Boolean Flag Deletion should set both isDeleted and deletedAt when both columns exist","invocations":1,"location":null,"numPassingAsserts":3,"retryReasons":[],"status":"passed","title":"should set both isDeleted and deletedAt when both columns exist"},{"ancestorTitles":["SoftDeleteMiddleware","Boolean Flag Deletion"],"duration":0,"failureDetails":[],"failureMessages":[],"fullName":"SoftDeleteMiddleware Boolean Flag Deletion should return false for entity without soft-delete columns","invocations":1,"location":null,"numPassingAsserts":1,"retryReasons":[],"status":"passed","title":"should return false for entity without soft-delete columns"},{"ancestorTitles":["SoftDeleteMiddleware","Restore Functionality"],"duration":0,"failureDetails":[],"failureMessages":[],"fullName":"SoftDeleteMiddleware Restore Functionality should restore deleted entity by setting isDeleted=false","invocations":1,"location":null,"numPassingAsserts":2,"retryReasons":[],"status":"passed","title":"should restore deleted entity by setting isDeleted=false"},{"ancestorTitles":["SoftDeleteMiddleware","Restore Functionality"],"duration":0,"failureDetails":[],"failureMessages":[],"fullName":"SoftDeleteMiddleware Restore Functionality should restore deleted entity by clearing deletedAt","invocations":1,"location":null,"numPassingAsserts":2,"retryReasons":[],"status":"passed","title":"should restore deleted entity by clearing deletedAt"},{"ancestorTitles":["SoftDeleteMiddleware","Restore Functionality"],"duration":1,"failureDetails":[],"failureMessages":[],"fullName":"SoftDeleteMiddleware Restore Functionality should restore both isDeleted and deletedAt","invocations":1,"location":null,"numPassingAsserts":3,"retryReasons":[],"status":"passed","title":"should restore both isDeleted and deletedAt"},{"ancestorTitles":["SoftDeleteMiddleware","Query Filtering"],"duration":0,"failureDetails":[],"failureMessages":[],"fullName":"SoftDeleteMiddleware Query Filtering should generate filter condition for boolean type","invocations":1,"location":null,"numPassingAsserts":3,"retryReasons":[],"status":"passed","title":"should generate filter condition for boolean type"},{"ancestorTitles":["SoftDeleteMiddleware","Query Filtering"],"duration":0,"failureDetails":[],"failureMessages":[],"fullName":"SoftDeleteMiddleware Query Filtering should generate filter condition for timestamp type","invocations":1,"location":null,"numPassingAsserts":1,"retryReasons":[],"status":"passed","title":"should generate filter condition for timestamp type"},{"ancestorTitles":["SoftDeleteMiddleware","Query Filtering"],"duration":0,"failureDetails":[],"failureMessages":[],"fullName":"SoftDeleteMiddleware Query Filtering should return empty filter when filterDeleted=false","invocations":1,"location":null,"numPassingAsserts":1,"retryReasons":[],"status":"passed","title":"should return empty filter when filterDeleted=false"},{"ancestorTitles":["SoftDeleteMiddleware","Soft Delete Detection"],"duration":1,"failureDetails":[],"failureMessages":[],"fullName":"SoftDeleteMiddleware Soft Delete Detection should detect soft-deleted entity with boolean flag","invocations":1,"location":null,"numPassingAsserts":1,"retryReasons":[],"status":"passed","title":"should detect soft-deleted entity with boolean flag"},{"ancestorTitles":["SoftDeleteMiddleware","Soft Delete Detection"],"duration":0,"failureDetails":[],"failureMessages":[],"fullName":"SoftDeleteMiddleware Soft Delete Detection should detect non-deleted entity with boolean flag","invocations":1,"location":null,"numPassingAsserts":1,"retryReasons":[],"status":"passed","title":"should detect non-deleted entity with boolean flag"},{"ancestorTitles":["SoftDeleteMiddleware","Soft Delete Detection"],"duration":0,"failureDetails":[],"failureMessages":[],"fullName":"SoftDeleteMiddleware Soft Delete Detection should detect soft-deleted entity with timestamp","invocations":1,"location":null,"numPassingAsserts":1,"retryReasons":[],"status":"passed","title":"should detect soft-deleted entity with timestamp"},{"ancestorTitles":["SoftDeleteMiddleware","Soft Delete Detection"],"duration":0,"failureDetails":[],"failureMessages":[],"fullName":"SoftDeleteMiddleware Soft Delete Detection should detect non-deleted entity with null timestamp","invocations":1,"location":null,"numPassingAsserts":1,"retryReasons":[],"status":"passed","title":"should detect non-deleted entity with null timestamp"}],"endTime":1763593242818,"message":"","name":"/Users/mikhail.soosaar_1/Documents/WebsStormProjects/ts-linq/packages/plugin-soft-delete/tests/SoftDeleteMiddleware.test.ts","startTime":1763593242786,"status":"passed","summary":""},{"assertionResults":[{"ancestorTitles":["ExponentialBackoffRetryPolicy","shouldRetry()"],"duration":0,"failureDetails":[],"failureMessages":[],"fullName":"ExponentialBackoffRetryPolicy shouldRetry() should allow retry when not in transaction","invocations":1,"location":null,"numPassingAsserts":1,"retryReasons":[],"status":"passed","title":"should allow retry when not in transaction"},{"ancestorTitles":["ExponentialBackoffRetryPolicy","shouldRetry()"],"duration":0,"failureDetails":[],"failureMessages":[],"fullName":"ExponentialBackoffRetryPolicy shouldRetry() should forbid retry when in transaction","invocations":1,"location":null,"numPassingAsserts":1,"retryReasons":[],"status":"passed","title":"should forbid retry when in transaction"},{"ancestorTitles":["ExponentialBackoffRetryPolicy","shouldRetry()"],"duration":1,"failureDetails":[],"failureMessages":[],"fullName":"ExponentialBackoffRetryPolicy shouldRetry() should forbid retry on any attempt number when in transaction","invocations":1,"location":null,"numPassingAsserts":3,"retryReasons":[],"status":"passed","title":"should forbid retry on any attempt number when in transaction"},{"ancestorTitles":["ExponentialBackoffRetryPolicy","getDelayMs()"],"duration":0,"failureDetails":[],"failureMessages":[],"fullName":"ExponentialBackoffRetryPolicy getDelayMs() should return delay with exponential backoff","invocations":1,"location":null,"numPassingAsserts":3,"retryReasons":[],"status":"passed","title":"should return delay with exponential backoff"},{"ancestorTitles":["ExponentialBackoffRetryPolicy","getDelayMs()"],"duration":10,"failureDetails":[],"failureMessages":[],"fullName":"ExponentialBackoffRetryPolicy getDelayMs() should respect maxDelayMs cap","invocations":1,"location":null,"numPassingAsserts":20,"retryReasons":[],"status":"passed","title":"should respect maxDelayMs cap"},{"ancestorTitles":["ExponentialBackoffRetryPolicy","getDelayMs()"],"duration":0,"failureDetails":[],"failureMessages":[],"fullName":"ExponentialBackoffRetryPolicy getDelayMs() should add jitter to prevent thundering herd","invocations":1,"location":null,"numPassingAsserts":1,"retryReasons":[],"status":"passed","title":"should add jitter to prevent thundering herd"},{"ancestorTitles":["ExponentialBackoffRetryPolicy","getDelayMs()"],"duration":4,"failureDetails":[],"failureMessages":[],"fullName":"ExponentialBackoffRetryPolicy getDelayMs() should use default options when not provided","invocations":1,"location":null,"numPassingAsserts":3,"retryReasons":[],"status":"passed","title":"should use default options when not provided"},{"ancestorTitles":["ExponentialBackoffRetryPolicy","getDelayMs()"],"duration":0,"failureDetails":[],"failureMessages":[],"fullName":"ExponentialBackoffRetryPolicy getDelayMs() should handle attempt = 0 gracefully","invocations":1,"location":null,"numPassingAsserts":2,"retryReasons":[],"status":"passed","title":"should handle attempt = 0 gracefully"},{"ancestorTitles":["ExponentialBackoffRetryPolicy","getDelayMs()"],"duration":1,"failureDetails":[],"failureMessages":[],"fullName":"ExponentialBackoffRetryPolicy getDelayMs() should handle negative attempt gracefully","invocations":1,"location":null,"numPassingAsserts":1,"retryReasons":[],"status":"passed","title":"should handle negative attempt gracefully"},{"ancestorTitles":["ExponentialBackoffRetryPolicy","getDelayMs()"],"duration":0,"failureDetails":[],"failureMessages":[],"fullName":"ExponentialBackoffRetryPolicy getDelayMs() should cap jitter at 25ms or baseDelayMs whichever is smaller","invocations":1,"location":null,"numPassingAsserts":1,"retryReasons":[],"status":"passed","title":"should cap jitter at 25ms or baseDelayMs whichever is smaller"},{"ancestorTitles":["ExponentialBackoffRetryPolicy","constructor options"],"duration":0,"failureDetails":[],"failureMessages":[],"fullName":"ExponentialBackoffRetryPolicy constructor options should accept custom baseDelayMs","invocations":1,"location":null,"numPassingAsserts":1,"retryReasons":[],"status":"passed","title":"should accept custom baseDelayMs"},{"ancestorTitles":["ExponentialBackoffRetryPolicy","constructor options"],"duration":0,"failureDetails":[],"failureMessages":[],"fullName":"ExponentialBackoffRetryPolicy constructor options should accept custom factor","invocations":1,"location":null,"numPassingAsserts":1,"retryReasons":[],"status":"passed","title":"should accept custom factor"},{"ancestorTitles":["ExponentialBackoffRetryPolicy","constructor options"],"duration":0,"failureDetails":[],"failureMessages":[],"fullName":"ExponentialBackoffRetryPolicy constructor options should accept custom maxDelayMs","invocations":1,"location":null,"numPassingAsserts":1,"retryReasons":[],"status":"passed","title":"should accept custom maxDelayMs"},{"ancestorTitles":["NoRetryPolicy","shouldRetry()"],"duration":0,"failureDetails":[],"failureMessages":[],"fullName":"NoRetryPolicy shouldRetry() should always return false","invocations":1,"location":null,"numPassingAsserts":1,"retryReasons":[],"status":"passed","title":"should always return false"},{"ancestorTitles":["NoRetryPolicy","getDelayMs()"],"duration":0,"failureDetails":[],"failureMessages":[],"fullName":"NoRetryPolicy getDelayMs() should always return 0","invocations":1,"location":null,"numPassingAsserts":1,"retryReasons":[],"status":"passed","title":"should always return 0"},{"ancestorTitles":["FixedIntervalRetryPolicy","shouldRetry()"],"duration":0,"failureDetails":[],"failureMessages":[],"fullName":"FixedIntervalRetryPolicy shouldRetry() should allow retry when not in transaction","invocations":1,"location":null,"numPassingAsserts":1,"retryReasons":[],"status":"passed","title":"should allow retry when not in transaction"},{"ancestorTitles":["FixedIntervalRetryPolicy","shouldRetry()"],"duration":0,"failureDetails":[],"failureMessages":[],"fullName":"FixedIntervalRetryPolicy shouldRetry() should forbid retry when in transaction by default","invocations":1,"location":null,"numPassingAsserts":1,"retryReasons":[],"status":"passed","title":"should forbid retry when in transaction by default"},{"ancestorTitles":["FixedIntervalRetryPolicy","shouldRetry()"],"duration":0,"failureDetails":[],"failureMessages":[],"fullName":"FixedIntervalRetryPolicy shouldRetry() should allow retry in transaction when allowInTx is true","invocations":1,"location":null,"numPassingAsserts":1,"retryReasons":[],"status":"passed","title":"should allow retry in transaction when allowInTx is true"},{"ancestorTitles":["FixedIntervalRetryPolicy","shouldRetry()"],"duration":0,"failureDetails":[],"failureMessages":[],"fullName":"FixedIntervalRetryPolicy shouldRetry() should always retry when allowInTx is true regardless of transaction state","invocations":1,"location":null,"numPassingAsserts":3,"retryReasons":[],"status":"passed","title":"should always retry when allowInTx is true regardless of transaction state"},{"ancestorTitles":["FixedIntervalRetryPolicy","getDelayMs()"],"duration":1,"failureDetails":[],"failureMessages":[],"fullName":"FixedIntervalRetryPolicy getDelayMs() should return fixed delay","invocations":1,"location":null,"numPassingAsserts":1,"retryReasons":[],"status":"passed","title":"should return fixed delay"},{"ancestorTitles":["FixedIntervalRetryPolicy","getDelayMs()"],"duration":0,"failureDetails":[],"failureMessages":[],"fullName":"FixedIntervalRetryPolicy getDelayMs() should handle zero delay","invocations":1,"location":null,"numPassingAsserts":1,"retryReasons":[],"status":"passed","title":"should handle zero delay"},{"ancestorTitles":["FixedIntervalRetryPolicy","getDelayMs()"],"duration":0,"failureDetails":[],"failureMessages":[],"fullName":"FixedIntervalRetryPolicy getDelayMs() should handle negative delay by returning zero","invocations":1,"location":null,"numPassingAsserts":1,"retryReasons":[],"status":"passed","title":"should handle negative delay by returning zero"},{"ancestorTitles":["FixedIntervalRetryPolicy","getDelayMs()"],"duration":0,"failureDetails":[],"failureMessages":[],"fullName":"FixedIntervalRetryPolicy getDelayMs() should support very large delays","invocations":1,"location":null,"numPassingAsserts":1,"retryReasons":[],"status":"passed","title":"should support very large delays"},{"ancestorTitles":["FixedIntervalRetryPolicy","constructor parameters"],"duration":0,"failureDetails":[],"failureMessages":[],"fullName":"FixedIntervalRetryPolicy constructor parameters should accept delay only","invocations":1,"location":null,"numPassingAsserts":2,"retryReasons":[],"status":"passed","title":"should accept delay only"},{"ancestorTitles":["FixedIntervalRetryPolicy","constructor parameters"],"duration":0,"failureDetails":[],"failureMessages":[],"fullName":"FixedIntervalRetryPolicy constructor parameters should accept delay and allowInTx","invocations":1,"location":null,"numPassingAsserts":2,"retryReasons":[],"status":"passed","title":"should accept delay and allowInTx"}],"endTime":1763593242821,"message":"","name":"/Users/mikhail.soosaar_1/Documents/WebsStormProjects/ts-linq/packages/concurrency/tests-new/RetryPolicies.test.ts","startTime":1763593242753,"status":"passed","summary":""},{"assertionResults":[{"ancestorTitles":["Dialect placeholders (property-based)"],"duration":17,"failureDetails":[],"failureMessages":[],"fullName":"Dialect placeholders (property-based) Postgres: ? -> $n in correct order; selectParams first","invocations":1,"location":null,"numPassingAsserts":108,"retryReasons":[],"status":"passed","title":"Postgres: ? -> $n in correct order; selectParams first"},{"ancestorTitles":["Dialect placeholders (property-based)"],"duration":2,"failureDetails":[],"failureMessages":[],"fullName":"Dialect placeholders (property-based) MySQL: ? preserved; count matches parameters","invocations":1,"location":null,"numPassingAsserts":40,"retryReasons":[],"status":"passed","title":"MySQL: ? preserved; count matches parameters"},{"ancestorTitles":["Dialect placeholders (property-based)"],"duration":6,"failureDetails":[],"failureMessages":[],"fullName":"Dialect placeholders (property-based) MSSQL: ? -> @pN in order","invocations":1,"location":null,"numPassingAsserts":129,"retryReasons":[],"status":"passed","title":"MSSQL: ? -> @pN in order"},{"ancestorTitles":["Dialect placeholders (property-based)"],"duration":1,"failureDetails":[],"failureMessages":[],"fullName":"Dialect placeholders (property-based) SQLite: ? preserved; OFFSET without LIMIT inserts LIMIT -1","invocations":1,"location":null,"numPassingAsserts":2,"retryReasons":[],"status":"passed","title":"SQLite: ? preserved; OFFSET without LIMIT inserts LIMIT -1"}],"endTime":1763593242833,"message":"","name":"/Users/mikhail.soosaar_1/Documents/WebsStormProjects/ts-linq/packages/provider-sqlite/tests/dialects.placeholders.property.test.ts","startTime":1763593242183,"status":"passed","summary":""},{"assertionResults":[{"ancestorTitles":["JOIN / GROUP BY / HAVING / ORDER (property-based)"],"duration":14,"failureDetails":[],"failureMessages":[],"fullName":"JOIN / GROUP BY / HAVING / ORDER (property-based) { name: 'pg', qb: [Function: qb], qid: [Function: qid] }: renders JOIN/GROUP BY/HAVING/ORDER consistently","invocations":1,"location":null,"numPassingAsserts":109,"retryReasons":[],"status":"passed","title":"{ name: 'pg', qb: [Function: qb], qid: [Function: qid] }: renders JOIN/GROUP BY/HAVING/ORDER consistently"},{"ancestorTitles":["JOIN / GROUP BY / HAVING / ORDER (property-based)"],"duration":6,"failureDetails":[],"failureMessages":[],"fullName":"JOIN / GROUP BY / HAVING / ORDER (property-based) { name: 'mysql', qb: [Function: qb], qid: [Function: qid] }: renders JOIN/GROUP BY/HAVING/ORDER consistently","invocations":1,"location":null,"numPassingAsserts":106,"retryReasons":[],"status":"passed","title":"{ name: 'mysql', qb: [Function: qb], qid: [Function: qid] }: renders JOIN/GROUP BY/HAVING/ORDER consistently"},{"ancestorTitles":["JOIN / GROUP BY / HAVING / ORDER (property-based)"],"duration":3,"failureDetails":[],"failureMessages":[],"fullName":"JOIN / GROUP BY / HAVING / ORDER (property-based) { name: 'mssql', qb: [Function: qb], qid: [Function: qid] }: renders JOIN/GROUP BY/HAVING/ORDER consistently","invocations":1,"location":null,"numPassingAsserts":112,"retryReasons":[],"status":"passed","title":"{ name: 'mssql', qb: [Function: qb], qid: [Function: qid] }: renders JOIN/GROUP BY/HAVING/ORDER consistently"},{"ancestorTitles":["JOIN / GROUP BY / HAVING / ORDER (property-based)"],"duration":11,"failureDetails":[],"failureMessages":[],"fullName":"JOIN / GROUP BY / HAVING / ORDER (property-based) { name: 'sqlite', qb: [Function: qb], qid: [Function: qid] }: renders JOIN/GROUP BY/HAVING/ORDER consistently","invocations":1,"location":null,"numPassingAsserts":112,"retryReasons":[],"status":"passed","title":"{ name: 'sqlite', qb: [Function: qb], qid: [Function: qid] }: renders JOIN/GROUP BY/HAVING/ORDER consistently"}],"endTime":1763593242850,"message":"","name":"/Users/mikhail.soosaar_1/Documents/WebsStormProjects/ts-linq/packages/provider-postgres/tests/dialects.groupby.property.test.ts","startTime":1763593242189,"status":"passed","summary":""},{"assertionResults":[{"ancestorTitles":["MetadataStorage","singleton pattern"],"duration":0,"failureDetails":[],"failureMessages":[],"fullName":"MetadataStorage singleton pattern should return same instance","invocations":1,"location":null,"numPassingAsserts":1,"retryReasons":[],"status":"passed","title":"should return same instance"},{"ancestorTitles":["MetadataStorage","addEntity()"],"duration":0,"failureDetails":[],"failureMessages":[],"fullName":"MetadataStorage addEntity() should register entity with table name","invocations":1,"location":null,"numPassingAsserts":3,"retryReasons":[],"status":"passed","title":"should register entity with table name"},{"ancestorTitles":["MetadataStorage","addEntity()"],"duration":0,"failureDetails":[],"failureMessages":[],"fullName":"MetadataStorage addEntity() should register entity without table name","invocations":1,"location":null,"numPassingAsserts":2,"retryReasons":[],"status":"passed","title":"should register entity without table name"},{"ancestorTitles":["MetadataStorage","addEntity()"],"duration":0,"failureDetails":[],"failureMessages":[],"fullName":"MetadataStorage addEntity() should handle multiple entities","invocations":1,"location":null,"numPassingAsserts":3,"retryReasons":[],"status":"passed","title":"should handle multiple entities"},{"ancestorTitles":["MetadataStorage","addColumn()"],"duration":0,"failureDetails":[],"failureMessages":[],"fullName":"MetadataStorage addColumn() should register column metadata","invocations":1,"location":null,"numPassingAsserts":3,"retryReasons":[],"status":"passed","title":"should register column metadata"},{"ancestorTitles":["MetadataStorage","addColumn()"],"duration":1,"failureDetails":[],"failureMessages":[],"fullName":"MetadataStorage addColumn() should register multiple columns","invocations":1,"location":null,"numPassingAsserts":4,"retryReasons":[],"status":"passed","title":"should register multiple columns"},{"ancestorTitles":["MetadataStorage","addColumn()"],"duration":0,"failureDetails":[],"failureMessages":[],"fullName":"MetadataStorage addColumn() should support column options","invocations":1,"location":null,"numPassingAsserts":3,"retryReasons":[],"status":"passed","title":"should support column options"},{"ancestorTitles":["MetadataStorage","addPrimaryKey()"],"duration":0,"failureDetails":[],"failureMessages":[],"fullName":"MetadataStorage addPrimaryKey() should mark column as primary key","invocations":1,"location":null,"numPassingAsserts":1,"retryReasons":[],"status":"passed","title":"should mark column as primary key"},{"ancestorTitles":["MetadataStorage","addPrimaryKey()"],"duration":0,"failureDetails":[],"failureMessages":[],"fullName":"MetadataStorage addPrimaryKey() should support composite primary keys","invocations":1,"location":null,"numPassingAsserts":3,"retryReasons":[],"status":"passed","title":"should support composite primary keys"},{"ancestorTitles":["MetadataStorage","addRelationship()"],"duration":1,"failureDetails":[],"failureMessages":[],"fullName":"MetadataStorage addRelationship() should register relationship metadata","invocations":1,"location":null,"numPassingAsserts":3,"retryReasons":[],"status":"passed","title":"should register relationship metadata"},{"ancestorTitles":["MetadataStorage","addRelationship()"],"duration":0,"failureDetails":[],"failureMessages":[],"fullName":"MetadataStorage addRelationship() should handle multiple relationships","invocations":1,"location":null,"numPassingAsserts":3,"retryReasons":[],"status":"passed","title":"should handle multiple relationships"},{"ancestorTitles":["MetadataStorage","addIndex()"],"duration":0,"failureDetails":[],"failureMessages":[],"fullName":"MetadataStorage addIndex() should register index metadata","invocations":1,"location":null,"numPassingAsserts":3,"retryReasons":[],"status":"passed","title":"should register index metadata"},{"ancestorTitles":["MetadataStorage","addIndex()"],"duration":0,"failureDetails":[],"failureMessages":[],"fullName":"MetadataStorage addIndex() should support composite indexes","invocations":1,"location":null,"numPassingAsserts":3,"retryReasons":[],"status":"passed","title":"should support composite indexes"},{"ancestorTitles":["MetadataStorage","addValidationRule()"],"duration":1,"failureDetails":[],"failureMessages":[],"fullName":"MetadataStorage addValidationRule() should register validation rule","invocations":1,"location":null,"numPassingAsserts":3,"retryReasons":[],"status":"passed","title":"should register validation rule"},{"ancestorTitles":["MetadataStorage","addValidationRule()"],"duration":0,"failureDetails":[],"failureMessages":[],"fullName":"MetadataStorage addValidationRule() should support multiple validation rules","invocations":1,"location":null,"numPassingAsserts":1,"retryReasons":[],"status":"passed","title":"should support multiple validation rules"},{"ancestorTitles":["MetadataStorage","getEntity()"],"duration":0,"failureDetails":[],"failureMessages":[],"fullName":"MetadataStorage getEntity() should return undefined for unregistered entity","invocations":1,"location":null,"numPassingAsserts":1,"retryReasons":[],"status":"passed","title":"should return undefined for unregistered entity"},{"ancestorTitles":["MetadataStorage","getEntity()"],"duration":0,"failureDetails":[],"failureMessages":[],"fullName":"MetadataStorage getEntity() should return metadata for registered entity","invocations":1,"location":null,"numPassingAsserts":2,"retryReasons":[],"status":"passed","title":"should return metadata for registered entity"},{"ancestorTitles":["MetadataStorage","getEntity()"],"duration":0,"failureDetails":[],"failureMessages":[],"fullName":"MetadataStorage getEntity() should handle null/undefined target gracefully","invocations":1,"location":null,"numPassingAsserts":2,"retryReasons":[],"status":"passed","title":"should handle null/undefined target gracefully"},{"ancestorTitles":["MetadataStorage","getEntities()"],"duration":0,"failureDetails":[],"failureMessages":[],"fullName":"MetadataStorage getEntities() should return empty array when no entities registered","invocations":1,"location":null,"numPassingAsserts":1,"retryReasons":[],"status":"passed","title":"should return empty array when no entities registered"},{"ancestorTitles":["MetadataStorage","getEntities()"],"duration":0,"failureDetails":[],"failureMessages":[],"fullName":"MetadataStorage getEntities() should return all registered entities","invocations":1,"location":null,"numPassingAsserts":1,"retryReasons":[],"status":"passed","title":"should return all registered entities"},{"ancestorTitles":["MetadataStorage","clear()"],"duration":0,"failureDetails":[],"failureMessages":[],"fullName":"MetadataStorage clear() should clear all metadata","invocations":1,"location":null,"numPassingAsserts":2,"retryReasons":[],"status":"passed","title":"should clear all metadata"},{"ancestorTitles":["MetadataStorage","clear()"],"duration":1,"failureDetails":[],"failureMessages":[],"fullName":"MetadataStorage clear() should allow re-registration after clear","invocations":1,"location":null,"numPassingAsserts":2,"retryReasons":[],"status":"passed","title":"should allow re-registration after clear"},{"ancestorTitles":["MetadataStorage","metadata finalization"],"duration":0,"failureDetails":[],"failureMessages":[],"fullName":"MetadataStorage metadata finalization should finalize metadata on first access","invocations":1,"location":null,"numPassingAsserts":2,"retryReasons":[],"status":"passed","title":"should finalize metadata on first access"},{"ancestorTitles":["MetadataStorage","metadata finalization"],"duration":0,"failureDetails":[],"failureMessages":[],"fullName":"MetadataStorage metadata finalization should return consistent metadata across multiple accesses","invocations":1,"location":null,"numPassingAsserts":1,"retryReasons":[],"status":"passed","title":"should return consistent metadata across multiple accesses"},{"ancestorTitles":["MetadataStorage","branded primary key support"],"duration":0,"failureDetails":[],"failureMessages":[],"fullName":"MetadataStorage branded primary key support should support branded primary keys via API","invocations":1,"location":null,"numPassingAsserts":5,"retryReasons":[],"status":"passed","title":"should support branded primary keys via API"}],"endTime":1763593242851,"message":"","name":"/Users/mikhail.soosaar_1/Documents/WebsStormProjects/ts-linq/packages/metadata/tests/MetadataStorage.test.ts","startTime":1763593242821,"status":"passed","summary":""},{"assertionResults":[{"ancestorTitles":["JOIN / GROUP BY / HAVING / ORDER (property-based)"],"duration":26,"failureDetails":[],"failureMessages":[],"fullName":"JOIN / GROUP BY / HAVING / ORDER (property-based) { name: 'pg', qb: [Function: qb], qid: [Function: qid] }: renders JOIN/GROUP BY/HAVING/ORDER consistently","invocations":1,"location":null,"numPassingAsserts":115,"retryReasons":[],"status":"passed","title":"{ name: 'pg', qb: [Function: qb], qid: [Function: qid] }: renders JOIN/GROUP BY/HAVING/ORDER consistently"},{"ancestorTitles":["JOIN / GROUP BY / HAVING / ORDER (property-based)"],"duration":5,"failureDetails":[],"failureMessages":[],"fullName":"JOIN / GROUP BY / HAVING / ORDER (property-based) { name: 'mysql', qb: [Function: qb], qid: [Function: qid] }: renders JOIN/GROUP BY/HAVING/ORDER consistently","invocations":1,"location":null,"numPassingAsserts":117,"retryReasons":[],"status":"passed","title":"{ name: 'mysql', qb: [Function: qb], qid: [Function: qid] }: renders JOIN/GROUP BY/HAVING/ORDER consistently"},{"ancestorTitles":["JOIN / GROUP BY / HAVING / ORDER (property-based)"],"duration":4,"failureDetails":[],"failureMessages":[],"fullName":"JOIN / GROUP BY / HAVING / ORDER (property-based) { name: 'mssql', qb: [Function: qb], qid: [Function: qid] }: renders JOIN/GROUP BY/HAVING/ORDER consistently","invocations":1,"location":null,"numPassingAsserts":110,"retryReasons":[],"status":"passed","title":"{ name: 'mssql', qb: [Function: qb], qid: [Function: qid] }: renders JOIN/GROUP BY/HAVING/ORDER consistently"},{"ancestorTitles":["JOIN / GROUP BY / HAVING / ORDER
[...]
[0m \u001b[91m         ~~~~~~~~~\u001b[0m\n    \u001b[96mpackages/provider-sqlite/tests/sqlite.branded-id.integration.test.ts\u001b[0m:\u001b[93m2\u001b[0m:\u001b[93m26\u001b[0m - \u001b[91merror\u001b[0m\u001b[90m TS2724: \u001b[0m'\"@ts-linq/core\"' has no exported member named 'EntityId'. Did you mean 'Entity'?\n\n    \u001b[7m2\u001b[0m import { DbContext, type EntityId, MetadataStorage } from '@ts-linq/core';\n    \u001b[7m \u001b[0m \u001b[91m                         ~~~~~~~~\u001b[0m\n\n      \u001b[96mpackages/core/src/decorators/Entity.ts\u001b[0m:\u001b[93m18\u001b[0m:\u001b[93m17\u001b[0m\n        \u001b[7m18\u001b[0m export function Entity(options: EntityOptions = {}): ClassDecorator {\n        \u001b[7m  \u001b[0m \u001b[96m                ~~~~~~\u001b[0m\n        'Entity' is declared here.\n    \u001b[96mpackages/provider-sqlite/tests/sqlite.branded-id.integration.test.ts\u001b[0m:\u001b[93m2\u001b[0m:\u001b[93m36\u001b[0m - \u001b[91merror\u001b[0m\u001b[90m TS2305: \u001b[0mModule '\"@ts-linq/core\"' has no exported member 'MetadataStorage'.\n\n    \u001b[7m2\u001b[0m import { DbContext, type EntityId, MetadataStorage } from '@ts-linq/core';\n    \u001b[7m \u001b[0m \u001b[91m                                   ~~~~~~~~~~~~~~~\u001b[0m\n    \u001b[96mpackages/provider-sqlite/tests/sqlite.branded-id.integration.test.ts\u001b[0m:\u001b[93m20\u001b[0m:\u001b[93m42\u001b[0m - \u001b[91merror\u001b[0m\u001b[90m TS2345: \u001b[0mArgument of type 'string' is not assignable to parameter of type 'SQLiteConfig'.\n\n    \u001b[7m20\u001b[0m     super({ provider: new SQLiteProvider(conn) });\n    \u001b[7m  \u001b[0m \u001b[91m                                         ~~~~\u001b[0m\n    \u001b[96mpackages/provider-sqlite/tests/sqlite.branded-id.integration.test.ts\u001b[0m:\u001b[93m59\u001b[0m:\u001b[93m15\u001b[0m - \u001b[91merror\u001b[0m\u001b[90m TS2339: \u001b[0mProperty 'ensureCreated' does not exist on type 'AppCtx'.\n\n    \u001b[7m59\u001b[0m     await ctx.ensureCreated();\n    \u001b[7m  \u001b[0m \u001b[91m              ~~~~~~~~~~~~~\u001b[0m\n    \u001b[96mpackages/provider-sqlite/tests/sqlite.branded-id.integration.test.ts\u001b[0m:\u001b[93m63\u001b[0m:\u001b[93m9\u001b[0m - \u001b[91merror\u001b[0m\u001b[90m TS2339: \u001b[0mProperty 'set' does not exist on type 'AppCtx'.\n\n    \u001b[7m63\u001b[0m     ctx.set(User).add(u);\n    \u001b[7m  \u001b[0m \u001b[91m        ~~~\u001b[0m\n    \u001b[96mpackages/provider-sqlite/tests/sqlite.branded-id.integration.test.ts\u001b[0m:\u001b[93m64\u001b[0m:\u001b[93m15\u001b[0m - \u001b[91merror\u001b[0m\u001b[90m TS2339: \u001b[0mProperty 'saveChanges' does not exist on type 'AppCtx'.\n\n    \u001b[7m64\u001b[0m     await ctx.saveChanges();\n    \u001b[7m  \u001b[0m \u001b[91m              ~~~~~~~~~~~\u001b[0m\n    \u001b[96mpackages/provider-sqlite/tests/sqlite.branded-id.integration.test.ts\u001b[0m:\u001b[93m66\u001b[0m:\u001b[93m27\u001b[0m - \u001b[91merror\u001b[0m\u001b[90m TS2339: \u001b[0mProperty 'set' does not exist on type 'AppCtx'.\n\n    \u001b[7m66\u001b[0m     const one = await ctx.set(User).find(u.id as UserId);\n    \u001b[7m  \u001b[0m \u001b[91m                          ~~~\u001b[0m\n    \u001b[96mpackages/provider-sqlite/tests/sqlite.branded-id.integration.test.ts\u001b[0m:\u001b[93m69\u001b[0m:\u001b[93m28\u001b[0m - \u001b[91merror\u001b[0m\u001b[90m TS2339: \u001b[0mProperty 'set' does not exist on type 'AppCtx'.\n\n    \u001b[7m69\u001b[0m     const many = await ctx.set(User).findByIds([u.id as UserId]);\n    \u001b[7m  \u001b[0m \u001b[91m                           ~~~\u001b[0m\n    \u001b[96mpackages/provider-sqlite/tests/sqlite.branded-id.integration.test.ts\u001b[0m:\u001b[93m72\u001b[0m:\u001b[93m15\u001b[0m - \u001b[91merror\u001b[0m\u001b[90m TS2339: \u001b[0mProperty 'dispose' does not exist on type 'AppCtx'.\n\n    \u001b[7m72\u001b[0m     await ctx.dispose();\n    \u001b[7m  \u001b[0m \u001b[91m              ~~~~~~~\u001b[0m\n","name":"/Users/mikhail.soosaar_1/Documents/WebsStormProjects/ts-linq/packages/provider-sqlite/tests/sqlite.branded-id.integration.test.ts","startTime":1763593246342,"status":"failed","summary":""},{"assertionResults":[],"coverage":{},"endTime":1763593246342,"message":"  ● Test suite failed to run\n\n    \u001b[96mpackages/provider-sqlite/tests/sqlite.integration.test.ts\u001b[0m:\u001b[93m16\u001b[0m:\u001b[93m41\u001b[0m - \u001b[91merror\u001b[0m\u001b[90m TS2345: \u001b[0mArgument of type 'string' is not assignable to parameter of type 'SQLiteConfig'.\n\n    \u001b[7m16\u001b[0m     const provider = new SQLiteProvider(dbPath);\n    \u001b[7m  \u001b[0m \u001b[91m                                        ~~~~~~\u001b[0m\n","name":"/Users/mikhail.soosaar_1/Documents/WebsStormProjects/ts-linq/packages/provider-sqlite/tests/sqlite.integration.test.ts","startTime":1763593246342,"status":"failed","summary":""},{"assertionResults":[{"ancestorTitles":["[integration][mssql] transactions"],"duration":null,"failureDetails":[],"failureMessages":[],"fullName":"[integration][mssql] transactions commit persists, rollback reverts","invocations":1,"location":null,"numPassingAsserts":0,"retryReasons":[],"status":"pending","title":"commit persists, rollback reverts"}],"coverage":{},"endTime":1763593246342,"message":"","name":"/Users/mikhail.soosaar_1/Documents/WebsStormProjects/ts-linq/packages/provider-mssql/tests/transactions.integration.test.ts","startTime":1763593246342,"status":"skipped","summary":""},{"assertionResults":[],"coverage":{},"endTime":1763593246342,"message":"  ● Test suite failed to run\n\n    \u001b[96mpackages/provider-sqlite/tests/sqlite.computed.integration.test.ts\u001b[0m:\u001b[93m2\u001b[0m:\u001b[93m10\u001b[0m - \u001b[91merror\u001b[0m\u001b[90m TS2305: \u001b[0mModule '\"@ts-linq/core\"' has no exported member 'MetadataStorage'.\n\n    \u001b[7m2\u001b[0m import { MetadataStorage } from '@ts-linq/core';\n    \u001b[7m \u001b[0m \u001b[91m         ~~~~~~~~~~~~~~~\u001b[0m\n    \u001b[96mpackages/provider-sqlite/tests/sqlite.computed.integration.test.ts\u001b[0m:\u001b[93m3\u001b[0m:\u001b[93m15\u001b[0m - \u001b[91merror\u001b[0m\u001b[90m TS2305: \u001b[0mModule '\"@ts-linq/core\"' has no exported member 'ColumnMetadata'.\n\n    \u001b[7m3\u001b[0m import type { ColumnMetadata } from '@ts-linq/core';\n    \u001b[7m \u001b[0m \u001b[91m              ~~~~~~~~~~~~~~\u001b[0m\n    \u001b[96mpackages/provider-sqlite/tests/sqlite.computed.integration.test.ts\u001b[0m:\u001b[93m33\u001b[0m:\u001b[93m41\u001b[0m - \u001b[91merror\u001b[0m\u001b[90m TS2345: \u001b[0mArgument of type 'string' is not assignable to parameter of type 'SQLiteConfig'.\n\n    \u001b[7m33\u001b[0m     const provider = new SQLiteProvider(':memory:');\n    \u001b[7m  \u001b[0m \u001b[91m                                        ~~~~~~~~~~\u001b[0m\n","name":"/Users/mikhail.soosaar_1/Documents/WebsStormProjects/ts-linq/packages/provider-sqlite/tests/sqlite.computed.integration.test.ts","startTime":1763593246342,"status":"failed","summary":""},{"assertionResults":[{"ancestorTitles":["[integration][mssql] isolation (READ COMMITTED vs SNAPSHOT)"],"duration":null,"failureDetails":[],"failureMessages":[],"fullName":"[integration][mssql] isolation (READ COMMITTED vs SNAPSHOT) READ COMMITTED sees committed updates; SNAPSHOT reads a stable snapshot","invocations":1,"location":null,"numPassingAsserts":0,"retryReasons":[],"status":"pending","title":"READ COMMITTED sees committed updates; SNAPSHOT reads a stable snapshot"}],"coverage":{},"endTime":1763593246342,"message":"","name":"/Users/mikhail.soosaar_1/Documents/WebsStormProjects/ts-linq/packages/provider-mssql/tests/mssql.isolation.integration.test.ts","startTime":1763593246342,"status":"skipped","summary":""},{"assertionResults":[],"coverage":{},"endTime":1763593246342,"message":"  ● Test suite failed to run\n\n    \u001b[96mpackages/provider-mssql/tests/mssql.locks.integration.test.ts\u001b[0m:\u001b[93m2\u001b[0m:\u001b[93m10\u001b[0m - \u001b[91merror\u001b[0m\u001b[90m TS2305: \u001b[0mModule '\"@ts-linq/core\"' has no exported member 'DatabaseError'.\n\n    \u001b[7m2\u001b[0m import { DatabaseError } from '@ts-linq/core';\n    \u001b[7m \u001b[0m \u001b[91m         ~~~~~~~~~~~~~\u001b[0m\n","name":"/Users/mikhail.soosaar_1/Documents/WebsStormProjects/ts-linq/packages/provider-mssql/tests/mssql.locks.integration.test.ts","startTime":1763593246342,"status":"failed","summary":""},{"assertionResults":[],"coverage":{},"endTime":1763593246342,"message":"  ● Test suite failed to run\n\n    \u001b[96mpackages/provider-mssql/tests/mssql.validif.integration.test.ts\u001b[0m:\u001b[93m1\u001b[0m:\u001b[93m10\u001b[0m - \u001b[91merror\u001b[0m\u001b[90m TS2305: \u001b[0mModule '\"@ts-linq/core\"' has no exported member 'DbContext'.\n\n    \u001b[7m1\u001b[0m import { DbContext, MetadataStorage, ValidationError } from '@ts-linq/core';\n    \u001b[7m \u001b[0m \u001b[91m         ~~~~~~~~~\u001b[0m\n    \u001b[96mpackages/provider-mssql/tests/mssql.validif.integration.test.ts\u001b[0m:\u001b[93m1\u001b[0m:\u001b[93m21\u001b[0m - \u001b[91merror\u001b[0m\u001b[90m TS2305: \u001b[0mModule '\"@ts-linq/core\"' has no exported member 'MetadataStorage'.\n\n    \u001b[7m1\u001b[0m import { DbContext, MetadataStorage, ValidationError } from '@ts-linq/core';\n    \u001b[7m \u001b[0m \u001b[91m                    ~~~~~~~~~~~~~~~\u001b[0m\n    \u001b[96mpackages/provider-mssql/tests/mssql.validif.integration.test.ts\u001b[0m:\u001b[93m1\u001b[0m:\u001b[93m38\u001b[0m - \u001b[91merror\u001b[0m\u001b[90m TS2305: \u001b[0mModule '\"@ts-linq/core\"' has no exported member 'ValidationError'.\n\n    \u001b[7m1\u001b[0m import { DbContext, MetadataStorage, ValidationError } from '@ts-linq/core';\n    \u001b[7m \u001b[0m \u001b[91m                                     ~~~~~~~~~~~~~~~\u001b[0m\n    \u001b[96mpackages/provider-mssql/tests/mssql.validif.integration.test.ts\u001b[0m:\u001b[93m2\u001b[0m:\u001b[93m15\u001b[0m - \u001b[91merror\u001b[0m\u001b[90m TS2305: \u001b[0mModule '\"@ts-linq/core\"' has no exported member 'ColumnMetadata'.\n\n    \u001b[7m2\u001b[0m import type { ColumnMetadata } from '@ts-linq/core';\n    \u001b[7m \u001b[0m \u001b[91m              ~~~~~~~~~~~~~~\u001b[0m\n    \u001b[96mpackages/provider-mssql/tests/mssql.validif.integration.test.ts\u001b[0m:\u001b[93m64\u001b[0m:\u001b[93m15\u001b[0m - \u001b[91merror\u001b[0m\u001b[90m TS2339: \u001b[0mProperty 'ensureCreated' does not exist on type 'MsCtx'.\n\n    \u001b[7m64\u001b[0m     await ctx.ensureCreated();\n    \u001b[7m  \u001b[0m \u001b[91m              ~~~~~~~~~~~~~\u001b[0m\n    \u001b[96mpackages/provider-mssql/tests/mssql.validif.integration.test.ts\u001b[0m:\u001b[93m65\u001b[0m:\u001b[93m21\u001b[0m - \u001b[91merror\u001b[0m\u001b[90m TS2339: \u001b[0mProperty 'set' does not exist on type 'MsCtx'.\n\n    \u001b[7m65\u001b[0m     const set = ctx.set(Note);\n    \u001b[7m  \u001b[0m \u001b[91m                    ~~~\u001b[0m\n    \u001b[96mpackages/provider-mssql/tests/mssql.validif.integration.test.ts\u001b[0m:\u001b[93m69\u001b[0m:\u001b[93m22\u001b[0m - \u001b[91merror\u001b[0m\u001b[90m TS2339: \u001b[0mProperty 'saveChanges' does not exist on type 'MsCtx'.\n\n    \u001b[7m69\u001b[0m     await expect(ctx.saveChanges()).rejects.toBeInstanceOf(ValidationError);\n    \u001b[7m  \u001b[0m \u001b[91m                     ~~~~~~~~~~~\u001b[0m\n    \u001b[96mpackages/provider-mssql/tests/mssql.validif.integration.test.ts\u001b[0m:\u001b[93m70\u001b[0m:\u001b[93m15\u001b[0m - \u001b[91merror\u001b[0m\u001b[90m TS2339: \u001b[0mProperty 'dispose' does not exist on type 'MsCtx'.\n\n    \u001b[7m70\u001b[0m     await ctx.dispose();\n    \u001b[7m  \u001b[0m \u001b[91m              ~~~~~~~\u001b[0m\n    \u001b[96mpackages/provider-mssql/tests/mssql.validif.integration.test.ts\u001b[0m:\u001b[93m75\u001b[0m:\u001b[93m15\u001b[0m - \u001b[91merror\u001b[0m\u001b[90m TS2339: \u001b[0mProperty 'ensureCreated' does not exist on type 'MsCtx'.\n\n    \u001b[7m75\u001b[0m     await ctx.ensureCreated();\n    \u001b[7m  \u001b[0m \u001b[91m              ~~~~~~~~~~~~~\u001b[0m\n    \u001b[96mpackages/provider-mssql/tests/mssql.validif.integration.test.ts\u001b[0m:\u001b[93m76\u001b[0m:\u001b[93m21\u001b[0m - \u001b[91merror\u001b[0m\u001b[90m TS2339: \u001b[0mProperty 'set' does not exist on type 'MsCtx'.\n\n    \u001b[7m76\u001b[0m     const set = ctx.set(Note);\n    \u001b[7m  \u001b[0m \u001b[91m                    ~~~\u001b[0m\n    \u001b[96mpackages/provider-mssql/tests/mssql.validif.integration.test.ts\u001b[0m:\u001b[93m81\u001b[0m:\u001b[93m22\u001b[0m - \u001b[91merror\u001b[0m\u001b[90m TS2339: \u001b[0mProperty 'saveChanges' does not exist on type 'MsCtx'.\n\n    \u001b[7m81\u001b[0m     await expect(ctx.saveChanges()).resolves.toBeGreaterThan(0);\n    \u001b[7m  \u001b[0m \u001b[91m                     ~~~~~~~~~~~\u001b[0m\n    \u001b[96mpackages/provider-mssql/tests/mssql.validif.integration.test.ts\u001b[0m:\u001b[93m82\u001b[0m:\u001b[93m15\u001b[0m - \u001b[91merror\u001b[0m\u001b[90m TS2339: \u001b[0mProperty 'dispose' does not exist on type 'MsCtx'.\n\n    \u001b[7m82\u001b[0m     await ctx.dispose();\n    \u001b[7m  \u001b[0m \u001b[91m              ~~~~~~~\u001b[0m\n","name":"/Users/mikhail.soosaar_1/Documents/WebsStormProjects/ts-linq/packages/provider-mssql/tests/mssql.validif.integration.test.ts","startTime":1763593246342,"status":"failed","summary":""},{"assertionResults":[],"coverage":{},"endTime":1763593246342,"message":"  ● Test suite failed to run\n\n    \u001b[96mpackages/provider-mssql/tests/errors.integration.test.ts\u001b[0m:\u001b[93m4\u001b[0m:\u001b[93m10\u001b[0m - \u001b[91merror\u001b[0m\u001b[90m TS2305: \u001b[0mModule '\"@ts-linq/core\"' has no exported member 'UniqueConstraintError'.\n\n    \u001b[7m4\u001b[0m import { UniqueConstraintError, ForeignKeyConstraintError } from '@ts-linq/core';\n    \u001b[7m \u001b[0m \u001b[91m         ~~~~~~~~~~~~~~~~~~~~~\u001b[0m\n    \u001b[96mpackages/provider-mssql/tests/errors.integration.test.ts\u001b[0m:\u001b[93m4\u001b[0m:\u001b[93m33\u001b[0m - \u001b[91merror\u001b[0m\u001b[90m TS2305: \u001b[0mModule '\"@ts-linq/core\"' has no exported member 'ForeignKeyConstraintError'.\n\n    \u001b[7m4\u001b[0m import { UniqueConstraintError, ForeignKeyConstraintError } from '@ts-linq/core';\n    \u001b[7m \u001b[0m \u001b[91m                                ~~~~~~~~~~~~~~~~~~~~~~~~~\u001b[0m\n    \u001b[96mpackages/provider-mssql/tests/errors.integration.test.ts\u001b[0m:\u001b[93m16\u001b[0m:\u001b[93m36\u001b[0m - \u001b[91merror\u001b[0m\u001b[90m TS2345: \u001b[0mArgument of type 'string' is not assignable to parameter of type 'PostgresConfig'.\n\n    \u001b[7m16\u001b[0m     const p = new PostgresProvider(PG);\n    \u001b[7m  \u001b[0m \u001b[91m                                   ~~\u001b[0m\n    \u001b[96mpackages/provider-mssql/tests/errors.integration.test.ts\u001b[0m:\u001b[93m47\u001b[0m:\u001b[93m33\u001b[0m - \u001b[91merror\u001b[0m\u001b[90m TS2345: \u001b[0mArgument of type 'string' is not assignable to parameter of type 'MySqlConfig'.\n\n    \u001b[7m47\u001b[0m     const p = new MySqlProvider(MY);\n    \u001b[7m  \u001b[0m \u001b[91m                                ~~\u001b[0m\n","name":"/Users/mikhail.soosaar_1/Documents/WebsStormProjects/ts-linq/packages/provider-mssql/tests/errors.integration.test.ts","startTime":1763593246342,"status":"failed","summary":""},{"assertionResults":[],"coverage":{},"endTime":1763593246342,"message":"  ● Test suite failed to run\n\n    \u001b[96mpackages/provider-mssql/tests/mssql.migration-roundtrip.integration.test.ts\u001b[0m:\u001b[93m1\u001b[0m:\u001b[93m10\u001b[0m - \u001b[91merror\u001b[0m\u001b[90m TS2305: \u001b[0mModule '\"@ts-linq/core\"' has no exported member 'DiffMigrationGenerator'.\n\n    \u001b[7m1\u001b[0m import { DiffMigrationGenerator, MetadataStorage } from '@ts-linq/core';\n    \u001b[7m \u001b[0m \u001b[91m         ~~~~~~~~~~~~~~~~~~~~~~\u001b[0m\n    \u001b[96mpackages/provider-mssql/tests/mssql.migration-roundtrip.integration.test.ts\u001b[0m:\u001b[93m1\u001b[0m:\u001b[93m34\u001b[0m - \u001b[91merror\u001b[0m\u001b[90m TS2305: \u001b[0mModule '\"@ts-linq/core\"' has no exported member 'MetadataStorage'.\n\n    \u001b[7m1\u001b[0m import { DiffMigrationGenerator, MetadataStorage } from '@ts-linq/core';\n    \u001b[7m \u001b[0m \u001b[91m                                 ~~~~~~~~~~~~~~~\u001b[0m\n","name":"/Users/mikhail.soosaar_1/Documents/WebsStormProjects/ts-linq/packages/provider-mssql/tests/mssql.migration-roundtrip.integration.test.ts","startTime":1763593246342,"status":"failed","summary":""},{"assertionResults":[],"coverage":{},"endTime":1763593246342,"message":"  ● Test suite failed to run\n\n    \u001b[96mpackages/provider-mssql/tests/mssql.computed.integration.test.ts\u001b[0m:\u001b[93m2\u001b[0m:\u001b[93m10\u001b[0m - \u001b[91merror\u001b[0m\u001b[90m TS2305: \u001b[0mModule '\"@ts-linq/core\"' has no exported member 'MetadataStorage'.\n\n    \u001b[7m2\u001b[0m import { MetadataStorage } from '@ts-linq/core';\n    \u001b[7m \u001b[0m \u001b[91m         ~~~~~~~~~~~~~~~\u001b[0m\n    \u001b[96mpackages/provider-mssql/tests/mssql.computed.integration.test.ts\u001b[0m:\u001b[93m3\u001b[0m:\u001b[93m15\u001b[0m - \u001b[91merror\u001b[0m\u001b[90m TS2305: \u001b[0mModule '\"@ts-linq/core\"' has no exported member 'ColumnMetadata'.\n\n    \u001b[7m3\u001b[0m import type { ColumnMetadata } from '@ts-linq/core';\n    \u001b[7m \u001b[0m \u001b[91m              ~~~~~~~~~~~~~~\u001b[0m\n","name":"/Users/mikhail.soosaar_1/Documents/WebsStormProjects/ts-linq/packages/provider-mssql/tests/mssql.computed.integration.test.ts","startTime":1763593246342,"status":"failed","summary":""},{"assertionResults":[],"coverage":{},"endTime":1763593246342,"message":"  ● Test suite failed to run\n\n    \u001b[96mpackages/provider-mysql/tests/mysql.json.integration.test.ts\u001b[0m:\u001b[93m2\u001b[0m:\u001b[93m10\u001b[0m - \u001b[91merror\u001b[0m\u001b[90m TS2305: \u001b[0mModule '\"@ts-linq/core\"' has no exported member 'DbContext'.\n\n    \u001b[7m2\u001b[0m import { DbContext } from '@ts-linq/core';\n    \u001b[7m \u001b[0m \u001b[91m         ~~~~~~~~~\u001b[0m\n    \u001b[96mpackages/provider-mysql/tests/mysql.json.integration.test.ts\u001b[0m:\u001b[93m24\u001b[0m:\u001b[93m15\u001b[0m - \u001b[91merror\u001b[0m\u001b[90m TS2339: \u001b[0mProperty 'ensureCreated' does not exist on type 'Ctx'.\n\n    \u001b[7m24\u001b[0m     await ctx.ensureCreated();\n    \u001b[7m  \u001b[0m \u001b[91m              ~~~~~~~~~~~~~\u001b[0m\n    \u001b[96mpackages/provider-mysql/tests/mysql.json.integration.test.ts\u001b[0m:\u001b[93m32\u001b[0m:\u001b[93m17\u001b[0m - \u001b[91merror\u001b[0m\u001b[90m TS2339: \u001b[0mProperty 'dispose' does not exist on type 'Ctx'.\n\n    \u001b[7m32\u001b[0m       await ctx.dispose();\n    \u001b[7m  \u001b[0m \u001b[91m                ~~~~~~~\u001b[0m\n    \u001b[96mpackages/provider-mysql/tests/mysql.json.integration.test.ts\u001b[0m:\u001b[93m39\u001b[0m:\u001b[93m15\u001b[0m - \u001b[91merror\u001b[0m\u001b[90m TS2339: \u001b[0mProperty 'ensureCreated' does not exist on type 'Ctx'.\n\n    \u001b[7m39\u001b[0m     await ctx.ensureCreated();\n    \u001b[7m  \u001b[0m \u001b[91m              ~~~~~~~~~~~~~\u001b[0m\n    \u001b[96mpackages/provider-mysql/tests/mysql.json.integration.test.ts\u001b[0m:\u001b[93m55\u001b[0m:\u001b[93m17\u001b[0m - \u001b[91merror\u001b[0m\u001b[90m TS2339: \u001b[0mProperty 'dispose' does not exist on type 'Ctx'.\n\n    \u001b[7m55\u001b[0m       await ctx.dispose();\n    \u001b[7m  \u001b[0m \u001b[91m                ~~~~~~~\u001b[0m\n","name":"/Users/mikhail.soosaar_1/Documents/WebsStormProjects/ts-linq/packages/provider-mysql/tests/mysql.json.integration.test.ts","startTime":1763593246342,"status":"failed","summary":""}],"wasInterrupted":false}
