{"numFailedTestSuites":0,"numFailedTests":0,"numPassedTestSuites":88,"numPassedTests":1390,"numPendingTestSuites":0,"numPendingTests":0,"numRuntimeErrorTestSuites":0,"numTodoTests":0,"numTotalTestSuites":88,"numTotalTests":1390,"openHandles":[],"snapshot":{"added":0,"didUpdate":false,"failure":false,"filesAdded":0,"filesRemoved":0,"filesRemovedList":[],"filesUnmatched":0,"filesUpdated":0,"matched":0,"total":0,"unchecked":0,"uncheckedKeysByFile":[],"unmatched":0,"updated":0},"startTime":1763593897633,"success":true,"testResults":[{"assertionResults":[{"ancestorTitles":["Prometheus Endpoint Helpers"],"duration":34,"failureDetails":[],"failureMessages":[],"fullName":"Prometheus Endpoint Helpers should return body and contentType even without prom-client","invocations":1,"location":null,"numPassingAsserts":3,"retryReasons":[],"status":"passed","title":"should return body and contentType even without prom-client"},{"ancestorTitles":["Prometheus Endpoint Helpers"],"duration":0,"failureDetails":[],"failureMessages":[],"fullName":"Prometheus Endpoint Helpers should return metrics from prom-client register","invocations":1,"location":null,"numPassingAsserts":3,"retryReasons":[],"status":"passed","title":"should return metrics from prom-client register"},{"ancestorTitles":["Prometheus Endpoint Helpers"],"duration":54,"failureDetails":[],"failureMessages":[],"fullName":"Prometheus Endpoint Helpers should serve /metrics endpoint with fake client","invocations":1,"location":null,"numPassingAsserts":5,"retryReasons":[],"status":"passed","title":"should serve /metrics endpoint with fake client"},{"ancestorTitles":["Prometheus Endpoint Helpers"],"duration":4,"failureDetails":[],"failureMessages":[],"fullName":"Prometheus Endpoint Helpers should serve metrics on custom path","invocations":1,"location":null,"numPassingAsserts":2,"retryReasons":[],"status":"passed","title":"should serve metrics on custom path"},{"ancestorTitles":["Prometheus Endpoint Helpers"],"duration":2,"failureDetails":[],"failureMessages":[],"fullName":"Prometheus Endpoint Helpers should return 404 for non-metrics paths","invocations":1,"location":null,"numPassingAsserts":1,"retryReasons":[],"status":"passed","title":"should return 404 for non-metrics paths"},{"ancestorTitles":["Prometheus Endpoint Helpers"],"duration":3,"failureDetails":[],"failureMessages":[],"fullName":"Prometheus Endpoint Helpers should handle server close gracefully","invocations":1,"location":null,"numPassingAsserts":2,"retryReasons":[],"status":"passed","title":"should handle server close gracefully"}],"endTime":1763593898504,"message":"","name":"/Users/mikhail.soosaar_1/Documents/WebsStormProjects/ts-linq/packages/core/tests-new/PrometheusEndpoint.test.ts","startTime":1763593898077,"status":"passed","summary":""},{"assertionResults":[{"ancestorTitles":["DbSet","constructor"],"duration":6,"failureDetails":[],"failureMessages":[],"fullName":"DbSet constructor should create DbSet with required parameters","invocations":1,"location":null,"numPassingAsserts":2,"retryReasons":[],"status":"passed","title":"should create DbSet with required parameters"},{"ancestorTitles":["DbSet","constructor"],"duration":1,"failureDetails":[],"failureMessages":[],"fullName":"DbSet constructor should create DbSet for different entity types","invocations":1,"location":null,"numPassingAsserts":1,"retryReasons":[],"status":"passed","title":"should create DbSet for different entity types"},{"ancestorTitles":["DbSet","add()"],"duration":0,"failureDetails":[],"failureMessages":[],"fullName":"DbSet add() should add entity to change tracker as Added","invocations":1,"location":null,"numPassingAsserts":2,"retryReasons":[],"status":"passed","title":"should add entity to change tracker as Added"},{"ancestorTitles":["DbSet","add()"],"duration":0,"failureDetails":[],"failureMessages":[],"fullName":"DbSet add() should return the same entity instance","invocations":1,"location":null,"numPassingAsserts":1,"retryReasons":[],"status":"passed","title":"should return the same entity instance"},{"ancestorTitles":["DbSet","add()"],"duration":1,"failureDetails":[],"failureMessages":[],"fullName":"DbSet add() should add multiple different entities","invocations":1,"location":null,"numPassingAsserts":3,"retryReasons":[],"status":"passed","title":"should add multiple different entities"},{"ancestorTitles":["DbSet","add()"],"duration":0,"failureDetails":[],"failureMessages":[],"fullName":"DbSet add() should work with entities having zero/null values","invocations":1,"location":null,"numPassingAsserts":1,"retryReasons":[],"status":"passed","title":"should work with entities having zero/null values"},{"ancestorTitles":["DbSet","update()"],"duration":1,"failureDetails":[],"failureMessages":[],"fullName":"DbSet update() should mark entity as Modified","invocations":1,"location":null,"numPassingAsserts":2,"retryReasons":[],"status":"passed","title":"should mark entity as Modified"},{"ancestorTitles":["DbSet","update()"],"duration":0,"failureDetails":[],"failureMessages":[],"fullName":"DbSet update() should return the same entity instance","invocations":1,"location":null,"numPassingAsserts":1,"retryReasons":[],"status":"passed","title":"should return the same entity instance"},{"ancestorTitles":["DbSet","update()"],"duration":0,"failureDetails":[],"failureMessages":[],"fullName":"DbSet update() should update multiple entities","invocations":1,"location":null,"numPassingAsserts":1,"retryReasons":[],"status":"passed","title":"should update multiple entities"},{"ancestorTitles":["DbSet","update()"],"duration":0,"failureDetails":[],"failureMessages":[],"fullName":"DbSet update() should transition Added entity to Modified","invocations":1,"location":null,"numPassingAsserts":1,"retryReasons":[],"status":"passed","title":"should transition Added entity to Modified"},{"ancestorTitles":["DbSet","remove()"],"duration":1,"failureDetails":[],"failureMessages":[],"fullName":"DbSet remove() should mark entity as Deleted","invocations":1,"location":null,"numPassingAsserts":2,"retryReasons":[],"status":"passed","title":"should mark entity as Deleted"},{"ancestorTitles":["DbSet","remove()"],"duration":0,"failureDetails":[],"failureMessages":[],"fullName":"DbSet remove() should return the same entity instance","invocations":1,"location":null,"numPassingAsserts":1,"retryReasons":[],"status":"passed","title":"should return the same entity instance"},{"ancestorTitles":["DbSet","remove()"],"duration":0,"failureDetails":[],"failureMessages":[],"fullName":"DbSet remove() should remove multiple entities","invocations":1,"location":null,"numPassingAsserts":2,"retryReasons":[],"status":"passed","title":"should remove multiple entities"},{"ancestorTitles":["DbSet","remove()"],"duration":0,"failureDetails":[],"failureMessages":[],"fullName":"DbSet remove() should transition Added entity to Deleted","invocations":1,"location":null,"numPassingAsserts":1,"retryReasons":[],"status":"passed","title":"should transition Added entity to Deleted"},{"ancestorTitles":["DbSet","addRange()"],"duration":1,"failureDetails":[],"failureMessages":[],"fullName":"DbSet addRange() should add multiple entities at once","invocations":1,"location":null,"numPassingAsserts":5,"retryReasons":[],"status":"passed","title":"should add multiple entities at once"},{"ancestorTitles":["DbSet","addRange()"],"duration":0,"failureDetails":[],"failureMessages":[],"fullName":"DbSet addRange() should handle empty array","invocations":1,"location":null,"numPassingAsserts":2,"retryReasons":[],"status":"passed","title":"should handle empty array"},{"ancestorTitles":["DbSet","addRange()"],"duration":0,"failureDetails":[],"failureMessages":[],"fullName":"DbSet addRange() should handle single entity array","invocations":1,"location":null,"numPassingAsserts":1,"retryReasons":[],"status":"passed","title":"should handle single entity array"},{"ancestorTitles":["DbSet","updateRange()"],"duration":1,"failureDetails":[],"failureMessages":[],"fullName":"DbSet updateRange() should update multiple entities at once","invocations":1,"location":null,"numPassingAsserts":5,"retryReasons":[],"status":"passed","title":"should update multiple entities at once"},{"ancestorTitles":["DbSet","updateRange()"],"duration":0,"failureDetails":[],"failureMessages":[],"fullName":"DbSet updateRange() should handle empty array","invocations":1,"location":null,"numPassingAsserts":2,"retryReasons":[],"status":"passed","title":"should handle empty array"},{"ancestorTitles":["DbSet","removeRange()"],"duration":0,"failureDetails":[],"failureMessages":[],"fullName":"DbSet removeRange() should remove multiple entities at once","invocations":1,"location":null,"numPassingAsserts":5,"retryReasons":[],"status":"passed","title":"should remove multiple entities at once"},{"ancestorTitles":["DbSet","removeRange()"],"duration":0,"failureDetails":[],"failureMessages":[],"fullName":"DbSet removeRange() should handle empty array","invocations":1,"location":null,"numPassingAsserts":2,"retryReasons":[],"status":"passed","title":"should handle empty array"},{"ancestorTitles":["DbSet","findByIds()"],"duration":1,"failureDetails":[],"failureMessages":[],"fullName":"DbSet findByIds() should return empty array for empty ids","invocations":1,"location":null,"numPassingAsserts":2,"retryReasons":[],"status":"passed","title":"should return empty array for empty ids"},{"ancestorTitles":["DbSet","findByIds()"],"duration":0,"failureDetails":[],"failureMessages":[],"fullName":"DbSet findByIds() should use provider.findWhereIn for batch lookup","invocations":1,"location":null,"numPassingAsserts":1,"retryReasons":[],"status":"passed","title":"should use provider.findWhereIn for batch lookup"},{"ancestorTitles":["DbSet","findByIds()"],"duration":0,"failureDetails":[],"failureMessages":[],"fullName":"DbSet findByIds() should deduplicate ids","invocations":1,"location":null,"numPassingAsserts":1,"retryReasons":[],"status":"passed","title":"should deduplicate ids"},{"ancestorTitles":["DbSet","findByIds()"],"duration":0,"failureDetails":[],"failureMessages":[],"fullName":"DbSet findByIds() should handle null ids gracefully","invocations":1,"location":null,"numPassingAsserts":1,"retryReasons":[],"status":"passed","title":"should handle null ids gracefully"},{"ancestorTitles":["DbSet","cross-entity scenarios"],"duration":0,"failureDetails":[],"failureMessages":[],"fullName":"DbSet cross-entity scenarios should track entities of different types separately","invocations":1,"location":null,"numPassingAsserts":1,"retryReasons":[],"status":"passed","title":"should track entities of different types separately"},{"ancestorTitles":["DbSet","cross-entity scenarios"],"duration":1,"failureDetails":[],"failureMessages":[],"fullName":"DbSet cross-entity scenarios should allow same ChangeTracker for multiple DbSets","invocations":1,"location":null,"numPassingAsserts":3,"retryReasons":[],"status":"passed","title":"should allow same ChangeTracker for multiple DbSets"},{"ancestorTitles":["DbSet","integration with ChangeTracker"],"duration":0,"failureDetails":[],"failureMessages":[],"fullName":"DbSet integration with ChangeTracker should reflect state changes through ChangeTracker","invocations":1,"location":null,"numPassingAsserts":3,"retryReasons":[],"status":"passed","title":"should reflect state changes through ChangeTracker"},{"ancestorTitles":["DbSet","integration with ChangeTracker"],"duration":0,"failureDetails":[],"failureMessages":[],"fullName":"DbSet integration with ChangeTracker should accumulate changes in ChangeTracker","invocations":1,"location":null,"numPassingAsserts":4,"retryReasons":[],"status":"passed","title":"should accumulate changes in ChangeTracker"}],"endTime":1763593898529,"message":"","name":"/Users/mikhail.soosaar_1/Documents/WebsStormProjects/ts-linq/packages/orm/tests-new/DbSet.test.ts","startTime":1763593898054,"status":"passed","summary":""},{"assertionResults":[{"ancestorTitles":["MemcachedCountCacheAdapter","shadow cache (LRU)"],"duration":6,"failureDetails":[],"failureMessages":[],"fullName":"MemcachedCountCacheAdapter shadow cache (LRU) should store and retrieve values from shadow cache","invocations":1,"location":null,"numPassingAsserts":1,"retryReasons":[],"status":"passed","title":"should store and retrieve values from shadow cache"},{"ancestorTitles":["MemcachedCountCacheAdapter","shadow cache (LRU)"],"duration":1,"failureDetails":[],"failureMessages":[],"fullName":"MemcachedCountCacheAdapter shadow cache (LRU) should return undefined for non-existent keys","invocations":1,"location":null,"numPassingAsserts":1,"retryReasons":[],"status":"passed","title":"should return undefined for non-existent keys"},{"ancestorTitles":["MemcachedCountCacheAdapter","shadow cache (LRU)"],"duration":1,"failureDetails":[],"failureMessages":[],"fullName":"MemcachedCountCacheAdapter shadow cache (LRU) should enforce FIFO eviction when shadow cache is full","invocations":1,"location":null,"numPassingAsserts":4,"retryReasons":[],"status":"passed","title":"should enforce FIFO eviction when shadow cache is full"},{"ancestorTitles":["MemcachedCountCacheAdapter","shadow cache (LRU)"],"duration":1,"failureDetails":[],"failureMessages":[],"fullName":"MemcachedCountCacheAdapter shadow cache (LRU) should implement LRU by moving accessed items to end","invocations":1,"location":null,"numPassingAsserts":2,"retryReasons":[],"status":"passed","title":"should implement LRU by moving accessed items to end"},{"ancestorTitles":["MemcachedCountCacheAdapter","shadow cache (LRU)"],"duration":62,"failureDetails":[],"failureMessages":[],"fullName":"MemcachedCountCacheAdapter shadow cache (LRU) should expire entries based on shadowTtlMs","invocations":1,"location":null,"numPassingAsserts":2,"retryReasons":[],"status":"passed","title":"should expire entries based on shadowTtlMs"},{"ancestorTitles":["MemcachedCountCacheAdapter","write-through to Memcached"],"duration":2,"failureDetails":[],"failureMessages":[],"fullName":"MemcachedCountCacheAdapter write-through to Memcached should write to Memcached on set with default prefix","invocations":1,"location":null,"numPassingAsserts":4,"retryReasons":[],"status":"passed","title":"should write to Memcached on set with default prefix"},{"ancestorTitles":["MemcachedCountCacheAdapter","write-through to Memcached"],"duration":0,"failureDetails":[],"failureMessages":[],"fullName":"MemcachedCountCacheAdapter write-through to Memcached should use custom keyPrefix","invocations":1,"location":null,"numPassingAsserts":1,"retryReasons":[],"status":"passed","title":"should use custom keyPrefix"},{"ancestorTitles":["MemcachedCountCacheAdapter","write-through to Memcached"],"duration":0,"failureDetails":[],"failureMessages":[],"fullName":"MemcachedCountCacheAdapter write-through to Memcached should apply TTL via expires option when configured","invocations":1,"location":null,"numPassingAsserts":1,"retryReasons":[],"status":"passed","title":"should apply TTL via expires option when configured"},{"ancestorTitles":["MemcachedCountCacheAdapter","write-through to Memcached"],"duration":1,"failureDetails":[],"failureMessages":[],"fullName":"MemcachedCountCacheAdapter write-through to Memcached should omit TTL when not configured","invocations":1,"location":null,"numPassingAsserts":1,"retryReasons":[],"status":"passed","title":"should omit TTL when not configured"},{"ancestorTitles":["MemcachedCountCacheAdapter","write-through to Memcached"],"duration":1,"failureDetails":[],"failureMessages":[],"fullName":"MemcachedCountCacheAdapter write-through to Memcached should hash keys when hashKeys is enabled","invocations":1,"location":null,"numPassingAsserts":2,"retryReasons":[],"status":"passed","title":"should hash keys when hashKeys is enabled"},{"ancestorTitles":["MemcachedCountCacheAdapter","write-through to Memcached"],"duration":6,"failureDetails":[],"failureMessages":[],"fullName":"MemcachedCountCacheAdapter write-through to Memcached should handle write-through failures silently","invocations":1,"location":null,"numPassingAsserts":2,"retryReasons":[],"status":"passed","title":"should handle write-through failures silently"},{"ancestorTitles":["MemcachedCountCacheAdapter","clear()"],"duration":1,"failureDetails":[],"failureMessages":[],"fullName":"MemcachedCountCacheAdapter clear() should clear shadow cache","invocations":1,"location":null,"numPassingAsserts":2,"retryReasons":[],"status":"passed","title":"should clear shadow cache"},{"ancestorTitles":["MemcachedCountCacheAdapter","clear()"],"duration":0,"failureDetails":[],"failureMessages":[],"fullName":"MemcachedCountCacheAdapter clear() should increment invalidations by cleared count","invocations":1,"location":null,"numPassingAsserts":1,"retryReasons":[],"status":"passed","title":"should increment invalidations by cleared count"},{"ancestorTitles":["MemcachedCountCacheAdapter","invalidateBy()"],"duration":0,"failureDetails":[],"failureMessages":[],"fullName":"MemcachedCountCacheAdapter invalidateBy() should invalidate matching keys from shadow cache","invocations":1,"location":null,"numPassingAsserts":4,"retryReasons":[],"status":"passed","title":"should invalidate matching keys from shadow cache"},{"ancestorTitles":["MemcachedCountCacheAdapter","invalidateBy()"],"duration":1,"failureDetails":[],"failureMessages":[],"fullName":"MemcachedCountCacheAdapter invalidateBy() should delete matching keys from Memcached","invocations":1,"location":null,"numPassingAsserts":2,"retryReasons":[],"status":"passed","title":"should delete matching keys from Memcached"},{"ancestorTitles":["MemcachedCountCacheAdapter","invalidateBy()"],"duration":0,"failureDetails":[],"failureMessages":[],"fullName":"MemcachedCountCacheAdapter invalidateBy() should return 0 when no keys match","invocations":1,"location":null,"numPassingAsserts":1,"retryReasons":[],"status":"passed","title":"should return 0 when no keys match"},{"ancestorTitles":["MemcachedCountCacheAdapter","invalidateBy()"],"duration":0,"failureDetails":[],"failureMessages":[],"fullName":"MemcachedCountCacheAdapter invalidateBy() should handle delete failures silently","invocations":1,"location":null,"numPassingAsserts":2,"retryReasons":[],"status":"passed","title":"should handle delete failures silently"},{"ancestorTitles":["MemcachedCountCacheAdapter","metrics"],"duration":0,"failureDetails":[],"failureMessages":[],"fullName":"MemcachedCountCacheAdapter metrics should track requests and hits","invocations":1,"location":null,"numPassingAsserts":2,"retryReasons":[],"status":"passed","title":"should track requests and hits"},{"ancestorTitles":["MemcachedCountCacheAdapter","metrics"],"duration":62,"failureDetails":[],"failureMessages":[],"fullName":"MemcachedCountCacheAdapter metrics should track misses for expired TTL entries","invocations":1,"location":null,"numPassingAsserts":1,"retryReasons":[],"status":"passed","title":"should track misses for expired TTL entries"},{"ancestorTitles":["MemcachedCountCacheAdapter","metrics"],"duration":1,"failureDetails":[],"failureMessages":[],"fullName":"MemcachedCountCacheAdapter metrics should track evictions","invocations":1,"location":null,"numPassingAsserts":1,"retryReasons":[],"status":"passed","title":"should track evictions"},{"ancestorTitles":["MemcachedCountCacheAdapter","metrics"],"duration":0,"failureDetails":[],"failureMessages":[],"fullName":"MemcachedCountCacheAdapter metrics should track invalidations from invalidateBy","invocations":1,"location":null,"numPassingAsserts":1,"retryReasons":[],"status":"passed","title":"should track invalidations from invalidateBy"},{"ancestorTitles":["MemcachedCountCacheAdapter","metrics"],"duration":0,"failureDetails":[],"failureMessages":[],"fullName":"MemcachedCountCacheAdapter metrics should report current size","invocations":1,"location":null,"numPassingAsserts":1,"retryReasons":[],"status":"passed","title":"should report current size"},{"ancestorTitles":["MemcachedCountCacheAdapter","read-through from Memcached (async)"],"duration":1,"failureDetails":[],"failureMessages":[],"fullName":"MemcachedCountCacheAdapter read-through from Memcached (async) should hydrate shadow cache from Memcached on miss","invocations":1,"location":null,"numPassingAsserts":2,"retryReasons":[],"status":"passed","title":"should hydrate shadow cache from Memcached on miss"},{"ancestorTitles":["MemcachedCountCacheAdapter","read-through from Memcached (async)"],"duration":0,"failureDetails":[],"failureMessages":[],"fullName":"MemcachedCountCacheAdapter read-through from Memcached (async) should handle malformed JSON from Memcached gracefully","invocations":1,"location":null,"numPassingAsserts":1,"retryReasons":[],"status":"passed","title":"should handle malformed JSON from Memcached gracefully"},{"ancestorTitles":["MemcachedCountCacheAdapter","read-through from Memcached (async)"],"duration":1,"failureDetails":[],"failureMessages":[],"fullName":"MemcachedCountCacheAdapter read-through from Memcached (async) should use hashKeys when reading from Memcached","invocations":1,"location":null,"numPassingAsserts":2,"retryReasons":[],"status":"passed","title":"should use hashKeys when reading from Memcached"},{"ancestorTitles":["MemcachedCountCacheAdapter","read-through from Memcached (async)"],"duration":0,"failureDetails":[],"failureMessages":[],"fullName":"MemcachedCountCacheAdapter read-through from Memcached (async) should return undefined when remote store has no value","invocations":1,"location":null,"numPassingAsserts":1,"retryReasons":[],"status":"passed","title":"should return undefined when remote store has no value"},{"ancestorTitles":["MemcachedCountCacheAdapter","constructor options"],"duration":0,"failureDetails":[],"failureMessages":[],"fullName":"MemcachedCountCacheAdapter constructor options should use defaults when no options provided","invocations":1,"location":null,"numPassingAsserts":1,"retryReasons":[],"status":"passed","title":"should use defaults when no options provided"},{"ancestorTitles":["MemcachedCountCacheAdapter","constructor options"],"duration":0,"failureDetails":[],"failureMessages":[],"fullName":"MemcachedCountCacheAdapter constructor options should accept all custom options","invocations":1,"location":null,"numPassingAsserts":1,"retryReasons":[],"status":"passed","title":"should accept all custom options"}],"endTime":1763593898537,"message":"","name":"/Users/mikhail.soosaar_1/Documents/WebsStormProjects/ts-linq/packages/cache-memcached/tests-new/MemcachedCountCacheAdapter.test.ts","startTime":1763593898047,"status":"passed","summary":""},{"assertionResults":[{"ancestorTitles":["RedisCountCacheAdapter","shadow cache (LRU)"],"duration":10,"failureDetails":[],"failureMessages":[],"fullName":"RedisCountCacheAdapter shadow cache (LRU) should store and retrieve values from shadow cache","invocations":1,"location":null,"numPassingAsserts":1,"retryReasons":[],"status":"passed","title":"should store and retrieve values from shadow cache"},{"ancestorTitles":["RedisCountCacheAdapter","shadow cache (LRU)"],"duration":0,"failureDetails":[],"failureMessages":[],"fullName":"RedisCountCacheAdapter shadow cache (LRU) should return undefined for non-existent keys","invocations":1,"location":null,"numPassingAsserts":1,"retryReasons":[],"status":"passed","title":"should return undefined for non-existent keys"},{"ancestorTitles":["RedisCountCacheAdapter","shadow cache (LRU)"],"duration":1,"failureDetails":[],"failureMessages":[],"fullName":"RedisCountCacheAdapter shadow cache (LRU) should enforce FIFO eviction when shadow cache is full","invocations":1,"location":null,"numPassingAsserts":4,"retryReasons":[],"status":"passed","title":"should enforce FIFO eviction when shadow cache is full"},{"ancestorTitles":["RedisCountCacheAdapter","shadow cache (LRU)"],"duration":0,"failureDetails":[],"failureMessages":[],"fullName":"RedisCountCacheAdapter shadow cache (LRU) should implement LRU by moving accessed items to end","invocations":1,"location":null,"numPassingAsserts":2,"retryReasons":[],"status":"passed","title":"should implement LRU by moving accessed items to end"},{"ancestorTitles":["RedisCountCacheAdapter","shadow cache (LRU)"],"duration":61,"failureDetails":[],"failureMessages":[],"fullName":"RedisCountCacheAdapter shadow cache (LRU) should expire entries based on shadowTtlMs","invocations":1,"location":null,"numPassingAsserts":2,"retryReasons":[],"status":"passed","title":"should expire entries based on shadowTtlMs"},{"ancestorTitles":["RedisCountCacheAdapter","write-through to Redis"],"duration":14,"failureDetails":[],"failureMessages":[],"fullName":"RedisCountCacheAdapter write-through to Redis should write to Redis on set with default prefix","invocations":1,"location":null,"numPassingAsserts":4,"retryReasons":[],"status":"passed","title":"should write to Redis on set with default prefix"},{"ancestorTitles":["RedisCountCacheAdapter","write-through to Redis"],"duration":0,"failureDetails":[],"failureMessages":[],"fullName":"RedisCountCacheAdapter write-through to Redis should use custom keyPrefix","invocations":1,"location":null,"numPassingAsserts":1,"retryReasons":[],"status":"passed","title":"should use custom keyPrefix"},{"ancestorTitles":["RedisCountCacheAdapter","write-through to Redis"],"duration":1,"failureDetails":[],"failureMessages":[],"fullName":"RedisCountCacheAdapter write-through to Redis should apply TTL when configured","invocations":1,"location":null,"numPassingAsserts":2,"retryReasons":[],"status":"passed","title":"should apply TTL when configured"},{"ancestorTitles":["RedisCountCacheAdapter","write-through to Redis"],"duration":13,"failureDetails":[],"failureMessages":[],"fullName":"RedisCountCacheAdapter write-through to Redis should omit TTL when not configured","invocations":1,"location":null,"numPassingAsserts":2,"retryReasons":[],"status":"passed","title":"should omit TTL when not configured"},{"ancestorTitles":["RedisCountCacheAdapter","write-through to Redis"],"duration":9,"failureDetails":[],"failureMessages":[],"fullName":"RedisCountCacheAdapter write-through to Redis should hash keys when hashKeys is enabled","invocations":1,"location":null,"numPassingAsserts":2,"retryReasons":[],"status":"passed","title":"should hash keys when hashKeys is enabled"},{"ancestorTitles":["RedisCountCacheAdapter","write-through to Redis"],"duration":21,"failureDetails":[],"failureMessages":[],"fullName":"RedisCountCacheAdapter write-through to Redis should handle write-through failures silently","invocations":1,"location":null,"numPassingAsserts":2,"retryReasons":[],"status":"passed","title":"should handle write-through failures silently"},{"ancestorTitles":["RedisCountCacheAdapter","clear()"],"duration":0,"failureDetails":[],"failureMessages":[],"fullName":"RedisCountCacheAdapter clear() should clear shadow cache","invocations":1,"location":null,"numPassingAsserts":2,"retryReasons":[],"status":"passed","title":"should clear shadow cache"},{"ancestorTitles":["RedisCountCacheAdapter","clear()"],"duration":0,"failureDetails":[],"failureMessages":[],"fullName":"RedisCountCacheAdapter clear() should broadcast clear message via pub/sub","invocations":1,"location":null,"numPassingAsserts":3,"retryReasons":[],"status":"passed","title":"should broadcast clear message via pub/sub"},{"ancestorTitles":["RedisCountCacheAdapter","invalidateBy()"],"duration":1,"failureDetails":[],"failureMessages":[],"fullName":"RedisCountCacheAdapter invalidateBy() should invalidate matching keys from shadow cache","invocations":1,"location":null,"numPassingAsserts":4,"retryReasons":[],"status":"passed","title":"should invalidate matching keys from shadow cache"},{"ancestorTitles":["RedisCountCacheAdapter","invalidateBy()"],"duration":3,"failureDetails":[],"failureMessages":[],"fullName":"RedisCountCacheAdapter invalidateBy() should delete matching keys from Redis","invocations":1,"location":null,"numPassingAsserts":2,"retryReasons":[],"status":"passed","title":"should delete matching keys from Redis"},{"ancestorTitles":["RedisCountCacheAdapter","invalidateBy()"],"duration":1,"failureDetails":[],"failureMessages":[],"fullName":"RedisCountCacheAdapter invalidateBy() should broadcast delete messages via pub/sub","invocations":1,"location":null,"numPassingAsserts":2,"retryReasons":[],"status":"passed","title":"should broadcast delete messages via pub/sub"},{"ancestorTitles":["RedisCountCacheAdapter","invalidateBy()"],"duration":0,"failureDetails":[],"failureMessages":[],"fullName":"RedisCountCacheAdapter invalidateBy() should return 0 when no keys match","invocations":1,"location":null,"numPassingAsserts":1,"retryReasons":[],"status":"passed","title":"should return 0 when no keys match"},{"ancestorTitles":["RedisCountCacheAdapter","pub/sub cross-instance invalidation"],"duration":0,"failureDetails":[],"failureMessages":[],"fullName":"RedisCountCacheAdapter pub/sub cross-instance invalidation should clear shadow cache when receiving clear message","invocations":1,"location":null,"numPassingAsserts":2,"retryReasons":[],"status":"passed","title":"should clear shadow cache when receiving clear message"},{"ancestorTitles":["RedisCountCacheAdapter","pub/sub cross-instance invalidation"],"duration":0,"failureDetails":[],"failureMessages":[],"fullName":"RedisCountCacheAdapter pub/sub cross-instance invalidation should delete specific key when receiving del message","invocations":1,"location":null,"numPassingAsserts":2,"retryReasons":[],"status":"passed","title":"should delete specific key when receiving del message"},{"ancestorTitles":["RedisCountCacheAdapter","pub/sub cross-instance invalidation"],"duration":1,"failureDetails":[],"failureMessages":[],"fullName":"RedisCountCacheAdapter pub/sub cross-instance invalidation should ignore malformed pub/sub messages","invocations":1,"location":null,"numPassingAsserts":1,"retryReasons":[],"status":"passed","title":"should ignore malformed pub/sub messages"},{"ancestorTitles":["RedisCountCacheAdapter","metrics"],"duration":0,"failureDetails":[],"failureMessages":[],"fullName":"RedisCountCacheAdapter metrics should track requests and hits","invocations":1,"location":null,"numPassingAsserts":2,"retryReasons":[],"status":"passed","title":"should track requests and hits"},{"ancestorTitles":["RedisCountCacheAdapter","metrics"],"duration":61,"failureDetails":[],"failureMessages":[],"fullName":"RedisCountCacheAdapter metrics should track misses for expired TTL entries","invocations":1,"location":null,"numPassingAsserts":1,"retryReasons":[],"status":"passed","title":"should track misses for expired TTL entries"},{"ancestorTitles":["RedisCountCacheAdapter","metrics"],"duration":0,"failureDetails":[],"failureMessages":[],"fullName":"RedisCountCacheAdapter metrics should track evictions","invocations":1,"location":null,"numPassingAsserts":1,"retryReasons":[],"status":"passed","title":"should track evictions"},{"ancestorTitles":["RedisCountCacheAdapter","metrics"],"duration":1,"failureDetails":[],"failureMessages":[],"fullName":"RedisCountCacheAdapter metrics should track invalidations","invocations":1,"location":null,"numPassingAsserts":1,"retryReasons":[],"status":"passed","title":"should track invalidations"},{"ancestorTitles":["RedisCountCacheAdapter","metrics"],"duration":0,"failureDetails":[],"failureMessages":[],"fullName":"RedisCountCacheAdapter metrics should report current size","invocations":1,"location":null,"numPassingAsserts":1,"retryReasons":[],"status":"passed","title":"should report current size"},{"ancestorTitles":["RedisCountCacheAdapter","read-through from Redis (async)"],"duration":0,"failureDetails":[],"failureMessages":[],"fullName":"RedisCountCacheAdapter read-through from Redis (async) should hydrate shadow cache from Redis on miss","invocations":1,"location":null,"numPassingAsserts":2,"retryReasons":[],"status":"passed","title":"should hydrate shadow cache from Redis on miss"},{"ancestorTitles":["RedisCountCacheAdapter","read-through from Redis (async)"],"duration":1,"failureDetails":[],"failureMessages":[],"fullName":"RedisCountCacheAdapter read-through from Redis (async) should handle malformed JSON from Redis gracefully","invocations":1,"location":null,"numPassingAsserts":1,"retryReasons":[],"status":"passed","title":"should handle malformed JSON from Redis gracefully"},{"ancestorTitles":["RedisCountCacheAdapter","read-through from Redis (async)"],"duration":0,"failureDetails":[],"failureMessages":[],"fullName":"RedisCountCacheAdapter read-through from Redis (async) should use hashKeys when reading from Redis","invocations":1,"location":null,"numPassingAsserts":2,"retryReasons":[],"status":"passed","title":"should use hashKeys when reading from Redis"},{"ancestorTitles":["RedisCountCacheAdapter","read-through from Redis (async)"],"duration":0,"failureDetails":[],"failureMessages":[],"fullName":"RedisCountCacheAdapter read-through from Redis (async) should clone parameters when hydrating from Redis","invocations":1,"location":null,"numPassingAsserts":2,"retryReasons":[],"status":"passed","title":"should clone parameters when hydrating from Redis"},{"ancestorTitles":["RedisCountCacheAdapter","constructor options"],"duration":0,"failureDetails":[],"failureMessages":[],"fullName":"RedisCountCacheAdapter constructor options should use defaults when no options provided","invocations":1,"location":null,"numPassingAsserts":1,"retryReasons":[],"status":"passed","title":"should use defaults when no options provided"},{"ancestorTitles":["RedisCountCacheAdapter","constructor options"],"duration":0,"failureDetails":[],"failureMessages":[],"fullName":"RedisCountCacheAdapter constructor options should accept all custom options","invocations":1,"location":null,"numPassingAsserts":1,"retryReasons":[],"status":"passed","title":"should accept all custom options"}],"endTime":1763593898543,"message":"","name":"/Users/mikhail.soosaar_1/Documents/WebsStormProjects/ts-linq/packages/cache-redis/tests-new/RedisCountCacheAdapter.test.ts","startTime":1763593898037,"status":"passed","summary":""},{"assertionResults":[{"ancestorTitles":["MemoryFallback"],"duration":1,"failureDetails":[],"failureMessages":[],"fullName":"MemoryFallback should return all data when no query options provided","invocations":1,"location":null,"numPassingAsserts":3,"retryReasons":[],"status":"passed","title":"should return all data when no query options provided"},{"ancestorTitles":["MemoryFallback"],"duration":0,"failureDetails":[],"failureMessages":[],"fullName":"MemoryFallback should apply offset from query options","invocations":1,"location":null,"numPassingAsserts":3,"retryReasons":[],"status":"passed","title":"should apply offset from query options"},{"ancestorTitles":["MemoryFallback"],"duration":0,"failureDetails":[],"failureMessages":[],"fullName":"MemoryFallback should apply limit from query options","invocations":1,"location":null,"numPassingAsserts":3,"retryReasons":[],"status":"passed","title":"should apply limit from query options"},{"ancestorTitles":["MemoryFallback"],"duration":0,"failureDetails":[],"failureMessages":[],"fullName":"MemoryFallback should apply both offset and limit","invocations":1,"location":null,"numPassingAsserts":3,"retryReasons":[],"status":"passed","title":"should apply both offset and limit"},{"ancestorTitles":["MemoryFallback"],"duration":0,"failureDetails":[],"failureMessages":[],"fullName":"MemoryFallback should return count of all data","invocations":1,"location":null,"numPassingAsserts":1,"retryReasons":[],"status":"passed","title":"should return count of all data"},{"ancestorTitles":["MemoryFallback"],"duration":1,"failureDetails":[],"failureMessages":[],"fullName":"MemoryFallback should apply offset/limit in fetchCount for pagination consistency","invocations":1,"location":null,"numPassingAsserts":1,"retryReasons":[],"status":"passed","title":"should apply offset/limit in fetchCount for pagination consistency"},{"ancestorTitles":["MemoryFallback"],"duration":0,"failureDetails":[],"failureMessages":[],"fullName":"MemoryFallback should execute count operation via execute() and return number","invocations":1,"location":null,"numPassingAsserts":3,"retryReasons":[],"status":"passed","title":"should execute count operation via execute() and return number"},{"ancestorTitles":["MemoryFallback"],"duration":11,"failureDetails":[],"failureMessages":[],"fullName":"MemoryFallback should throw for unsupported operations in execute()","invocations":1,"location":null,"numPassingAsserts":1,"retryReasons":[],"status":"passed","title":"should throw for unsupported operations in execute()"},{"ancestorTitles":["MemoryFallback"],"duration":0,"failureDetails":[],"failureMessages":[],"fullName":"MemoryFallback should always return true for canHandle","invocations":1,"location":null,"numPassingAsserts":1,"retryReasons":[],"status":"passed","title":"should always return true for canHandle"},{"ancestorTitles":["MemoryFallback"],"duration":0,"failureDetails":[],"failureMessages":[],"fullName":"MemoryFallback should execute via execute method","invocations":1,"location":null,"numPassingAsserts":2,"retryReasons":[],"status":"passed","title":"should execute via execute method"},{"ancestorTitles":["MemoryFallback"],"duration":0,"failureDetails":[],"failureMessages":[],"fullName":"MemoryFallback should cache data on first access","invocations":1,"location":null,"numPassingAsserts":1,"retryReasons":[],"status":"passed","title":"should cache data on first access"},{"ancestorTitles":["MemoryFallback"],"duration":0,"failureDetails":[],"failureMessages":[],"fullName":"MemoryFallback should clear cache when clearCache is called","invocations":1,"location":null,"numPassingAsserts":1,"retryReasons":[],"status":"passed","title":"should clear cache when clearCache is called"},{"ancestorTitles":["MemoryFallback"],"duration":1,"failureDetails":[],"failureMessages":[],"fullName":"MemoryFallback should accept options with custom label","invocations":1,"location":null,"numPassingAsserts":1,"retryReasons":[],"status":"passed","title":"should accept options with custom label"},{"ancestorTitles":["MemoryFallback"],"duration":41,"failureDetails":[],"failureMessages":[],"fullName":"MemoryFallback should support async data supplier","invocations":1,"location":null,"numPassingAsserts":2,"retryReasons":[],"status":"passed","title":"should support async data supplier"},{"ancestorTitles":["MemoryFallback"],"duration":62,"failureDetails":[],"failureMessages":[],"fullName":"MemoryFallback should refresh cache after refreshIntervalMs","invocations":1,"location":null,"numPassingAsserts":3,"retryReasons":[],"status":"passed","title":"should refresh cache after refreshIntervalMs"}],"endTime":1763593898684,"message":"","name":"/Users/mikhail.soosaar_1/Documents/WebsStormProjects/ts-linq/packages/query/tests-new/MemoryFallback.test.ts","startTime":1763593898526,"status":"passed","summary":""},{"assertionResults":[{"ancestorTitles":["Property-Based Testing: Keyset Pagination Correctness"],"duration":74,"failureDetails":[],"failureMessages":[],"fullName":"Property-Based Testing: Keyset Pagination Correctness should yield contiguous, non-duplicated chunks with monotonic keyset","invocations":1,"location":null,"numPassingAsserts":1166,"retryReasons":[],"status":"passed","title":"should yield contiguous, non-duplicated chunks with monotonic keyset"},{"ancestorTitles":["Property-Based Testing: Keyset Pagination Correctness"],"duration":7,"failureDetails":[],"failureMessages":[],"fullName":"Property-Based Testing: Keyset Pagination Correctness should handle empty arrays without errors","invocations":1,"location":null,"numPassingAsserts":100,"retryReasons":[],"status":"passed","title":"should handle empty arrays without errors"},{"ancestorTitles":["Property-Based Testing: Keyset Pagination Correctness"],"duration":29,"failureDetails":[],"failureMessages":[],"fullName":"Property-Based Testing: Keyset Pagination Correctness should handle single-page results correctly","invocations":1,"location":null,"numPassingAsserts":445,"retryReasons":[],"status":"passed","title":"should handle single-page results correctly"},{"ancestorTitles":["Property-Based Testing: Keyset Pagination Correctness"],"duration":5,"failureDetails":[],"failureMessages":[],"fullName":"Property-Based Testing: Keyset Pagination Correctness should maintain correct ordering across multiple pages","invocations":1,"location":null,"numPassingAsserts":50,"retryReasons":[],"status":"passed","title":"should maintain correct ordering across multiple pages"}],"endTime":1763593898693,"message":"","name":"/Users/mikhail.soosaar_1/Documents/WebsStormProjects/ts-linq/packages/pagination/tests-new/PropertyBasedKeysetPagination.test.ts","startTime":1763593898070,"status":"passed","summary":""},{"assertionResults":[{"ancestorTitles":["migration:rollback"],"duration":43,"failureDetails":[],"failureMessages":[],"fullName":"migration:rollback --steps computes target version from applied list","invocations":1,"location":null,"numPassingAsserts":1,"retryReasons":[],"status":"passed","title":"--steps computes target version from applied list"},{"ancestorTitles":["migration:rollback"],"duration":11,"failureDetails":[],"failureMessages":[],"fullName":"migration:rollback --to passes target version through","invocations":1,"location":null,"numPassingAsserts":1,"retryReasons":[],"status":"passed","title":"--to passes target version through"}],"endTime":1763593898720,"message":"","name":"/Users/mikhail.soosaar_1/Documents/WebsStormProjects/ts-linq/packages/cli/tests/migration-rollback.test.ts","startTime":1763593898541,"status":"passed","summary":""},{"assertionResults":[{"ancestorTitles":["Property-Based Testing: Predicate SQL vs JS Filtering"],"duration":11,"failureDetails":[],"failureMessages":[],"fullName":"Property-Based Testing: Predicate SQL vs JS Filtering should match JS filter semantics when parsing: a.price >= X && a.stock > Y","invocations":1,"location":null,"numPassingAsserts":0,"retryReasons":[],"status":"passed","title":"should match JS filter semantics when parsing: a.price >= X && a.stock > Y"},{"ancestorTitles":["Property-Based Testing: Predicate SQL vs JS Filtering"],"duration":17,"failureDetails":[],"failureMessages":[],"fullName":"Property-Based Testing: Predicate SQL vs JS Filtering should match JS filter semantics for OR predicates","invocations":1,"location":null,"numPassingAsserts":0,"retryReasons":[],"status":"passed","title":"should match JS filter semantics for OR predicates"},{"ancestorTitles":["Property-Based Testing: Predicate SQL vs JS Filtering"],"duration":1,"failureDetails":[],"failureMessages":[],"fullName":"Property-Based Testing: Predicate SQL vs JS Filtering should handle complex nested predicates correctly","invocations":1,"location":null,"numPassingAsserts":0,"retryReasons":[],"status":"passed","title":"should handle complex nested predicates correctly"},{"ancestorTitles":["Property-Based Testing: Predicate SQL vs JS Filtering"],"duration":1,"failureDetails":[],"failureMessages":[],"fullName":"Property-Based Testing: Predicate SQL vs JS Filtering should preserve filtering with equality predicates","invocations":1,"location":null,"numPassingAsserts":0,"retryReasons":[],"status":"passed","title":"should preserve filtering with equality predicates"}],"endTime":1763593898743,"message":"","name":"/Users/mikhail.soosaar_1/Documents/WebsStormProjects/ts-linq/packages/query/tests-new/PropertyBasedPredicates.test.ts","startTime":1763593898547,"status":"passed","summary":""},{"assertionResults":[{"ancestorTitles":["MemcachedSqlCacheAdapter","shadow cache (LRU)"],"duration":0,"failureDetails":[],"failureMessages":[],"fullName":"MemcachedSqlCacheAdapter shadow cache (LRU) should store and retrieve SQL entries from shadow cache","invocations":1,"location":null,"numPassingAsserts":1,"retryReasons":[],"status":"passed","title":"should store and retrieve SQL entries from shadow cache"},{"ancestorTitles":["MemcachedSqlCacheAdapter","shadow cache (LRU)"],"duration":0,"failureDetails":[],"failureMessages":[],"fullName":"MemcachedSqlCacheAdapter shadow cache (LRU) should clone parameters to prevent mutations","invocations":1,"location":null,"numPassingAsserts":1,"retryReasons":[],"status":"passed","title":"should clone parameters to prevent mutations"},{"ancestorTitles":["MemcachedSqlCacheAdapter","shadow cache (LRU)"],"duration":0,"failureDetails":[],"failureMessages":[],"fullName":"MemcachedSqlCacheAdapter shadow cache (LRU) should return undefined for non-existent keys","invocations":1,"location":null,"numPassingAsserts":1,"retryReasons":[],"status":"passed","title":"should return undefined for non-existent keys"},{"ancestorTitles":["MemcachedSqlCacheAdapter","shadow cache (LRU)"],"duration":0,"failureDetails":[],"failureMessages":[],"fullName":"MemcachedSqlCacheAdapter shadow cache (LRU) should enforce FIFO eviction when shadow cache is full","invocations":1,"location":null,"numPassingAsserts":4,"retryReasons":[],"status":"passed","title":"should enforce FIFO eviction when shadow cache is full"},{"ancestorTitles":["MemcachedSqlCacheAdapter","shadow cache (LRU)"],"duration":0,"failureDetails":[],"failureMessages":[],"fullName":"MemcachedSqlCacheAdapter shadow cache (LRU) should implement LRU by moving accessed items to end","invocations":1,"location":null,"numPassingAsserts":2,"retryReasons":[],"status":"passed","title":"should implement LRU by moving accessed items to end"},{"ancestorTitles":["MemcachedSqlCacheAdapter","shadow cache (LRU)"],"duration":62,"failureDetails":[],"failureMessages":[],"fullName":"MemcachedSqlCacheAdapter shadow cache (LRU) should expire entries based on shadowTtlMs","invocations":1,"location":null,"numPassingAsserts":2,"retryReasons":[],"status":"passed","title":"should expire entries based on shadowTtlMs"},{"ancestorTitles":["MemcachedSqlCacheAdapter","write-through to Memcached"],"duration":2,"failureDetails":[],"failureMessages":[],"fullName":"MemcachedSqlCacheAdapter write-through to Memcached should write to Memcached on set with default prefix","invocations":1,"location":null,"numPassingAsserts":4,"retryReasons":[],"status":"passed","title":"should write to Memcached on set with default prefix"},{"ancestorTitles":["MemcachedSqlCacheAdapter","write-through to Memcached"],"duration":23,"failureDetails":[],"failureMessages":[],"fullName":"MemcachedSqlCacheAdapter write-through to Memcached should use custom keyPrefix","invocations":1,"location":null,"numPassingAsserts":1,"retryReasons":[],"status":"passed","title":"should use custom keyPrefix"},{"ancestorTitles":["MemcachedSqlCacheAdapter","write-through to Memcached"],"duration":6,"failureDetails":[],"failureMessages":[],"fullName":"MemcachedSqlCacheAdapter write-through to Memcached should apply TTL via expires option when configured","invocations":1,"location":null,"numPassingAsserts":1,"retryReasons":[],"status":"passed","title":"should apply TTL via expires option when configured"},{"ancestorTitles":["MemcachedSqlCacheAdapter","write-through to Memcached"],"duration":1,"failureDetails":[],"failureMessages":[],"fullName":"MemcachedSqlCacheAdapter write-through to Memcached should omit TTL when not configured","invocations":1,"location":null,"numPassingAsserts":1,"retryReasons":[],"status":"passed","title":"should omit TTL when not configured"},{"ancestorTitles":["MemcachedSqlCacheAdapter","write-through to Memcached"],"duration":0,"failureDetails":[],"failureMessages":[],"fullName":"MemcachedSqlCacheAdapter write-through to Memcached should hash keys when hashKeys is enabled","invocations":1,"location":null,"numPassingAsserts":2,"retryReasons":[],"status":"passed","title":"should hash keys when hashKeys is enabled"},{"ancestorTitles":["MemcachedSqlCacheAdapter","write-through to Memcached"],"duration":1,"failureDetails":[],"failureMessages":[],"fullName":"MemcachedSqlCacheAdapter write-through to Memcached should handle write-through failures silently","invocations":1,"location":null,"numPassingAsserts":2,"retryReasons":[],"status":"passed","title":"should handle write-through failures silently"},{"ancestorTitles":["MemcachedSqlCacheAdapter","clear()"],"duration":1,"failureDetails":[],"failureMessages":[],"fullName":"MemcachedSqlCacheAdapter clear() should clear shadow cache","invocations":1,"location":null,"numPassingAsserts":2,"retryReasons":[],"status":"passed","title":"should clear shadow cache"},{"ancestorTitles":["MemcachedSqlCacheAdapter","clear()"],"duration":0,"failureDetails":[],"failureMessages":[],"fullName":"MemcachedSqlCacheAdapter clear() should increment invalidations by cleared count","invocations":1,"location":null,"numPassingAsserts":1,"retryReasons":[],"status":"passed","title":"should increment invalidations by cleared count"},{"ancestorTitles":["MemcachedSqlCacheAdapter","size()"],"duration":0,"failureDetails":[],"failureMessages":[],"fullName":"MemcachedSqlCacheAdapter size() should return shadow cache size","invocations":1,"location":null,"numPassingAsserts":2,"retryReasons":[],"status":"passed","title":"should return shadow cache size"},{"ancestorTitles":["MemcachedSqlCacheAdapter","invalidateBy()"],"duration":0,"failureDetails":[],"failureMessages":[],"fullName":"MemcachedSqlCacheAdapter invalidateBy() should invalidate matching keys from shadow cache","invocations":1,"location":null,"numPassingAsserts":4,"retryReasons":[],"status":"passed","title":"should invalidate matching keys from shadow cache"},{"ancestorTitles":["MemcachedSqlCacheAdapter","invalidateBy()"],"duration":1,"failureDetails":[],"failureMessages":[],"fullName":"MemcachedSqlCacheAdapter invalidateBy() should delete matching keys from Memcached","invocations":1,"location":null,"numPassingAsserts":2,"retryReasons":[],"status":"passed","title":"should delete matching keys from Memcached"},{"ancestorTitles":["MemcachedSqlCacheAdapter","invalidateBy()"],"duration":0,"failureDetails":[],"failureMessages":[],"fullName":"MemcachedSqlCacheAdapter invalidateBy() should return 0 when no keys match","invocations":1,"location":null,"numPassingAsserts":1,"retryReasons":[],"status":"passed","title":"should return 0 when no keys match"},{"ancestorTitles":["MemcachedSqlCacheAdapter","invalidateBy()"],"duration":0,"failureDetails":[],"failureMessages":[],"fullName":"MemcachedSqlCacheAdapter invalidateBy() should handle delete failures silently","invocations":1,"location":null,"numPassingAsserts":2,"retryReasons":[],"status":"passed","title":"should handle delete failures silently"},{"ancestorTitles":["MemcachedSqlCacheAdapter","metrics"],"duration":1,"failureDetails":[],"failureMessages":[],"fullName":"MemcachedSqlCacheAdapter metrics should track requests and hits","invocations":1,"location":null,"numPassingAsserts":2,"retryReasons":[],"status":"passed","title":"should track requests and hits"},{"ancestorTitles":["MemcachedSqlCacheAdapter","metrics"],"duration":62,"failureDetails":[],"failureMessages":[],"fullName":"MemcachedSqlCacheAdapter metrics should track misses for expired TTL entries","invocations":1,"location":null,"numPassingAsserts":1,"retryReasons":[],"status":"passed","title":"should track misses for expired TTL entries"},{"ancestorTitles":["MemcachedSqlCacheAdapter","metrics"],"duration":1,"failureDetails":[],"failureMessages":[],"fullName":"MemcachedSqlCacheAdapter metrics should track evictions","invocations":1,"location":null,"numPassingAsserts":1,"retryReasons":[],"status":"passed","title":"should track evictions"},{"ancestorTitles":["MemcachedSqlCacheAdapter","metrics"],"duration":1,"failureDetails":[],"failureMessages":[],"fullName":"MemcachedSqlCacheAdapter metrics should track invalidations from invalidateBy","invocations":1,"location":null,"numPassingAsserts":1,"retryReasons":[],"status":"passed","title":"should track invalidations from invalidateBy"},{"ancestorTitles":["MemcachedSqlCacheAdapter","metrics"],"duration":0,"failureDetails":[],"failureMessages":[],"fullName":"MemcachedSqlCacheAdapter metrics should report current size via getMetrics","invocations":1,"location":null,"numPassingAsserts":1,"retryReasons":[],"status":"passed","title":"should report current size via getMetrics"},{"ancestorTitles":["MemcachedSqlCacheAdapter","read-through from Memcached (async)"],"duration":1,"failureDetails":[],"failureMessages":[],"fullName":"MemcachedSqlCacheAdapter read-through from Memcached (async) should hydrate shadow cache from Memcached on miss","invocations":1,"location":null,"numPassingAsserts":2,"retryReasons":[],"status":"passed","title":"should hydrate shadow cache from Memcached on miss"},{"ancestorTitles":["MemcachedSqlCacheAdapter","read-through from Memcached (async)"],"duration":1,"failureDetails":[],"failureMessages":[],"fullName":"MemcachedSqlCacheAdapter read-through from Memcached (async) should clone parameters from Memcached read-through","invocations":1,"location":null,"numPassingAsserts":2,"retryReasons":[],"status":"passed","title":"should clone parameters from Memcached read-through"},{"ancestorTitles":["MemcachedSqlCacheAdapter","read-through from Memcached (async)"],"duration":0,"failureDetails":[],"failureMessages":[],"fullName":"MemcachedSqlCacheAdapter read-through from Memcached (async) should handle malformed JSON from Memcached gracefully","invocations":1,"location":null,"numPassingAsserts":1,"retryReasons":[],"status":"passed","title":"should handle malformed JSON from Memcached gracefully"},{"ancestorTitles":["MemcachedSqlCacheAdapter","read-through from Memcached (async)"],"duration":0,"failureDetails":[],"failureMessages":[],"fullName":"MemcachedSqlCacheAdapter read-through from Memcached (async) should return undefined when remote store has no value","invocations":1,"location":null,"numPassingAsserts":1,"retryReasons":[],"status":"passed","title":"should return undefined when remote store has no value"},{"ancestorTitles":["MemcachedSqlCacheAdapter","read-through from Memcached (async)"],"duration":0,"failureDetails":[],"failureMessages":[],"fullName":"MemcachedSqlCacheAdapter read-through from Memcached (async) should track metrics correctly for async read-through hits","invocations":1,"location":null,"numPassingAsserts":4,"retryReasons":[],"status":"passed","title":"should track metrics correctly for async read-through hits"},{"ancestorTitles":["MemcachedSqlCacheAdapter","read-through from Memcached (async)"],"duration":0,"failureDetails":[],"failureMessages":[],"fullName":"MemcachedSqlCacheAdapter read-through from Memcached (async) should track metrics correctly for async read-through misses","invocations":1,"location":null,"numPassingAsserts":3,"retryReasons":[],"status":"passed","title":"should track metrics correctly for async read-through misses"},{"ancestorTitles":["MemcachedSqlCacheAdapter","constructor options"],"duration":0,"failureDetails":[],"failureMessages":[],"fullName":"MemcachedSqlCacheAdapter constructor options should use defaults when no options provided","invocations":1,"location":null,"numPassingAsserts":1,"retryReasons":[],"status":"passed","title":"should use defaults when no options provided"},{"ancestorTitles":["MemcachedSqlCacheAdapter","constructor options"],"duration":0,"failureDetails":[],"failureMessages":[],"fullName":"MemcachedSqlCacheAdapter constructor options should accept all custom options","invocations":1,"location":null,"numPassingAsserts":1,"retryReasons":[],"status":"passed","title":"should accept all custom options"}],"endTime":1763593898750,"message":"","name":"/Users/mikhail.soosaar_1/Documents/WebsStormProjects/ts-linq/packages/cache-memcached/tests-new/MemcachedSqlCacheAdapter.test.ts","startTime":1763593898539,"status":"passed","summary":""},{"assertionResults":[{"ancestorTitles":["MssqlDdlStrategy","generateCreateTableSql"],"duration":1,"failureDetails":[],"failureMessages":[],"fullName":"MssqlDdlStrategy generateCreateTableSql should generate CREATE TABLE with IF NOT EXISTS check","invocations":1,"location":null,"numPassingAsserts":4,"retryReasons":[],"status":"passed","title":"should generate CREATE TABLE with IF NOT EXISTS check"},{"ancestorTitles":["MssqlDdlStrategy","generateCreateTableSql"],"duration":0,"failureDetails":[],"failureMessages":[],"fullName":"MssqlDdlStrategy generateCreateTableSql should generate CREATE TABLE with single primary key","invocations":1,"location":null,"numPassingAsserts":1,"retryReasons":[],"status":"passed","title":"should generate CREATE TABLE with single primary key"},{"ancestorTitles":["MssqlDdlStrategy","generateCreateTableSql"],"duration":0,"failureDetails":[],"failureMessages":[],"fullName":"MssqlDdlStrategy generateCreateTableSql should generate CREATE TABLE with composite primary key","invocations":1,"location":null,"numPassingAsserts":1,"retryReasons":[],"status":"passed","title":"should generate CREATE TABLE with composite primary key"},{"ancestorTitles":["MssqlDdlStrategy","generateCreateTableSql"],"duration":15,"failureDetails":[],"failureMessages":[],"fullName":"MssqlDdlStrategy generateCreateTableSql should throw error for missing columns","invocations":1,"location":null,"numPassingAsserts":1,"retryReasons":[],"status":"passed","title":"should throw error for missing columns"},{"ancestorTitles":["MssqlDdlStrategy","generateCreateTableSql"],"duration":1,"failureDetails":[],"failureMessages":[],"fullName":"MssqlDdlStrategy generateCreateTableSql should generate computed column (non-persisted by default)","invocations":1,"location":null,"numPassingAsserts":2,"retryReasons":[],"status":"passed","title":"should generate computed column (non-persisted by default)"},{"ancestorTitles":["MssqlDdlStrategy","generateCreateTableSql"],"duration":0,"failureDetails":[],"failureMessages":[],"fullName":"MssqlDdlStrategy generateCreateTableSql should generate computed column (PERSISTED)","invocations":1,"location":null,"numPassingAsserts":1,"retryReasons":[],"status":"passed","title":"should generate computed column (PERSISTED)"},{"ancestorTitles":["MssqlDdlStrategy","generateCreateTableSql"],"duration":0,"failureDetails":[],"failureMessages":[],"fullName":"MssqlDdlStrategy generateCreateTableSql should emit warning for VIRTUAL/STORED computedStorage and use non-persisted","invocations":1,"location":null,"numPassingAsserts":3,"retryReasons":[],"status":"passed","title":"should emit warning for VIRTUAL/STORED computedStorage and use non-persisted"},{"ancestorTitles":["MssqlDdlStrategy","generateCreateTableSql"],"duration":0,"failureDetails":[],"failureMessages":[],"fullName":"MssqlDdlStrategy generateCreateTableSql should handle primary key referencing unknown column gracefully","invocations":1,"location":null,"numPassingAsserts":1,"retryReasons":[],"status":"passed","title":"should handle primary key referencing unknown column gracefully"},{"ancestorTitles":["MssqlDdlStrategy","generateColumnDefinition"],"duration":0,"failureDetails":[],"failureMessages":[],"fullName":"MssqlDdlStrategy generateColumnDefinition should generate column with type and NOT NULL","invocations":1,"location":null,"numPassingAsserts":1,"retryReasons":[],"status":"passed","title":"should generate column with type and NOT NULL"},{"ancestorTitles":["MssqlDdlStrategy","generateColumnDefinition"],"duration":0,"failureDetails":[],"failureMessages":[],"fullName":"MssqlDdlStrategy generateColumnDefinition should generate nullable column without NOT NULL","invocations":1,"location":null,"numPassingAsserts":1,"retryReasons":[],"status":"passed","title":"should generate nullable column without NOT NULL"},{"ancestorTitles":["MssqlDdlStrategy","generateColumnDefinition"],"duration":0,"failureDetails":[],"failureMessages":[],"fullName":"MssqlDdlStrategy generateColumnDefinition should generate column with length","invocations":1,"location":null,"numPassingAsserts":1,"retryReasons":[],"status":"passed","title":"should generate column with length"},{"ancestorTitles":["MssqlDdlStrategy","generateColumnDefinition"],"duration":0,"failureDetails":[],"failureMessages":[],"fullName":"MssqlDdlStrategy generateColumnDefinition should generate column with defaultValue","invocations":1,"location":null,"numPassingAsserts":1,"retryReasons":[],"status":"passed","title":"should generate column with defaultValue"},{"ancestorTitles":["MssqlDdlStrategy","generateColumnDefinition"],"duration":0,"failureDetails":[],"failureMessages":[],"fullName":"MssqlDdlStrategy generateColumnDefinition should generate column with defaultExpression","invocations":1,"location":null,"numPassingAsserts":1,"retryReasons":[],"status":"passed","title":"should generate column with defaultExpression"},{"ancestorTitles":["MssqlDdlStrategy","mapTypeToMssql"],"duration":0,"failureDetails":[],"failureMessages":[],"fullName":"MssqlDdlStrategy mapTypeToMssql should map TEXT types to NVARCHAR(MAX)","invocations":1,"location":null,"numPassingAsserts":3,"retryReasons":[],"status":"passed","title":"should map TEXT types to NVARCHAR(MAX)"},{"ancestorTitles":["MssqlDdlStrategy","mapTypeToMssql"],"duration":0,"failureDetails":[],"failureMessages":[],"fullName":"MssqlDdlStrategy mapTypeToMssql should map INTEGER types to INT","invocations":1,"location":null,"numPassingAsserts":3,"retryReasons":[],"status":"passed","title":"should map INTEGER types to INT"},{"ancestorTitles":["MssqlDdlStrategy","mapTypeToMssql"],"duration":0,"failureDetails":[],"failureMessages":[],"fullName":"MssqlDdlStrategy mapTypeToMssql should map REAL/FLOAT/DOUBLE to FLOAT","invocations":1,"location":null,"numPassingAsserts":3,"retryReasons":[],"status":"passed","title":"should map REAL/FLOAT/DOUBLE to FLOAT"},{"ancestorTitles":["MssqlDdlStrategy","mapTypeToMssql"],"duration":0,"failureDetails":[],"failureMessages":[],"fullName":"MssqlDdlStrategy mapTypeToMssql should map BOOLEAN to BIT","invocations":1,"location":null,"numPassingAsserts":1,"retryReasons":[],"status":"passed","title":"should map BOOLEAN to BIT"},{"ancestorTitles":["MssqlDdlStrategy","mapTypeToMssql"],"duration":1,"failureDetails":[],"failureMessages":[],"fullName":"MssqlDdlStrategy mapTypeToMssql should map DATE types to DATETIME2","invocations":1,"location":null,"numPassingAsserts":2,"retryReasons":[],"status":"passed","title":"should map DATE types to DATETIME2"},{"ancestorTitles":["MssqlDdlStrategy","mapTypeToMssql"],"duration":0,"failureDetails":[],"failureMessages":[],"fullName":"MssqlDdlStrategy mapTypeToMssql should map BLOB to VARBINARY(MAX)","invocations":1,"location":null,"numPassingAsserts":1,"retryReasons":[],"status":"passed","title":"should map BLOB to VARBINARY(MAX)"},{"ancestorTitles":["MssqlDdlStrategy","mapTypeToMssql"],"duration":0,"failureDetails":[],"failureMessages":[],"fullName":"MssqlDdlStrategy mapTypeToMssql should map UUID to UNIQUEIDENTIFIER","invocations":1,"location":null,"numPassingAsserts":1,"retryReasons":[],"status":"passed","title":"should map UUID to UNIQUEIDENTIFIER"},{"ancestorTitles":["MssqlDdlStrategy","mapTypeToMssql"],"duration":0,"failureDetails":[],"failureMessages":[],"fullName":"MssqlDdlStrategy mapTypeToMssql should default to NVARCHAR(MAX) for unknown types","invocations":1,"location":null,"numPassingAsserts":2,"retryReasons":[],"status":"passed","title":"should default to NVARCHAR(MAX) for unknown types"},{"ancestorTitles":["MssqlDdlStrategy","generateCreateIndexSql"],"duration":0,"failureDetails":[],"failureMessages":[],"fullName":"MssqlDdlStrategy generateCreateIndexSql should generate basic index","invocations":1,"location":null,"numPassingAsserts":4,"retryReasons":[],"status":"passed","title":"should generate basic index"},{"ancestorTitles":["MssqlDdlStrategy","generateCreateIndexSql"],"duration":0,"failureDetails":[],"failureMessages":[],"fullName":"MssqlDdlStrategy generateCreateIndexSql should generate unique index","invocations":1,"location":null,"numPassingAsserts":2,"retryReasons":[],"status":"passed","title":"should generate unique index"},{"ancestorTitles":["MssqlDdlStrategy","generateCreateIndexSql"],"duration":0,"failureDetails":[],"failureMessages":[],"fullName":"MssqlDdlStrategy generateCreateIndexSql should generate composite index","invocations":1,"location":null,"numPassingAsserts":2,"retryReasons":[],"status":"passed","title":"should generate composite index"},{"ancestorTitles":["MssqlDdlStrategy","generateCreateIndexSql"],"duration":1,"failureDetails":[],"failureMessages":[],"fullName":"MssqlDdlStrategy generateCreateIndexSql should generate index with column orders","invocations":1,"location":null,"numPassingAsserts":1,"retryReasons":[],"status":"passed","title":"should generate index with column orders"},{"ancestorTitles":["MssqlDdlStrategy","generateCreateIndexSql"],"duration":0,"failureDetails":[],"failureMessages":[],"fullName":"MssqlDdlStrategy generateCreateIndexSql should generate index with INCLUDE columns","invocations":1,"location":null,"numPassingAsserts":3,"retryReasons":[],"status":"passed","title":"should generate index with INCLUDE columns"},{"ancestorTitles":["MssqlDdlStrategy","generateCreateIndexSql"],"duration":0,"failureDetails":[],"failureMessages":[],"fullName":"MssqlDdlStrategy generateCreateIndexSql should generate index with WHERE clause (filtered index)","invocations":1,"location":null,"numPassingAsserts":2,"retryReasons":[],"status":"passed","title":"should generate index with WHERE clause (filtered index)"},{"ancestorTitles":["MssqlDdlStrategy","generateCreateIndexSql"],"duration":0,"failureDetails":[],"failureMessages":[],"fullName":"MssqlDdlStrategy generateCreateIndexSql should emit warning for invalid index spec (missing name)","invocations":1,"location":null,"numPassingAsserts":2,"retryReasons":[],"status":"passed","title":"should emit warning for invalid index spec (missing name)"},{"ancestorTitles":["MssqlDdlStrategy","generateCreateIndexSql"],"duration":0,"failureDetails":[],"failureMessages":[],"fullName":"MssqlDdlStrategy generateCreateIndexSql should emit warning for invalid index spec (no columns)","invocations":1,"location":null,"numPassingAsserts":2,"retryReasons":[],"status":"passed","title":"should emit warning for invalid index spec (no columns)"}],"endTime":1763593898820,"message":"","name":"/Users/mikhail.soosaar_1/Documents/WebsStormProjects/ts-linq/packages/dialect-mssql/tests-new/dialect/MssqlDdlStrategy.test.ts","startTime":1763593898755,"status":"passed","summary":""},{"assertionResults":[{"ancestorTitles":["RedisSqlCacheAdapter","shadow cache (LRU)"],"duration":1,"failureDetails":[],"failureMessages":[],"fullName":"RedisSqlCacheAdapter shadow cache (LRU) should store and retrieve SQL entries from shadow cache","invocations":1,"location":null,"numPassingAsserts":1,"retryReasons":[],"status":"passed","title":"should store and retrieve SQL entries from shadow cache"},{"ancestorTitles":["RedisSqlCacheAdapter","shadow cache (LRU)"],"duration":0,"failureDetails":[],"failureMessages":[],"fullName":"RedisSqlCacheAdapter shadow cache (LRU) should clone parameters to prevent mutations","invocations":1,"location":null,"numPassingAsserts":1,"retryReasons":[],"status":"passed","title":"should clone parameters to prevent mutations"},{"ancestorTitles":["RedisSqlCacheAdapter","shadow cache (LRU)"],"duration":0,"failureDetails":[],"failureMessages":[],"fullName":"RedisSqlCacheAdapter shadow cache (LRU) should return undefined for non-existent keys","invocations":1,"location":null,"numPassingAsserts":1,"retryReasons":[],"status":"passed","title":"should return undefined for non-existent keys"},{"ancestorTitles":["RedisSqlCacheAdapter","shadow cache (LRU)"],"duration":0,"failureDetails":[],"failureMessages":[],"fullName":"RedisSqlCacheAdapter shadow cache (LRU) should enforce FIFO eviction when shadow cache is full","invocations":1,"location":null,"numPassingAsserts":4,"retryReasons":[],"status":"passed","title":"should enforce FIFO eviction when shadow cache is full"},{"ancestorTitles":["RedisSqlCacheAdapter","shadow cache (LRU)"],"duration":1,"failureDetails":[],"failureMessages":[],"fullName":"RedisSqlCacheAdapter shadow cache (LRU) should implement LRU by moving accessed items to end","invocations":1,"location":null,"numPassingAsserts":2,"retryReasons":[],"status":"passed","title":"should implement LRU by moving accessed items to end"},{"ancestorTitles":["RedisSqlCacheAdapter","shadow cache (LRU)"],"duration":64,"failureDetails":[],"failureMessages":[],"fullName":"RedisSqlCacheAdapter shadow cache (LRU) should expire entries based on shadowTtlMs","invocations":1,"location":null,"numPassingAsserts":2,"retryReasons":[],"status":"passed","title":"should expire entries based on shadowTtlMs"},{"ancestorTitles":["RedisSqlCacheAdapter","write-through to Redis"],"duration":5,"failureDetails":[],"failureMessages":[],"fullName":"RedisSqlCacheAdapter write-through to Redis should write to Redis on set with default prefix","invocations":1,"location":null,"numPassingAsserts":4,"retryReasons":[],"status":"passed","title":"should write to Redis on set with default prefix"},{"ancestorTitles":["RedisSqlCacheAdapter","write-through to Redis"],"duration":8,"failureDetails":[],"failureMessages":[],"fullName":"RedisSqlCacheAdapter write-through to Redis should use custom keyPrefix","invocations":1,"location":null,"numPassingAsserts":1,"retryReasons":[],"status":"passed","title":"should use custom keyPrefix"},{"ancestorTitles":["RedisSqlCacheAdapter","write-through to Redis"],"duration":1,"failureDetails":[],"failureMessages":[],"fullName":"RedisSqlCacheAdapter write-through to Redis should apply TTL when configured","invocations":1,"location":null,"numPassingAsserts":2,"retryReasons":[],"status":"passed","title":"should apply TTL when configured"},{"ancestorTitles":["RedisSqlCacheAdapter","write-through to Redis"],"duration":1,"failureDetails":[],"failureMessages":[],"fullName":"RedisSqlCacheAdapter write-through to Redis should omit TTL when not configured","invocations":1,"location":null,"numPassingAsserts":2,"retryReasons":[],"status":"passed","title":"should omit TTL when not configured"},{"ancestorTitles":["RedisSqlCacheAdapter","write-through to Redis"],"duration":1,"failureDetails":[],"failureMessages":[],"fullName":"RedisSqlCacheAdapter write-through to Redis should hash keys when hashKeys is enabled","invocations":1,"location":null,"numPassingAsserts":2,"retryReasons":[],"status":"passed","title":"should hash keys when hashKeys is enabled"},{"ancestorTitles":["RedisSqlCacheAdapter","write-through to Redis"],"duration":1,"failureDetails":[],"failureMessages":[],"fullName":"RedisSqlCacheAdapter write-through to Redis should skip write-through when writeThrough is false","invocations":1,"location":null,"numPassingAsserts":2,"retryReasons":[],"status":"passed","title":"should skip write-through when writeThrough is false"},{"ancestorTitles":["RedisSqlCacheAdapter","write-through to Redis"],"duration":0,"failureDetails":[],"failureMessages":[],"fullName":"RedisSqlCacheAdapter write-through to Redis should handle write-through failures silently","invocations":1,"location":null,"numPassingAsserts":2,"retryReasons":[],"status":"passed","title":"should handle write-through failures silently"},{"ancestorTitles":["RedisSqlCacheAdapter","clear()"],"duration":1,"failureDetails":[],"failureMessages":[],"fullName":"RedisSqlCacheAdapter clear() should clear shadow cache","invocations":1,"location":null,"numPassingAsserts":2,"retryReasons":[],"status":"passed","title":"should clear shadow cache"},{"ancestorTitles":["RedisSqlCacheAdapter","clear()"],"duration":0,"failureDetails":[],"failureMessages":[],"fullName":"RedisSqlCacheAdapter clear() should broadcast clear message via pub/sub","invocations":1,"location":null,"numPassingAsserts":3,"retryReasons":[],"status":"passed","title":"should broadcast clear message via pub/sub"},{"ancestorTitles":["RedisSqlCacheAdapter","size()"],"duration":0,"failureDetails":[],"failureMessages":[],"fullName":"RedisSqlCacheAdapter size() should return shadow cache size","invocations":1,"location":null,"numPassingAsserts":2,"retryReasons":[],"status":"passed","title":"should return shadow cache size"},{"ancestorTitles":["RedisSqlCacheAdapter","invalidateBy()"],"duration":0,"failureDetails":[],"failureMessages":[],"fullName":"RedisSqlCacheAdapter invalidateBy() should invalidate matching keys from shadow cache","invocations":1,"location":null,"numPassingAsserts":4,"retryReasons":[],"status":"passed","title":"should invalidate matching keys from shadow cache"},{"ancestorTitles":["RedisSqlCacheAdapter","invalidateBy()"],"duration":2,"failureDetails":[],"failureMessages":[],"fullName":"RedisSqlCacheAdapter invalidateBy() should delete matching keys from Redis","invocations":1,"location":null,"numPassingAsserts":2,"retryReasons":[],"status":"passed","title":"should delete matching keys from Redis"},{"ancestorTitles":["RedisSqlCacheAdapter","invalidateBy()"],"duration":0,"failureDetails":[],"failureMessages":[],"fullName":"RedisSqlCacheAdapter invalidateBy() should broadcast delete messages via pub/sub","invocations":1,"location":null,"numPassingAsserts":2,"retryReasons":[],"status":"passed","title":"should broadcast delete messages via pub/sub"},{"ancestorTitles":["RedisSqlCacheAdapter","invalidateBy()"],"duration":0,"failureDetails":[],"failureMessages":[],"fullName":"RedisSqlCacheAdapter invalidateBy() should return 0 when no keys match","invocations":1,"location":null,"numPassingAsserts":1,"retryReasons":[],"status":"passed","title":"should return 0 when no keys match"},{"ancestorTitles":["RedisSqlCacheAdapter","invalidateBy()"],"duration":1,"failureDetails":[],"failureMessages":[],"fullName":"RedisSqlCacheAdapter invalidateBy() should handle remote delete failures silently","invocations":1,"location":null,"numPassingAsserts":2,"retryReasons":[],"status":"passed","title":"should handle remote delete failures silently"},{"ancestorTitles":["RedisSqlCacheAdapter","pub/sub cross-instance invalidation"],"duration":0,"failureDetails":[],"failureMessages":[],"fullName":"RedisSqlCacheAdapter pub/sub cross-instance invalidation should clear shadow cache when receiving clear message","invocations":1,"location":null,"numPassingAsserts":2,"retryReasons":[],"status":"passed","title":"should clear shadow cache when receiving clear message"},{"ancestorTitles":["RedisSqlCacheAdapter","pub/sub cross-instance invalidation"],"duration":0,"failureDetails":[],"failureMessages":[],"fullName":"RedisSqlCacheAdapter pub/sub cross-instance invalidation should delete specific key when receiving del message","invocations":1,"location":null,"numPassingAsserts":2,"retryReasons":[],"status":"passed","title":"should delete specific key when receiving del message"},{"ancestorTitles":["RedisSqlCacheAdapter","pub/sub cross-instance invalidation"],"duration":0,"failureDetails":[],"failureMessages":[],"fullName":"RedisSqlCacheAdapter pub/sub cross-instance invalidation should ignore malformed pub/sub messages","invocations":1,"location":null,"numPassingAsserts":1,"retryReasons":[],"status":"passed","title":"should ignore malformed pub/sub messages"},{"ancestorTitles":["RedisSqlCacheAdapter","read-through from Redis (async)"],"duration":0,"failureDetails":[],"failureMessages":[],"fullName":"RedisSqlCacheAdapter read-through from Redis (async) should hydrate shadow cache from Redis on miss","invocations":1,"location":null,"numPassingAsserts":2,"retryReasons":[],"status":"passed","title":"should hydrate shadow cache from Redis on miss"},{"ancestorTitles":["RedisSqlCacheAdapter","read-through from Redis (async)"],"duration":0,"failureDetails":[],"failureMessages":[],"fullName":"RedisSqlCacheAdapter read-through from Redis (async) should clone parameters from Redis read-through","invocations":1,"location":null,"numPassingAsserts":2,"retryReasons":[],"status":"passed","title":"should clone parameters from Redis read-through"},{"ancestorTitles":["RedisSqlCacheAdapter","read-through from Redis (async)"],"duration":1,"failureDetails":[],"failureMessages":[],"fullName":"RedisSqlCacheAdapter read-through from Redis (async) should handle malformed JSON from Redis gracefully","invocations":1,"location":null,"numPassingAsserts":1,"retryReasons":[],"status":"passed","title":"should handle malformed JSON from Redis gracefully"},{"ancestorTitles":["RedisSqlCacheAdapter","read-through from Redis (async)"],"duration":0,"failureDetails":[],"failureMessages":[],"fullName":"RedisSqlCacheAdapter read-through from Redis (async) should return undefined when remote store has no value","invocations":1,"location":null,"numPassingAsserts":1,"retryReasons":[],"status":"passed","title":"should return undefined when remote store has no value"},{"ancestorTitles":["RedisSqlCacheAdapter","read-through from Redis (async)"],"duration":0,"failureDetails":[],"failureMessages":[],"fullName":"RedisSqlCacheAdapter read-through from Redis (async) should track metrics correctly for async read-through hits","invocations":1,"location":null,"numPassingAsserts":4,"retryReasons":[],"status":"passed","title":"should track metrics correctly for async read-through hits"},{"ancestorTitles":["RedisSqlCacheAdapter","read-through from Redis (async)"],"duration":1,"failureDetails":[],"failureMessages":[],"fullName":"RedisSqlCacheAdapter read-through from Redis (async) should track metrics correctly for async read-through misses","invocations":1,"location":null,"numPassingAsserts":3,"retryReasons":[],"status":"passed","title":"should track metrics correctly for async read-through misses"},{"ancestorTitles":["RedisSqlCacheAdapter","constructor options"],"duration":0,"failureDetails":[],"failureMessages":[],"fullName":"RedisSqlCacheAdapter constructor options should use defaults when no options provided","invocations":1,"location":null,"numPassingAsserts":1,"retryReasons":[],"status":"passed","title":"should use defaults when no options provided"},{"ancestorTitles":["RedisSqlCacheAdapter","constructor options"],"duration":1,"failureDetails":[],"failureMessages":[],"fullName":"RedisSqlCacheAdapter constructor options should accept all custom options","invocations":1,"location":null,"numPassingAsserts":1,"retryReasons":[],"status":"passed","title":"should accept all custom options"}],"endTime":1763593898830,"message":"","name":"/Users/mikhail.soosaar_1/Documents/WebsStormProjects/ts-linq/packages/cache-redis/tests-new/RedisSqlCacheAdapter.test.ts","startTime":1763593898697,"status":"passed","summary":""},{"assertionResults":[{"ancestorTitles":["MigrationRunner","ensureMigrationTableExists()"],"duration":0,"failureDetails":[],"failureMessages":[],"fullName":"MigrationRunner ensureMigrationTableExists() should create migrations table","invocations":1,"location":null,"numPassingAsserts":1,"retryReasons":[],"status":"passed","title":"should create migrations table"},{"ancestorTitles":["MigrationRunner","getAppliedMigrations()"],"duration":0,"failureDetails":[],"failureMessages":[],"fullName":"MigrationRunner getAppliedMigrations() should return empty array when no migrations applied","invocations":1,"location":null,"numPassingAsserts":1,"retryReasons":[],"status":"passed","title":"should return empty array when no migrations applied"},{"ancestorTitles":["MigrationRunner","getAppliedMigrations()"],"duration":0,"failureDetails":[],"failureMessages":[],"fullName":"MigrationRunner getAppliedMigrations() should return applied migrations from database","invocations":1,"location":null,"numPassingAsserts":4,"retryReasons":[],"status":"passed","title":"should return applied migrations from database"},{"ancestorTitles":["MigrationRunner","getAppliedMigrations()"],"duration":1,"failureDetails":[],"failureMessages":[],"fullName":"MigrationRunner getAppliedMigrations() should handle database errors gracefully","invocations":1,"location":null,"numPassingAsserts":1,"retryReasons":[],"status":"passed","title":"should handle database errors gracefully"},{"ancestorTitles":["MigrationRunner","addMigration()"],"duration":0,"failureDetails":[],"failureMessages":[],"fullName":"MigrationRunner addMigration() should register mi
[...]
Asserts":1,"retryReasons":[],"status":"passed","title":"should return undefined for null id"},{"ancestorTitles":["EntityCache","set() and get()"],"duration":0,"failureDetails":[],"failureMessages":[],"fullName":"EntityCache set() and get() should return undefined for undefined id","invocations":1,"location":null,"numPassingAsserts":1,"retryReasons":[],"status":"passed","title":"should return undefined for undefined id"},{"ancestorTitles":["EntityCache","set() and get()"],"duration":0,"failureDetails":[],"failureMessages":[],"fullName":"EntityCache set() and get() should not store entity with null id","invocations":1,"location":null,"numPassingAsserts":1,"retryReasons":[],"status":"passed","title":"should not store entity with null id"},{"ancestorTitles":["EntityCache","remove()"],"duration":0,"failureDetails":[],"failureMessages":[],"fullName":"EntityCache remove() should remove specific entity","invocations":1,"location":null,"numPassingAsserts":2,"retryReasons":[],"status":"passed","title":"should remove specific entity"},{"ancestorTitles":["EntityCache","remove()"],"duration":1,"failureDetails":[],"failureMessages":[],"fullName":"EntityCache remove() should do nothing for non-existent key","invocations":1,"location":null,"numPassingAsserts":1,"retryReasons":[],"status":"passed","title":"should do nothing for non-existent key"},{"ancestorTitles":["EntityCache","remove()"],"duration":0,"failureDetails":[],"failureMessages":[],"fullName":"EntityCache remove() should do nothing for null id","invocations":1,"location":null,"numPassingAsserts":1,"retryReasons":[],"status":"passed","title":"should do nothing for null id"},{"ancestorTitles":["EntityCache","remove()"],"duration":0,"failureDetails":[],"failureMessages":[],"fullName":"EntityCache remove() should decrease cache size after removal","invocations":1,"location":null,"numPassingAsserts":2,"retryReasons":[],"status":"passed","title":"should decrease cache size after removal"},{"ancestorTitles":["EntityCache","clear()"],"duration":0,"failureDetails":[],"failureMessages":[],"fullName":"EntityCache clear() should remove all entities from cache","invocations":1,"location":null,"numPassingAsserts":3,"retryReasons":[],"status":"passed","title":"should remove all entities from cache"},{"ancestorTitles":["EntityCache","clear()"],"duration":0,"failureDetails":[],"failureMessages":[],"fullName":"EntityCache clear() should reset size to zero after clear","invocations":1,"location":null,"numPassingAsserts":1,"retryReasons":[],"status":"passed","title":"should reset size to zero after clear"},{"ancestorTitles":["EntityCache","clear()"],"duration":0,"failureDetails":[],"failureMessages":[],"fullName":"EntityCache clear() should allow adding entities after clear","invocations":1,"location":null,"numPassingAsserts":2,"retryReasons":[],"status":"passed","title":"should allow adding entities after clear"},{"ancestorTitles":["EntityCache","size()"],"duration":0,"failureDetails":[],"failureMessages":[],"fullName":"EntityCache size() should return zero for empty cache","invocations":1,"location":null,"numPassingAsserts":1,"retryReasons":[],"status":"passed","title":"should return zero for empty cache"},{"ancestorTitles":["EntityCache","size()"],"duration":0,"failureDetails":[],"failureMessages":[],"fullName":"EntityCache size() should return correct size after adding entities","invocations":1,"location":null,"numPassingAsserts":3,"retryReasons":[],"status":"passed","title":"should return correct size after adding entities"},{"ancestorTitles":["EntityCache","size()"],"duration":0,"failureDetails":[],"failureMessages":[],"fullName":"EntityCache size() should not increase size when overwriting same key","invocations":1,"location":null,"numPassingAsserts":1,"retryReasons":[],"status":"passed","title":"should not increase size when overwriting same key"},{"ancestorTitles":["EntityCache","FIFO eviction"],"duration":1,"failureDetails":[],"failureMessages":[],"fullName":"EntityCache FIFO eviction should evict oldest entry when maxSize is reached","invocations":1,"location":null,"numPassingAsserts":3,"retryReasons":[],"status":"passed","title":"should evict oldest entry when maxSize is reached"},{"ancestorTitles":["EntityCache","FIFO eviction"],"duration":0,"failureDetails":[],"failureMessages":[],"fullName":"EntityCache FIFO eviction should continue evicting as new items are added","invocations":1,"location":null,"numPassingAsserts":4,"retryReasons":[],"status":"passed","title":"should continue evicting as new items are added"}],"endTime":1763593899668,"message":"","name":"/Users/mikhail.soosaar_1/Documents/WebsStormProjects/ts-linq/packages/core/tests-new/EntityCache.test.ts","startTime":1763593899634,"status":"passed","summary":""},{"assertionResults":[{"ancestorTitles":["LoadingStrategy Enum"],"duration":1,"failureDetails":[],"failureMessages":[],"fullName":"LoadingStrategy Enum should have Lazy value","invocations":1,"location":null,"numPassingAsserts":1,"retryReasons":[],"status":"passed","title":"should have Lazy value"},{"ancestorTitles":["LoadingStrategy Enum"],"duration":8,"failureDetails":[],"failureMessages":[],"fullName":"LoadingStrategy Enum should have Eager value","invocations":1,"location":null,"numPassingAsserts":1,"retryReasons":[],"status":"passed","title":"should have Eager value"},{"ancestorTitles":["LoadingStrategy Enum"],"duration":0,"failureDetails":[],"failureMessages":[],"fullName":"LoadingStrategy Enum should have Explicit value","invocations":1,"location":null,"numPassingAsserts":1,"retryReasons":[],"status":"passed","title":"should have Explicit value"},{"ancestorTitles":["LoadingStrategy Enum"],"duration":0,"failureDetails":[],"failureMessages":[],"fullName":"LoadingStrategy Enum should have exactly 3 values","invocations":1,"location":null,"numPassingAsserts":2,"retryReasons":[],"status":"passed","title":"should have exactly 3 values"},{"ancestorTitles":["LoadingStrategy Enum"],"duration":0,"failureDetails":[],"failureMessages":[],"fullName":"LoadingStrategy Enum should allow string comparison","invocations":1,"location":null,"numPassingAsserts":2,"retryReasons":[],"status":"passed","title":"should allow string comparison"},{"ancestorTitles":["LoadingStrategy Enum"],"duration":0,"failureDetails":[],"failureMessages":[],"fullName":"LoadingStrategy Enum should work in switch statements","invocations":1,"location":null,"numPassingAsserts":3,"retryReasons":[],"status":"passed","title":"should work in switch statements"}],"endTime":1763593899671,"message":"","name":"/Users/mikhail.soosaar_1/Documents/WebsStormProjects/ts-linq/packages/types/tests/enums.test.ts","startTime":1763593899631,"status":"passed","summary":""},{"assertionResults":[{"ancestorTitles":["schema-inspect helpers"],"duration":1,"failureDetails":[],"failureMessages":[],"fullName":"schema-inspect helpers normalizeDbType maps vendor types to ORM types","invocations":1,"location":null,"numPassingAsserts":5,"retryReasons":[],"status":"passed","title":"normalizeDbType maps vendor types to ORM types"},{"ancestorTitles":["schema-inspect helpers"],"duration":0,"failureDetails":[],"failureMessages":[],"fullName":"schema-inspect helpers tsTypeForOrm returns TS type for ORM type","invocations":1,"location":null,"numPassingAsserts":9,"retryReasons":[],"status":"passed","title":"tsTypeForOrm returns TS type for ORM type"}],"endTime":1763593899673,"message":"","name":"/Users/mikhail.soosaar_1/Documents/WebsStormProjects/ts-linq/packages/cli/tests/schema-inspect.test.ts","startTime":1763593899654,"status":"passed","summary":""},{"assertionResults":[{"ancestorTitles":["MemcachedCountCacheAdapter"],"duration":1,"failureDetails":[],"failureMessages":[],"fullName":"MemcachedCountCacheAdapter invalidateBy removes matching count keys","invocations":1,"location":null,"numPassingAsserts":2,"retryReasons":[],"status":"passed","title":"invalidateBy removes matching count keys"},{"ancestorTitles":["MemcachedCountCacheAdapter"],"duration":0,"failureDetails":[],"failureMessages":[],"fullName":"MemcachedCountCacheAdapter stores and retrieves count via shadow map","invocations":1,"location":null,"numPassingAsserts":1,"retryReasons":[],"status":"passed","title":"stores and retrieves count via shadow map"},{"ancestorTitles":["MemcachedCountCacheAdapter"],"duration":0,"failureDetails":[],"failureMessages":[],"fullName":"MemcachedCountCacheAdapter clear empties shadow map","invocations":1,"location":null,"numPassingAsserts":2,"retryReasons":[],"status":"passed","title":"clear empties shadow map"},{"ancestorTitles":["MemcachedCountCacheAdapter"],"duration":0,"failureDetails":[],"failureMessages":[],"fullName":"MemcachedCountCacheAdapter hashKeys stores hashed count key in backend","invocations":1,"location":null,"numPassingAsserts":1,"retryReasons":[],"status":"passed","title":"hashKeys stores hashed count key in backend"}],"endTime":1763593899675,"message":"","name":"/Users/mikhail.soosaar_1/Documents/WebsStormProjects/ts-linq/packages/cache-memcached/tests/MemcachedCountCacheAdapter.test.ts","startTime":1763593899650,"status":"passed","summary":""},{"assertionResults":[{"ancestorTitles":["Provider Factory - Environment Variable Mapping","PostgreSQL Provider"],"duration":4,"failureDetails":[],"failureMessages":[],"fullName":"Provider Factory - Environment Variable Mapping PostgreSQL Provider creates provider with pool and health options from environment","invocations":1,"location":null,"numPassingAsserts":1,"retryReasons":[],"status":"passed","title":"creates provider with pool and health options from environment"},{"ancestorTitles":["Provider Factory - Environment Variable Mapping","PostgreSQL Provider"],"duration":1,"failureDetails":[],"failureMessages":[],"fullName":"Provider Factory - Environment Variable Mapping PostgreSQL Provider creates provider without optional pool/health when env vars not set","invocations":1,"location":null,"numPassingAsserts":1,"retryReasons":[],"status":"passed","title":"creates provider without optional pool/health when env vars not set"},{"ancestorTitles":["Provider Factory - Environment Variable Mapping","PostgreSQL Provider"],"duration":0,"failureDetails":[],"failureMessages":[],"fullName":"Provider Factory - Environment Variable Mapping PostgreSQL Provider uses DATABASE_URL fallback when POSTGRES_URL not set","invocations":1,"location":null,"numPassingAsserts":1,"retryReasons":[],"status":"passed","title":"uses DATABASE_URL fallback when POSTGRES_URL not set"},{"ancestorTitles":["Provider Factory - Environment Variable Mapping","PostgreSQL Provider"],"duration":10,"failureDetails":[],"failureMessages":[],"fullName":"Provider Factory - Environment Variable Mapping PostgreSQL Provider throws error when neither POSTGRES_URL nor DATABASE_URL provided","invocations":1,"location":null,"numPassingAsserts":1,"retryReasons":[],"status":"passed","title":"throws error when neither POSTGRES_URL nor DATABASE_URL provided"},{"ancestorTitles":["Provider Factory - Environment Variable Mapping","MySQL Provider"],"duration":1,"failureDetails":[],"failureMessages":[],"fullName":"Provider Factory - Environment Variable Mapping MySQL Provider creates MySQL provider with pool and health options","invocations":1,"location":null,"numPassingAsserts":1,"retryReasons":[],"status":"passed","title":"creates MySQL provider with pool and health options"},{"ancestorTitles":["Provider Factory - Environment Variable Mapping","MySQL Provider"],"duration":0,"failureDetails":[],"failureMessages":[],"fullName":"Provider Factory - Environment Variable Mapping MySQL Provider throws error when MYSQL_URL not provided","invocations":1,"location":null,"numPassingAsserts":1,"retryReasons":[],"status":"passed","title":"throws error when MYSQL_URL not provided"},{"ancestorTitles":["Provider Factory - Environment Variable Mapping","SQLite Provider"],"duration":1,"failureDetails":[],"failureMessages":[],"fullName":"Provider Factory - Environment Variable Mapping SQLite Provider creates SQLite provider with in-memory database by default","invocations":1,"location":null,"numPassingAsserts":1,"retryReasons":[],"status":"passed","title":"creates SQLite provider with in-memory database by default"},{"ancestorTitles":["Provider Factory - Environment Variable Mapping","SQLite Provider"],"duration":0,"failureDetails":[],"failureMessages":[],"fullName":"Provider Factory - Environment Variable Mapping SQLite Provider creates SQLite provider with custom database path","invocations":1,"location":null,"numPassingAsserts":1,"retryReasons":[],"status":"passed","title":"creates SQLite provider with custom database path"},{"ancestorTitles":["Provider Factory - Environment Variable Mapping","SQLite Provider"],"duration":1,"failureDetails":[],"failureMessages":[],"fullName":"Provider Factory - Environment Variable Mapping SQLite Provider defaults to SQLite when DB_PROVIDER not set","invocations":1,"location":null,"numPassingAsserts":1,"retryReasons":[],"status":"passed","title":"defaults to SQLite when DB_PROVIDER not set"},{"ancestorTitles":["Provider Factory - Environment Variable Mapping","Circuit Breaker Configuration"],"duration":1,"failureDetails":[],"failureMessages":[],"fullName":"Provider Factory - Environment Variable Mapping Circuit Breaker Configuration configures circuit breaker when env vars provided","invocations":1,"location":null,"numPassingAsserts":1,"retryReasons":[],"status":"passed","title":"configures circuit breaker when env vars provided"},{"ancestorTitles":["Provider Factory - Environment Variable Mapping","Real-world scenarios"],"duration":0,"failureDetails":[],"failureMessages":[],"fullName":"Provider Factory - Environment Variable Mapping Real-world scenarios production-like PostgreSQL configuration","invocations":1,"location":null,"numPassingAsserts":3,"retryReasons":[],"status":"passed","title":"production-like PostgreSQL configuration"},{"ancestorTitles":["Provider Factory - Environment Variable Mapping","Real-world scenarios"],"duration":0,"failureDetails":[],"failureMessages":[],"fullName":"Provider Factory - Environment Variable Mapping Real-world scenarios development-like SQLite configuration","invocations":1,"location":null,"numPassingAsserts":2,"retryReasons":[],"status":"passed","title":"development-like SQLite configuration"}],"endTime":1763593899889,"message":"","name":"/Users/mikhail.soosaar_1/Documents/WebsStormProjects/ts-linq/packages/cli/tests/provider-factory-pool.test.ts","startTime":1763593898051,"status":"passed","summary":""},{"assertionResults":[{"ancestorTitles":["EntityLoader batched + depth"],"duration":5,"failureDetails":[],"failureMessages":[],"fullName":"EntityLoader batched + depth batched one-to-many: loadEntities with eager groups posts by user","invocations":1,"location":null,"numPassingAsserts":7,"retryReasons":[],"status":"passed","title":"batched one-to-many: loadEntities with eager groups posts by user"},{"ancestorTitles":["EntityLoader batched + depth"],"duration":1,"failureDetails":[],"failureMessages":[],"fullName":"EntityLoader batched + depth batched many-to-one: prefetch users for posts in one go","invocations":1,"location":null,"numPassingAsserts":13,"retryReasons":[],"status":"passed","title":"batched many-to-one: prefetch users for posts in one go"},{"ancestorTitles":["EntityLoader batched + depth"],"duration":0,"failureDetails":[],"failureMessages":[],"fullName":"EntityLoader batched + depth depth=0: no relationships loaded","invocations":1,"location":null,"numPassingAsserts":3,"retryReasons":[],"status":"passed","title":"depth=0: no relationships loaded"},{"ancestorTitles":["EntityLoader batched + depth"],"duration":1,"failureDetails":[],"failureMessages":[],"fullName":"EntityLoader batched + depth depth=1: only immediate relationships loaded","invocations":1,"location":null,"numPassingAsserts":12,"retryReasons":[],"status":"passed","title":"depth=1: only immediate relationships loaded"},{"ancestorTitles":["EntityLoader batched + depth"],"duration":1,"failureDetails":[],"failureMessages":[],"fullName":"EntityLoader batched + depth includes: load only posts for user, skip other props","invocations":1,"location":null,"numPassingAsserts":9,"retryReasons":[],"status":"passed","title":"includes: load only posts for user, skip other props"},{"ancestorTitles":["EntityLoader batched + depth"],"duration":1,"failureDetails":[],"failureMessages":[],"fullName":"EntityLoader batched + depth includes: load only self to-one relation (bestFriend)","invocations":1,"location":null,"numPassingAsserts":8,"retryReasons":[],"status":"passed","title":"includes: load only self to-one relation (bestFriend)"},{"ancestorTitles":["EntityLoader batched + depth"],"duration":10,"failureDetails":[],"failureMessages":[],"fullName":"EntityLoader batched + depth invalid include should throw (loadEntities)","invocations":1,"location":null,"numPassingAsserts":1,"retryReasons":[],"status":"passed","title":"invalid include should throw (loadEntities)"},{"ancestorTitles":["EntityLoader batched + depth"],"duration":0,"failureDetails":[],"failureMessages":[],"fullName":"EntityLoader batched + depth invalid include should throw (loadEntity)","invocations":1,"location":null,"numPassingAsserts":2,"retryReasons":[],"status":"passed","title":"invalid include should throw (loadEntity)"}],"endTime":1763593899937,"message":"","name":"/Users/mikhail.soosaar_1/Documents/WebsStormProjects/ts-linq/packages/core/tests/loading/EntityLoader.batched-and-depth.test.ts","startTime":1763593898046,"status":"passed","summary":""},{"assertionResults":[{"ancestorTitles":["Circuit Breaker"],"duration":78,"failureDetails":[],"failureMessages":[],"fullName":"Circuit Breaker should open after failure threshold and short-circuit","invocations":1,"location":null,"numPassingAsserts":3,"retryReasons":[],"status":"passed","title":"should open after failure threshold and short-circuit"},{"ancestorTitles":["Circuit Breaker"],"duration":1157,"failureDetails":[],"failureMessages":[],"fullName":"Circuit Breaker should move to half-open after cooldown and close on successful probe","invocations":1,"location":null,"numPassingAsserts":5,"retryReasons":[],"status":"passed","title":"should move to half-open after cooldown and close on successful probe"},{"ancestorTitles":["Circuit Breaker"],"duration":1163,"failureDetails":[],"failureMessages":[],"fullName":"Circuit Breaker should re-open immediately when half-open probe fails","invocations":1,"location":null,"numPassingAsserts":5,"retryReasons":[],"status":"passed","title":"should re-open immediately when half-open probe fails"},{"ancestorTitles":["Circuit Breaker"],"duration":0,"failureDetails":[],"failureMessages":[],"fullName":"Circuit Breaker should respect circuit state getter","invocations":1,"location":null,"numPassingAsserts":1,"retryReasons":[],"status":"passed","title":"should respect circuit state getter"},{"ancestorTitles":["Circuit Breaker"],"duration":0,"failureDetails":[],"failureMessages":[],"fullName":"Circuit Breaker should allow manual circuit configuration","invocations":1,"location":null,"numPassingAsserts":1,"retryReasons":[],"status":"passed","title":"should allow manual circuit configuration"},{"ancestorTitles":["Circuit Breaker"],"duration":1,"failureDetails":[],"failureMessages":[],"fullName":"Circuit Breaker should allow manual circuit open","invocations":1,"location":null,"numPassingAsserts":1,"retryReasons":[],"status":"passed","title":"should allow manual circuit open"},{"ancestorTitles":["Circuit Breaker"],"duration":0,"failureDetails":[],"failureMessages":[],"fullName":"Circuit Breaker should allow manual circuit reset","invocations":1,"location":null,"numPassingAsserts":2,"retryReasons":[],"status":"passed","title":"should allow manual circuit reset"}],"endTime":1763593900858,"message":"","name":"/Users/mikhail.soosaar_1/Documents/WebsStormProjects/ts-linq/packages/core/tests-new/CircuitBreaker.test.ts","startTime":1763593898084,"status":"passed","summary":""}],"wasInterrupted":false}
