TN:
SF:packages/ast/src/errors.ts
FN:41,(anonymous_0)
FNF:1
FNH:1
FNDA:17,(anonymous_0)
DA:37,172
DA:46,17
DA:47,17
DA:48,17
DA:49,17
LF:5
LH:5
BRDA:44,0,0,0
BRF:1
BRH:0
end_of_record
TN:
SF:packages/ast/src/index.ts
FNF:0
FNH:0
DA:2,172
DA:3,172
DA:4,172
DA:5,172
DA:6,172
DA:7,172
LF:6
LH:6
BRF:0
BRH:0
end_of_record
TN:
SF:packages/ast/src/spec/Specification.ts
FN:19,(anonymous_0)
FN:24,(anonymous_1)
FN:26,(anonymous_2)
FN:27,(anonymous_3)
FN:44,(anonymous_4)
FN:45,(anonymous_5)
FN:46,(anonymous_6)
FN:55,(anonymous_7)
FN:60,(anonymous_8)
FN:64,(anonymous_9)
FN:71,(anonymous_10)
FN:74,(anonymous_11)
FNF:12
FNH:12
FNDA:13,(anonymous_0)
FNDA:5,(anonymous_1)
FNDA:8,(anonymous_2)
FNDA:8,(anonymous_3)
FNDA:16,(anonymous_4)
FNDA:13,(anonymous_5)
FNDA:14,(anonymous_6)
FNDA:26,(anonymous_7)
FNDA:10,(anonymous_8)
FNDA:26,(anonymous_9)
FNDA:2,(anonymous_10)
FNDA:2,(anonymous_11)
DA:15,173
DA:20,13
DA:21,13
DA:25,5
DA:26,8
DA:27,8
DA:28,5
DA:29,3
DA:32,2
DA:38,2
DA:39,0
DA:41,2
DA:45,16
DA:46,14
DA:51,173
DA:56,26
DA:57,26
DA:61,10
DA:65,26
DA:70,173
DA:72,2
DA:75,2
LF:22
LH:21
BRDA:28,0,0,2
BRDA:29,1,0,1
BRDA:45,2,0,7
BRF:3
BRH:3
end_of_record
TN:
SF:packages/cache-memcached/src/index.ts
FN:5,(anonymous_0)
FN:7,(anonymous_1)
FN:12,(anonymous_2)
FNF:3
FNH:1
FNDA:0,(anonymous_0)
FNDA:5,(anonymous_1)
FNDA:0,(anonymous_2)
DA:5,1
DA:7,6
DA:12,1
LF:3
LH:3
BRF:0
BRH:0
end_of_record
TN:
SF:packages/cache-memcached/src/memcached/MemcachedCountCacheAdapter.ts
FN:40,(anonymous_0)
FN:49,(anonymous_1)
FN:54,(anonymous_2)
FN:63,(anonymous_3)
FN:79,(anonymous_4)
FN:113,(anonymous_5)
FN:120,(anonymous_6)
FN:129,(anonymous_7)
FN:135,(anonymous_8)
FN:141,(anonymous_9)
FN:154,(anonymous_10)
FN:160,(anonymous_11)
FN:170,(anonymous_12)
FN:176,(anonymous_13)
FNF:14
FNH:14
FNDA:32,(anonymous_0)
FNDA:57,(anonymous_1)
FNDA:4,(anonymous_2)
FNDA:27,(anonymous_3)
FNDA:4,(anonymous_4)
FNDA:41,(anonymous_5)
FNDA:41,(anonymous_6)
FNDA:3,(anonymous_7)
FNDA:6,(anonymous_8)
FNDA:7,(anonymous_9)
FNDA:43,(anonymous_10)
FNDA:3,(anonymous_11)
FNDA:3,(anonymous_12)
FNDA:7,(anonymous_13)
DA:30,3
DA:37,32
DA:38,32
DA:41,32
DA:42,32
DA:43,32
DA:44,32
DA:45,32
DA:46,32
DA:50,57
DA:51,57
DA:55,4
DA:56,3
DA:57,3
DA:59,0
DA:64,27
DA:65,27
DA:66,27
DA:67,16
DA:68,2
DA:69,2
DA:70,2
DA:72,14
DA:74,14
DA:75,14
DA:76,14
DA:80,4
DA:81,4
DA:82,4
DA:83,0
DA:84,0
DA:87,0
DA:89,0
DA:90,0
DA:91,0
DA:96,4
DA:97,4
DA:98,4
DA:99,4
DA:100,4
DA:101,4
DA:103,3
DA:105,2
DA:106,2
DA:107,2
DA:109,1
DA:114,41
DA:115,41
DA:116,41
DA:117,41
DA:119,41
DA:120,41
DA:121,41
DA:122,41
DA:124,1
DA:130,3
DA:131,3
DA:132,3
DA:136,6
DA:137,6
DA:138,11
DA:139,7
DA:140,7
DA:141,7
DA:142,7
DA:143,7
DA:145,1
DA:148,7
DA:151,6
DA:155,43
DA:156,3
DA:157,3
DA:158,3
DA:159,3
DA:160,3
DA:161,3
DA:162,3
DA:171,3
DA:172,62
DA:173,3
DA:177,7
LF:81
LH:74
BRDA:43,0,0,32
BRDA:43,0,1,30
BRDA:44,1,0,32
BRDA:44,1,1,28
BRDA:45,2,0,32
BRDA:45,2,1,29
BRDA:46,3,0,32
BRDA:46,3,1,28
BRDA:50,4,0,3
BRDA:50,4,1,54
BRDA:55,5,0,1
BRDA:66,6,0,11
BRDA:67,7,0,2
BRDA:67,8,0,16
BRDA:67,8,1,3
BRDA:67,8,2,3
BRDA:82,9,0,0
BRDA:83,10,0,0
BRDA:83,10,1,0
BRDA:83,11,0,0
BRDA:83,11,1,0
BRDA:83,11,2,0
BRDA:99,12,0,4
BRDA:99,12,1,1
BRDA:101,13,0,1
BRDA:119,14,0,2
BRDA:119,14,1,39
BRDA:119,15,0,41
BRDA:119,15,1,2
BRDA:138,16,0,7
BRDA:157,17,0,0
BRF:31
BRH:24
end_of_record
TN:
SF:packages/cache-memcached/src/memcached/MemcachedEntityCacheAdapter.ts
FN:39,(anonymous_0)
FN:51,(anonymous_1)
FN:55,(anonymous_2)
FN:60,(anonymous_3)
FN:84,(anonymous_4)
FN:98,(anonymous_5)
FN:107,(anonymous_6)
FN:113,(anonymous_7)
FN:122,(anonymous_8)
FN:129,(anonymous_9)
FN:135,(anonymous_10)
FN:136,(anonymous_11)
FN:151,(anonymous_12)
FN:160,(anonymous_13)
FNF:14
FNH:11
FNDA:5,(anonymous_0)
FNDA:7,(anonymous_1)
FNDA:6,(anonymous_2)
FNDA:2,(anonymous_3)
FNDA:3,(anonymous_4)
FNDA:3,(anonymous_5)
FNDA:2,(anonymous_6)
FNDA:2,(anonymous_7)
FNDA:0,(anonymous_8)
FNDA:0,(anonymous_9)
FNDA:1,(anonymous_10)
FNDA:1,(anonymous_11)
FNDA:4,(anonymous_12)
FNDA:0,(anonymous_13)
DA:24,1
DA:36,5
DA:37,5
DA:40,5
DA:41,5
DA:42,5
DA:43,5
DA:44,5
DA:45,5
DA:46,5
DA:47,5
DA:48,5
DA:52,7
DA:56,6
DA:57,6
DA:61,2
DA:62,2
DA:65,2
DA:66,2
DA:68,1
DA:69,1
DA:72,1
DA:73,0
DA:74,0
DA:75,0
DA:79,1
DA:80,1
DA:81,1
DA:85,3
DA:86,3
DA:88,3
DA:89,3
DA:91,3
DA:94,3
DA:96,3
DA:98,3
DA:99,3
DA:100,3
DA:108,2
DA:109,2
DA:111,2
DA:113,2
DA:114,2
DA:115,2
DA:123,0
DA:130,0
DA:136,1
DA:137,1
DA:138,1
DA:139,1
DA:140,1
DA:141,1
DA:142,1
DA:143,1
DA:152,4
DA:153,0
DA:154,0
DA:155,0
DA:156,0
DA:162,0
DA:163,0
DA:164,0
LF:62
LH:50
BRDA:42,0,0,5
BRDA:42,0,1,1
BRDA:43,1,0,5
BRDA:43,1,1,0
BRDA:44,2,0,5
BRDA:44,2,1,5
BRDA:45,3,0,5
BRDA:45,3,1,5
BRDA:46,4,0,5
BRDA:46,4,1,5
BRDA:47,5,0,5
BRDA:47,5,1,4
BRDA:48,6,0,5
BRDA:48,6,1,4
BRDA:56,7,0,0
BRDA:56,7,1,6
BRDA:61,8,0,0
BRDA:61,9,0,2
BRDA:61,9,1,2
BRDA:66,10,0,1
BRDA:72,11,0,0
BRDA:72,12,0,1
BRDA:72,12,1,0
BRDA:72,12,2,0
BRDA:85,13,0,0
BRDA:85,14,0,3
BRDA:85,14,1,3
BRDA:91,15,0,0
BRDA:96,16,0,2
BRDA:96,16,1,1
BRDA:96,17,0,3
BRDA:96,17,1,2
BRDA:108,18,0,0
BRDA:108,19,0,2
BRDA:108,19,1,2
BRDA:139,20,0,1
BRDA:139,21,0,1
BRDA:139,21,1,1
BRDA:154,22,0,0
BRF:39
BRH:29
end_of_record
TN:
SF:packages/cache-memcached/src/memcached/MemcachedSqlCacheAdapter.ts
FN:37,(anonymous_0)
FN:46,(anonymous_1)
FN:51,(anonymous_2)
FN:60,(anonymous_3)
FN:76,(anonymous_4)
FN:113,(anonymous_5)
FN:122,(anonymous_6)
FN:131,(anonymous_7)
FN:137,(anonymous_8)
FN:141,(anonymous_9)
FN:147,(anonymous_10)
FN:160,(anonymous_11)
FN:178,(anonymous_12)
FN:184,(anonymous_13)
FN:194,(anonymous_14)
FNF:15
FNH:15
FNDA:36,(anonymous_0)
FNDA:62,(anonymous_1)
FNDA:8,(anonymous_2)
FNDA:25,(anonymous_3)
FNDA:10,(anonymous_4)
FNDA:44,(anonymous_5)
FNDA:44,(anonymous_6)
FNDA:3,(anonymous_7)
FNDA:6,(anonymous_8)
FNDA:6,(anonymous_9)
FNDA:7,(anonymous_10)
FNDA:8,(anonymous_11)
FNDA:48,(anonymous_12)
FNDA:3,(anonymous_13)
FNDA:2,(anonymous_14)
DA:27,3
DA:34,36
DA:35,36
DA:38,36
DA:39,36
DA:40,36
DA:41,36
DA:42,36
DA:43,36
DA:47,62
DA:48,62
DA:52,8
DA:53,5
DA:54,5
DA:56,0
DA:61,25
DA:62,25
DA:63,25
DA:64,15
DA:65,2
DA:66,2
DA:67,2
DA:69,13
DA:71,13
DA:72,13
DA:73,13
DA:77,10
DA:78,10
DA:79,10
DA:80,2
DA:81,0
DA:84,2
DA:86,2
DA:87,2
DA:88,2
DA:93,8
DA:94,8
DA:95,8
DA:96,8
DA:97,8
DA:98,8
DA:100,5
DA:102,4
DA:103,4
DA:107,4
DA:109,1
DA:114,44
DA:115,44
DA:119,44
DA:121,44
DA:122,44
DA:123,44
DA:124,44
DA:132,3
DA:133,3
DA:134,3
DA:138,6
DA:142,6
DA:143,6
DA:144,11
DA:145,7
DA:146,7
DA:147,7
DA:148,7
DA:149,7
DA:154,7
DA:157,6
DA:168,8
DA:179,48
DA:180,3
DA:181,3
DA:182,3
DA:183,3
DA:184,3
DA:185,3
DA:186,3
DA:195,2
DA:196,61
DA:197,2
LF:79
LH:77
BRDA:40,0,0,36
BRDA:40,0,1,34
BRDA:41,1,0,36
BRDA:41,1,1,32
BRDA:42,2,0,36
BRDA:42,2,1,33
BRDA:43,3,0,36
BRDA:43,3,1,33
BRDA:47,4,0,2
BRDA:47,4,1,60
BRDA:52,5,0,3
BRDA:63,6,0,10
BRDA:64,7,0,2
BRDA:64,8,0,15
BRDA:64,8,1,3
BRDA:64,8,2,3
BRDA:79,9,0,2
BRDA:80,10,0,0
BRDA:80,10,1,2
BRDA:80,11,0,2
BRDA:80,11,1,0
BRDA:80,11,2,0
BRDA:96,12,0,8
BRDA:96,12,1,3
BRDA:98,13,0,3
BRDA:121,14,0,2
BRDA:121,14,1,42
BRDA:121,15,0,44
BRDA:121,15,1,2
BRDA:144,16,0,7
BRDA:181,17,0,0
BRF:31
BRH:27
end_of_record
TN:
SF:packages/cache-redis/src/index.ts
FN:5,(anonymous_0)
FN:7,(anonymous_1)
FN:13,(anonymous_2)
FNF:3
FNH:1
FNDA:0,(anonymous_0)
FNDA:4,(anonymous_1)
FNDA:0,(anonymous_2)
DA:5,1
DA:7,5
DA:13,1
LF:3
LH:3
BRF:0
BRH:0
end_of_record
TN:
SF:packages/cache-redis/src/redis/RedisCountCacheAdapter.ts
FN:49,(anonymous_0)
FN:60,(anonymous_1)
FN:73,(anonymous_2)
FN:78,(anonymous_3)
FN:94,(anonymous_4)
FN:126,(anonymous_5)
FN:131,(anonymous_6)
FN:144,(anonymous_7)
FN:151,(anonymous_8)
FN:157,(anonymous_9)
FN:172,(anonymous_10)
FN:178,(anonymous_11)
FN:188,(anonymous_12)
FN:199,(anonymous_13)
FNF:14
FNH:14
FNDA:35,(anonymous_0)
FNDA:4,(anonymous_1)
FNDA:59,(anonymous_2)
FNDA:31,(anonymous_3)
FNDA:5,(anonymous_4)
FNDA:44,(anonymous_5)
FNDA:44,(anonymous_6)
FNDA:3,(anonymous_7)
FNDA:6,(anonymous_8)
FNDA:7,(anonymous_9)
FNDA:47,(anonymous_10)
FNDA:3,(anonymous_11)
FNDA:6,(anonymous_12)
FNDA:3,(anonymous_13)
DA:37,3
DA:46,35
DA:47,35
DA:50,35
DA:51,35
DA:52,35
DA:53,35
DA:54,35
DA:55,35
DA:56,35
DA:57,35
DA:58,35
DA:59,35
DA:60,6
DA:61,4
DA:62,4
DA:63,3
DA:64,1
DA:65,1
DA:67,2
DA:74,59
DA:75,59
DA:79,31
DA:80,31
DA:81,31
DA:82,18
DA:83,2
DA:84,2
DA:85,2
DA:87,16
DA:89,16
DA:90,16
DA:91,16
DA:95,5
DA:96,5
DA:97,5
DA:98,1
DA:99,0
DA:102,1
DA:104,1
DA:105,1
DA:106,1
DA:111,4
DA:112,4
DA:113,4
DA:114,4
DA:116,4
DA:118,3
DA:119,3
DA:120,3
DA:122,1
DA:127,44
DA:128,44
DA:129,44
DA:130,44
DA:131,44
DA:132,44
DA:133,44
DA:134,2
DA:136,42
DA:139,1
DA:145,3
DA:146,3
DA:147,1
DA:152,6
DA:153,6
DA:154,11
DA:155,7
DA:156,7
DA:157,7
DA:158,7
DA:159,7
DA:161,0
DA:164,7
DA:165,1
DA:166,7
DA:169,6
DA:173,47
DA:174,3
DA:175,3
DA:176,3
DA:177,3
DA:178,3
DA:179,3
DA:180,3
DA:189,6
DA:200,3
DA:201,62
DA:202,3
LF:89
LH:87
BRDA:52,0,0,35
BRDA:52,0,1,33
BRDA:53,1,0,35
BRDA:53,1,1,31
BRDA:54,2,0,35
BRDA:54,2,1,32
BRDA:55,3,0,35
BRDA:55,3,1,31
BRDA:59,4,0,6
BRDA:59,5,0,35
BRDA:59,5,1,6
BRDA:63,6,0,1
BRDA:67,7,0,1
BRDA:67,8,0,2
BRDA:67,8,1,1
BRDA:74,9,0,3
BRDA:74,9,1,56
BRDA:81,10,0,13
BRDA:82,11,0,2
BRDA:82,12,0,18
BRDA:82,12,1,3
BRDA:82,12,2,3
BRDA:97,13,0,1
BRDA:98,14,0,0
BRDA:98,14,1,1
BRDA:98,15,0,1
BRDA:98,15,1,0
BRDA:98,15,2,0
BRDA:114,16,0,0
BRDA:133,17,0,2
BRDA:133,17,1,42
BRDA:133,18,0,44
BRDA:133,18,1,2
BRDA:146,19,0,1
BRDA:146,20,0,3
BRDA:146,20,1,1
BRDA:154,21,0,7
BRDA:164,22,0,1
BRDA:164,23,0,7
BRDA:164,23,1,1
BRDA:175,24,0,0
BRF:41
BRH:36
end_of_record
TN:
SF:packages/cache-redis/src/redis/RedisEntityCacheAdapter.ts
FN:51,(anonymous_0)
FN:66,(anonymous_1)
FN:86,(anonymous_2)
FN:90,(anonymous_3)
FN:95,(anonymous_4)
FN:128,(anonymous_5)
FN:139,(anonymous_6)
FN:152,(anonymous_7)
FN:158,(anonymous_8)
FN:171,(anonymous_9)
FN:178,(anonymous_10)
FN:184,(anonymous_11)
FN:185,(anonymous_12)
FN:199,(anonymous_13)
FN:208,(anonymous_14)
FNF:15
FNH:11
FNDA:4,(anonymous_0)
FNDA:0,(anonymous_1)
FNDA:12,(anonymous_2)
FNDA:9,(anonymous_3)
FNDA:6,(anonymous_4)
FNDA:3,(anonymous_5)
FNDA:3,(anonymous_6)
FNDA:3,(anonymous_7)
FNDA:3,(anonymous_8)
FNDA:0,(anonymous_9)
FNDA:0,(anonymous_10)
FNDA:3,(anonymous_11)
FNDA:3,(anonymous_12)
FNDA:4,(anonymous_13)
FNDA:0,(anonymous_14)
DA:34,1
DA:48,4
DA:49,4
DA:52,4
DA:53,4
DA:54,4
DA:55,4
DA:56,4
DA:57,4
DA:58,4
DA:59,4
DA:60,4
DA:61,4
DA:62,4
DA:64,4
DA:65,4
DA:66,0
DA:67,0
DA:68,0
DA:69,0
DA:70,0
DA:71,0
DA:73,0
DA:77,0
DA:87,12
DA:91,9
DA:92,9
DA:96,6
DA:97,6
DA:100,6
DA:101,6
DA:112,3
DA:113,3
DA:116,3
DA:117,0
DA:118,0
DA:119,0
DA:123,3
DA:124,3
DA:125,3
DA:129,3
DA:130,3
DA:132,3
DA:133,3
DA:135,3
DA:138,3
DA:139,3
DA:140,3
DA:141,3
DA:142,0
DA:144,3
DA:153,3
DA:154,3
DA:156,3
DA:158,3
DA:159,3
DA:160,3
DA:166,3
DA:167,0
DA:172,0
DA:173,0
DA:174,0
DA:179,0
DA:185,3
DA:186,3
DA:187,3
DA:188,3
DA:189,1
DA:190,1
DA:191,1
DA:200,4
DA:201,0
DA:202,0
DA:203,0
DA:204,0
DA:210,0
DA:211,0
DA:212,0
LF:78
LH:54
BRDA:54,0,0,4
BRDA:54,0,1,0
BRDA:55,1,0,4
BRDA:55,1,1,4
BRDA:56,2,0,4
BRDA:56,2,1,4
BRDA:57,3,0,4
BRDA:57,3,1,4
BRDA:58,4,0,4
BRDA:58,4,1,4
BRDA:61,5,0,4
BRDA:61,5,1,0
BRDA:62,6,0,4
BRDA:62,6,1,0
BRDA:65,7,0,0
BRDA:65,8,0,4
BRDA:65,8,1,0
BRDA:69,9,0,0
BRDA:73,10,0,0
BRDA:73,11,0,0
BRDA:73,11,1,0
BRDA:91,12,0,0
BRDA:91,12,1,9
BRDA:96,13,0,0
BRDA:96,14,0,6
BRDA:96,14,1,6
BRDA:101,15,0,3
BRDA:116,16,0,0
BRDA:116,17,0,3
BRDA:116,17,1,0
BRDA:116,17,2,0
BRDA:129,18,0,0
BRDA:129,19,0,3
BRDA:129,19,1,3
BRDA:135,20,0,0
BRDA:141,21,0,0
BRDA:141,21,1,3
BRDA:141,22,0,3
BRDA:141,22,1,0
BRDA:153,23,0,0
BRDA:153,24,0,3
BRDA:153,24,1,3
BRDA:166,25,0,0
BRDA:166,26,0,3
BRDA:166,26,1,0
BRDA:173,27,0,0
BRDA:173,28,0,0
BRDA:173,28,1,0
BRDA:188,29,0,1
BRDA:202,30,0,0
BRF:50
BRH:25
end_of_record
TN:
SF:packages/cache-redis/src/redis/RedisSqlCacheAdapter.ts
FN:57,(anonymous_0)
FN:69,(anonymous_1)
FN:86,(anonymous_2)
FN:91,(anonymous_3)
FN:104,(anonymous_4)
FN:139,(anonymous_5)
FN:148,(anonymous_6)
FN:161,(anonymous_7)
FN:169,(anonymous_8)
FN:173,(anonymous_9)
FN:179,(anonymous_10)
FN:195,(anonymous_11)
FN:202,(anonymous_12)
FN:212,(anonymous_13)
FN:223,(anonymous_14)
FNF:15
FNH:15
FNDA:38,(anonymous_0)
FNDA:4,(anonymous_1)
FNDA:56,(anonymous_2)
FNDA:30,(anonymous_3)
FNDA:10,(anonymous_4)
FNDA:42,(anonymous_5)
FNDA:40,(anonymous_6)
FNDA:3,(anonymous_7)
FNDA:8,(anonymous_8)
FNDA:6,(anonymous_9)
FNDA:6,(anonymous_10)
FNDA:46,(anonymous_11)
FNDA:2,(anonymous_12)
FNDA:2,(anonymous_13)
FNDA:2,(anonymous_14)
DA:44,4
DA:54,38
DA:55,38
DA:58,38
DA:59,38
DA:60,38
DA:61,38
DA:62,38
DA:63,38
DA:64,38
DA:65,38
DA:66,38
DA:67,38
DA:68,38
DA:69,6
DA:70,4
DA:71,4
DA:72,3
DA:73,1
DA:74,1
DA:76,2
DA:77,1
DA:87,56
DA:88,56
DA:92,30
DA:93,30
DA:94,18
DA:95,1
DA:96,1
DA:99,17
DA:100,17
DA:101,17
DA:105,10
DA:106,10
DA:107,10
DA:108,2
DA:109,0
DA:112,2
DA:114,2
DA:115,2
DA:116,2
DA:121,8
DA:122,8
DA:123,8
DA:124,8
DA:126,5
DA:128,4
DA:129,4
DA:133,4
DA:135,1
DA:140,42
DA:141,42
DA:145,42
DA:146,40
DA:148,40
DA:149,40
DA:150,40
DA:151,2
DA:153,38
DA:162,3
DA:163,3
DA:164,1
DA:170,8
DA:174,6
DA:175,6
DA:176,10
DA:177,6
DA:178,6
DA:179,6
DA:180,6
DA:181,6
DA:186,6
DA:187,1
DA:189,6
DA:192,6
DA:196,46
DA:197,2
DA:198,2
DA:199,2
DA:200,2
DA:202,2
DA:203,2
DA:204,2
DA:213,2
DA:225,2
DA:226,63
DA:228,2
LF:87
LH:86
BRDA:60,0,0,38
BRDA:60,0,1,36
BRDA:61,1,0,38
BRDA:61,1,1,34
BRDA:62,2,0,38
BRDA:62,2,1,35
BRDA:63,3,0,38
BRDA:63,3,1,36
BRDA:64,4,0,38
BRDA:64,4,1,35
BRDA:68,5,0,6
BRDA:68,6,0,38
BRDA:68,6,1,6
BRDA:72,7,0,1
BRDA:76,8,0,1
BRDA:76,9,0,2
BRDA:76,9,1,1
BRDA:87,10,0,2
BRDA:87,10,1,54
BRDA:93,11,0,12
BRDA:94,12,0,1
BRDA:94,13,0,18
BRDA:94,13,1,2
BRDA:94,13,2,2
BRDA:107,14,0,2
BRDA:108,15,0,0
BRDA:108,15,1,2
BRDA:108,16,0,2
BRDA:108,16,1,0
BRDA:108,16,2,0
BRDA:124,17,0,3
BRDA:145,18,0,2
BRDA:150,19,0,2
BRDA:150,19,1,38
BRDA:150,20,0,40
BRDA:150,20,1,2
BRDA:163,21,0,1
BRDA:163,22,0,3
BRDA:163,22,1,1
BRDA:176,23,0,6
BRDA:186,24,0,1
BRDA:186,25,0,6
BRDA:186,25,1,1
BRDA:198,26,0,0
BRF:44
BRH:40
end_of_record
TN:
SF:packages/cache/src/CachePolicy.ts
FN:15,CachePolicy
FN:16,(anonymous_1)
FN:28,(anonymous_2)
FN:43,getCachePolicy
FNF:4
FNH:3
FNDA:13,CachePolicy
FNDA:13,(anonymous_1)
FNDA:0,(anonymous_2)
FNDA:13,getCachePolicy
DA:9,1
DA:15,1
DA:16,13
DA:21,13
DA:26,12
DA:27,12
DA:29,0
DA:30,0
DA:33,12
DA:36,1
DA:43,1
DA:44,13
LF:12
LH:10
BRDA:21,0,0,12
BRDA:22,1,0,13
BRDA:22,1,1,12
BRDA:22,1,2,12
BRF:4
BRH:4
end_of_record
TN:
SF:packages/cache/src/EntityCache.ts
FN:23,(anonymous_0)
FN:30,(anonymous_1)
FN:35,(anonymous_2)
FN:42,(anonymous_3)
FN:60,(anonymous_4)
FN:67,(anonymous_5)
FN:72,(anonymous_6)
FNF:7
FNH:7
FNDA:18,(anonymous_0)
FNDA:63,(anonymous_1)
FNDA:23,(anonymous_2)
FNDA:43,(anonymous_3)
FNDA:3,(anonymous_4)
FNDA:1,(anonymous_5)
FNDA:12,(anonymous_6)
DA:1,1
DA:14,1
DA:15,18
DA:24,18
DA:25,18
DA:26,18
DA:31,63
DA:36,23
DA:37,21
DA:38,21
DA:43,43
DA:44,41
DA:45,8
DA:46,8
DA:47,8
DA:48,8
DA:49,8
DA:55,41
DA:56,41
DA:61,3
DA:62,1
DA:63,1
DA:68,1
DA:73,12
LF:24
LH:24
BRDA:23,0,0,0
BRDA:36,1,0,2
BRDA:36,2,0,23
BRDA:36,2,1,22
BRDA:43,3,0,2
BRDA:43,4,0,43
BRDA:43,4,1,42
BRDA:44,5,0,8
BRDA:46,6,0,8
BRDA:61,7,0,2
BRDA:61,8,0,3
BRDA:61,8,1,2
BRF:12
BRH:11
end_of_record
TN:
SF:packages/cli/src/CommandRegistry.ts
FN:7,(anonymous_0)
FN:19,(anonymous_1)
FN:24,(anonymous_2)
FN:28,(anonymous_3)
FN:29,(anonymous_4)
FNF:5
FNH:4
FNDA:3,(anonymous_0)
FNDA:8,(anonymous_1)
FNDA:0,(anonymous_2)
FNDA:2,(anonymous_3)
FNDA:4,(anonymous_4)
DA:3,3
DA:8,3
DA:9,3
DA:10,3
DA:11,6
DA:12,6
DA:13,5
DA:16,3
DA:20,8
DA:21,8
DA:25,0
DA:29,4
LF:12
LH:11
BRDA:12,0,0,4
BRDA:20,1,0,0
BRF:2
BRH:1
end_of_record
TN:
SF:packages/cli/src/config.ts
FN:4,tryLoadConfig
FNF:1
FNH:1
FNDA:16,tryLoadConfig
DA:1,5
DA:2,5
DA:4,5
DA:5,16
DA:11,16
DA:12,64
DA:13,64
DA:14,0
DA:15,0
DA:17,0
DA:18,0
DA:20,0
DA:21,0
DA:24,16
LF:14
LH:8
BRDA:13,0,0,64
BRDA:15,1,0,0
BRDA:18,2,0,0
BRDA:18,2,1,0
BRDA:18,2,2,0
BRF:5
BRH:1
end_of_record
TN:
SF:packages/cli/src/provider-factory.ts
FN:8,createProviderFromEnv
FN:16,isPg
FN:20,isMs
FN:24,createPg
FN:52,(anonymous_13)
FN:72,createMy
FN:80,(anonymous_15)
FN:97,createMs
FN:103,(anonymous_17)
FN:111,(anonymous_18)
FN:133,readPoolHealthCircuitFromEnv
FN:144,readPoolFromEnv
FN:156,readHealthFromEnv
FN:174,readCircuitFromEnv
FN:192,readFallbackPolicyFromEnv
FN:195,(anonymous_24)
FN:223,isEmpty
FNF:17
FNH:11
FNDA:8,createProviderFromEnv
FNDA:8,isPg
FNDA:0,isMs
FNDA:6,createPg
FNDA:5,(anonymous_13)
FNDA:2,createMy
FNDA:1,(anonymous_15)
FNDA:0,createMs
FNDA:0,(anonymous_17)
FNDA:0,(anonymous_18)
FNDA:6,readPoolHealthCircuitFromEnv
FNDA:6,readPoolFromEnv
FNDA:6,readHealthFromEnv
FNDA:6,readCircuitFromEnv
FNDA:0,readFallbackPolicyFromEnv
FNDA:0,(anonymous_24)
FNDA:18,isEmpty
DA:8,1
DA:9,8
DA:10,8
DA:11,2
DA:12,0
DA:13,0
DA:17,8
DA:21,0
DA:25,6
DA:26,6
DA:27,5
DA:29,5
DA:30,5
DA:32,5
DA:33,5
DA:34,5
DA:35,5
DA:37,5
DA:38,0
DA:39,5
DA:40,0
DA:41,5
DA:42,0
DA:43,0
DA:44,0
DA:45,0
DA:46,0
DA:47,0
DA:48,0
DA:52,10
DA:53,5
DA:68,5
DA:69,5
DA:73,2
DA:74,2
DA:75,1
DA:77,1
DA:78,1
DA:80,2
DA:81,1
DA:93,1
DA:94,1
DA:98,0
DA:99,0
DA:100,0
DA:102,0
DA:104,0
DA:105,0
DA:106,0
DA:111,0
DA:112,0
DA:129,0
DA:130,0
DA:138,6
DA:139,6
DA:140,6
DA:141,6
DA:145,6
DA:146,6
DA:147,6
DA:148,6
DA:149,6
DA:150,2
DA:151,6
DA:152,1
DA:153,6
DA:157,6
DA:158,6
DA:159,6
DA:160,3
DA:161,6
DA:162,6
DA:163,6
DA:164,1
DA:165,6
DA:166,1
DA:167,6
DA:168,1
DA:169,6
DA:170,1
DA:171,6
DA:175,6
DA:176,6
DA:177,6
DA:178,6
DA:179,6
DA:180,0
DA:181,6
DA:182,0
DA:183,6
DA:184,0
DA:185,6
DA:192,1
DA:193,0
DA:194,0
DA:195,0
DA:196,0
DA:199,0
DA:200,0
DA:201,0
DA:202,0
DA:203,0
DA:204,0
DA:205,0
DA:206,0
DA:208,0
DA:209,0
DA:210,0
DA:211,0
DA:212,0
DA:213,0
DA:215,0
DA:216,0
DA:220,0
DA:224,18
LF:115
LH:68
BRDA:9,0,0,8
BRDA:9,0,1,0
BRDA:10,1,0,6
BRDA:11,2,0,2
BRDA:12,3,0,0
BRDA:17,4,0,8
BRDA:17,4,1,4
BRDA:17,4,2,3
BRDA:21,5,0,0
BRDA:21,5,1,0
BRDA:25,6,0,6
BRDA:25,6,1,2
BRDA:25,6,2,1
BRDA:26,7,0,1
BRDA:35,8,0,5
BRDA:35,8,1,5
BRDA:37,9,0,0
BRDA:37,9,1,5
BRDA:38,10,0,0
BRDA:38,10,1,0
BRDA:39,11,0,0
BRDA:39,11,1,5
BRDA:40,12,0,0
BRDA:40,12,1,0
BRDA:41,13,0,0
BRDA:43,14,0,0
BRDA:43,14,1,0
BRDA:45,15,0,0
BRDA:45,15,1,0
BRDA:45,16,0,0
BRDA:45,16,1,0
BRDA:47,17,0,0
BRDA:47,18,0,0
BRDA:47,18,1,0
BRDA:47,18,2,0
BRDA:55,19,0,2
BRDA:55,19,1,3
BRDA:60,20,0,5
BRDA:60,20,1,5
BRDA:61,21,0,5
BRDA:61,21,1,5
BRDA:62,22,0,0
BRDA:62,22,1,5
BRDA:68,23,0,2
BRDA:73,24,0,2
BRDA:73,24,1,1
BRDA:73,24,2,1
BRDA:74,25,0,1
BRDA:83,26,0,1
BRDA:83,26,1,0
BRDA:87,27,0,1
BRDA:87,27,1,1
BRDA:88,28,0,1
BRDA:88,28,1,1
BRDA:89,29,0,1
BRDA:89,29,1,1
BRDA:93,30,0,0
BRDA:98,31,0,0
BRDA:98,31,1,0
BRDA:98,31,2,0
BRDA:99,32,0,0
BRDA:105,33,0,0
BRDA:105,34,0,0
BRDA:105,34,1,0
BRDA:113,35,0,0
BRDA:113,35,1,0
BRDA:114,36,0,0
BRDA:114,36,1,0
BRDA:114,36,2,0
BRDA:115,37,0,0
BRDA:115,37,1,0
BRDA:116,38,0,0
BRDA:116,38,1,0
BRDA:117,39,0,0
BRDA:117,39,1,0
BRDA:119,40,0,0
BRDA:119,40,1,0
BRDA:121,41,0,0
BRDA:121,41,1,0
BRDA:122,42,0,0
BRDA:122,42,1,0
BRDA:129,43,0,0
BRDA:146,44,0,3
BRDA:147,45,0,3
BRDA:148,46,0,2
BRDA:149,47,0,2
BRDA:151,48,0,1
BRDA:153,49,0,3
BRDA:153,49,1,3
BRDA:158,50,0,3
BRDA:159,51,0,3
BRDA:161,52,0,2
BRDA:162,53,0,1
BRDA:163,54,0,1
BRDA:165,55,0,1
BRDA:167,56,0,1
BRDA:169,57,0,1
BRDA:171,58,0,3
BRDA:171,58,1,3
BRDA:176,59,0,2
BRDA:177,60,0,2
BRDA:178,61,0,2
BRDA:179,62,0,0
BRDA:181,63,0,0
BRDA:183,64,0,0
BRDA:185,65,0,4
BRDA:185,65,1,2
BRDA:194,66,0,0
BRDA:200,67,0,0
BRDA:202,68,0,0
BRDA:204,69,0,0
BRDA:206,70,0,0
BRDA:209,71,0,0
BRDA:211,72,0,0
BRDA:213,73,0,0
BRDA:215,74,0,0
BRDA:220,75,0,0
BRDA:220,75,1,0
BRF:118
BRH:55
end_of_record
TN:
SF:packages/cli/src/schema-inspect.ts
FN:3,normalizeDbType
FN:15,mapPostgres
FN:27,mapMySql
FN:38,mapMssql
FN:49,tsTypeForOrm
FN:71,inspectTable
FN:101,(anonymous_6)
FN:142,(anonymous_7)
FN:151,(anonymous_8)
FN:160,listAllTables
FN:171,(anonymous_10)
FN:177,(anonymous_11)
FN:184,(anonymous_12)
FNF:13
FNH:6
FNDA:5,normalizeDbType
FNDA:3,mapPostgres
FNDA:1,mapMySql
FNDA:1,mapMssql
FNDA:9,tsTypeForOrm
FNDA:0,inspectTable
FNDA:0,(anonymous_6)
FNDA:0,(anonymous_7)
FNDA:0,(anonymous_8)
FNDA:1,listAllTables
FNDA:0,(anonymous_10)
FNDA:0,(anonymous_11)
FNDA:0,(anonymous_12)
DA:3,2
DA:4,5
DA:5,5
DA:7,3
DA:9,1
DA:11,1
DA:16,3
DA:17,2
DA:18,2
DA:19,2
DA:20,1
DA:21,1
DA:22,1
DA:23,1
DA:24,1
DA:28,1
DA:29,1
DA:30,1
DA:31,1
DA:32,0
DA:33,0
DA:34,0
DA:35,0
DA:39,1
DA:40,1
DA:41,1
DA:42,1
DA:43,1
DA:44,1
DA:45,1
DA:46,0
DA:49,2
DA:50,9
DA:54,2
DA:56,1
DA:58,1
DA:60,1
DA:62,1
DA:65,2
DA:67,1
DA:71,2
DA:85,0
DA:86,0
DA:87,0
DA:88,0
DA:97,0
DA:101,0
DA:102,0
DA:103,0
DA:104,0
DA:111,0
DA:112,0
DA:121,0
DA:122,0
DA:129,0
DA:130,0
DA:138,0
DA:142,0
DA:143,0
DA:144,0
DA:151,0
DA:160,2
DA:165,1
DA:166,1
DA:167,1
DA:171,1
DA:173,0
DA:174,0
DA:177,0
DA:179,0
DA:180,0
DA:184,0
LF:72
LH:41
BRDA:4,0,0,5
BRDA:4,0,1,0
BRDA:5,1,0,3
BRDA:5,1,1,1
BRDA:5,1,2,1
BRDA:16,2,0,1
BRDA:17,3,0,0
BRDA:18,4,0,0
BRDA:19,5,0,1
BRDA:20,6,0,0
BRDA:20,7,0,0
BRDA:20,7,1,0
BRDA:21,8,0,0
BRDA:22,9,0,0
BRDA:23,10,0,0
BRDA:28,11,0,0
BRDA:29,12,0,0
BRDA:30,13,0,0
BRDA:31,14,0,1
BRDA:32,15,0,0
BRDA:33,16,0,0
BRDA:34,17,0,0
BRDA:39,18,0,0
BRDA:40,19,0,0
BRDA:41,20,0,0
BRDA:42,21,0,0
BRDA:43,22,0,0
BRDA:44,23,0,0
BRDA:45,24,0,1
BRDA:50,25,0,1
BRDA:50,25,1,1
BRDA:50,25,2,2
BRDA:50,25,3,1
BRDA:50,25,4,1
BRDA:50,25,5,1
BRDA:50,25,6,1
BRDA:50,25,7,1
BRDA:50,25,8,2
BRDA:50,25,9,1
BRDA:86,26,0,0
BRDA:86,26,1,0
BRDA:87,27,0,0
BRDA:87,27,1,0
BRDA:103,28,0,0
BRDA:103,28,1,0
BRDA:103,28,2,0
BRDA:111,29,0,0
BRDA:111,29,1,0
BRDA:129,30,0,0
BRDA:129,30,1,0
BRDA:165,31,0,1
BRDA:166,32,0,1
BRDA:166,32,1,1
BRDA:173,33,0,0
BRDA:179,34,0,0
BRDA:179,34,1,0
BRF:56
BRH:21
end_of_record
TN:
SF:packages/cli/src/utils.ts
FN:4,getFlag
FN:18,resolveDialect
FN:25,ensureDir
FN:29,writeFileIfMissing
FN:36,validateEnv
FN:37,(anonymous_14)
FNF:6
FNH:6
FNDA:36,getFlag
FNDA:23,resolveDialect
FNDA:4,ensureDir
FNDA:2,writeFileIfMissing
FNDA:1,validateEnv
FNDA:1,(anonymous_14)
DA:1,7
DA:2,7
DA:4,7
DA:5,36
DA:6,36
DA:7,81
DA:8,81
DA:9,10
DA:10,10
DA:11,9
DA:13,71
DA:15,25
DA:18,7
DA:19,23
DA:20,23
DA:25,7
DA:26,4
DA:29,7
DA:30,2
DA:31,1
DA:32,1
DA:36,7
DA:37,1
DA:38,1
DA:39,1
DA:40,1
DA:42,0
LF:27
LH:26
BRDA:8,0,0,10
BRDA:10,1,0,1
BRDA:10,2,0,10
BRDA:10,2,1,1
BRDA:13,3,0,1
BRDA:20,4,0,16
BRDA:20,4,1,7
BRDA:26,5,0,1
BRDA:30,6,0,1
BRDA:38,7,0,1
BRF:10
BRH:10
end_of_record
TN:
SF:packages/cli/src/adapters/ConsoleLogger.ts
FN:4,(anonymous_0)
FN:7,(anonymous_1)
FN:10,(anonymous_2)
FNF:3
FNH:3
FNDA:9,(anonymous_0)
FNDA:1,(anonymous_1)
FNDA:4,(anonymous_2)
DA:3,14
DA:5,9
DA:8,1
DA:11,4
LF:4
LH:4
BRF:0
BRH:0
end_of_record
TN:
SF:packages/cli/src/adapters/NodeFs.ts
FN:7,(anonymous_9)
FN:10,(anonymous_10)
FN:13,(anonymous_11)
FN:18,(anonymous_12)
FN:21,(anonymous_13)
FNF:5
FNH:4
FNDA:6,(anonymous_9)
FNDA:1,(anonymous_10)
FNDA:1,(anonymous_11)
FNDA:0,(anonymous_12)
FNDA:5,(anonymous_13)
DA:1,13
DA:2,13
DA:6,13
DA:8,6
DA:11,1
DA:14,1
DA:15,1
DA:16,1
DA:19,0
DA:22,5
LF:10
LH:9
BRDA:15,0,0,1
BRDA:19,1,0,0
BRF:2
BRH:1
end_of_record
TN:
SF:packages/cli/src/bootstrap/StubDatabaseProvider.ts
FN:12,(anonymous_0)
FN:22,(anonymous_1)
FN:25,(anonymous_2)
FN:38,(anonymous_3)
FN:42,(anonymous_4)
FN:46,(anonymous_5)
FN:50,(anonymous_6)
FN:54,(anonymous_7)
FN:58,(anonymous_8)
FN:62,(anonymous_9)
FN:66,(anonymous_10)
FN:70,(anonymous_11)
FN:74,(anonymous_12)
FN:81,(anonymous_13)
FN:85,(anonymous_14)
FN:92,(anonymous_15)
FN:100,(anonymous_16)
FN:104,(anonymous_17)
FN:111,(anonymous_18)
FN:115,(anonymous_19)
FN:119,(anonymous_20)
FN:123,(anonymous_21)
FNF:22
FNH:0
FNDA:0,(anonymous_0)
FNDA:0,(anonymous_1)
FNDA:0,(anonymous_2)
FNDA:0,(anonymous_3)
FNDA:0,(anonymous_4)
FNDA:0,(anonymous_5)
FNDA:0,(anonymous_6)
FNDA:0,(anonymous_7)
FNDA:0,(anonymous_8)
FNDA:0,(anonymous_9)
FNDA:0,(anonymous_10)
FNDA:0,(anonymous_11)
FNDA:0,(anonymous_12)
FNDA:0,(anonymous_13)
FNDA:0,(anonymous_14)
FNDA:0,(anonymous_15)
FNDA:0,(anonymous_16)
FNDA:0,(anonymous_17)
FNDA:0,(anonymous_18)
FNDA:0,(anonymous_19)
FNDA:0,(anonymous_20)
FNDA:0,(anonymous_21)
DA:1,1
DA:11,1
DA:13,0
DA:17,0
DA:21,1
DA:23,0
DA:26,0
DA:37,1
DA:39,0
DA:43,0
DA:55,0
DA:59,0
DA:63,0
DA:67,0
DA:71,0
DA:78,0
DA:82,0
DA:89,0
DA:97,0
DA:101,0
DA:108,0
DA:112,0
DA:116,0
DA:120,0
DA:130,0
LF:25
LH:4
BRF:0
BRH:0
end_of_record
TN:
SF:packages/cli/src/commands/DbContextOptimizeCommand.ts
FN:33,(anonymous_9)
FN:39,(anonymous_10)
FN:117,(anonymous_11)
FN:120,(anonymous_12)
FN:139,(anonymous_13)
FN:154,(anonymous_14)
FNF:6
FNH:2
FNDA:2,(anonymous_9)
FNDA:2,(anonymous_10)
FNDA:0,(anonymous_11)
FNDA:0,(anonymous_12)
FNDA:0,(anonymous_13)
FNDA:0,(anonymous_14)
DA:1,1
DA:2,1
DA:4,1
DA:5,1
DA:6,1
DA:7,1
DA:10,1
DA:27,1
DA:28,2
DA:29,2
DA:31,2
DA:34,2
DA:35,2
DA:36,2
DA:40,2
DA:42,2
DA:43,2
DA:44,1
DA:45,1
DA:46,1
DA:49,1
DA:50,1
DA:52,1
DA:55,1
DA:56,1
DA:58,1
DA:61,1
DA:62,1
DA:65,0
DA:66,0
DA:67,0
DA:71,0
DA:72,0
DA:75,0
DA:76,0
DA:78,0
DA:79,0
DA:81,0
DA:82,0
DA:89,0
DA:90,0
DA:96,0
DA:97,0
DA:98,0
DA:104,0
DA:106,0
DA:108,0
DA:109,0
DA:110,0
DA:111,0
DA:112,0
DA:115,0
DA:117,0
DA:118,0
DA:120,0
DA:123,0
DA:124,0
DA:128,0
DA:129,0
DA:132,0
DA:133,0
DA:136,0
DA:144,0
DA:145,0
DA:146,0
DA:147,0
DA:148,0
DA:151,0
DA:155,0
DA:156,0
DA:157,0
DA:158,0
DA:160,0
LF:73
LH:28
BRDA:34,0,0,0
BRDA:35,1,0,0
BRDA:36,2,0,2
BRDA:43,3,0,1
BRDA:49,4,0,1
BRDA:49,4,1,1
BRDA:59,5,0,0
BRDA:59,5,1,1
BRDA:66,6,0,0
BRDA:89,7,0,0
BRDA:91,8,0,0
BRDA:91,8,1,0
BRDA:97,9,0,0
BRDA:108,10,0,0
BRDA:109,11,0,0
BRDA:123,12,0,0
BRDA:146,13,0,0
BRDA:147,14,0,0
BRDA:156,15,0,0
BRDA:156,15,1,0
BRDA:157,16,0,0
BRF:21
BRH:5
end_of_record
TN:
SF:packages/cli/src/commands/GenerateEntitiesCommand.ts
FN:19,(anonymous_9)
FN:25,(anonymous_10)
FN:43,(anonymous_11)
FNF:3
FNH:3
FNDA:4,(anonymous_9)
FNDA:4,(anonymous_10)
FNDA:4,(anonymous_11)
DA:2,2
DA:4,2
DA:5,2
DA:6,2
DA:9,2
DA:10,2
DA:11,2
DA:14,2
DA:15,4
DA:16,4
DA:17,4
DA:20,4
DA:21,4
DA:22,4
DA:26,4
DA:27,4
DA:28,4
DA:29,4
DA:30,4
DA:31,4
DA:32,4
DA:33,4
DA:34,2
DA:35,2
DA:37,2
DA:38,4
DA:39,4
DA:43,4
DA:45,4
DA:46,4
DA:47,2
DA:48,2
DA:49,2
LF:33
LH:33
BRDA:20,0,0,0
BRDA:21,1,0,0
BRDA:22,2,0,1
BRDA:27,3,0,4
BRDA:27,3,1,1
BRDA:28,4,0,4
BRDA:28,4,1,4
BRDA:33,5,0,2
BRDA:46,6,0,2
BRF:9
BRH:7
end_of_record
TN:
SF:packages/cli/src/commands/GenerateEntityCommand.ts
FN:19,(anonymous_9)
FN:25,(anonymous_10)
FN:35,(anonymous_11)
FN:40,(anonymous_12)
FNF:4
FNH:4
FNDA:7,(anonymous_9)
FNDA:7,(anonymous_10)
FNDA:6,(anonymous_11)
FNDA:7,(anonymous_12)
DA:2,2
DA:4,2
DA:5,2
DA:6,2
DA:9,2
DA:10,2
DA:11,2
DA:14,2
DA:15,7
DA:16,7
DA:17,7
DA:20,7
DA:21,7
DA:22,7
DA:26,7
DA:27,7
DA:28,7
DA:29,1
DA:32,1
DA:33,1
DA:35,6
DA:36,6
DA:40,7
DA:43,6
DA:44,6
DA:45,6
DA:46,6
DA:47,6
DA:48,6
DA:49,6
DA:50,6
DA:53,6
DA:54,2
DA:55,2
DA:56,2
DA:58,4
DA:61,6
DA:62,1
DA:63,1
DA:64,1
DA:66,5
DA:67,5
LF:42
LH:42
BRDA:20,0,0,0
BRDA:21,1,0,0
BRDA:22,2,0,1
BRDA:27,3,0,7
BRDA:27,3,1,1
BRDA:28,4,0,1
BRDA:44,5,0,6
BRDA:44,5,1,3
BRDA:45,6,0,6
BRDA:45,6,1,6
BRDA:46,7,0,6
BRDA:46,7,1,4
BRDA:47,8,0,6
BRDA:47,8,1,6
BRDA:53,9,0,2
BRDA:53,9,1,4
BRDA:61,10,0,1
BRF:17
BRH:15
end_of_record
TN:
SF:packages/cli/src/commands/GenerateMigrationCommand.ts
FN:15,(anonymous_9)
FN:21,(anonymous_10)
FNF:2
FNH:2
FNDA:2,(anonymous_9)
FNDA:2,(anonymous_10)
DA:1,2
DA:3,2
DA:4,2
DA:5,2
DA:10,2
DA:11,2
DA:12,2
DA:13,2
DA:16,2
DA:17,2
DA:18,2
DA:22,2
DA:26,2
DA:30,2
DA:31,2
DA:32,2
DA:33,2
DA:34,2
DA:35,2
DA:36,2
LF:20
LH:20
BRDA:16,0,0,0
BRDA:17,1,0,0
BRDA:18,2,0,1
BRDA:22,3,0,0
BRDA:22,3,1,2
BRDA:22,4,0,2
BRDA:22,4,1,0
BRDA:22,5,0,2
BRDA:22,5,1,0
BRF:9
BRH:4
end_of_record
TN:
SF:packages/cli/src/commands/MetricsServeCommand.ts
FN:12,(anonymous_0)
FN:14,(anonymous_1)
FN:19,(anonymous_2)
FN:30,(anonymous_3)
FN:31,(anonymous_4)
FN:33,(anonymous_5)
FN:44,(anonymous_6)
FNF:7
FNH:3
FNDA:1,(anonymous_0)
FNDA:1,(anonymous_1)
FNDA:0,(anonymous_2)
FNDA:0,(anonymous_3)
FNDA:0,(anonymous_4)
FNDA:0,(anonymous_5)
FNDA:1,(anonymous_6)
DA:1,1
DA:3,1
DA:7,1
DA:8,1
DA:9,1
DA:10,1
DA:12,1
DA:15,1
DA:16,1
DA:17,1
DA:18,1
DA:19,1
DA:20,0
DA:21,0
DA:22,0
DA:23,0
DA:25,0
DA:27,0
DA:30,1
DA:31,1
DA:33,1
DA:34,0
DA:37,0
DA:40,0
DA:46,1
DA:48,1
DA:49,2
DA:50,2
DA:51,2
DA:52,0
DA:53,0
DA:54,0
DA:56,2
DA:57,1
DA:58,1
DA:59,1
DA:60,1
DA:62,1
DA:63,0
DA:64,0
DA:65,0
DA:67,1
DA:68,1
DA:69,1
DA:70,1
DA:71,1
DA:74,0
DA:75,0
DA:76,0
DA:77,0
DA:78,0
DA:82,1
LF:52
LH:32
BRDA:12,0,0,0
BRDA:38,1,0,0
BRDA:38,1,1,0
BRDA:50,2,0,0
BRDA:51,3,0,0
BRDA:53,4,0,0
BRDA:53,5,0,0
BRDA:53,5,1,0
BRDA:56,6,0,1
BRDA:58,7,0,1
BRDA:58,8,0,1
BRDA:58,8,1,1
BRDA:62,9,0,0
BRDA:64,10,0,0
BRDA:64,11,0,0
BRDA:64,11,1,0
BRDA:67,12,0,1
BRDA:69,13,0,1
BRDA:69,14,0,1
BRDA:69,14,1,0
BRDA:74,15,0,0
BRDA:76,16,0,0
BRDA:76,17,0,0
BRDA:76,17,1,0
BRF:24
BRH:7
end_of_record
TN:
SF:packages/cli/src/commands/MigrationsBundleCommand.ts
FN:31,(anonymous_9)
FN:36,(anonymous_10)
FN:74,(anonymous_11)
FN:75,(anonymous_12)
FN:87,(anonymous_13)
FN:102,(anonymous_14)
FNF:6
FNH:6
FNDA:7,(anonymous_9)
FNDA:4,(anonymous_10)
FNDA:4,(anonymous_11)
FNDA:6,(anonymous_12)
FNDA:6,(anonymous_13)
FNDA:4,(anonymous_14)
DA:1,1
DA:4,1
DA:6,1
DA:7,1
DA:8,1
DA:26,1
DA:27,7
DA:28,7
DA:29,7
DA:32,7
DA:33,7
DA:37,4
DA:38,4
DA:40,4
DA:41,1
DA:42,1
DA:43,1
DA:44,1
DA:47,3
DA:49,3
DA:50,3
DA:51,3
DA:52,3
DA:54,3
DA:56,3
DA:57,3
DA:62,0
DA:63,0
DA:65,3
DA:66,3
DA:75,6
DA:78,4
DA:79,1
DA:80,1
DA:82,0
DA:83,0
DA:87,6
DA:88,4
DA:90,4
DA:91,1
DA:92,1
DA:94,0
DA:95,0
DA:99,4
DA:103,4
DA:104,4
LF:46
LH:40
BRDA:32,0,0,3
BRDA:33,1,0,3
BRDA:40,2,0,1
BRDA:51,3,0,3
BRDA:51,3,1,2
BRDA:65,4,0,3
BRDA:65,4,1,0
BRDA:75,5,0,6
BRDA:75,5,1,5
BRDA:78,6,0,1
BRDA:79,7,0,1
BRDA:79,7,1,0
BRDA:87,8,0,6
BRDA:87,8,1,5
BRDA:90,9,0,1
BRDA:91,10,0,1
BRDA:91,10,1,0
BRDA:95,11,0,0
BRDA:95,11,1,0
BRDA:103,12,0,4
BRDA:103,12,1,4
BRDA:104,13,0,4
BRDA:104,13,1,4
BRF:23
BRH:18
end_of_record
TN:
SF:packages/cli/src/commands/MigrationsDryRunCommand.ts
FN:22,(anonymous_9)
FN:27,(anonymous_10)
FNF:2
FNH:2
FNDA:2,(anonymous_9)
FNDA:2,(anonymous_10)
DA:2,1
DA:8,1
DA:10,1
DA:11,1
DA:14,1
DA:17,1
DA:18,2
DA:19,2
DA:20,2
DA:23,2
DA:24,2
DA:28,2
DA:29,2
DA:30,1
DA:31,1
DA:32,1
DA:34,1
DA:35,1
DA:36,1
DA:37,1
DA:38,1
LF:21
LH:21
BRDA:23,0,0,0
BRDA:24,1,0,0
BRDA:28,2,0,2
BRDA:28,2,1,2
BRDA:29,3,0,1
BRF:5
BRH:3
end_of_record
TN:
SF:packages/cli/src/commands/MigrationsRollbackCommand.ts
FN:19,(anonymous_9)
FN:24,(anonymous_10)
FN:39,(anonymous_11)
FN:40,(anonymous_12)
FN:41,(anonymous_13)
FN:47,(anonymous_14)
FN:52,(anonymous_15)
FN:56,(anonymous_16)
FN:57,(anonymous_17)
FN:59,(anonymous_18)
FN:65,(anonymous_19)
FN:73,(anonymous_20)
FN:78,(anonymous_21)
FN:98,(anonymous_22)
FN:105,(anonymous_23)
FN:110,(anonymous_24)
FNF:16
FNH:15
FNDA:4,(anonymous_9)
FNDA:4,(anonymous_10)
FNDA:4,(anonymous_11)
FNDA:6,(anonymous_12)
FNDA:6,(anonymous_13)
FNDA:4,(anonymous_14)
FNDA:4,(anonymous_15)
FNDA:4,(anonymous_16)
FNDA:4,(anonymous_17)
FNDA:4,(anonymous_18)
FNDA:0,(anonymous_19)
FNDA:4,(anonymous_20)
FNDA:4,(anonymous_21)
FNDA:4,(anonymous_22)
FNDA:4,(anonymous_23)
FNDA:4,(anonymous_24)
DA:3,2
DA:4,2
DA:6,2
DA:7,2
DA:8,2
DA:13,2
DA:14,4
DA:15,4
DA:17,4
DA:20,4
DA:21,4
DA:25,4
DA:26,4
DA:27,4
DA:28,4
DA:30,4
DA:31,4
DA:33,4
DA:34,4
DA:35,4
DA:36,4
DA:40,6
DA:41,6
DA:42,4
DA:43,4
DA:44,4
DA:48,4
DA:49,4
DA:53,4
DA:54,2
DA:56,4
DA:57,4
DA:59,4
DA:60,2
DA:61,4
DA:62,2
DA:66,0
DA:67,0
DA:74,4
DA:79,4
DA:80,4
DA:81,4
DA:82,4
DA:83,4
DA:84,4
DA:85,4
DA:86,4
DA:87,4
DA:88,4
DA:89,4
DA:90,4
DA:103,4
DA:104,2
DA:105,4
DA:106,2
DA:107,2
DA:111,4
DA:112,4
DA:113,4
DA:115,0
DA:116,0
DA:117,0
DA:119,0
LF:63
LH:57
BRDA:20,0,0,1
BRDA:21,1,0,1
BRDA:42,2,0,2
BRDA:42,2,1,2
BRDA:42,3,0,2
BRDA:42,3,1,0
BRDA:43,4,0,2
BRDA:43,4,1,2
BRDA:48,5,0,4
BRDA:48,5,1,4
BRDA:49,6,0,4
BRDA:49,6,1,4
BRDA:53,7,0,2
BRDA:59,8,0,0
BRDA:81,9,0,0
BRDA:81,10,0,4
BRDA:81,10,1,4
BRDA:82,11,0,4
BRDA:82,11,1,0
BRDA:85,12,0,0
BRDA:85,13,0,4
BRDA:85,13,1,4
BRDA:89,14,0,4
BRDA:103,15,0,2
BRDA:104,16,0,0
BRDA:107,17,0,2
BRDA:107,17,1,0
BRDA:111,18,0,4
BRDA:115,19,0,0
BRF:29
BRH:21
end_of_record
TN:
SF:packages/cli/src/commands/MigrationsScriptCommand.ts
FN:34,(anonymous_9)
FN:39,(anonymous_10)
FN:74,(anonymous_11)
FN:76,(anonymous_12)
FN:91,(anonymous_13)
FN:96,(anonymous_14)
FN:103,(anonymous_15)
FN:109,(anonymous_16)
FN:117,(anonymous_17)
FN:136,(anonymous_18)
FN:138,(anonymous_19)
FN:141,(anonymous_20)
FN:176,(anonymous_21)
FN:178,(anonymous_22)
FN:180,(anonymous_23)
FN:190,(anonymous_24)
FN:208,(anonymous_25)
FNF:17
FNH:7
FNDA:7,(anonymous_9)
FNDA:4,(anonymous_10)
FNDA:4,(anonymous_11)
FNDA:6,(anonymous_12)
FNDA:4,(anonymous_13)
FNDA:4,(anonymous_14)
FNDA:3,(anonymous_15)
FNDA:0,(anonymous_16)
FNDA:0,(anonymous_17)
FNDA:0,(anonymous_18)
FNDA:0,(anonymous_19)
FNDA:0,(anonymous_20)
FNDA:0,(anonymous_21)
FNDA:0,(anonymous_22)
FNDA:0,(anonymous_23)
FNDA:0,(anonymous_24)
FNDA:0,(anonymous_25)
DA:1,1
DA:5,1
DA:7,1
DA:8,1
DA:9,1
DA:28,1
DA:29,7
DA:30,7
DA:32,7
DA:35,7
DA:36,7
DA:40,4
DA:41,4
DA:42,4
DA:44,4
DA:45,1
DA:46,1
DA:47,1
DA:50,3
DA:52,3
DA:53,3
DA:54,3
DA:57,0
DA:58,0
DA:60,0
DA:61,0
DA:62,0
DA:63,0
DA:64,0
DA:66,0
DA:75,4
DA:76,6
DA:79,4
DA:80,1
DA:81,1
DA:83,0
DA:84,0
DA:88,4
DA:92,4
DA:93,4
DA:97,4
DA:98,4
DA:99,4
DA:100,4
DA:107,3
DA:109,0
DA:112,3
DA:114,0
DA:117,0
DA:118,0
DA:121,0
DA:122,0
DA:123,0
DA:125,0
DA:126,0
DA:129,0
DA:131,0
DA:134,0
DA:135,0
DA:136,0
DA:138,0
DA:142,0
DA:145,0
DA:146,0
DA:148,0
DA:151,0
DA:152,0
DA:153,0
DA:154,0
DA:155,0
DA:157,0
DA:158,0
DA:159,0
DA:164,0
DA:166,0
DA:167,0
DA:169,0
DA:173,0
DA:177,0
DA:179,0
DA:180,0
DA:181,0
DA:182,0
DA:185,0
DA:191,0
DA:198,0
DA:199,0
DA:200,0
DA:201,0
DA:205,0
DA:209,0
DA:210,0
LF:92
LH:36
BRDA:35,0,0,3
BRDA:36,1,0,3
BRDA:44,2,0,1
BRDA:52,3,0,3
BRDA:58,4,0,0
BRDA:58,4,1,0
BRDA:60,5,0,0
BRDA:60,5,1,0
BRDA:76,6,0,6
BRDA:76,6,1,5
BRDA:79,7,0,1
BRDA:80,8,0,1
BRDA:80,8,1,0
BRDA:92,9,0,4
BRDA:92,9,1,4
BRDA:93,10,0,4
BRDA:93,10,1,4
BRDA:97,11,0,4
BRDA:97,11,1,0
BRDA:98,12,0,0
BRDA:99,13,0,0
BRDA:112,14,0,3
BRDA:117,15,0,0
BRDA:123,16,0,0
BRDA:153,17,0,0
BRDA:154,18,0,0
BRDA:154,18,1,0
BRDA:155,19,0,0
BRDA:155,20,0,0
BRDA:155,20,1,0
BRDA:164,21,0,0
BRDA:179,22,0,0
BRF:32
BRH:14
end_of_record
TN:
SF:packages/cli/src/commands/MigrationsStatusCommand.ts
FN:17,(anonymous_9)
FN:22,(anonymous_10)
FN:26,(anonymous_11)
FN:34,(anonymous_12)
FN:41,(anonymous_13)
FN:42,(anonymous_14)
FNF:6
FNH:6
FNDA:1,(anonymous_9)
FNDA:1,(anonymous_10)
FNDA:1,(anonymous_11)
FNDA:1,(anonymous_12)
FNDA:1,(anonymous_13)
FNDA:2,(anonymous_14)
DA:2,1
DA:3,1
DA:5,1
DA:6,1
DA:7,1
DA:12,1
DA:13,1
DA:14,1
DA:15,1
DA:18,1
DA:19,1
DA:23,1
DA:24,1
DA:26,1
DA:27,1
DA:28,1
DA:29,1
DA:30,1
DA:31,2
DA:32,2
DA:34,1
DA:35,1
DA:38,1
DA:39,1
DA:40,1
DA:41,1
DA:42,2
DA:44,1
DA:45,1
DA:46,1
DA:47,1
DA:48,1
LF:32
LH:32
BRDA:18,0,0,0
BRDA:19,1,0,0
BRDA:23,2,0,1
BRDA:23,2,1,1
BRDA:24,3,0,1
BRDA:24,3,1,1
BRDA:27,4,0,0
BRDA:32,5,0,2
BRF:8
BRH:5
end_of_record
TN:
SF:packages/cli/src/commands/MigrationsValidateCommand.ts
FN:16,(anonymous_9)
FN:21,(anonymous_10)
FN:39,(anonymous_11)
FN:44,(anonymous_12)
FN:47,(anonymous_13)
FN:48,(anonymous_14)
FN:51,(anonymous_15)
FN:57,(anonymous_16)
FN:65,(anonymous_17)
FN:68,(anonymous_18)
FN:76,(anonymous_19)
FN:77,(anonymous_20)
FN:78,(anonymous_21)
FN:87,(anonymous_22)
FN:88,(anonymous_23)
FN:96,(anonymous_24)
FN:137,(anonymous_25)
FNF:17
FNH:17
FNDA:3,(anonymous_9)
FNDA:3,(anonymous_10)
FNDA:3,(anonymous_11)
FNDA:3,(anonymous_12)
FNDA:4,(anonymous_13)
FNDA:4,(anonymous_14)
FNDA:3,(anonymous_15)
FNDA:4,(anonymous_16)
FNDA:4,(anonymous_17)
FNDA:3,(anonymous_18)
FNDA:3,(anonymous_19)
FNDA:1,(anonymous_20)
FNDA:1,(anonymous_21)
FNDA:3,(anonymous_22)
FNDA:3,(anonymous_23)
FNDA:3,(anonymous_24)
FNDA:3,(anonymous_25)
DA:1,1
DA:3,1
DA:4,1
DA:5,1
DA:10,1
DA:11,3
DA:12,3
DA:14,3
DA:17,3
DA:18,3
DA:22,3
DA:23,3
DA:24,0
DA:25,0
DA:26,0
DA:28,3
DA:29,3
DA:30,3
DA:31,3
DA:32,3
DA:33,3
DA:34,3
DA:35,3
DA:36,3
DA:40,3
DA:41,3
DA:45,3
DA:47,4
DA:48,4
DA:55,3
DA:56,3
DA:58,4
DA:59,4
DA:60,1
DA:61,1
DA:63,3
DA:65,4
DA:69,3
DA:70,3
DA:71,3
DA:72,3
DA:77,3
DA:78,3
DA:79,3
DA:80,3
DA:81,0
DA:82,0
DA:88,3
DA:89,0
DA:90,0
DA:106,3
DA:107,3
DA:108,3
DA:109,3
DA:110,3
DA:111,0
DA:112,0
DA:114,3
DA:115,3
DA:116,0
DA:117,0
DA:119,3
DA:120,3
DA:121,3
DA:122,0
DA:124,3
DA:125,0
DA:127,3
DA:128,3
DA:129,3
DA:132,0
DA:138,3
DA:139,2
DA:140,2
DA:141,2
DA:142,2
DA:144,1
DA:145,1
LF:78
LH:64
BRDA:17,0,0,0
BRDA:18,1,0,3
BRDA:23,2,0,0
BRDA:40,3,0,3
BRDA:40,3,1,3
BRDA:41,4,0,3
BRDA:41,4,1,3
BRDA:59,5,0,1
BRDA:71,6,0,1
BRDA:80,7,0,0
BRDA:88,8,0,3
BRDA:109,9,0,3
BRDA:109,9,1,0
BRDA:110,10,0,0
BRDA:115,11,0,0
BRDA:115,12,0,3
BRDA:115,12,1,3
BRDA:121,13,0,0
BRDA:121,14,0,3
BRDA:121,14,1,3
BRDA:124,15,0,0
BRDA:124,16,0,3
BRDA:124,16,1,3
BRDA:127,17,0,3
BRDA:129,18,0,0
BRDA:138,19,0,2
BRF:26
BRH:17
end_of_record
TN:
SF:packages/cli/src/commands/SchemaApplyCommand.ts
FN:22,(anonymous_9)
FN:27,(anonymous_10)
FNF:2
FNH:2
FNDA:16,(anonymous_9)
FNDA:16,(anonymous_10)
DA:2,4
DA:8,4
DA:10,4
DA:11,4
DA:14,4
DA:17,4
DA:18,16
DA:19,16
DA:20,16
DA:23,16
DA:24,16
DA:28,16
DA:29,16
DA:30,16
DA:31,16
DA:32,3
DA:33,3
DA:34,3
DA:36,13
DA:37,13
DA:38,13
DA:39,13
DA:40,13
DA:41,13
DA:42,20
DA:43,20
DA:44,20
DA:45,4
DA:46,4
DA:48,16
DA:49,4
DA:52,4
DA:53,4
DA:56,12
DA:57,12
DA:59,9
LF:36
LH:36
BRDA:23,0,0,0
BRDA:24,1,0,0
BRDA:28,2,0,16
BRDA:28,2,1,0
BRDA:31,3,0,3
BRDA:42,4,0,0
BRDA:44,5,0,4
BRDA:48,6,0,4
BRDA:48,7,0,16
BRDA:48,7,1,8
BRDA:59,8,0,6
BRF:11
BRH:7
end_of_record
TN:
SF:packages/cli/src/commands/SchemaDiffCommand.ts
FN:22,(anonymous_9)
FN:27,(anonymous_10)
FNF:2
FNH:2
FNDA:2,(anonymous_9)
FNDA:4,(anonymous_10)
DA:2,2
DA:8,2
DA:10,2
DA:11,2
DA:14,2
DA:17,2
DA:18,2
DA:19,2
DA:20,2
DA:23,2
DA:24,2
DA:28,4
DA:29,4
DA:30,2
DA:31,2
DA:32,2
DA:34,2
DA:35,2
DA:36,2
DA:37,2
DA:38,2
LF:21
LH:21
BRDA:23,0,0,0
BRDA:24,1,0,0
BRDA:28,2,0,4
BRDA:28,2,1,2
BRDA:29,3,0,2
BRF:5
BRH:3
end_of_record
TN:
SF:packages/cli/src/commands/SchemaExportCommand.ts
FN:15,(anonymous_9)
FN:20,(anonymous_10)
FNF:2
FNH:2
FNDA:2,(anonymous_9)
FNDA:2,(anonymous_10)
DA:1,2
DA:2,2
DA:4,2
DA:5,2
DA:10,2
DA:11,2
DA:12,2
DA:13,2
DA:16,2
DA:17,2
DA:21,2
DA:22,2
DA:23,2
DA:24,2
DA:25,2
DA:26,2
LF:16
LH:16
BRDA:16,0,0,0
BRDA:17,1,0,0
BRDA:21,2,0,2
BRDA:21,2,1,1
BRF:4
BRH:2
end_of_record
TN:
SF:packages/cli/src/commands/SchemaValidateCommand.ts
FN:22,(anonymous_9)
FN:27,(anonymous_10)
FNF:2
FNH:2
FNDA:3,(anonymous_9)
FNDA:3,(anonymous_10)
DA:2,2
DA:8,2
DA:10,2
DA:11,2
DA:14,2
DA:17,2
DA:18,3
DA:19,3
DA:20,3
DA:23,3
DA:24,3
DA:28,3
DA:29,3
DA:30,1
DA:31,1
DA:32,1
DA:34,2
DA:35,2
DA:36,2
DA:37,2
DA:38,2
DA:39,1
DA:40,1
DA:41,1
DA:43,1
LF:25
LH:25
BRDA:23,0,0,0
BRDA:24,1,0,0
BRDA:28,2,0,3
BRDA:28,2,1,2
BRDA:29,3,0,1
BRDA:38,4,0,1
BRDA:38,4,1,1
BRF:7
BRH:5
end_of_record
TN:
SF:packages/cli/src/commands/SeedCommand.ts
FN:15,(anonymous_9)
FN:20,(anonymous_10)
FN:30,(anonymous_11)
FNF:3
FNH:3
FNDA:3,(anonymous_9)
FNDA:3,(anonymous_10)
FNDA:8,(anonymous_11)
DA:2,2
DA:4,2
DA:5,2
DA:10,2
DA:11,3
DA:12,3
DA:13,3
DA:16,3
DA:17,3
DA:21,3
DA:22,3
DA:23,1
DA:24,1
DA:25,1
DA:27,2
DA:28,2
DA:30,8
DA:32,2
DA:33,5
DA:35,2
LF:20
LH:20
BRDA:16,0,0,0
BRDA:17,1,0,0
BRDA:21,2,0,3
BRDA:21,2,1,2
BRDA:22,3,0,1
BRF:5
BRH:3
end_of_record
TN:
SF:packages/cli/src/generators/CompiledModelEmitter.ts
FN:15,toSnakeKebab
FN:17,(anonymous_10)
FN:21,buildCompiledEntity
FN:24,(anonymous_12)
FN:40,(anonymous_13)
FN:58,(anonymous_14)
FN:84,(anonymous_15)
FN:94,(anonymous_16)
FN:106,(anonymous_17)
FN:130,(anonymous_18)
FN:145,(anonymous_19)
FN:148,(anonymous_20)
FN:164,(anonymous_21)
FN:168,collectClassNames
FN:207,(anonymous_23)
FN:209,(anonymous_24)
FNF:16
FNH:7
FNDA:3,toSnakeKebab
FNDA:7,(anonymous_10)
FNDA:2,buildCompiledEntity
FNDA:0,(anonymous_12)
FNDA:0,(anonymous_13)
FNDA:0,(anonymous_14)
FNDA:0,(anonymous_15)
FNDA:0,(anonymous_16)
FNDA:0,(anonymous_17)
FNDA:3,(anonymous_18)
FNDA:0,(anonymous_19)
FNDA:0,(anonymous_20)
FNDA:0,(anonymous_21)
FNDA:3,collectClassNames
FNDA:5,(anonymous_23)
FNDA:3,(anonymous_24)
DA:3,1
DA:5,1
DA:16,3
DA:17,7
DA:23,2
DA:24,0
DA:39,2
DA:40,0
DA:57,2
DA:58,0
DA:77,2
DA:85,0
DA:94,0
DA:106,2
DA:107,0
DA:108,0
DA:109,0
DA:110,0
DA:112,0
DA:113,0
DA:114,0
DA:119,0
DA:122,0
DA:125,2
DA:137,3
DA:142,3
DA:145,0
DA:148,0
DA:164,0
DA:169,3
DA:170,3
DA:171,2
DA:172,2
DA:174,2
DA:175,0
DA:177,2
DA:178,0
DA:179,0
DA:182,2
DA:183,0
DA:184,0
DA:186,0
DA:187,0
DA:190,2
DA:191,0
DA:192,0
DA:193,0
DA:198,3
DA:199,3
DA:206,1
DA:207,5
DA:216,3
DA:223,3
DA:225,3
DA:226,3
DA:228,3
DA:229,3
DA:231,3
DA:232,2
DA:233,2
DA:234,0
DA:235,0
DA:239,3
DA:241,3
DA:249,3
DA:250,0
DA:253,3
DA:260,3
DA:261,0
DA:268,3
DA:271,3
DA:273,3
DA:274,3
DA:276,3
LF:74
LH:43
BRDA:17,0,0,4
BRDA:17,0,1,3
BRDA:23,1,0,0
BRDA:23,1,1,2
BRDA:23,2,0,2
BRDA:23,2,1,0
BRDA:39,3,0,0
BRDA:39,3,1,2
BRDA:39,4,0,2
BRDA:39,4,1,0
BRDA:43,5,0,0
BRDA:43,5,1,0
BRDA:44,6,0,0
BRDA:44,6,1,0
BRDA:49,7,0,0
BRDA:49,7,1,0
BRDA:50,8,0,0
BRDA:50,8,1,0
BRDA:51,9,0,0
BRDA:51,9,1,0
BRDA:57,10,0,0
BRDA:57,10,1,2
BRDA:57,11,0,2
BRDA:57,11,1,0
BRDA:61,12,0,0
BRDA:61,12,1,0
BRDA:62,13,0,0
BRDA:62,13,1,0
BRDA:66,14,0,0
BRDA:66,14,1,0
BRDA:67,15,0,0
BRDA:67,15,1,0
BRDA:77,16,0,0
BRDA:77,16,1,2
BRDA:81,17,0,0
BRDA:81,17,1,0
BRDA:82,18,0,0
BRDA:82,18,1,0
BRDA:85,19,0,0
BRDA:85,19,1,0
BRDA:86,20,0,0
BRDA:86,20,1,0
BRDA:89,21,0,0
BRDA:89,21,1,0
BRDA:96,22,0,0
BRDA:96,22,1,0
BRDA:97,23,0,0
BRDA:97,23,1,0
BRDA:108,24,0,0
BRDA:108,24,1,0
BRDA:109,25,0,0
BRDA:109,25,1,0
BRDA:110,26,0,0
BRDA:110,27,0,0
BRDA:110,27,1,0
BRDA:115,28,0,0
BRDA:115,28,1,0
BRDA:116,29,0,0
BRDA:116,29,1,0
BRDA:126,30,0,2
BRDA:126,30,1,0
BRDA:126,30,2,0
BRDA:129,31,0,2
BRDA:129,31,1,0
BRDA:146,32,0,0
BRDA:146,32,1,2
BRDA:148,33,0,0
BRDA:148,33,1,2
BRDA:153,34,0,0
BRDA:153,34,1,2
BRDA:154,35,0,0
BRDA:154,35,1,0
BRDA:155,36,0,0
BRDA:155,36,1,0
BRDA:164,37,0,0
BRDA:164,37,1,2
BRDA:171,38,0,2
BRDA:171,39,0,2
BRDA:171,39,1,2
BRDA:172,40,0,2
BRDA:172,40,1,0
BRDA:175,41,0,0
BRDA:177,42,0,2
BRDA:177,42,1,2
BRDA:178,43,0,0
BRDA:179,44,0,0
BRDA:179,44,1,0
BRDA:182,45,0,2
BRDA:182,45,1,2
BRDA:183,46,0,0
BRDA:184,47,0,0
BRDA:184,47,1,0
BRDA:186,48,0,0
BRDA:187,49,0,0
BRDA:187,49,1,0
BRDA:190,50,0,0
BRDA:192,51,0,0
BRDA:193,52,0,0
BRDA:193,52,1,0
BRDA:207,53,0,0
BRDA:233,54,0,0
BRDA:249,55,0,0
BRDA:260,56,0,0
BRDA:260,56,1,3
BRF:104
BRH:24
end_of_record
TN:
SF:packages/cli/src/generators/EntityTemplateBuilder.ts
FN:9,(anonymous_0)
FN:29,(anonymous_1)
FN:46,(anonymous_2)
FNF:3
FNH:3
FNDA:1,(anonymous_0)
FNDA:2,(anonymous_1)
FNDA:2,(anonymous_2)
DA:8,3
DA:10,1
DA:11,1
DA:12,1
DA:13,1
DA:14,1
DA:15,1
DA:16,2
DA:17,2
DA:18,2
DA:19,2
DA:20,2
DA:21,2
DA:22,2
DA:23,2
DA:25,1
DA:26,1
DA:30,2
DA:47,2
DA:51,1
DA:53,0
DA:55,0
DA:57,0
DA:59,0
DA:62,0
DA:64,1
LF:26
LH:21
BRDA:16,0,0,0
BRDA:16,0,1,2
BRDA:19,1,0,2
BRDA:20,2,0,1
BRDA:20,2,1,1
BRDA:47,3,0,1
BRDA:47,3,1,1
BRDA:47,3,2,1
BRDA:47,3,3,0
BRDA:47,3,4,0
BRDA:47,3,5,0
BRDA:47,3,6,0
BRDA:47,3,7,0
BRDA:47,3,8,0
BRDA:47,3,9,1
BRF:15
BRH:8
end_of_record
TN:
SF:packages/cli/src/generators/MigrationTemplateBuilder.ts
FN:2,(anonymous_0)
FNF:1
FNH:1
FNDA:2,(anonymous_0)
DA:1,3
DA:3,2
LF:2
LH:2
BRF:0
BRH:0
end_of_record
TN:
SF:packages/cli/src/services/ArgReader.ts
FN:2,(anonymous_0)
FN:4,(anonymous_1)
FNF:2
FNH:2
FNDA:14,(anonymous_0)
FNDA:40,(anonymous_1)
DA:1,4
DA:2,14
DA:5,40
DA:6,40
DA:7,154
DA:8,154
DA:9,10
DA:10,10
DA:11,1
DA:13,144
DA:15,28
LF:11
LH:11
BRDA:8,0,0,10
BRDA:10,1,0,9
BRDA:10,2,0,10
BRDA:10,2,1,9
BRDA:13,3,0,2
BRF:5
BRH:5
end_of_record
TN:
SF:packages/composite-sql-logger/src/logger/CompositeSqlLogger.ts
FN:17,(anonymous_0)
FN:20,(anonymous_1)
FN:29,(anonymous_2)
FN:38,(anonymous_3)
FN:47,(anonymous_4)
FN:56,(anonymous_5)
FN:65,(anonymous_6)
FN:74,(anonymous_7)
FN:83,(anonymous_8)
FN:92,(anonymous_9)
FN:101,(anonymous_10)
FN:110,(anonymous_11)
FN:119,(anonymous_12)
FN:128,(anonymous_13)
FN:137,(anonymous_14)
FN:146,(anonymous_15)
FNF:16
FNH:5
FNDA:3,(anonymous_0)
FNDA:0,(anonymous_1)
FNDA:1,(anonymous_2)
FNDA:0,(anonymous_3)
FNDA:0,(anonymous_4)
FNDA:1,(anonymous_5)
FNDA:1,(anonymous_6)
FNDA:0,(anonymous_7)
FNDA:0,(anonymous_8)
FNDA:0,(anonymous_9)
FNDA:0,(anonymous_10)
FNDA:0,(anonymous_11)
FNDA:0,(anonymous_12)
FNDA:0,(anonymous_13)
FNDA:0,(anonymous_14)
FNDA:1,(anonymous_15)
DA:15,1
DA:18,3
DA:21,0
DA:22,0
DA:23,0
DA:25,0
DA:30,1
DA:31,2
DA:32,2
DA:34,0
DA:39,0
DA:40,0
DA:41,0
DA:43,0
DA:48,0
DA:49,0
DA:50,0
DA:52,0
DA:57,1
DA:58,2
DA:59,2
DA:61,1
DA:66,1
DA:67,2
DA:68,2
DA:70,1
DA:75,0
DA:76,0
DA:77,0
DA:79,0
DA:84,0
DA:85,0
DA:86,0
DA:88,0
DA:93,0
DA:94,0
DA:95,0
DA:97,0
DA:102,0
DA:103,0
DA:104,0
DA:106,0
DA:111,0
DA:112,0
DA:113,0
DA:115,0
DA:120,0
DA:121,0
DA:122,0
DA:124,0
DA:129,0
DA:130,0
DA:131,0
DA:133,0
DA:138,0
DA:139,0
DA:140,0
DA:142,0
DA:147,1
DA:148,1
DA:149,1
DA:151,0
LF:62
LH:16
BRF:0
BRH:0
end_of_record
TN:
SF:packages/concurrency/src/ExecutionStrategy.ts
FN:20,(anonymous_0)
FN:29,(anonymous_1)
FN:46,(anonymous_2)
FNF:3
FNH:3
FNDA:11,(anonymous_0)
FNDA:10,(anonymous_1)
FNDA:6,(anonymous_2)
DA:19,70
DA:21,11
DA:22,11
DA:30,10
DA:32,10
DA:33,16
DA:34,16
DA:36,10
DA:37,10
DA:38,10
DA:40,10
DA:41,4
DA:44,6
DA:46,6
LF:14
LH:14
BRDA:40,0,0,4
BRDA:40,1,0,10
BRDA:40,1,1,7
BRF:3
BRH:3
end_of_record
TN:
SF:packages/concurrency/src/RetryPolicies.ts
FN:18,(anonymous_0)
FN:24,(anonymous_1)
FN:29,(anonymous_2)
FN:39,(anonymous_3)
FN:42,(anonymous_4)
FN:51,(anonymous_5)
FN:55,(anonymous_6)
FN:58,(anonymous_7)
FNF:8
FNH:8
FNDA:13,(anonymous_0)
FNDA:5,(anonymous_1)
FNDA:141,(anonymous_2)
FNDA:1,(anonymous_3)
FNDA:1,(anonymous_4)
FNDA:10,(anonymous_5)
FNDA:8,(anonymous_6)
FNDA:6,(anonymous_7)
DA:13,70
DA:19,13
DA:20,13
DA:21,13
DA:26,5
DA:30,141
DA:32,141
DA:33,141
DA:38,70
DA:40,1
DA:43,1
DA:48,70
DA:52,10
DA:53,10
DA:56,8
DA:59,6
LF:16
LH:16
BRDA:19,0,0,13
BRDA:19,0,1,6
BRDA:20,1,0,13
BRDA:20,1,1,8
BRDA:21,2,0,13
BRDA:21,2,1,10
BRDA:51,3,0,7
BRDA:56,4,0,5
BRDA:56,4,1,3
BRF:9
BRH:9
end_of_record
TN:
SF:packages/concurrency/src/index.ts
FNF:0
FNH:0
DA:1,69
DA:2,69
LF:2
LH:2
BRF:0
BRH:0
end_of_record
TN:
SF:packages/core/src/DatabaseProvider.ts
FN:83,(anonymous_0)
FN:107,(anonymous_1)
FN:119,(anonymous_2)
FN:129,(anonymous_3)
FN:175,(anonymous_4)
FN:191,(anonymous_5)
FN:207,(anonymous_6)
FN:216,(anonymous_7)
FN:231,(anonymous_8)
FN:233,(anonymous_9)
FN:247,(anonymous_10)
FN:258,(anonymous_11)
FN:270,(anonymous_12)
FN:299,(anonymous_13)
FN:301,(anonymous_14)
FN:310,(anonymous_15)
FN:322,(anonymous_16)
FN:373,(anonymous_17)
FN:381,(anonymous_18)
FN:394,(anonymous_19)
FN:403,(anonymous_20)
FN:436,(anonymous_21)
FN:436,(anonymous_22)
FN:445,(anonymous_23)
FN:484,(anonymous_24)
FN:490,(anonymous_25)
FN:502,(anonymous_26)
FN:507,(anonymous_27)
FN:513,(anonymous_28)
FN:518,(anonymous_29)
FN:523,(anonymous_30)
FN:527,(anonymous_31)
FN:536,(anonymous_32)
FN:540,(anonymous_33)
FN:542,(anonymous_34)
FN:554,(anonymous_35)
FN:566,(anonymous_36)
FN:578,(anonymous_37)
FN:590,(anonymous_38)
FN:594,(anonymous_39)
FN:598,(anonymous_40)
FN:602,(anonymous_41)
FN:606,(anonymous_42)
FN:610,(anonymous_43)
FN:614,(anonymous_44)
FN:618,(anonymous_45)
FN:622,(anonymous_46)
FN:626,(anonymous_47)
FN:630,(anonymous_48)
FN:634,(anonymous_49)
FN:642,(anonymous_50)
FN:658,(anonymous_51)
FN:663,(anonymous_52)
FN:668,(anonymous_53)
FN:673,(anonymous_54)
FN:685,(anonymous_55)
FN:707,(anonymous_56)
FN:752,(anonymous_57)
FN:784,(anonymous_58)
FN:794,(anonymous_59)
FN:804,(anonymous_60)
FN:823,(anonymous_61)
FN:839,(anonymous_62)
FN:847,(anonymous_63)
FN:856,(anonymous_64)
FN:864,(anonymous_65)
FN:871,(anonymous_66)
FN:878,(anonymous_67)
FN:884,(anonymous_68)
FN:896,(anonymous_69)
FN:908,(anonymous_70)
FN:920,(anonymous_71)
FN:934,(anonymous_72)
FN:946,(anonymous_73)
FN:958,(anonymous_74)
FN:970,(anonymous_75)
FN:982,(anonymous_76)
FN:994,(anonymous_77)
FNF:78
FNH:36
FNDA:509,(anonymous_0)
FNDA:31,(anonymous_1)
FNDA:0,(anonymous_2)
FNDA:0,(anonymous_3)
FNDA:11,(anonymous_4)
FNDA:0,(anonymous_5)
FNDA:2,(anonymous_6)
FNDA:1,(anonymous_7)
FNDA:179,(anonymous_8)
FNDA:186,(anonymous_9)
FNDA:0,(anonymous_10)
FNDA:23,(anonymous_11)
FNDA:20,(anonymous_12)
FNDA:57,(anonymous_13)
FNDA:50,(anonymous_14)
FNDA:236,(anonymous_15)
FNDA:237,(anonymous_16)
FNDA:0,(anonymous_17)
FNDA:267,(anonymous_18)
FNDA:0,(anonymous_19)
FNDA:235,(anonymous_20)
FNDA:0,(anonymous_21)
FNDA:0,(anonymous_22)
FNDA:0,(anonymous_23)
FNDA:0,(anonymous_24)
FNDA:27,(anonymous_25)
FNDA:14,(anonymous_26)
FNDA:8,(anonymous_27)
FNDA:179,(anonymous_28)
FNDA:267,(anonymous_29)
FNDA:618,(anonymous_30)
FNDA:329,(anonymous_31)
FNDA:8,(anonymous_32)
FNDA:1,(anonymous_33)
FNDA:0,(anonymous_34)
FNDA:0,(anonymous_35)
FNDA:0,(anonymous_36)
FNDA:0,(anonymous_37)
FNDA:1,(anonymous_38)
FNDA:1,(anonymous_39)
FNDA:0,(anonymous_40)
FNDA:0,(anonymous_41)
FNDA:0,(anonymous_42)
FNDA:0,(anonymous_43)
FNDA:0,(anonymous_44)
FNDA:0,(anonymous_45)
FNDA:0,(anonymous_46)
FNDA:0,(anonymous_47)
FNDA:0,(anonymous_48)
FNDA:1,(anonymous_49)
FNDA:0,(anonymous_50)
FNDA:0,(anonymous_51)
FNDA:0,(anonymous_52)
FNDA:5,(anonymous_53)
FNDA:1,(anonymous_54)
FNDA:987,(anonymous_55)
FNDA:956,(anonymous_56)
FNDA:7852,(anonymous_57)
FNDA:0,(anonymous_58)
FNDA:0,(anonymous_59)
FNDA:0,(anonymous_60)
FNDA:0,(anonymous_61)
FNDA:5,(anonymous_62)
FNDA:2,(anonymous_63)
FNDA:2,(anonymous_64)
FNDA:0,(anonymous_65)
FNDA:0,(anonymous_66)
FNDA:2,(anonymous_67)
FNDA:0,(anonymous_68)
FNDA:0,(anonymous_69)
FNDA:0,(anonymous_70)
FNDA:0,(anonymous_71)
FNDA:0,(anonymous_72)
FNDA:0,(anonymous_73)
FNDA:0,(anonymous_74)
FNDA:0,(anonymous_75)
FNDA:0,(anonymous_76)
FNDA:0,(anonymous_77)
DA:15,175
DA:27,175
DA:33,175
DA:40,175
DA:42,509
DA:43,509
DA:51,509
DA:68,509
DA:71,509
DA:73,509
DA:75,509
DA:77,509
DA:93,509
DA:94,509
DA:95,509
DA:96,509
DA:97,509
DA:98,509
DA:99,509
DA:100,509
DA:102,509
DA:107,31
DA:110,509
DA:120,0
DA:121,0
DA:122,0
DA:130,0
DA:131,0
DA:132,0
DA:176,11
DA:177,11
DA:178,11
DA:179,11
DA:180,123
DA:182,11
DA:183,11
DA:185,0
DA:186,0
DA:192,0
DA:193,0
DA:194,0
DA:195,0
DA:196,0
DA:198,0
DA:199,0
DA:201,0
DA:202,0
DA:208,2
DA:209,2
DA:211,0
DA:217,1
DA:218,1
DA:219,1
DA:220,1
DA:221,2
DA:223,1
DA:224,1
DA:226,0
DA:227,0
DA:232,179
DA:233,186
DA:251,0
DA:259,23
DA:277,20
DA:278,20
DA:279,20
DA:281,20
DA:282,26
DA:283,23
DA:284,23
DA:285,23
DA:286,23
DA:287,23
DA:288,20
DA:289,7636
DA:290,7634
DA:292,17
DA:293,17
DA:294,17
DA:300,57
DA:301,50
DA:315,236
DA:322,236
DA:323,237
DA:324,237
DA:326,237
DA:333,237
DA:335,236
DA:336,236
DA:337,206
DA:339,206
DA:352,206
DA:353,206
DA:355,206
DA:357,30
DA:358,30
DA:366,29
DA:367,29
DA:374,0
DA:387,267
DA:388,267
DA:389,267
DA:390,267
DA:399,0
DA:409,235
DA:410,235
DA:412,0
DA:413,0
DA:415,0
DA:416,0
DA:418,0
DA:419,0
DA:420,0
DA:421,0
DA:422,0
DA:423,0
DA:425,0
DA:426,0
DA:427,0
DA:428,0
DA:429,0
DA:431,0
DA:432,0
DA:433,0
DA:434,0
DA:436,0
DA:438,0
DA:440,0
DA:444,0
DA:445,0
DA:446,0
DA:447,0
DA:448,0
DA:449,0
DA:450,0
DA:452,0
DA:455,0
DA:464,0
DA:466,0
DA:468,0
DA:469,0
DA:470,0
DA:471,0
DA:473,0
DA:478,0
DA:486,0
DA:491,27
DA:492,27
DA:503,14
DA:508,8
DA:509,8
DA:514,179
DA:519,267
DA:524,618
DA:528,329
DA:537,8
DA:541,1
DA:543,0
DA:544,0
DA:548,0
DA:549,0
DA:555,0
DA:556,0
DA:560,0
DA:561,0
DA:567,0
DA:568,0
DA:572,0
DA:573,0
DA:579,0
DA:580,0
DA:584,0
DA:585,0
DA:591,1
DA:592,1
DA:595,1
DA:596,1
DA:599,0
DA:600,0
DA:603,0
DA:604,0
DA:607,0
DA:608,0
DA:611,0
DA:612,0
DA:615,0
DA:616,0
DA:619,0
DA:620,0
DA:623,0
DA:624,0
DA:627,0
DA:628,0
DA:631,0
DA:632,0
DA:635,1
DA:636,1
DA:646,0
DA:648,0
DA:649,0
DA:650,0
DA:659,0
DA:664,0
DA:669,5
DA:674,1
DA:686,987
DA:687,4
DA:688,4
DA:689,4
DA:692,986
DA:693,0
DA:694,0
DA:695,0
DA:696,0
DA:697,0
DA:698,0
DA:700,0
DA:712,956
DA:713,956
DA:714,3
DA:719,3
DA:720,3
DA:721,3
DA:722,3
DA:724,0
DA:728,956
DA:729,0
DA:730,0
DA:731,0
DA:732,0
DA:733,0
DA:734,0
DA:735,0
DA:736,0
DA:738,0
DA:739,0
DA:742,0
DA:756,7852
DA:757,0
DA:758,0
DA:759,0
DA:761,0
DA:763,0
DA:767,7852
DA:768,0
DA:769,0
DA:770,0
DA:771,0
DA:772,0
DA:773,0
DA:775,0
DA:778,0
DA:780,7852
DA:785,0
DA:786,0
DA:787,0
DA:795,0
DA:796,0
DA:797,0
DA:805,0
DA:806,0
DA:807,0
DA:828,0
DA:840,5
DA:848,2
DA:857,2
DA:865,0
DA:872,0
DA:879,2
DA:885,0
DA:886,0
DA:887,0
DA:888,0
DA:889,0
DA:891,0
DA:897,0
DA:898,0
DA:899,0
DA:900,0
DA:901,0
DA:903,0
DA:909,0
DA:910,0
DA:911,0
DA:912,0
DA:913,0
DA:915,0
DA:921,0
DA:922,0
DA:923,0
DA:924,0
DA:925,0
DA:927,0
DA:935,0
DA:936,0
DA:937,0
DA:938,0
DA:939,0
DA:941,0
DA:947,0
DA:948,0
DA:949,0
DA:950,0
DA:951,0
DA:953,0
DA:959,0
DA:960,0
DA:961,0
DA:962,0
DA:963,0
DA:965,0
DA:971,0
DA:972,0
DA:973,0
DA:974,0
DA:975,0
DA:977,0
DA:983,0
DA:984,0
DA:985,0
DA:986,0
DA:987,0
DA:989,0
DA:995,0
DA:996,0
DA:997,0
DA:998,0
DA:999,0
DA:1001,0
LF:329
LH:122
BRDA:176,0,0,0
BRDA:192,1,0,0
BRDA:217,2,0,0
BRDA:231,3,0,13
BRDA:273,4,0,0
BRDA:279,5,0,20
BRDA:279,5,1,18
BRDA:282,6,0,3
BRDA:283,7,0,21
BRDA:283,7,1,2
BRDA:285,8,0,23
BRDA:287,9,0,3
BRDA:289,10,0,2
BRDA:293,11,0,2
BRDA:294,12,0,9
BRDA:299,13,0,32
BRDA:344,14,0,10
BRDA:344,14,1,1
BRDA:346,15,0,1
BRDA:346,15,1,0
BRDA:410,16,0,235
BRDA:412,17,0,0
BRDA:412,17,1,0
BRDA:413,18,0,0
BRDA:413,19,0,0
BRDA:413,19,1,0
BRDA:415,20,0,0
BRDA:415,20,1,0
BRDA:416,21,0,0
BRDA:416,22,0,0
BRDA:416,22,1,0
BRDA:419,23,0,0
BRDA:419,23,1,0
BRDA:420,24,0,0
BRDA:420,24,1,0
BRDA:421,25,0,0
BRDA:425,26,0,0
BRDA:427,27,0,0
BRDA:427,27,1,0
BRDA:428,28,0,0
BRDA:428,28,1,0
BRDA:429,29,0,0
BRDA:429,29,1,0
BRDA:429,29,2,0
BRDA:431,30,0,0
BRDA:433,31,0,0
BRDA:433,31,1,0
BRDA:444,32,0,0
BRDA:444,32,1,0
BRDA:446,33,0,0
BRDA:446,34,0,0
BRDA:446,34,1,0
BRDA:448,35,0,0
BRDA:448,35,1,0
BRDA:449,36,0,0
BRDA:462,37,0,0
BRDA:462,37,1,0
BRDA:468,38,0,0
BRDA:468,39,0,0
BRDA:468,39,1,0
BRDA:491,40,0,27
BRDA:491,40,1,0
BRDA:491,41,0,0
BRDA:491,41,1,0
BRDA:493,42,0,27
BRDA:493,42,1,27
BRDA:493,42,2,4
BRDA:493,42,3,4
BRDA:493,42,4,4
BRDA:537,43,0,1
BRDA:537,43,1,7
BRDA:646,44,0,0
BRDA:646,44,1,0
BRDA:648,45,0,0
BRDA:673,46,0,0
BRDA:686,47,0,4
BRDA:686,48,0,987
BRDA:686,48,1,4
BRDA:692,49,0,0
BRDA:697,50,0,0
BRDA:697,50,1,0
BRDA:712,51,0,229
BRDA:712,51,1,727
BRDA:713,52,0,3
BRDA:713,53,0,956
BRDA:713,53,1,3
BRDA:714,54,0,1
BRDA:714,54,1,2
BRDA:716,55,0,2
BRDA:716,55,1,0
BRDA:728,56,0,0
BRDA:734,57,0,0
BRDA:734,57,1,0
BRDA:735,58,0,0
BRDA:735,58,1,0
BRDA:738,59,0,0
BRDA:738,59,1,0
BRDA:756,60,0,0
BRDA:756,61,0,7852
BRDA:756,61,1,0
BRDA:767,62,0,0
BRDA:773,63,0,0
BRDA:885,64,0,0
BRDA:897,65,0,0
BRDA:909,66,0,0
BRDA:921,67,0,0
BRDA:935,68,0,0
BRDA:947,69,0,0
BRDA:959,70,0,0
BRDA:971,71,0,0
BRDA:983,72,0,0
BRDA:995,73,0,0
BRF:112
BRH:36
end_of_record
TN:
SF:packages/core/src/DdlBuilder.ts
FN:12,(anonymous_0)
FN:16,(anonymous_1)
FN:20,(anonymous_2)
FN:34,(anonymous_3)
FNF:4
FNH:4
FNDA:8,(anonymous_0)
FNDA:4,(anonymous_1)
FNDA:6,(anonymous_2)
FNDA:2,(anonymous_3)
DA:9,174
DA:13,8
DA:17,4
DA:21,6
DA:22,6
DA:23,5
DA:31,6
DA:35,2
LF:8
LH:8
BRDA:22,0,0,6
BRDA:22,0,1,0
BRDA:27,1,0,5
BRDA:27,1,1,1
BRF:4
BRH:3
end_of_record
TN:
SF:packages/core/src/OwnedEntityHydrator.ts
FN:13,hydrateTableSplit
FN:19,(anonymous_1)
FN:22,(anonymous_2)
FN:28,(anonymous_3)
FN:42,hydrateJson
FN:71,hydrateJsonObject
FN:90,hydrateJsonNode
FN:93,(anonymous_7)
FN:105,hydrateJsonObjectPlain
FN:127,hydrateOwnedEntities
FNF:10
FNH:9
FNDA:5,hydrateTableSplit
FNDA:14,(anonymous_1)
FNDA:5,(anonymous_2)
FNDA:3,(anonymous_3)
FNDA:11,hydrateJson
FNDA:7,hydrateJsonObject
FNDA:2,hydrateJsonNode
FNDA:0,(anonymous_7)
FNDA:2,hydrateJsonObjectPlain
FNDA:3,hydrateOwnedEntities
DA:2,175
DA:13,175
DA:19,14
DA:20,5
DA:22,5
DA:23,4
DA:25,3
DA:26,3
DA:27,6
DA:28,3
DA:30,6
DA:31,6
DA:34,3
DA:42,175
DA:48,11
DA:49,11
DA:52,9
DA:53,7
DA:54,7
DA:56,2
DA:58,2
DA:59,2
DA:61,0
DA:64,7
DA:76,7
DA:77,7
DA:78,13
DA:79,13
DA:80,2
DA:81,11
DA:82,0
DA:84,11
DA:87,7
DA:91,2
DA:92,0
DA:93,0
DA:94,0
DA:99,2
DA:100,2
DA:102,0
DA:109,2
DA:110,2
DA:111,4
DA:112,4
DA:113,0
DA:114,4
DA:115,0
DA:117,4
DA:120,2
DA:127,175
DA:132,3
DA:133,3
DA:135,2
DA:136,1
DA:137,1
DA:138,1
DA:139,1
DA:140,1
DA:142,1
DA:143,1
DA:144,1
DA:145,1
DA:146,1
DA:147,1
LF:64
LH:56
BRDA:20,0,0,1
BRDA:22,1,0,5
BRDA:22,1,1,3
BRDA:23,2,0,1
BRDA:27,3,0,2
BRDA:27,3,1,4
BRDA:30,4,0,6
BRDA:49,5,0,2
BRDA:49,6,0,11
BRDA:49,6,1,9
BRDA:52,7,0,7
BRDA:52,7,1,2
BRDA:58,8,0,2
BRDA:58,8,1,0
BRDA:79,9,0,2
BRDA:79,9,1,11
BRDA:79,10,0,13
BRDA:79,10,1,6
BRDA:79,10,2,2
BRDA:79,10,3,2
BRDA:81,11,0,0
BRDA:81,11,1,11
BRDA:81,12,0,11
BRDA:81,12,1,0
BRDA:81,12,2,0
BRDA:91,13,0,0
BRDA:92,14,0,0
BRDA:94,15,0,0
BRDA:94,15,1,0
BRDA:94,16,0,0
BRDA:94,16,1,0
BRDA:99,17,0,2
BRDA:99,18,0,2
BRDA:99,18,1,2
BRDA:112,19,0,0
BRDA:112,19,1,4
BRDA:112,20,0,4
BRDA:112,20,1,0
BRDA:112,20,2,0
BRDA:114,21,0,0
BRDA:114,21,1,4
BRDA:114,22,0,4
BRDA:114,22,1,0
BRDA:114,22,2,0
BRDA:133,23,0,1
BRDA:135,24,0,1
BRDA:135,24,1,1
BRDA:136,25,0,1
BRDA:136,25,1,0
BRDA:139,26,0,1
BRDA:142,27,0,1
BRDA:143,28,0,1
BRDA:143,28,1,0
BRDA:146,29,0,1
BRF:54
BRH:36
end_of_record
TN:
SF:packages/core/src/QueryTrackingBehavior.ts
FN:1,(anonymous_0)
FNF:1
FNH:1
FNDA:173,(anonymous_0)
DA:1,173
DA:2,173
DA:3,173
DA:4,173
LF:4
LH:4
BRDA:1,0,0,173
BRDA:1,0,1,173
BRF:2
BRH:2
end_of_record
TN:
SF:packages/core/src/index.ts
FN:21,(anonymous_4)
FN:27,(anonymous_5)
FN:98,(anonymous_6)
FNF:3
FNH:3
FNDA:3948,(anonymous_4)
FNDA:2,(anonymous_5)
FNDA:153,(anonymous_6)
DA:21,4121
DA:24,173
DA:27,175
DA:41,173
DA:42,173
DA:43,173
DA:44,173
DA:45,173
DA:46,173
DA:61,173
DA:64,173
DA:65,173
DA:66,173
DA:69,173
DA:70,173
DA:71,173
DA:77,173
DA:78,173
DA:79,173
DA:80,173
DA:82,173
DA:85,173
DA:88,173
DA:91,173
DA:98,326
LF:25
LH:25
BRF:0
BRH:0
end_of_record
TN:
SF:packages/core/src/Health/HealthMonitor.ts
FN:10,(anonymous_0)
FN:17,(anonymous_1)
FN:22,(anonymous_2)
FN:30,(anonymous_3)
FN:32,(anonymous_4)
FN:37,(anonymous_5)
FN:47,(anonymous_6)
FN:48,(anonymous_7)
FN:106,(anonymous_8)
FN:111,(anonymous_9)
FNF:10
FNH:1
FNDA:509,(anonymous_0)
FNDA:0,(anonymous_1)
FNDA:0,(anonymous_2)
FNDA:0,(anonymous_3)
FNDA:0,(anonymous_4)
FNDA:0,(anonymous_5)
FNDA:0,(anonymous_6)
FNDA:0,(anonymous_7)
FNDA:0,(anonymous_8)
FNDA:0,(anonymous_9)
DA:5,175
DA:7,509
DA:8,509
DA:11,509
DA:12,509
DA:13,509
DA:14,509
DA:18,0
DA:23,0
DA:25,0
DA:26,0
DA:27,0
DA:28,0
DA:30,0
DA:31,0
DA:32,0
DA:33,0
DA:37,0
DA:38,0
DA:39,0
DA:40,0
DA:41,0
DA:44,0
DA:48,0
DA:53,0
DA:54,0
DA:56,0
DA:57,0
DA:59,0
DA:67,0
DA:68,0
DA:71,0
DA:73,0
DA:74,0
DA:81,0
DA:88,0
DA:91,0
DA:95,0
DA:96,0
DA:97,0
DA:98,0
DA:100,0
DA:104,0
DA:106,0
DA:107,0
DA:112,0
DA:113,0
DA:114,0
LF:48
LH:7
BRDA:12,0,0,0
BRDA:23,1,0,0
BRDA:25,2,0,0
BRDA:25,2,1,0
BRDA:25,2,2,0
BRDA:26,3,0,0
BRDA:26,3,1,0
BRDA:27,4,0,0
BRDA:27,4,1,0
BRDA:28,5,0,0
BRDA:28,5,1,0
BRDA:31,6,0,0
BRDA:44,7,0,0
BRDA:44,7,1,0
BRDA:44,8,0,0
BRDA:44,8,1,0
BRDA:54,9,0,0
BRDA:54,9,1,0
BRDA:67,10,0,0
BRDA:75,11,0,0
BRDA:75,11,1,0
BRDA:77,12,0,0
BRDA:77,12,1,0
BRDA:88,13,0,0
BRDA:112,14,0,0
BRF:25
BRH:0
end_of_record
TN:
SF:packages/core/src/Resilience/ResilienceManager.ts
FN:20,(anonymous_0)
FN:25,(anonymous_1)
FN:28,(anonymous_2)
FN:32,(anonymous_3)
FN:36,(anonymous_4)
FN:44,(anonymous_5)
FN:48,(anonymous_6)
FN:130,(anonymous_7)
FN:135,(anonymous_8)
FN:165,(anonymous_9)
FN:178,(anonymous_10)
FNF:11
FNH:10
FNDA:509,(anonymous_0)
FNDA:0,(anonymous_1)
FNDA:8,(anonymous_2)
FNDA:14,(anonymous_3)
FNDA:5,(anonymous_4)
FNDA:1,(anonymous_5)
FNDA:236,(anonymous_6)
FNDA:14,(anonymous_7)
FNDA:236,(anonymous_8)
FNDA:12,(anonymous_9)
FNDA:7,(anonymous_10)
DA:4,175
DA:13,175
DA:14,509
DA:15,509
DA:17,509
DA:18,509
DA:21,509
DA:22,509
DA:23,509
DA:24,509
DA:25,509
DA:29,8
DA:33,14
DA:37,5
DA:38,5
DA:39,2
DA:45,1
DA:49,236
DA:51,223
DA:52,223
DA:53,223
DA:56,223
DA:59,223
DA:60,223
DA:61,4
DA:64,223
DA:65,237
DA:66,237
DA:69,206
DA:70,2
DA:72,206
DA:74,206
DA:75,2
DA:77,206
DA:79,31
DA:80,31
DA:83,31
DA:84,31
DA:86,31
DA:89,31
DA:90,2
DA:91,2
DA:92,2
DA:94,2
DA:98,29
DA:99,29
DA:100,5
DA:101,5
DA:102,0
DA:104,5
DA:107,24
DA:111,24
DA:112,10
DA:113,0
DA:115,10
DA:118,14
DA:119,14
DA:120,14
DA:122,14
DA:130,14
DA:136,236
DA:137,236
DA:139,236
DA:140,17
DA:141,17
DA:142,17
DA:143,17
DA:144,17
DA:145,17
DA:147,17
DA:148,13
DA:152,4
DA:153,4
DA:156,223
DA:157,4
DA:158,4
DA:159,0
DA:161,4
DA:166,12
DA:167,12
DA:168,12
DA:169,12
DA:179,7
DA:180,7
DA:181,7
DA:182,3
DA:183,3
DA:184,3
DA:185,3
DA:187,7
DA:188,0
DA:190,7
LF:92
LH:88
BRDA:22,0,0,0
BRDA:25,1,0,0
BRDA:37,2,0,5
BRDA:37,2,1,0
BRDA:38,3,0,2
BRDA:38,4,0,5
BRDA:38,4,1,2
BRDA:40,5,0,2
BRDA:40,5,1,2
BRDA:44,6,0,0
BRDA:56,7,0,223
BRDA:56,7,1,214
BRDA:60,8,0,4
BRDA:69,9,0,2
BRDA:74,10,0,2
BRDA:83,11,0,31
BRDA:83,11,1,20
BRDA:84,12,0,31
BRDA:84,12,1,27
BRDA:86,13,0,27
BRDA:89,14,0,2
BRDA:91,15,0,2
BRDA:98,16,0,29
BRDA:98,16,1,19
BRDA:99,17,0,5
BRDA:99,18,0,29
BRDA:99,18,1,29
BRDA:101,19,0,0
BRDA:107,20,0,0
BRDA:107,20,1,24
BRDA:111,21,0,10
BRDA:111,22,0,24
BRDA:111,22,1,24
BRDA:111,22,2,18
BRDA:112,23,0,0
BRDA:120,24,0,14
BRDA:120,24,1,14
BRDA:136,25,0,236
BRDA:136,25,1,207
BRDA:137,26,0,0
BRDA:139,27,0,17
BRDA:141,28,0,17
BRDA:141,28,1,0
BRDA:142,29,0,17
BRDA:142,29,1,0
BRDA:143,30,0,17
BRDA:143,30,1,8
BRDA:147,31,0,13
BRDA:156,32,0,4
BRDA:157,33,0,4
BRDA:157,33,1,2
BRDA:158,34,0,0
BRDA:181,35,0,3
BRDA:187,36,0,0
BRF:54
BRH:42
end_of_record
TN:
SF:packages/core/src/batch/BatchDeleteOperation.ts
FN:6,(anonymous_0)
FN:8,(anonymous_1)
FN:13,(anonymous_2)
FN:23,(anonymous_3)
FN:26,(anonymous_4)
FN:30,(anonymous_5)
FNF:6
FNH:6
FNDA:5,(anonymous_0)
FNDA:5,(anonymous_1)
FNDA:5,(anonymous_2)
FNDA:4,(anonymous_3)
FNDA:4,(anonymous_4)
FNDA:2,(anonymous_5)
DA:5,1
DA:6,5
DA:9,5
DA:10,1
DA:13,4
DA:14,5
DA:17,4
DA:18,1
DA:21,3
DA:24,4
DA:26,4
DA:28,3
DA:30,2
DA:31,1
DA:32,1
DA:34,1
LF:16
LH:16
BRDA:9,0,0,1
BRDA:10,1,0,1
BRDA:10,1,1,0
BRDA:17,2,0,1
BRDA:18,3,0,1
BRDA:18,3,1,0
BRDA:26,4,0,4
BRDA:26,4,1,3
BRDA:28,5,0,2
BRDA:31,6,0,1
BRDA:31,6,1,0
BRF:11
BRH:8
end_of_record
TN:
SF:packages/core/src/batch/BatchExecutor.ts
FN:11,(anonymous_0)
FN:13,(anonymous_1)
FNF:2
FNH:2
FNDA:7,(anonymous_0)
FNDA:7,(anonymous_1)
DA:10,1
DA:11,7
DA:14,7
DA:15,3
DA:17,7
DA:18,7
DA:19,4
DA:20,2
DA:22,4
DA:24,3
DA:25,2
DA:27,3
LF:12
LH:12
BRDA:14,0,0,3
BRDA:14,1,0,7
BRDA:14,1,1,5
BRDA:19,2,0,2
BRDA:19,3,0,4
BRDA:19,3,1,3
BRDA:24,4,0,2
BRDA:24,5,0,3
BRDA:24,5,1,2
BRF:9
BRH:9
end_of_record
TN:
SF:packages/core/src/batch/BatchInsertOperation.ts
FN:6,(anonymous_0)
FN:8,(anonymous_1)
FN:16,(anonymous_2)
FN:19,(anonymous_3)
FN:27,(anonymous_4)
FNF:5
FNH:5
FNDA:4,(anonymous_0)
FNDA:4,(anonymous_1)
FNDA:4,(anonymous_2)
FNDA:2,(anonymous_3)
FNDA:2,(anonymous_4)
DA:5,1
DA:6,4
DA:9,4
DA:11,3
DA:12,1
DA:15,2
DA:17,4
DA:19,2
DA:23,2
DA:24,1
DA:27,2
DA:28,1
DA:29,1
DA:31,1
DA:32,1
DA:33,1
DA:34,2
DA:35,2
DA:36,2
DA:38,1
DA:41,1
DA:42,1
DA:43,1
LF:23
LH:23
BRDA:9,0,0,1
BRDA:11,1,0,1
BRDA:11,2,0,3
BRDA:11,2,1,1
BRDA:11,2,2,1
BRDA:17,3,0,4
BRDA:17,3,1,2
BRDA:23,4,0,1
BRDA:27,5,0,2
BRDA:27,5,1,0
BRF:10
BRH:9
end_of_record
TN:
SF:packages/core/src/batch/BatchPlan.ts
FN:2,(anonymous_0)
FNF:1
FNH:0
FNDA:0,(anonymous_0)
DA:1,0
DA:3,0
DA:4,0
DA:5,0
DA:7,0
LF:5
LH:0
BRF:0
BRH:0
end_of_record
TN:
SF:packages/core/src/batch/BatchUpdateOperation.ts
FN:6,(anonymous_0)
FN:8,(anonymous_1)
FN:17,(anonymous_2)
FN:26,(anonymous_3)
FNF:4
FNH:4
FNDA:4,(anonymous_0)
FNDA:4,(anonymous_1)
FNDA:2,(anonymous_2)
FNDA:3,(anonymous_3)
DA:5,1
DA:6,4
DA:9,4
DA:10,1
DA:13,3
DA:14,1
DA:17,2
DA:18,2
DA:21,2
DA:22,0
DA:25,2
DA:26,3
DA:29,2
DA:31,1
DA:32,0
DA:35,1
DA:36,2
DA:39,1
LF:18
LH:16
BRDA:9,0,0,1
BRDA:9,1,0,4
BRDA:9,1,1,1
BRDA:9,1,2,1
BRDA:13,2,0,1
BRDA:14,3,0,1
BRDA:14,3,1,0
BRDA:21,4,0,0
BRDA:22,5,0,0
BRDA:22,5,1,0
BRDA:26,6,0,3
BRDA:26,6,1,1
BRDA:29,7,0,1
BRDA:31,8,0,0
BRF:14
BRH:9
end_of_record
TN:
SF:packages/core/src/batch/BatchUpsertOperation.ts
FN:6,(anonymous_0)
FN:8,(anonymous_1)
FNF:2
FNH:2
FNDA:4,(anonymous_0)
FNDA:4,(anonymous_1)
DA:5,1
DA:6,4
DA:9,4
DA:10,1
DA:13,3
DA:14,1
DA:17,2
DA:18,2
DA:19,2
DA:20,2
DA:22,2
LF:11
LH:11
BRDA:9,0,0,1
BRDA:13,1,0,1
BRDA:13,2,0,3
BRDA:13,2,1,1
BRF:4
BRH:4
end_of_record
TN:
SF:packages/core/src/decorators/CachePolicy.ts
FN:15,CachePolicy
FN:16,(anonymous_1)
FN:28,(anonymous_2)
FN:43,getCachePolicy
FNF:4
FNH:0
FNDA:0,CachePolicy
FNDA:0,(anonymous_1)
FNDA:0,(anonymous_2)
FNDA:0,getCachePolicy
DA:9,173
DA:15,173
DA:16,0
DA:21,0
DA:26,0
DA:27,0
DA:29,0
DA:30,0
DA:33,0
DA:36,0
DA:43,173
DA:44,0
LF:12
LH:3
BRDA:21,0,0,0
BRDA:22,1,0,0
BRDA:22,1,1,0
BRDA:22,1,2,0
BRF:4
BRH:0
end_of_record
TN:
SF:packages/core/src/decorators/Column.ts
FN:26,Column
FN:27,(anonymous_1)
FNF:2
FNH:2
FNDA:206,Column
FNDA:206,(anonymous_1)
DA:1,174
DA:3,174
DA:26,174
DA:27,206
DA:30,206
DA:31,206
DA:33,206
DA:46,206
LF:8
LH:8
BRDA:26,0,0,54
BRDA:30,1,0,0
BRDA:30,1,1,206
BRDA:35,2,0,206
BRDA:35,2,1,199
BRDA:36,3,0,206
BRDA:36,3,1,54
BRDA:42,4,0,206
BRDA:42,4,1,206
BRDA:43,5,0,206
BRDA:43,5,1,206
BRF:11
BRH:10
end_of_record
TN:
SF:packages/core/src/decorators/Entity.ts
FN:19,Entity
FN:20,(anonymous_1)
FNF:2
FNH:2
FNDA:89,Entity
FNDA:89,(anonymous_1)
DA:1,174
DA:3,174
DA:19,174
DA:20,89
DA:21,89
DA:24,89
DA:26,89
LF:7
LH:7
BRDA:19,0,0,16
BRDA:21,1,0,89
BRDA:21,1,1,16
BRF:3
BRH:3
end_of_record
TN:
SF:packages/core/src/decorators/PrimaryKey.ts
FN:18,PrimaryKey
FN:19,(anonymous_1)
FNF:2
FNH:2
FNDA:89,PrimaryKey
FNDA:89,(anonymous_1)
DA:1,174
DA:3,174
DA:18,174
DA:19,89
DA:22,89
DA:23,89
DA:25,89
DA:35,89
DA:38,89
LF:9
LH:9
BRDA:18,0,0,54
BRDA:22,1,0,0
BRDA:22,1,1,89
BRDA:27,2,0,89
BRDA:27,2,1,89
BRDA:28,3,0,89
BRDA:28,3,1,88
BRF:7
BRH:6
end_of_record
TN:
SF:packages/core/src/decorators/Relationships.ts
FN:22,defineRelationship
FN:49,OneToMany
FN:53,(anonymous_2)
FN:61,ManyToOne
FN:65,(anonymous_4)
FN:73,OneToOne
FN:77,(anonymous_6)
FN:85,ManyToMany
FN:89,(anonymous_8)
FNF:9
FNH:5
FNDA:83,defineRelationship
FNDA:38,OneToMany
FNDA:38,(anonymous_2)
FNDA:45,ManyToOne
FNDA:45,(anonymous_4)
FNDA:0,OneToOne
FNDA:0,(anonymous_6)
FNDA:0,ManyToMany
FNDA:0,(anonymous_8)
DA:1,174
DA:3,174
DA:30,83
DA:31,83
DA:33,83
DA:43,83
DA:49,174
DA:53,38
DA:54,38
DA:61,174
DA:65,45
DA:66,45
DA:73,174
DA:77,0
DA:78,0
DA:85,174
DA:89,0
DA:90,0
LF:18
LH:14
BRDA:30,0,0,0
BRDA:30,0,1,83
BRDA:39,1,0,83
BRDA:39,1,1,83
BRDA:51,2,0,0
BRDA:63,3,0,0
BRDA:75,4,0,0
BRDA:87,5,0,0
BRF:8
BRH:3
end_of_record
TN:
SF:packages/core/src/decorators/ValidIf.ts
FN:3,isStage3FieldContext
FN:11,ValidIf
FN:20,ValidIfDecorator
FN:26,(anonymous_3)
FN:46,ValidIfOf
FN:52,RequiredIfOf
FN:56,RequiredIfDecorator
FN:62,(anonymous_7)
FN:65,(anonymous_8)
FN:84,MinLengthOf
FN:85,MinLengthDecorator
FN:90,(anonymous_11)
FN:93,(anonymous_12)
FN:109,MaxLengthOf
FN:110,MaxLengthDecorator
FN:115,(anonymous_15)
FN:118,(anonymous_16)
FN:134,PatternOf
FN:135,PatternDecorator
FN:140,(anonymous_19)
FN:143,(anonymous_20)
FN:159,RangeOf
FN:160,RangeDecorator
FN:165,(anonymous_23)
FN:168,(anonymous_24)
FNF:25
FNH:0
FNDA:0,isStage3FieldContext
FNDA:0,ValidIf
FNDA:0,ValidIfDecorator
FNDA:0,(anonymous_3)
FNDA:0,ValidIfOf
FNDA:0,RequiredIfOf
FNDA:0,RequiredIfDecorator
FNDA:0,(anonymous_7)
FNDA:0,(anonymous_8)
FNDA:0,MinLengthOf
FNDA:0,MinLengthDecorator
FNDA:0,(anonymous_11)
FNDA:0,(anonymous_12)
FNDA:0,MaxLengthOf
FNDA:0,MaxLengthDecorator
FNDA:0,(anonymous_15)
FNDA:0,(anonymous_16)
FNDA:0,PatternOf
FNDA:0,PatternDecorator
FNDA:0,(anonymous_19)
FNDA:0,(anonymous_20)
FNDA:0,RangeOf
FNDA:0,RangeDecorator
FNDA:0,(anonymous_23)
FNDA:0,(anonymous_24)
DA:1,173
DA:8,0
DA:11,173
DA:20,0
DA:21,0
DA:22,0
DA:24,0
DA:25,0
DA:26,0
DA:27,0
DA:28,0
DA:29,0
DA:46,173
DA:48,0
DA:52,173
DA:56,0
DA:57,0
DA:58,0
DA:60,0
DA:61,0
DA:62,0
DA:63,0
DA:64,0
DA:65,0
DA:66,0
DA:67,0
DA:68,0
DA:69,0
DA:70,0
DA:71,0
DA:72,0
DA:74,0
DA:84,173
DA:85,0
DA:86,0
DA:87,0
DA:88,0
DA:89,0
DA:90,0
DA:91,0
DA:92,0
DA:93,0
DA:94,0
DA:95,0
DA:96,0
DA:97,0
DA:99,0
DA:109,173
DA:110,0
DA:111,0
DA:112,0
DA:113,0
DA:114,0
DA:115,0
DA:116,0
DA:117,0
DA:118,0
DA:119,0
DA:120,0
DA:121,0
DA:122,0
DA:124,0
DA:134,173
DA:135,0
DA:136,0
DA:137,0
DA:138,0
DA:139,0
DA:140,0
DA:141,0
DA:142,0
DA:143,0
DA:144,0
DA:145,0
DA:146,0
DA:147,0
DA:149,0
DA:159,173
DA:160,0
DA:161,0
DA:162,0
DA:163,0
DA:164,0
DA:165,0
DA:166,0
DA:167,0
DA:168,0
DA:169,0
DA:170,0
DA:171,0
DA:172,0
DA:173,0
DA:175,0
DA:177,0
LF:94
LH:8
BRDA:8,0,0,0
BRDA:8,0,1,0
BRDA:8,0,2,0
BRDA:8,0,3,0
BRDA:21,1,0,0
BRDA:28,2,0,0
BRDA:57,3,0,0
BRDA:64,4,0,0
BRDA:67,5,0,0
BRDA:69,6,0,0
BRDA:69,7,0,0
BRDA:69,7,1,0
BRDA:70,8,0,0
BRDA:71,9,0,0
BRDA:77,10,0,0
BRDA:77,10,1,0
BRDA:86,11,0,0
BRDA:92,12,0,0
BRDA:95,13,0,0
BRDA:95,14,0,0
BRDA:95,14,1,0
BRDA:96,15,0,0
BRDA:102,16,0,0
BRDA:102,16,1,0
BRDA:111,17,0,0
BRDA:117,18,0,0
BRDA:120,19,0,0
BRDA:120,20,0,0
BRDA:120,20,1,0
BRDA:121,21,0,0
BRDA:127,22,0,0
BRDA:127,22,1,0
BRDA:136,23,0,0
BRDA:142,24,0,0
BRDA:145,25,0,0
BRDA:145,26,0,0
BRDA:145,26,1,0
BRDA:146,27,0,0
BRDA:152,28,0,0
BRDA:152,28,1,0
BRDA:161,29,0,0
BRDA:167,30,0,0
BRDA:170,31,0,0
BRDA:170,32,0,0
BRDA:170,32,1,0
BRDA:171,33,0,0
BRDA:172,34,0,0
BRDA:172,35,0,0
BRDA:172,35,1,0
BRDA:173,36,0,0
BRDA:173,37,0,0
BRDA:173,37,1,0
BRDA:180,38,0,0
BRDA:180,38,1,0
BRF:54
BRH:0
end_of_record
TN:
SF:packages/core/src/hierarchy/hierarchy-id.ts
FN:4,(anonymous_0)
FN:8,(anonymous_1)
FN:13,(anonymous_2)
FN:14,(anonymous_3)
FN:22,(anonymous_4)
FN:26,(anonymous_5)
FN:30,(anonymous_6)
FN:34,(anonymous_7)
FN:41,(anonymous_8)
FN:43,(anonymous_9)
FN:46,(anonymous_10)
FN:59,(anonymous_11)
FN:64,(anonymous_12)
FN:68,(anonymous_13)
FNF:14
FNH:14
FNDA:99,(anonymous_0)
FNDA:73,(anonymous_1)
FNDA:137,(anonymous_2)
FNDA:137,(anonymous_3)
FNDA:17,(anonymous_4)
FNDA:13,(anonymous_5)
FNDA:15,(anonymous_6)
FNDA:8,(anonymous_7)
FNDA:16,(anonymous_8)
FNDA:11,(anonymous_9)
FNDA:5,(anonymous_10)
FNDA:49,(anonymous_11)
FNDA:9,(anonymous_12)
FNDA:14,(anonymous_13)
DA:1,174
DA:5,99
DA:9,73
DA:10,73
DA:11,67
DA:12,67
DA:13,137
DA:15,137
DA:16,137
DA:17,136
DA:19,66
DA:23,17
DA:27,13
DA:31,15
DA:35,8
DA:36,2
DA:38,6
DA:42,16
DA:43,15
DA:47,5
DA:48,5
DA:49,3
DA:51,2
DA:52,2
DA:53,2
DA:54,1
DA:56,1
DA:60,49
DA:61,37
DA:65,9
DA:69,14
LF:31
LH:31
BRDA:10,0,0,6
BRDA:16,1,0,1
BRDA:35,2,0,2
BRDA:35,3,0,8
BRDA:35,3,1,7
BRDA:42,4,0,1
BRDA:48,5,0,3
BRDA:48,6,0,5
BRDA:48,6,1,3
BRDA:51,7,0,2
BRDA:51,7,1,0
BRDA:51,8,0,2
BRDA:51,8,1,0
BRDA:52,9,0,1
BRDA:52,9,1,1
BRDA:53,10,0,1
BRDA:53,11,0,2
BRDA:53,11,1,1
BRDA:60,12,0,12
BRF:19
BRH:17
end_of_record
TN:
SF:packages/core/src/hierarchy/index.ts
FN:1,(anonymous_0)
FNF:1
FNH:1
FNDA:63,(anonymous_0)
DA:1,236
LF:1
LH:1
BRF:0
BRH:0
end_of_record
TN:
SF:packages/core/src/interceptors/InterceptionResult.ts
FN:10,(anonymous_0)
FN:19,(anonymous_1)
FN:26,(anonymous_2)
FNF:3
FNH:3
FNDA:153,(anonymous_0)
FNDA:3,(anonymous_1)
FNDA:150,(anonymous_2)
DA:9,173
DA:11,153
DA:12,153
DA:20,3
DA:27,150
LF:5
LH:5
BRF:0
BRH:0
end_of_record
TN:
SF:packages/core/src/interceptors/index.ts
FN:5,(anonymous_0)
FNF:1
FNH:0
FNDA:0,(anonymous_0)
DA:5,0
LF:1
LH:0
BRF:0
BRH:0
end_of_record
TN:
SF:packages/core/src/loading/EntityLoader.ts
FN:22,(anonymous_0)
FN:31,(anonymous_1)
FN:38,(anonymous_2)
FN:45,(anonymous_3)
FN:72,(anonymous_4)
FN:97,(anonymous_5)
FN:135,(anonymous_6)
FN:180,(anonymous_7)
FN:192,(anonymous_8)
FN:210,(anonymous_9)
FN:224,(anonymous_10)
FN:230,(anonymous_11)
FN:231,(anonymous_12)
FN:282,(anonymous_13)
FN:297,(anonymous_14)
FN:305,(anonymous_15)
FN:313,(anonymous_16)
FN:319,(anonymous_17)
FN:324,(anonymous_18)
FN:328,(anonymous_19)
FN:349,(anonymous_20)
FN:367,(anonymous_21)
FN:373,(anonymous_22)
FN:376,(anonymous_23)
FN:407,(anonymous_24)
FN:446,(anonymous_25)
FN:456,(anonymous_26)
FN:457,(anonymous_27)
FN:518,(anonymous_28)
FN:530,(anonymous_29)
FN:531,(anonymous_30)
FNF:31
FNH:30
FNDA:304,(anonymous_0)
FNDA:272,(anonymous_1)
FNDA:274,(anonymous_2)
FNDA:18,(anonymous_3)
FNDA:15,(anonymous_4)
FNDA:11,(anonymous_5)
FNDA:20,(anonymous_6)
FNDA:0,(anonymous_7)
FNDA:10,(anonymous_8)
FNDA:4,(anonymous_9)
FNDA:4,(anonymous_10)
FNDA:8,(anonymous_11)
FNDA:8,(anonymous_12)
FNDA:33,(anonymous_13)
FNDA:6,(anonymous_14)
FNDA:35,(anonymous_15)
FNDA:29,(anonymous_16)
FNDA:21,(anonymous_17)
FNDA:31,(anonymous_18)
FNDA:1,(anonymous_19)
FNDA:8,(anonymous_20)
FNDA:4,(anonymous_21)
FNDA:4,(anonymous_22)
FNDA:9,(anonymous_23)
FNDA:20,(anonymous_24)
FNDA:4,(anonymous_25)
FNDA:15,(anonymous_26)
FNDA:15,(anonymous_27)
FNDA:16,(anonymous_28)
FNDA:27,(anonymous_29)
FNDA:27,(anonymous_30)
DA:1,174
DA:5,174
DA:7,174
DA:13,174
DA:15,304
DA:17,304
DA:26,304
DA:27,304
DA:32,272
DA:39,274
DA:50,18
DA:51,17
DA:53,14
DA:58,14
DA:59,11
DA:60,10
DA:61,3
DA:63,3
DA:66,0
DA:76,15
DA:78,14
DA:83,14
DA:84,10
DA:85,9
DA:86,4
DA:88,4
DA:91,0
DA:102,11
DA:103,11
DA:104,11
DA:106,11
DA:107,11
DA:109,10
DA:110,10
DA:116,9
DA:117,9
DA:118,9
DA:140,20
DA:141,20
DA:142,20
DA:143,20
DA:144,20
DA:145,20
DA:148,19
DA:149,19
DA:158,18
DA:159,22
DA:160,20
DA:185,0
DA:197,10
DA:215,4
DA:216,4
DA:217,4
DA:218,4
DA:220,4
DA:221,4
DA:223,4
DA:224,4
DA:225,4
DA:227,4
DA:229,4
DA:230,8
DA:231,8
DA:232,4
DA:233,4
DA:236,4
DA:238,4
DA:239,4
DA:240,4
DA:246,0
DA:247,0
DA:248,0
DA:253,0
DA:258,4
DA:259,4
DA:260,20
DA:261,20
DA:262,20
DA:263,20
DA:267,4
DA:268,8
DA:269,8
DA:270,8
DA:271,8
DA:283,33
DA:284,33
DA:285,1
DA:287,32
DA:288,32
DA:298,6
DA:299,6
DA:300,6
DA:306,35
DA:307,35
DA:317,29
DA:318,18
DA:319,21
DA:320,18
DA:325,31
DA:337,1
DA:338,1
DA:339,1
DA:340,1
DA:345,1
DA:346,1
DA:356,8
DA:357,8
DA:358,8
DA:359,8
DA:360,8
DA:361,8
DA:364,5
DA:371,4
DA:372,4
DA:373,4
DA:389,9
DA:390,9
DA:391,9
DA:392,8
DA:400,1
DA:403,3
DA:423,20
DA:424,20
DA:425,16
DA:434,16
DA:436,4
DA:454,4
DA:455,4
DA:456,15
DA:457,15
DA:458,4
DA:459,4
DA:461,4
DA:463,4
DA:464,4
DA:465,4
DA:466,4
DA:472,0
DA:473,0
DA:474,0
DA:475,0
DA:476,0
DA:481,0
DA:482,0
DA:484,0
DA:485,0
DA:486,0
DA:498,4
DA:499,4
DA:500,4
DA:501,4
DA:502,4
DA:503,9
DA:505,4
DA:506,15
DA:507,15
DA:508,12
DA:511,4
DA:512,0
DA:527,16
DA:528,16
DA:529,16
DA:530,27
DA:531,27
DA:532,16
DA:533,16
DA:535,16
DA:537,16
DA:538,16
DA:539,16
DA:540,16
DA:546,0
DA:547,0
DA:548,0
DA:549,0
DA:550,0
DA:555,0
DA:556,0
DA:558,0
DA:559,0
DA:560,0
DA:572,16
DA:573,16
DA:574,44
DA:575,44
DA:576,44
DA:577,44
DA:579,16
DA:580,27
DA:581,27
DA:584,16
DA:585,0
LF:192
LH:163
BRDA:32,0,0,3
BRDA:32,1,0,272
BRDA:32,1,1,5
BRDA:51,2,0,3
BRDA:58,3,0,11
BRDA:58,3,1,3
BRDA:58,4,0,14
BRDA:58,4,1,5
BRDA:61,5,0,3
BRDA:83,6,0,10
BRDA:83,6,1,4
BRDA:83,7,0,14
BRDA:83,7,1,8
BRDA:86,8,0,4
BRDA:104,9,0,0
BRDA:106,10,0,11
BRDA:106,10,1,9
BRDA:107,11,0,1
BRDA:109,12,0,10
BRDA:117,13,0,0
BRDA:140,14,0,0
BRDA:143,15,0,0
BRDA:144,16,0,20
BRDA:144,16,1,7
BRDA:145,17,0,1
BRDA:148,18,0,19
BRDA:159,19,0,2
BRDA:215,20,0,0
BRDA:215,21,0,4
BRDA:215,21,1,4
BRDA:218,22,0,0
BRDA:221,23,0,0
BRDA:225,24,0,0
BRDA:225,25,0,4
BRDA:225,25,1,4
BRDA:231,26,0,8
BRDA:231,26,1,8
BRDA:233,27,0,0
BRDA:236,28,0,4
BRDA:236,28,1,0
BRDA:239,29,0,4
BRDA:239,29,1,0
BRDA:261,30,0,20
BRDA:261,30,1,8
BRDA:269,31,0,8
BRDA:269,31,1,0
BRDA:284,32,0,1
BRDA:284,33,0,33
BRDA:284,33,1,33
BRDA:284,33,2,1
BRDA:298,34,0,6
BRDA:298,34,1,0
BRDA:317,35,0,11
BRDA:320,36,0,2
BRDA:325,37,0,31
BRDA:325,37,1,18
BRDA:337,38,0,1
BRDA:337,38,1,1
BRDA:339,39,0,0
BRDA:339,40,0,1
BRDA:339,40,1,1
BRDA:345,41,0,1
BRDA:357,42,0,0
BRDA:359,43,0,0
BRDA:359,44,0,8
BRDA:359,44,1,8
BRDA:360,45,0,8
BRDA:360,45,1,5
BRDA:372,46,0,0
BRDA:373,47,0,4
BRDA:373,47,1,0
BRDA:391,48,0,8
BRDA:391,48,1,1
BRDA:394,49,0,8
BRDA:394,49,1,0
BRDA:424,50,0,16
BRDA:427,51,0,16
BRDA:427,51,1,0
BRDA:438,52,0,4
BRDA:438,52,1,0
BRDA:438,53,0,4
BRDA:438,53,1,0
BRDA:454,54,0,4
BRDA:454,54,1,0
BRDA:457,55,0,15
BRDA:457,55,1,12
BRDA:459,56,0,0
BRDA:465,57,0,4
BRDA:465,57,1,0
BRDA:501,58,0,0
BRDA:507,59,0,12
BRDA:507,60,0,15
BRDA:507,60,1,12
BRDA:511,61,0,0
BRDA:528,62,0,0
BRDA:531,63,0,27
BRDA:531,63,1,27
BRDA:533,64,0,0
BRDA:535,65,0,16
BRDA:535,65,1,0
BRDA:539,66,0,16
BRDA:539,66,1,0
BRDA:575,67,0,44
BRDA:575,67,1,22
BRDA:582,68,0,27
BRDA:582,68,1,5
BRDA:584,69,0,0
BRF:107
BRH:75
end_of_record
TN:
SF:packages/core/src/loading/LazyLoadingProxy.ts
FN:11,(anonymous_0)
FN:12,(anonymous_1)
FN:13,(anonymous_2)
FN:14,(anonymous_3)
FN:20,(anonymous_4)
FN:24,(anonymous_5)
FN:27,(anonymous_6)
FN:32,(anonymous_7)
FN:71,(anonymous_8)
FN:77,(anonymous_9)
FN:82,(anonymous_10)
FN:85,(anonymous_11)
FN:89,(anonymous_12)
FN:96,(anonymous_13)
FN:103,(anonymous_14)
FN:107,(anonymous_15)
FN:131,(anonymous_16)
FN:132,(anonymous_17)
FN:135,(anonymous_18)
FN:138,(anonymous_19)
FN:153,isLazyProxy
FN:157,getLazyTarget
FN:161,awaitLazyLoad
FNF:23
FNH:0
FNDA:0,(anonymous_0)
FNDA:0,(anonymous_1)
FNDA:0,(anonymous_2)
FNDA:0,(anonymous_3)
FNDA:0,(anonymous_4)
FNDA:0,(anonymous_5)
FNDA:0,(anonymous_6)
FNDA:0,(anonymous_7)
FNDA:0,(anonymous_8)
FNDA:0,(anonymous_9)
FNDA:0,(anonymous_10)
FNDA:0,(anonymous_11)
FNDA:0,(anonymous_12)
FNDA:0,(anonymous_13)
FNDA:0,(anonymous_14)
FNDA:0,(anonymous_15)
FNDA:0,(anonymous_16)
FNDA:0,(anonymous_17)
FNDA:0,(anonymous_18)
FNDA:0,(anonymous_19)
FNDA:0,isLazyProxy
FNDA:0,getLazyTarget
FNDA:0,awaitLazyLoad
DA:1,173
DA:5,173
DA:6,173
DA:7,173
DA:10,173
DA:11,173
DA:12,173
DA:13,173
DA:14,173
DA:17,173
DA:21,0
DA:25,0
DA:27,0
DA:37,0
DA:39,0
DA:40,0
DA:42,0
DA:43,0
DA:44,0
DA:45,0
DA:46,0
DA:47,0
DA:51,0
DA:65,0
DA:71,0
DA:74,0
DA:82,0
DA:86,0
DA:90,0
DA:91,0
DA:93,0
DA:97,0
DA:98,0
DA:100,0
DA:104,0
DA:113,0
DA:114,0
DA:115,0
DA:117,0
DA:131,0
DA:132,0
DA:134,0
DA:135,0
DA:136,0
DA:138,0
DA:139,0
DA:140,0
DA:143,0
DA:144,0
DA:146,0
DA:147,0
DA:153,173
DA:154,0
DA:157,173
DA:158,0
DA:161,173
DA:162,0
DA:163,0
LF:58
LH:13
BRDA:26,0,0,0
BRDA:26,0,1,0
BRDA:37,1,0,0
BRDA:40,2,0,0
BRDA:40,3,0,0
BRDA:40,3,1,0
BRDA:46,4,0,0
BRDA:46,5,0,0
BRDA:46,5,1,0
BRDA:90,6,0,0
BRDA:97,7,0,0
BRDA:104,8,0,0
BRDA:104,8,1,0
BRDA:113,9,0,0
BRDA:115,10,0,0
BRDA:136,11,0,0
BRDA:140,12,0,0
BRDA:140,12,1,0
BRDA:140,12,2,0
BRDA:143,13,0,0
BRDA:146,14,0,0
BRDA:162,15,0,0
BRF:22
BRH:0
end_of_record
TN:
SF:packages/core/src/loading/LazyLoadingState.ts
FN:11,getOrInitStateEntry
FN:19,markLoading
FN:29,markLoaded
FN:36,resetLoading
FN:42,defaultValueFor
FNF:5
FNH:5
FNDA:14,getOrInitStateEntry
FNDA:4,markLoading
FNDA:4,markLoaded
FNDA:1,resetLoading
FNDA:4,defaultValueFor
DA:11,176
DA:15,14
DA:16,14
DA:19,176
DA:24,4
DA:25,4
DA:26,4
DA:29,176
DA:30,4
DA:31,4
DA:32,4
DA:33,4
DA:36,176
DA:37,1
DA:38,1
DA:39,1
DA:42,176
DA:43,4
LF:18
LH:18
BRDA:15,0,0,14
BRDA:15,0,1,3
BRDA:43,1,0,2
BRDA:43,1,1,2
BRDA:43,2,0,4
BRDA:43,2,1,3
BRF:6
BRH:6
end_of_record
TN:
SF:packages/core/src/loading/LazyLoadingSymbols.ts
FNF:0
FNH:0
DA:1,175
DA:2,175
DA:3,175
DA:4,175
LF:4
LH:4
BRF:0
BRH:0
end_of_record
TN:
SF:packages/core/src/loading/LazyProxyTraps.ts
FN:21,buildProxyTraps
FN:30,(anonymous_1)
FN:32,(anonymous_2)
FN:34,(anonymous_3)
FN:35,(anonymous_4)
FN:36,(anonymous_5)
FN:40,proxyGet
FN:58,(anonymous_7)
FN:66,(anonymous_8)
FN:71,(anonymous_9)
FN:85,proxySet
FN:95,(anonymous_11)
FN:101,proxyHas
FN:113,proxyOwnKeys
FN:115,(anonymous_14)
FN:123,proxyGetOwnPropertyDescriptor
FNF:16
FNH:15
FNDA:9,buildProxyTraps
FNDA:7,(anonymous_1)
FNDA:1,(anonymous_2)
FNDA:4,(anonymous_3)
FNDA:1,(anonymous_4)
FNDA:1,(anonymous_5)
FNDA:7,proxyGet
FNDA:3,(anonymous_7)
FNDA:2,(anonymous_8)
FNDA:0,(anonymous_9)
FNDA:1,proxySet
FNDA:1,(anonymous_11)
FNDA:4,proxyHas
FNDA:1,proxyOwnKeys
FNDA:2,(anonymous_14)
FNDA:1,proxyGetOwnPropertyDescriptor
DA:5,174
DA:13,174
DA:21,174
DA:29,9
DA:31,7
DA:33,1
DA:34,4
DA:35,1
DA:36,1
DA:51,7
DA:52,6
DA:53,5
DA:54,4
DA:56,3
DA:57,3
DA:58,3
DA:61,3
DA:62,3
DA:63,3
DA:64,2
DA:67,2
DA:68,2
DA:69,2
DA:72,0
DA:73,0
DA:74,0
DA:76,2
DA:77,2
DA:79,1
DA:82,0
DA:93,1
DA:94,1
DA:95,1
DA:97,1
DA:98,1
DA:102,4
DA:108,4
DA:110,0
DA:114,1
DA:116,2
DA:127,1
DA:133,0
DA:135,1
LF:43
LH:37
BRDA:51,0,0,1
BRDA:52,1,0,1
BRDA:53,2,0,1
BRDA:54,3,0,1
BRDA:61,4,0,3
BRDA:63,5,0,2
BRDA:63,6,0,3
BRDA:63,6,1,3
BRDA:79,7,0,1
BRDA:97,8,0,1
BRDA:102,9,0,4
BRDA:103,10,0,4
BRDA:103,10,1,3
BRDA:103,10,2,2
BRDA:103,10,3,1
BRDA:116,11,0,2
BRDA:116,11,1,2
BRDA:116,11,2,2
BRDA:116,11,3,2
BRDA:127,12,0,0
BRDA:128,13,0,1
BRDA:128,13,1,1
BRDA:128,13,2,1
BRDA:128,13,3,1
BRF:24
BRH:23
end_of_record
TN:
SF:packages/core/src/loading/LoadingStrategy.ts
FN:6,(anonymous_0)
FNF:1
FNH:1
FNDA:640,(anonymous_0)
DA:6,815
LF:1
LH:1
BRF:0
BRH:0
end_of_record
TN:
SF:packages/core/src/loading/RelationshipLoader.ts
FN:21,(anonymous_0)
FN:27,(anonymous_1)
FN:67,(anonymous_2)
FN:94,(anonymous_3)
FN:122,(anonymous_4)
FN:130,(anonymous_5)
FN:131,(anonymous_6)
FN:136,(anonymous_7)
FN:162,(anonymous_8)
FN:173,(anonymous_9)
FN:174,(anonymous_10)
FN:199,(anonymous_11)
FN:248,(anonymous_12)
FN:250,(anonymous_13)
FN:251,(anonymous_14)
FN:255,(anonymous_15)
FN:263,(anonymous_16)
FN:278,(anonymous_17)
FN:288,(anonymous_18)
FN:288,(anonymous_19)
FN:291,(anonymous_20)
FN:307,(anonymous_21)
FN:318,(anonymous_22)
FN:325,(anonymous_23)
FN:328,(anonymous_24)
FN:333,(anonymous_25)
FN:341,(anonymous_26)
FN:347,(anonymous_27)
FN:351,(anonymous_28)
FNF:29
FNH:9
FNDA:6,(anonymous_0)
FNDA:5,(anonymous_1)
[...]
DA:443,222
DA:444,222
DA:447,222
DA:448,222
DA:450,9
DA:456,73
DA:458,73
DA:460,70
DA:461,70
DA:464,70
DA:465,7
DA:466,7
DA:467,7
DA:468,7
DA:469,7
DA:470,133
DA:471,133
DA:472,133
DA:473,133
DA:474,0
DA:479,70
DA:480,15
DA:481,15
DA:482,15
DA:483,15
DA:485,16
DA:486,16
DA:489,15
DA:490,31
DA:492,35
DA:493,35
DA:494,31
DA:495,62
DA:496,31
DA:497,31
DA:499,31
DA:500,29
DA:504,2
DA:506,2
DA:508,2
DA:510,2
DA:513,0
DA:515,0
DA:517,0
DA:519,0
DA:521,0
DA:524,4
DA:529,15
DA:530,15
DA:531,10
DA:532,25
DA:533,25
DA:534,27
DA:535,27
DA:536,27
DA:537,27
DA:538,27
DA:540,27
DA:543,0
DA:545,0
DA:547,0
DA:549,0
DA:551,0
DA:553,0
DA:561,70
DA:562,11
DA:563,11
DA:564,11
DA:565,11
DA:566,11
DA:569,70
DA:574,15
DA:575,1
DA:579,1
DA:580,1
DA:581,1
DA:582,1
DA:583,3
DA:584,1
DA:585,1
DA:586,1
DA:587,1
DA:588,1
DA:591,1
DA:595,14
DA:596,2
DA:601,2
DA:602,2
DA:603,2
DA:604,8
DA:605,2
DA:606,2
DA:610,12
DA:623,0
DA:630,0
LF:291
LH:241
BRDA:28,0,0,0
BRDA:28,0,1,89
BRDA:29,1,0,10
BRDA:29,1,1,79
BRDA:32,2,0,89
BRDA:33,3,0,89
BRDA:33,3,1,0
BRDA:34,4,0,16
BRDA:39,5,0,9
BRDA:39,6,0,89
BRDA:39,6,1,9
BRDA:42,7,0,89
BRDA:42,7,1,19
BRDA:43,8,0,89
BRDA:43,8,1,7
BRDA:44,9,0,19
BRDA:44,9,1,70
BRDA:46,10,0,7
BRDA:47,11,0,0
BRDA:80,12,0,27
BRDA:80,12,1,9
BRDA:80,13,0,9
BRDA:80,13,1,0
BRDA:100,14,0,2
BRDA:100,14,1,0
BRDA:110,15,0,7
BRDA:110,15,1,1
BRDA:118,16,0,1
BRDA:129,17,0,1
BRDA:157,18,0,86
BRDA:157,18,1,70
BRDA:159,19,0,70
BRDA:159,19,1,33
BRDA:162,20,0,156
BRDA:162,20,1,16
BRDA:188,21,0,177
BRDA:216,22,0,632
BRDA:217,23,0,6
BRDA:217,23,1,626
BRDA:220,24,0,190
BRDA:222,25,0,281
BRDA:222,25,1,0
BRDA:223,26,0,281
BRDA:226,27,0,131
BRDA:227,28,0,281
BRDA:227,28,1,277
BRDA:227,28,2,146
BRDA:260,29,0,5
BRDA:260,29,1,2
BRDA:261,30,0,5
BRDA:261,30,1,0
BRDA:264,31,0,5
BRDA:264,31,1,0
BRDA:267,32,0,2
BRDA:267,32,1,3
BRDA:267,33,0,0
BRDA:267,33,1,3
BRDA:268,34,0,2
BRDA:271,35,0,2
BRDA:273,36,0,7
BRDA:274,37,0,0
BRDA:274,37,1,7
BRDA:300,38,0,3
BRDA:300,38,1,0
BRDA:301,39,0,3
BRDA:301,39,1,0
BRDA:304,40,0,3
BRDA:304,40,1,0
BRDA:307,41,0,0
BRDA:326,42,0,0
BRDA:326,42,1,0
BRDA:327,43,0,0
BRDA:327,43,1,0
BRDA:330,44,0,0
BRDA:330,44,1,0
BRDA:332,45,0,0
BRDA:336,46,0,0
BRDA:336,46,1,0
BRDA:360,47,0,0
BRDA:360,47,1,0
BRDA:363,48,0,0
BRDA:363,48,1,0
BRDA:377,49,0,0
BRDA:377,49,1,0
BRDA:383,50,0,0
BRDA:391,51,0,14
BRDA:391,51,1,0
BRDA:397,52,0,0
BRDA:397,52,1,188
BRDA:420,53,0,0
BRDA:422,54,0,26
BRDA:427,55,0,9
BRDA:433,56,0,0
BRDA:434,57,0,0
BRDA:441,58,0,222
BRDA:442,59,0,222
BRDA:442,59,1,0
BRDA:458,60,0,3
BRDA:461,61,0,70
BRDA:461,61,1,0
BRDA:464,62,0,7
BRDA:466,63,0,7
BRDA:468,64,0,7
BRDA:468,64,1,0
BRDA:472,65,0,0
BRDA:472,66,0,0
BRDA:472,66,1,0
BRDA:473,67,0,133
BRDA:473,68,0,133
BRDA:473,68,1,0
BRDA:479,69,0,15
BRDA:481,70,0,15
BRDA:486,71,0,4
BRDA:486,71,1,12
BRDA:486,72,0,16
BRDA:486,72,1,4
BRDA:493,73,0,31
BRDA:499,74,0,29
BRDA:504,75,0,2
BRDA:508,76,0,2
BRDA:508,76,1,0
BRDA:508,76,2,0
BRDA:508,76,3,0
BRDA:508,76,4,0
BRDA:508,76,5,0
BRDA:508,76,6,0
BRDA:530,77,0,10
BRDA:530,78,0,15
BRDA:530,78,1,10
BRDA:538,79,0,27
BRDA:538,79,1,0
BRDA:538,79,2,0
BRDA:538,79,3,0
BRDA:538,79,4,0
BRDA:538,79,5,0
BRDA:538,79,6,0
BRDA:538,79,7,0
BRDA:545,80,0,0
BRDA:545,80,1,0
BRDA:547,81,0,0
BRDA:547,81,1,0
BRDA:549,82,0,0
BRDA:549,82,1,0
BRDA:551,83,0,0
BRDA:551,83,1,0
BRDA:561,84,0,11
BRDA:564,85,0,11
BRDA:564,85,1,0
BRDA:565,86,0,5
BRDA:565,86,1,6
BRDA:574,87,0,1
BRDA:580,88,0,1
BRDA:580,88,1,0
BRDA:583,89,0,1
BRDA:583,89,1,0
BRDA:586,90,0,1
BRDA:595,91,0,2
BRDA:602,92,0,2
BRDA:602,92,1,0
BRF:159
BRH:92
end_of_record
TN:
SF:packages/testkits/src/index.ts
FN:4,(anonymous_4)
FN:5,(anonymous_5)
FN:10,(anonymous_6)
FN:11,(anonymous_7)
FNF:4
FNH:0
FNDA:0,(anonymous_4)
FNDA:0,(anonymous_5)
FNDA:0,(anonymous_6)
FNDA:0,(anonymous_7)
DA:1,51
DA:2,51
DA:3,51
DA:4,51
DA:5,51
DA:9,51
DA:10,51
DA:11,51
DA:14,51
LF:9
LH:9
BRF:0
BRH:0
end_of_record
TN:
SF:packages/testkits/src/builders/EntityBuilder.ts
FN:5,(anonymous_0)
FN:7,(anonymous_1)
FN:12,(anonymous_2)
FN:17,(anonymous_3)
FN:22,(anonymous_4)
FN:23,(anonymous_5)
FN:30,(anonymous_6)
FN:36,builder
FN:65,(anonymous_8)
FN:74,(anonymous_9)
FN:81,(anonymous_10)
FNF:11
FNH:8
FNDA:26,(anonymous_0)
FNDA:15,(anonymous_1)
FNDA:12,(anonymous_2)
FNDA:15,(anonymous_3)
FNDA:5,(anonymous_4)
FNDA:10,(anonymous_5)
FNDA:4,(anonymous_6)
FNDA:3,builder
FNDA:0,(anonymous_8)
FNDA:0,(anonymous_9)
FNDA:0,(anonymous_10)
DA:1,52
DA:2,26
DA:3,26
DA:5,26
DA:8,15
DA:9,15
DA:13,12
DA:14,12
DA:18,15
DA:19,15
DA:23,5
DA:24,10
DA:25,10
DA:26,10
DA:31,4
DA:32,4
DA:36,52
DA:37,3
DA:40,52
DA:49,52
DA:57,52
DA:65,52
DA:66,0
DA:74,52
DA:75,0
DA:81,52
DA:82,0
LF:27
LH:24
BRDA:25,0,0,5
BRDA:25,0,1,5
BRF:2
BRH:2
end_of_record
TN:
SF:packages/testkits/src/fixtures/TestEntities.ts
FNF:0
FNH:0
DA:1,52
DA:11,52
DA:23,52
DA:33,52
DA:39,52
DA:47,52
DA:56,52
DA:67,52
DA:77,52
DA:104,52
DA:128,52
LF:11
LH:11
BRF:0
BRH:0
end_of_record
TN:
SF:packages/testkits/src/harness/DatabaseHarness.ts
FN:17,(anonymous_0)
FN:21,(anonymous_1)
FN:26,(anonymous_2)
FN:32,(anonymous_3)
FN:39,(anonymous_4)
FN:46,(anonymous_5)
FN:52,(anonymous_6)
FN:59,(anonymous_7)
FN:67,(anonymous_8)
FN:72,createDatabaseHarness
FNF:10
FNH:10
FNDA:19,(anonymous_0)
FNDA:8,(anonymous_1)
FNDA:6,(anonymous_2)
FNDA:4,(anonymous_3)
FNDA:3,(anonymous_4)
FNDA:4,(anonymous_5)
FNDA:7,(anonymous_6)
FNDA:23,(anonymous_7)
FNDA:13,(anonymous_8)
FNDA:1,createDatabaseHarness
DA:17,52
DA:19,19
DA:22,8
DA:24,8
DA:25,6
DA:26,6
DA:29,8
DA:33,4
DA:34,5
DA:35,5
DA:40,3
DA:41,4
DA:42,4
DA:47,4
DA:49,4
DA:50,4
DA:51,4
DA:52,7
DA:54,4
DA:55,4
DA:60,23
DA:61,8
DA:63,23
DA:64,23
DA:68,13
DA:72,52
DA:73,1
LF:27
LH:27
BRDA:24,0,0,6
BRF:1
BRH:1
end_of_record
TN:
SF:packages/testkits/src/mocks/MockProvider.ts
FN:18,(anonymous_0)
FN:23,(anonymous_1)
FN:27,(anonymous_2)
FN:31,(anonymous_3)
FN:56,(anonymous_4)
FN:60,(anonymous_5)
FN:64,(anonymous_6)
FN:68,(anonymous_7)
FN:72,(anonymous_8)
FN:77,(anonymous_9)
FN:81,(anonymous_10)
FN:85,(anonymous_11)
FN:89,(anonymous_12)
FN:93,(anonymous_13)
FN:99,(anonymous_14)
FN:103,(anonymous_15)
FN:113,(anonymous_16)
FN:126,createMockProvider
FNF:18
FNH:18
FNDA:47,(anonymous_0)
FNDA:10,(anonymous_1)
FNDA:8,(anonymous_2)
FNDA:41,(anonymous_3)
FNDA:2,(anonymous_4)
FNDA:2,(anonymous_5)
FNDA:1,(anonymous_6)
FNDA:7,(anonymous_7)
FNDA:2,(anonymous_8)
FNDA:7,(anonymous_9)
FNDA:13,(anonymous_10)
FNDA:30,(anonymous_11)
FNDA:30,(anonymous_12)
FNDA:29,(anonymous_13)
FNDA:5,(anonymous_14)
FNDA:4,(anonymous_15)
FNDA:3,(anonymous_16)
FNDA:19,createMockProvider
DA:18,53
DA:19,47
DA:20,47
DA:21,47
DA:24,10
DA:28,8
DA:36,41
DA:39,41
DA:40,35
DA:41,5
DA:42,2
DA:43,2
DA:44,2
DA:45,2
DA:51,41
DA:52,41
DA:53,41
DA:57,2
DA:61,2
DA:65,1
DA:69,7
DA:73,2
DA:74,2
DA:78,7
DA:82,13
DA:86,30
DA:90,30
DA:94,29
DA:95,29
DA:96,29
DA:100,5
DA:104,4
DA:105,4
DA:106,1
DA:108,3
DA:109,1
DA:114,3
DA:115,3
DA:116,1
DA:118,2
DA:119,1
DA:126,53
DA:127,19
LF:43
LH:43
BRDA:39,0,0,35
BRDA:41,1,0,2
BRDA:43,2,0,2
BRDA:51,3,0,41
BRDA:51,3,1,33
BRDA:105,4,0,1
BRDA:108,5,0,1
BRDA:115,6,0,1
BRDA:118,7,0,1
BRF:9
BRH:9
end_of_record
TN:
SF:packages/testkits/src/snapshot/SqlSnapshotMatcher.ts
FN:8,(anonymous_0)
FN:18,(anonymous_1)
FN:33,(anonymous_2)
FN:45,(anonymous_3)
FN:64,setupSqlSnapshotMatchers
FN:66,(anonymous_5)
FNF:6
FNH:5
FNDA:25,(anonymous_0)
FNDA:0,(anonymous_1)
FNDA:9,(anonymous_2)
FNDA:4,(anonymous_3)
FNDA:3,setupSqlSnapshotMatchers
FNDA:2,(anonymous_5)
DA:7,1
DA:9,25
DA:11,25
DA:12,24
DA:15,25
DA:17,0
DA:18,0
DA:19,0
DA:20,0
DA:24,25
DA:25,9
DA:26,9
DA:27,9
DA:30,25
DA:38,9
DA:39,9
DA:41,9
DA:43,9
DA:46,4
DA:47,1
DA:49,3
DA:64,1
DA:65,3
DA:67,2
LF:24
LH:20
BRDA:8,0,0,2
BRDA:11,1,0,24
BRDA:15,2,0,0
BRDA:17,3,0,0
BRDA:17,3,1,0
BRDA:24,4,0,9
BRDA:36,5,0,7
BRDA:39,6,0,8
BRDA:39,6,1,1
BRDA:46,7,0,1
BRF:10
BRH:7
end_of_record
TN:
SF:packages/transformer/src/WhereTransformer.ts
FN:17,createWhereTransformer
FN:23,(anonymous_10)
FN:23,(anonymous_11)
FN:26,(anonymous_12)
FNF:4
FNH:4
FNDA:14,createWhereTransformer
FNDA:14,(anonymous_10)
FNDA:14,(anonymous_11)
FNDA:388,(anonymous_12)
DA:1,1
DA:4,1
DA:5,1
DA:6,1
DA:8,1
DA:17,1
DA:21,14
DA:23,14
DA:24,14
DA:26,14
DA:27,388
DA:28,15
DA:29,15
DA:31,15
DA:36,15
DA:39,14
DA:40,14
DA:41,14
DA:42,1
DA:47,1
DA:54,13
DA:58,374
DA:61,14
LF:23
LH:23
BRDA:24,0,0,0
BRDA:27,1,0,15
BRDA:29,2,0,15
BRDA:29,3,0,15
BRDA:29,3,1,15
BRDA:31,4,0,3
BRDA:31,4,1,12
BRDA:33,5,0,3
BRDA:33,5,1,9
BRDA:36,6,0,14
BRDA:36,7,0,15
BRDA:36,7,1,15
BRDA:41,8,0,1
BRF:13
BRH:12
end_of_record
TN:
SF:packages/transformer/src/diagnostics/DiagnosticSink.ts
FN:9,createDiagnostic
FN:24,reportDiagnostic
FN:40,extractSinkFromCtx
FNF:3
FNH:3
FNDA:19,createDiagnostic
FNDA:16,reportDiagnostic
FNDA:2,extractSinkFromCtx
DA:1,12
DA:3,12
DA:9,12
DA:14,19
DA:24,12
DA:30,16
DA:31,16
DA:32,15
DA:34,1
DA:35,1
DA:40,12
DA:43,2
DA:44,2
DA:45,1
LF:14
LH:14
BRDA:28,0,0,7
BRDA:31,1,0,15
BRDA:31,1,1,1
BRDA:34,2,0,1
BRDA:34,2,1,0
BRDA:44,3,0,1
BRF:6
BRH:5
end_of_record
TN:
SF:packages/transformer/src/diagnostics/index.ts
FN:2,(anonymous_0)
FN:4,(anonymous_1)
FN:5,(anonymous_2)
FN:6,(anonymous_3)
FNF:4
FNH:1
FNDA:0,(anonymous_0)
FNDA:0,(anonymous_1)
FNDA:2,(anonymous_2)
FNDA:0,(anonymous_3)
DA:1,10
DA:2,10
DA:4,10
DA:5,12
DA:6,10
LF:5
LH:5
BRF:0
BRH:0
end_of_record
TN:
SF:packages/transformer/src/expression/ExpressionDispatcher.ts
FN:28,dispatch
FNF:1
FNH:1
FNDA:70,dispatch
DA:1,10
DA:3,10
DA:5,10
DA:6,10
DA:7,10
DA:8,10
DA:9,10
DA:10,10
DA:14,10
DA:28,10
DA:33,70
DA:34,70
LF:12
LH:12
BRDA:34,0,0,68
BRDA:34,0,1,2
BRF:2
BRH:2
end_of_record
TN:
SF:packages/transformer/src/expression/transformExpression.ts
FN:9,transformExpression
FNF:1
FNH:1
FNDA:70,transformExpression
DA:1,10
DA:3,10
DA:4,10
DA:7,10
DA:9,10
DA:14,70
DA:17,69
DA:18,1
DA:22,68
DA:26,0
DA:29,68
LF:11
LH:10
BRDA:12,0,0,12
BRDA:14,1,0,1
BRDA:17,2,0,1
BRDA:22,3,0,0
BRDA:23,4,0,68
BRDA:23,4,1,0
BRF:6
BRH:4
end_of_record
TN:
SF:packages/transformer/src/expression/visitors/BinaryVisitor.ts
FN:26,isNullLiteral
FN:30,visit
FN:62,visitComparison
FNF:3
FNH:3
FNDA:50,isNullLiteral
FNDA:30,visit
FNDA:25,visitComparison
DA:1,10
DA:3,10
DA:4,10
DA:5,10
DA:8,10
DA:15,10
DA:27,50
DA:30,10
DA:35,30
DA:37,30
DA:38,30
DA:39,3
DA:47,27
DA:48,27
DA:49,25
DA:52,2
DA:59,2
DA:68,25
DA:69,25
DA:71,25
DA:72,3
DA:73,3
DA:74,3
DA:75,3
DA:76,3
DA:77,3
DA:85,22
LF:27
LH:27
BRDA:38,0,0,3
BRDA:48,1,0,25
BRDA:71,2,0,3
BRDA:71,3,0,25
BRDA:71,3,1,24
BRDA:72,4,0,1
BRDA:72,4,1,2
BRDA:73,5,0,3
BRDA:75,6,0,3
BRDA:75,7,0,3
BRDA:75,7,1,3
BRDA:76,8,0,2
BRDA:76,8,1,1
BRDA:76,9,0,3
BRDA:76,9,1,1
BRF:15
BRH:15
end_of_record
TN:
SF:packages/transformer/src/expression/visitors/CallVisitor.ts
FN:21,isEfFunctionsCall
FN:31,visit
FN:73,visitArrayIncludes
FN:92,(anonymous_12)
FN:98,visitIdentifierIncludes
FN:116,visitStringMethod
FN:129,(anonymous_15)
FN:139,extractArrayElementLiteral
FN:158,visitEfFunction
FN:163,(anonymous_18)
FN:172,resolveEfArg
FN:208,extractPropertyNode
FNF:12
FNH:12
FNDA:5,isEfFunctionsCall
FNDA:11,visit
FNDA:1,visitArrayIncludes
FNDA:2,(anonymous_12)
FNDA:1,visitIdentifierIncludes
FNDA:3,visitStringMethod
FNDA:3,(anonymous_15)
FNDA:2,extractArrayElementLiteral
FNDA:5,visitEfFunction
FNDA:8,(anonymous_18)
FNDA:8,resolveEfArg
FNDA:2,extractPropertyNode
DA:1,10
DA:3,10
DA:4,10
DA:7,10
DA:9,10
DA:22,5
DA:23,5
DA:24,5
DA:31,10
DA:36,11
DA:37,0
DA:40,11
DA:41,11
DA:42,11
DA:43,11
DA:46,11
DA:47,1
DA:51,10
DA:57,1
DA:61,9
DA:62,3
DA:66,6
DA:67,5
DA:70,1
DA:78,1
DA:79,1
DA:81,1
DA:82,1
DA:83,2
DA:86,1
DA:92,2
DA:103,1
DA:104,1
DA:106,1
DA:107,1
DA:109,1
DA:123,3
DA:124,3
DA:125,0
DA:128,3
DA:129,3
DA:131,3
DA:140,2
DA:141,0
DA:142,0
DA:143,0
DA:144,0
DA:145,0
DA:150,0
DA:155,0
DA:163,8
DA:165,5
DA:174,8
DA:175,5
DA:176,5
DA:177,5
DA:182,3
DA:183,2
DA:187,1
DA:188,0
DA:192,1
DA:193,0
DA:195,1
DA:196,0
DA:198,1
DA:199,0
DA:203,1
DA:204,1
DA:205,1
DA:212,2
DA:213,2
DA:214,2
DA:215,2
LF:73
LH:60
BRDA:22,0,0,0
BRDA:25,1,0,5
BRDA:25,1,1,5
BRDA:25,1,2,5
BRDA:36,2,0,0
BRDA:46,3,0,1
BRDA:46,4,0,11
BRDA:46,4,1,3
BRDA:46,4,2,1
BRDA:51,5,0,1
BRDA:52,6,0,10
BRDA:52,6,1,2
BRDA:52,6,2,1
BRDA:52,6,3,1
BRDA:61,7,0,3
BRDA:61,8,0,9
BRDA:61,8,1,3
BRDA:66,9,0,5
BRDA:66,10,0,6
BRDA:66,10,1,5
BRDA:79,11,0,0
BRDA:104,12,0,0
BRDA:124,13,0,0
BRDA:124,14,0,3
BRDA:124,14,1,3
BRDA:140,15,0,2
BRDA:141,16,0,0
BRDA:142,17,0,0
BRDA:143,18,0,0
BRDA:144,19,0,0
BRDA:145,20,0,0
BRDA:146,21,0,0
BRDA:146,21,1,0
BRDA:146,21,2,0
BRDA:174,22,0,5
BRDA:176,23,0,5
BRDA:176,24,0,5
BRDA:176,24,1,5
BRDA:182,25,0,2
BRDA:187,26,0,0
BRDA:192,27,0,0
BRDA:195,28,0,0
BRDA:198,29,0,0
BRDA:212,30,0,0
BRDA:214,31,0,0
BRDA:214,32,0,2
BRDA:214,32,1,2
BRF:47
BRH:28
end_of_record
TN:
SF:packages/transformer/src/expression/visitors/IdentifierVisitor.ts
FN:7,visit
FNF:1
FNH:1
FNDA:10,visit
DA:1,10
DA:3,10
DA:4,10
DA:7,10
DA:8,10
DA:9,1
DA:16,1
DA:19,9
DA:20,9
DA:21,9
LF:10
LH:10
BRDA:8,0,0,1
BRF:1
BRH:1
end_of_record
TN:
SF:packages/transformer/src/expression/visitors/LiteralVisitor.ts
FN:6,makeLiteral
FN:10,visitNumeric
FN:18,visitString
FN:26,visitTrue
FN:34,visitFalse
FN:42,visitNull
FNF:6
FNH:6
FNDA:26,makeLiteral
FNDA:16,visitNumeric
FNDA:4,visitString
FNDA:4,visitTrue
FNDA:1,visitFalse
FNDA:1,visitNull
DA:1,10
DA:3,10
DA:7,26
DA:10,10
DA:15,16
DA:18,10
DA:23,4
DA:26,10
DA:31,4
DA:34,10
DA:39,1
DA:42,10
DA:47,1
LF:13
LH:13
BRF:0
BRH:0
end_of_record
TN:
SF:packages/transformer/src/expression/visitors/PrefixUnaryVisitor.ts
FN:6,visit
FNF:1
FNH:1
FNDA:6,visit
DA:1,10
DA:3,10
DA:6,10
DA:12,6
DA:13,3
DA:20,3
DA:21,1
DA:34,2
DA:35,1
DA:38,1
LF:10
LH:10
BRDA:12,0,0,3
BRDA:20,1,0,1
BRDA:20,2,0,3
BRDA:20,2,1,1
BRDA:34,3,0,1
BRDA:34,4,0,2
BRDA:34,4,1,1
BRF:7
BRH:7
end_of_record
TN:
SF:packages/transformer/src/expression/visitors/PropertyAccessVisitor.ts
FN:7,visit
FNF:1
FNH:1
FNDA:28,visit
DA:3,10
DA:4,10
DA:7,10
DA:12,28
DA:13,28
DA:15,27
DA:17,27
DA:19,1
DA:20,1
DA:21,1
DA:24,26
LF:11
LH:11
BRDA:13,0,0,1
BRDA:17,1,0,1
BRF:2
BRH:2
end_of_record
TN:
SF:packages/transformer/src/nodes/PropertyChain.ts
FN:13,isOptionalAccess
FN:24,collectPropertyChain
FN:41,buildPropertyNode
FN:50,(anonymous_12)
FNF:4
FNH:4
FNDA:73,isOptionalAccess
FNDA:46,collectPropertyChain
FNDA:43,buildPropertyNode
FNDA:11,(anonymous_12)
DA:1,10
DA:3,10
DA:11,10
DA:14,73
DA:24,10
DA:25,46
DA:26,46
DA:27,46
DA:28,46
DA:30,46
DA:31,74
DA:32,73
DA:33,73
DA:34,73
DA:37,45
DA:38,43
DA:41,10
DA:45,43
DA:47,43
DA:48,39
DA:50,11
DA:53,43
DA:54,1
DA:57,43
LF:24
LH:24
BRDA:31,0,0,1
BRDA:32,1,0,1
BRDA:37,2,0,2
BRDA:43,3,0,2
BRDA:47,4,0,39
BRDA:47,4,1,4
BRDA:48,5,0,39
BRDA:48,5,1,0
BRDA:53,6,0,1
BRF:9
BRH:8
end_of_record
TN:
SF:packages/transformer/src/nodes/builders.ts
FN:7,str
FN:11,num
FN:17,prop
FN:21,makeObject
FN:28,makeArray
FN:34,syntaxKindName
FN:70,makeUnsupported
FNF:7
FNH:7
FNDA:242,str
FNDA:38,num
FNDA:373,prop
FNDA:152,makeObject
FNDA:29,makeArray
FNDA:11,syntaxKindName
FNDA:9,makeUnsupported
DA:1,11
DA:3,11
DA:7,11
DA:8,242
DA:11,11
DA:12,38
DA:17,11
DA:18,373
DA:21,11
DA:25,152
DA:28,11
DA:29,29
DA:34,11
DA:35,11
DA:50,11
DA:58,11
DA:70,11
DA:71,9
DA:72,9
DA:74,9
DA:76,9
DA:77,6
DA:80,9
LF:23
LH:23
BRDA:23,0,0,152
BRDA:51,1,0,11
BRDA:51,1,1,7
BRDA:51,1,2,0
BRDA:76,2,0,6
BRF:5
BRH:4
end_of_record
TN:
SF:packages/transformer/src/rewriters/HasQueryFilterRewriter.ts
FN:10,rewriteHasQueryFilterCall
FN:92,(anonymous_10)
FNF:2
FNH:2
FNDA:3,rewriteHasQueryFilterCall
FNDA:4,(anonymous_10)
DA:1,1
DA:4,1
DA:6,1
DA:7,1
DA:8,1
DA:10,1
DA:16,3
DA:17,3
DA:19,3
DA:20,3
DA:22,3
DA:28,3
DA:30,2
DA:31,0
DA:36,0
DA:38,2
DA:39,1
DA:41,1
DA:42,0
DA:47,0
DA:49,1
DA:50,1
DA:51,0
DA:56,0
DA:58,1
DA:60,0
DA:63,3
DA:64,0
DA:69,0
DA:72,3
DA:73,3
DA:74,0
DA:79,0
DA:82,3
DA:83,3
DA:86,3
DA:92,4
DA:95,3
DA:96,3
DA:98,3
DA:100,3
DA:101,3
LF:42
LH:31
BRDA:17,0,0,0
BRDA:20,1,0,0
BRDA:28,2,0,2
BRDA:28,2,1,1
BRDA:30,3,0,0
BRDA:39,4,0,1
BRDA:39,4,1,0
BRDA:41,5,0,0
BRDA:41,6,0,1
BRDA:41,6,1,0
BRDA:50,7,0,0
BRDA:63,8,0,0
BRDA:73,9,0,0
BRDA:73,10,0,3
BRDA:73,10,1,3
BRDA:100,11,0,1
BRDA:100,11,1,2
BRF:17
BRH:8
end_of_record
TN:
SF:packages/transformer/src/rewriters/SelectRewriter.ts
FN:8,rewriteSelectCall
FNF:1
FNH:1
FNDA:6,rewriteSelectCall
DA:1,2
DA:4,2
DA:5,2
DA:6,2
DA:8,2
DA:14,6
DA:15,6
DA:17,6
DA:18,6
DA:20,6
DA:21,6
DA:23,6
DA:24,0
DA:29,0
DA:32,6
DA:33,2
DA:38,2
DA:41,4
DA:42,4
DA:43,0
DA:44,0
DA:47,4
DA:48,4
DA:51,4
DA:53,4
DA:55,4
DA:56,2
DA:57,4
DA:58,4
DA:59,4
DA:60,4
DA:61,4
DA:64,0
DA:70,0
DA:72,2
DA:73,2
DA:74,2
DA:76,0
DA:81,0
DA:84,0
DA:89,0
DA:92,4
DA:94,4
DA:95,4
LF:44
LH:34
BRDA:15,0,0,0
BRDA:18,1,0,0
BRDA:21,2,0,0
BRDA:23,3,0,0
BRDA:32,4,0,2
BRDA:42,5,0,0
BRDA:42,6,0,4
BRDA:42,6,1,4
BRDA:51,7,0,2
BRDA:51,7,1,2
BRDA:55,8,0,2
BRDA:55,8,1,2
BRDA:57,9,0,4
BRDA:57,10,0,4
BRDA:57,10,1,4
BRDA:59,11,0,4
BRDA:59,12,0,4
BRDA:59,12,1,4
BRDA:72,13,0,2
BRDA:72,13,1,0
BRDA:73,14,0,2
BRDA:73,14,1,0
BRDA:73,15,0,2
BRDA:73,15,1,2
BRF:24
BRH:17
end_of_record
TN:
SF:packages/transformer/src/rewriters/WhereHavingRewriter.ts
FN:10,rewriteCall
FN:65,(anonymous_10)
FNF:2
FNH:2
FNDA:11,rewriteCall
FNDA:20,(anonymous_10)
DA:1,2
DA:4,2
DA:6,2
DA:7,2
DA:8,2
DA:10,2
DA:16,11
DA:17,11
DA:19,11
DA:20,11
DA:21,11
DA:23,11
DA:24,11
DA:26,11
DA:27,1
DA:32,1
DA:35,10
DA:36,1
DA:41,1
DA:44,9
DA:45,9
DA:46,0
DA:51,0
DA:54,9
DA:55,9
DA:59,9
DA:65,20
DA:68,9
DA:70,9
DA:72,9
DA:73,9
DA:74,9
LF:32
LH:30
BRDA:17,0,0,0
BRDA:21,1,0,0
BRDA:24,2,0,0
BRDA:26,3,0,1
BRDA:35,4,0,1
BRDA:45,5,0,0
BRDA:45,6,0,9
BRDA:45,6,1,9
BRF:8
BRH:4
end_of_record
TN:
SF:packages/transformer/src/scope/EntityTypeBuilderGuard.ts
FN:5,receiverIsEntityTypeBuilder
FN:12,(anonymous_1)
FNF:2
FNH:2
FNDA:3,receiverIsEntityTypeBuilder
FNDA:3,(anonymous_1)
DA:3,1
DA:5,1
DA:9,3
DA:10,3
DA:11,3
DA:12,3
DA:14,0
LF:7
LH:6
BRF:0
BRH:0
end_of_record
TN:
SF:packages/transformer/src/scope/QueryableGuard.ts
FN:5,receiverIsQueryable
FN:9,(anonymous_1)
FNF:2
FNH:2
FNDA:17,receiverIsQueryable
FNDA:17,(anonymous_1)
DA:3,3
DA:5,3
DA:6,17
DA:7,17
DA:8,17
DA:9,17
DA:11,0
LF:7
LH:6
BRF:0
BRH:0
end_of_record
TN:
SF:packages/transformer/src/visitors/EFCompileQueryVisitor.ts
FNF:0
FNH:0
DA:19,0
LF:1
LH:0
BRF:0
BRH:0
end_of_record
TN:
SF:packages/types/src/errors.ts
FN:4,(anonymous_0)
FN:14,(anonymous_1)
FN:21,(anonymous_2)
FN:32,(anonymous_3)
FN:43,(anonymous_4)
FN:56,(anonymous_5)
FNF:6
FNH:6
FNDA:41,(anonymous_0)
FNDA:4,(anonymous_1)
FNDA:6,(anonymous_2)
FNDA:6,(anonymous_3)
FNDA:8,(anonymous_4)
FNDA:16,(anonymous_5)
DA:3,242
DA:6,41
DA:8,41
DA:9,41
DA:13,242
DA:15,4
DA:16,4
DA:20,242
DA:23,6
DA:24,6
DA:26,6
DA:27,6
DA:31,242
DA:34,6
DA:35,6
DA:37,6
DA:38,6
DA:42,242
DA:44,8
DA:45,8
DA:55,242
DA:57,16
DA:58,16
LF:23
LH:23
BRF:0
BRH:0
end_of_record
TN:
SF:packages/types/src/index.ts
FN:484,ok
FN:488,err
FN:591,isTemplateSqlCache
FN:614,(anonymous_3)
FN:676,(anonymous_4)
FN:747,(anonymous_5)
FN:868,(anonymous_6)
FN:874,(anonymous_7)
FN:1079,(anonymous_8)
FN:1080,(anonymous_9)
FN:1081,(anonymous_10)
FN:1082,(anonymous_11)
FN:1083,(anonymous_12)
FN:1084,(anonymous_13)
FN:1134,(anonymous_14)
FN:1142,(anonymous_15)
FNF:16
FNH:16
FNDA:7,ok
FNDA:5,err
FNDA:1167,isTemplateSqlCache
FNDA:241,(anonymous_3)
FNDA:241,(anonymous_4)
FNDA:241,(anonymous_5)
FNDA:241,(anonymous_6)
FNDA:241,(anonymous_7)
FNDA:24,(anonymous_8)
FNDA:1,(anonymous_9)
FNDA:4,(anonymous_10)
FNDA:31,(anonymous_11)
FNDA:1,(anonymous_12)
FNDA:7,(anonymous_13)
FNDA:241,(anonymous_14)
FNDA:241,(anonymous_15)
DA:484,241
DA:485,7
DA:488,241
DA:489,5
DA:591,241
DA:592,1167
DA:614,241
DA:615,241
DA:616,241
DA:617,241
DA:676,241
DA:677,241
DA:678,241
DA:679,241
DA:680,241
DA:747,241
DA:748,241
DA:749,241
DA:750,241
DA:751,241
DA:752,241
DA:753,241
DA:754,241
DA:868,241
DA:869,241
DA:870,241
DA:871,241
DA:874,241
DA:875,241
DA:876,241
DA:877,241
DA:1078,241
DA:1079,265
DA:1080,242
DA:1081,245
DA:1082,272
DA:1083,242
DA:1084,248
DA:1134,241
DA:1136,241
DA:1138,241
DA:1142,241
DA:1143,241
DA:1144,241
DA:1145,241
DA:1146,241
LF:46
LH:46
BRDA:614,0,0,241
BRDA:614,0,1,241
BRDA:676,1,0,241
BRDA:676,1,1,241
BRDA:747,2,0,241
BRDA:747,2,1,241
BRDA:868,3,0,241
BRDA:868,3,1,241
BRDA:874,4,0,241
BRDA:874,4,1,241
BRDA:1134,5,0,241
BRDA:1134,5,1,241
BRDA:1142,6,0,241
BRDA:1142,6,1,241
BRF:14
BRH:14
end_of_record
