TN:
SF:packages/cli/src/CommandRegistry.ts
FN:7,(anonymous_0)
FN:19,(anonymous_1)
FN:24,(anonymous_2)
FN:28,(anonymous_3)
FN:29,(anonymous_4)
FNF:5
FNH:0
FNDA:0,(anonymous_0)
FNDA:0,(anonymous_1)
FNDA:0,(anonymous_2)
FNDA:0,(anonymous_3)
FNDA:0,(anonymous_4)
DA:3,0
DA:8,0
DA:9,0
DA:10,0
DA:11,0
DA:12,0
DA:13,0
DA:16,0
DA:20,0
DA:21,0
DA:25,0
DA:29,0
LF:12
LH:0
BRDA:12,0,0,0
BRDA:12,0,1,0
BRDA:20,1,0,0
BRDA:20,1,1,0
BRF:4
BRH:0
end_of_record
TN:
SF:packages/cli/src/cli.ts
FN:25,main
FN:49,(anonymous_1)
FN:76,(anonymous_2)
FNF:3
FNH:0
FNDA:0,main
FNDA:0,(anonymous_1)
FNDA:0,(anonymous_2)
DA:3,0
DA:5,0
DA:6,0
DA:7,0
DA:8,0
DA:9,0
DA:10,0
DA:11,0
DA:12,0
DA:13,0
DA:14,0
DA:15,0
DA:16,0
DA:17,0
DA:19,0
DA:21,0
DA:26,0
DA:27,0
DA:29,0
DA:44,0
DA:45,0
DA:46,0
DA:50,0
DA:52,0
DA:55,0
DA:56,0
DA:60,0
DA:61,0
DA:62,0
DA:63,0
DA:64,0
DA:65,0
DA:66,0
DA:68,0
DA:70,0
DA:72,0
DA:73,0
DA:76,0
DA:77,0
DA:78,0
LF:40
LH:0
BRDA:45,0,0,0
BRDA:45,0,1,0
BRDA:50,1,0,0
BRDA:50,1,1,0
BRDA:53,2,0,0
BRDA:53,2,1,0
BRDA:62,3,0,0
BRDA:62,3,1,0
BRF:8
BRH:0
end_of_record
TN:
SF:packages/cli/src/config.ts
FN:4,tryLoadConfig
FNF:1
FNH:0
FNDA:0,tryLoadConfig
DA:1,0
DA:2,0
DA:4,0
DA:5,0
DA:11,0
DA:12,0
DA:13,0
DA:14,0
DA:15,0
DA:17,0
DA:18,0
DA:20,0
DA:21,0
DA:24,0
LF:14
LH:0
BRDA:13,0,0,0
BRDA:13,0,1,0
BRDA:15,1,0,0
BRDA:15,1,1,0
BRDA:18,2,0,0
BRDA:18,2,1,0
BRDA:18,2,2,0
BRF:7
BRH:0
end_of_record
TN:
SF:packages/cli/src/provider-factory.ts
FN:7,createProviderFromEnv
FN:15,isPg
FN:19,isMs
FN:23,createPg
FN:29,createMy
FN:35,createMs
FN:41,createSqlite
FNF:7
FNH:0
FNDA:0,createProviderFromEnv
FNDA:0,isPg
FNDA:0,isMs
FNDA:0,createPg
FNDA:0,createMy
FNDA:0,createMs
FNDA:0,createSqlite
DA:2,0
DA:3,0
DA:4,0
DA:5,0
DA:7,0
DA:8,0
DA:9,0
DA:10,0
DA:11,0
DA:12,0
DA:16,0
DA:20,0
DA:24,0
DA:25,0
DA:26,0
DA:30,0
DA:31,0
DA:32,0
DA:36,0
DA:37,0
DA:38,0
DA:42,0
DA:43,0
LF:23
LH:0
BRDA:8,0,0,0
BRDA:8,0,1,0
BRDA:9,1,0,0
BRDA:9,1,1,0
BRDA:10,2,0,0
BRDA:10,2,1,0
BRDA:11,3,0,0
BRDA:11,3,1,0
BRDA:16,4,0,0
BRDA:16,4,1,0
BRDA:16,4,2,0
BRDA:20,5,0,0
BRDA:20,5,1,0
BRDA:24,6,0,0
BRDA:24,6,1,0
BRDA:24,6,2,0
BRDA:25,7,0,0
BRDA:25,7,1,0
BRDA:30,8,0,0
BRDA:30,8,1,0
BRDA:30,8,2,0
BRDA:31,9,0,0
BRDA:31,9,1,0
BRDA:36,10,0,0
BRDA:36,10,1,0
BRDA:36,10,2,0
BRDA:37,11,0,0
BRDA:37,11,1,0
BRDA:42,12,0,0
BRDA:42,12,1,0
BRF:30
BRH:0
end_of_record
TN:
SF:packages/cli/src/schema-inspect.ts
FN:3,normalizeDbType
FN:17,mapSqlite
FN:26,mapPostgres
FN:38,mapMySql
FN:49,mapMssql
FN:60,tsTypeForOrm
FN:82,inspectTable
FN:121,(anonymous_7)
FN:162,(anonymous_8)
FN:171,(anonymous_9)
FN:180,listAllTables
FN:189,(anonymous_11)
FN:197,(anonymous_12)
FN:203,(anonymous_13)
FN:210,(anonymous_14)
FNF:15
FNH:0
FNDA:0,normalizeDbType
FNDA:0,mapSqlite
FNDA:0,mapPostgres
FNDA:0,mapMySql
FNDA:0,mapMssql
FNDA:0,tsTypeForOrm
FNDA:0,inspectTable
FNDA:0,(anonymous_7)
FNDA:0,(anonymous_8)
FNDA:0,(anonymous_9)
FNDA:0,listAllTables
FNDA:0,(anonymous_11)
FNDA:0,(anonymous_12)
FNDA:0,(anonymous_13)
FNDA:0,(anonymous_14)
DA:3,0
DA:4,0
DA:5,0
DA:7,0
DA:9,0
DA:11,0
DA:13,0
DA:18,0
DA:19,0
DA:20,0
DA:21,0
DA:22,0
DA:23,0
DA:27,0
DA:28,0
DA:29,0
DA:30,0
DA:31,0
DA:32,0
DA:33,0
DA:34,0
DA:35,0
DA:39,0
DA:40,0
DA:41,0
DA:42,0
DA:43,0
DA:44,0
DA:45,0
DA:46,0
DA:50,0
DA:51,0
DA:52,0
DA:53,0
DA:54,0
DA:55,0
DA:56,0
DA:57,0
DA:60,0
DA:61,0
DA:65,0
DA:67,0
DA:69,0
DA:71,0
DA:73,0
DA:76,0
DA:78,0
DA:82,0
DA:96,0
DA:97,0
DA:98,0
DA:104,0
DA:105,0
DA:106,0
DA:107,0
DA:108,0
DA:117,0
DA:121,0
DA:122,0
DA:123,0
DA:124,0
DA:131,0
DA:132,0
DA:141,0
DA:142,0
DA:149,0
DA:150,0
DA:158,0
DA:162,0
DA:163,0
DA:164,0
DA:171,0
DA:180,0
DA:185,0
DA:186,0
DA:189,0
DA:191,0
DA:192,0
DA:193,0
DA:197,0
DA:199,0
DA:200,0
DA:203,0
DA:205,0
DA:206,0
DA:210,0
LF:86
LH:0
BRDA:4,0,0,0
BRDA:4,0,1,0
BRDA:5,1,0,0
BRDA:5,1,1,0
BRDA:5,1,2,0
BRDA:5,1,3,0
BRDA:18,2,0,0
BRDA:18,2,1,0
BRDA:19,3,0,0
BRDA:19,3,1,0
BRDA:20,4,0,0
BRDA:20,4,1,0
BRDA:21,5,0,0
BRDA:21,5,1,0
BRDA:22,6,0,0
BRDA:22,6,1,0
BRDA:27,7,0,0
BRDA:27,7,1,0
BRDA:28,8,0,0
BRDA:28,8,1,0
BRDA:29,9,0,0
BRDA:29,9,1,0
BRDA:30,10,0,0
BRDA:30,10,1,0
BRDA:31,11,0,0
BRDA:31,11,1,0
BRDA:31,12,0,0
BRDA:31,12,1,0
BRDA:32,13,0,0
BRDA:32,13,1,0
BRDA:33,14,0,0
BRDA:33,14,1,0
BRDA:34,15,0,0
BRDA:34,15,1,0
BRDA:39,16,0,0
BRDA:39,16,1,0
BRDA:40,17,0,0
BRDA:40,17,1,0
BRDA:41,18,0,0
BRDA:41,18,1,0
BRDA:42,19,0,0
BRDA:42,19,1,0
BRDA:43,20,0,0
BRDA:43,20,1,0
BRDA:44,21,0,0
BRDA:44,21,1,0
BRDA:45,22,0,0
BRDA:45,22,1,0
BRDA:50,23,0,0
BRDA:50,23,1,0
BRDA:51,24,0,0
BRDA:51,24,1,0
BRDA:52,25,0,0
BRDA:52,25,1,0
BRDA:53,26,0,0
BRDA:53,26,1,0
BRDA:54,27,0,0
BRDA:54,27,1,0
BRDA:55,28,0,0
BRDA:55,28,1,0
BRDA:56,29,0,0
BRDA:56,29,1,0
BRDA:61,30,0,0
BRDA:61,30,1,0
BRDA:61,30,2,0
BRDA:61,30,3,0
BRDA:61,30,4,0
BRDA:61,30,5,0
BRDA:61,30,6,0
BRDA:61,30,7,0
BRDA:61,30,8,0
BRDA:61,30,9,0
BRDA:97,31,0,0
BRDA:97,31,1,0
BRDA:106,32,0,0
BRDA:106,32,1,0
BRDA:107,33,0,0
BRDA:107,33,1,0
BRDA:123,34,0,0
BRDA:123,34,1,0
BRDA:123,34,2,0
BRDA:131,35,0,0
BRDA:131,35,1,0
BRDA:149,36,0,0
BRDA:149,36,1,0
BRDA:185,37,0,0
BRDA:185,37,1,0
BRDA:191,38,0,0
BRDA:191,38,1,0
BRDA:192,39,0,0
BRDA:192,39,1,0
BRDA:199,40,0,0
BRDA:199,40,1,0
BRDA:205,41,0,0
BRDA:205,41,1,0
BRF:95
BRH:0
end_of_record
TN:
SF:packages/cli/src/utils.ts
FN:4,getFlag
FN:18,resolveDialect
FN:25,ensureDir
FN:29,writeFileIfMissing
FN:36,validateEnv
FN:37,(anonymous_14)
FNF:6
FNH:0
FNDA:0,getFlag
FNDA:0,resolveDialect
FNDA:0,ensureDir
FNDA:0,writeFileIfMissing
FNDA:0,validateEnv
FNDA:0,(anonymous_14)
DA:1,0
DA:2,0
DA:4,0
DA:5,0
DA:6,0
DA:7,0
DA:8,0
DA:9,0
DA:10,0
DA:11,0
DA:13,0
DA:15,0
DA:18,0
DA:19,0
DA:20,0
DA:25,0
DA:26,0
DA:29,0
DA:30,0
DA:31,0
DA:32,0
DA:36,0
DA:37,0
DA:38,0
DA:40,0
DA:41,0
DA:43,0
LF:27
LH:0
BRDA:8,0,0,0
BRDA:8,0,1,0
BRDA:10,1,0,0
BRDA:10,1,1,0
BRDA:10,2,0,0
BRDA:10,2,1,0
BRDA:13,3,0,0
BRDA:13,3,1,0
BRDA:20,4,0,0
BRDA:20,4,1,0
BRDA:26,5,0,0
BRDA:26,5,1,0
BRDA:30,6,0,0
BRDA:30,6,1,0
BRDA:38,7,0,0
BRDA:38,7,1,0
BRF:16
BRH:0
end_of_record
TN:
SF:packages/cli/src/adapters/ConsoleLogger.ts
FN:4,(anonymous_0)
FN:8,(anonymous_1)
FN:12,(anonymous_2)
FNF:3
FNH:0
FNDA:0,(anonymous_0)
FNDA:0,(anonymous_1)
FNDA:0,(anonymous_2)
DA:3,0
DA:6,0
DA:10,0
DA:14,0
LF:4
LH:0
BRF:0
BRH:0
end_of_record
TN:
SF:packages/cli/src/adapters/EnvProviderFactory.ts
FN:6,(anonymous_0)
FNF:1
FNH:0
FNDA:0,(anonymous_0)
DA:2,0
DA:5,0
DA:7,0
LF:3
LH:0
BRF:0
BRH:0
end_of_record
TN:
SF:packages/cli/src/adapters/NodeFs.ts
FN:6,(anonymous_9)
FN:9,(anonymous_10)
FN:12,(anonymous_11)
FN:17,(anonymous_12)
FN:20,(anonymous_13)
FNF:5
FNH:0
FNDA:0,(anonymous_9)
FNDA:0,(anonymous_10)
FNDA:0,(anonymous_11)
FNDA:0,(anonymous_12)
FNDA:0,(anonymous_13)
DA:1,0
DA:2,0
DA:5,0
DA:7,0
DA:10,0
DA:13,0
DA:14,0
DA:15,0
DA:18,0
DA:21,0
LF:10
LH:0
BRDA:14,0,0,0
BRDA:14,0,1,0
BRDA:18,1,0,0
BRDA:18,1,1,0
BRF:4
BRH:0
end_of_record
TN:
SF:packages/cli/src/commands/GenerateEntitiesCommand.ts
FN:18,(anonymous_9)
FN:24,(anonymous_10)
FN:43,(anonymous_11)
FNF:3
FNH:0
FNDA:0,(anonymous_9)
FNDA:0,(anonymous_10)
FNDA:0,(anonymous_11)
DA:1,0
DA:5,0
DA:7,0
DA:8,0
DA:9,0
DA:10,0
DA:11,0
DA:13,0
DA:14,0
DA:15,0
DA:16,0
DA:19,0
DA:20,0
DA:21,0
DA:25,0
DA:26,0
DA:27,0
DA:28,0
DA:29,0
DA:30,0
DA:31,0
DA:32,0
DA:33,0
DA:34,0
DA:36,0
DA:38,0
DA:39,0
DA:43,0
DA:45,0
DA:46,0
DA:47,0
DA:48,0
DA:49,0
LF:33
LH:0
BRDA:19,0,0,0
BRDA:20,1,0,0
BRDA:21,2,0,0
BRDA:26,3,0,0
BRDA:26,3,1,0
BRDA:27,4,0,0
BRDA:27,4,1,0
BRDA:32,5,0,0
BRDA:32,5,1,0
BRDA:46,6,0,0
BRDA:46,6,1,0
BRF:11
BRH:0
end_of_record
TN:
SF:packages/cli/src/commands/GenerateEntityCommand.ts
FN:18,(anonymous_9)
FN:24,(anonymous_10)
FN:34,(anonymous_11)
FN:39,(anonymous_12)
FNF:4
FNH:0
FNDA:0,(anonymous_9)
FNDA:0,(anonymous_10)
FNDA:0,(anonymous_11)
FNDA:0,(anonymous_12)
DA:1,0
DA:5,0
DA:7,0
DA:8,0
DA:9,0
DA:10,0
DA:11,0
DA:13,0
DA:14,0
DA:15,0
DA:16,0
DA:19,0
DA:20,0
DA:21,0
DA:25,0
DA:26,0
DA:27,0
DA:28,0
DA:31,0
DA:32,0
DA:34,0
DA:35,0
DA:39,0
DA:42,0
DA:43,0
DA:44,0
DA:45,0
DA:46,0
DA:47,0
DA:48,0
DA:49,0
DA:52,0
DA:53,0
DA:54,0
DA:55,0
DA:57,0
DA:60,0
DA:61,0
DA:62,0
DA:63,0
DA:65,0
DA:66,0
LF:42
LH:0
BRDA:19,0,0,0
BRDA:20,1,0,0
BRDA:21,2,0,0
BRDA:26,3,0,0
BRDA:26,3,1,0
BRDA:27,4,0,0
BRDA:27,4,1,0
BRDA:43,5,0,0
BRDA:43,5,1,0
BRDA:44,6,0,0
BRDA:44,6,1,0
BRDA:45,7,0,0
BRDA:45,7,1,0
BRDA:46,8,0,0
BRDA:46,8,1,0
BRDA:52,9,0,0
BRDA:52,9,1,0
BRDA:60,10,0,0
BRDA:60,10,1,0
BRF:19
BRH:0
end_of_record
TN:
SF:packages/cli/src/commands/GenerateMigrationCommand.ts
FN:14,(anonymous_9)
FN:20,(anonymous_10)
FNF:2
FNH:0
FNDA:0,(anonymous_9)
FNDA:0,(anonymous_10)
DA:1,0
DA:4,0
DA:6,0
DA:7,0
DA:9,0
DA:10,0
DA:11,0
DA:12,0
DA:15,0
DA:16,0
DA:17,0
DA:21,0
DA:25,0
DA:29,0
DA:30,0
DA:31,0
DA:32,0
DA:33,0
DA:34,0
DA:35,0
LF:20
LH:0
BRDA:15,0,0,0
BRDA:16,1,0,0
BRDA:17,2,0,0
BRDA:21,3,0,0
BRDA:21,3,1,0
BRDA:21,4,0,0
BRDA:21,4,1,0
BRDA:21,5,0,0
BRDA:21,5,1,0
BRF:9
BRH:0
end_of_record
TN:
SF:packages/cli/src/commands/InitCommand.ts
FN:8,(anonymous_9)
FNF:1
FNH:0
FNDA:0,(anonymous_9)
DA:1,0
DA:2,0
DA:5,0
DA:6,0
DA:7,0
DA:9,0
DA:10,0
DA:11,0
DA:12,0
DA:14,0
DA:33,0
DA:41,0
DA:53,0
DA:64,0
DA:72,0
DA:73,0
DA:74,0
DA:75,0
DA:76,0
DA:77,0
DA:78,0
DA:80,0
DA:81,0
DA:82,0
DA:86,0
DA:87,0
DA:88,0
DA:89,0
DA:98,0
DA:99,0
DA:102,0
DA:103,0
LF:32
LH:0
BRDA:10,0,0,0
BRDA:10,0,1,0
BRDA:11,1,0,0
BRDA:11,1,1,0
BRDA:80,2,0,0
BRDA:80,2,1,0
BRF:6
BRH:0
end_of_record
TN:
SF:packages/cli/src/commands/MigrationsDryRunCommand.ts
FN:21,(anonymous_9)
FN:26,(anonymous_10)
FNF:2
FNH:0
FNDA:0,(anonymous_9)
FNDA:0,(anonymous_10)
DA:1,0
DA:3,0
DA:8,0
DA:9,0
DA:12,0
DA:14,0
DA:16,0
DA:17,0
DA:18,0
DA:19,0
DA:22,0
DA:23,0
DA:27,0
DA:28,0
DA:29,0
DA:30,0
DA:31,0
DA:33,0
DA:34,0
DA:35,0
DA:36,0
DA:37,0
LF:22
LH:0
BRDA:22,0,0,0
BRDA:23,1,0,0
BRDA:27,2,0,0
BRDA:27,2,1,0
BRDA:28,3,0,0
BRDA:28,3,1,0
BRF:6
BRH:0
end_of_record
TN:
SF:packages/cli/src/commands/MigrationsRollbackCommand.ts
FN:18,(anonymous_9)
FN:23,(anonymous_10)
FN:38,(anonymous_11)
FN:39,(anonymous_12)
FN:40,(anonymous_13)
FN:46,(anonymous_14)
FN:51,(anonymous_15)
FN:55,(anonymous_16)
FN:56,(anonymous_17)
FN:58,(anonymous_18)
FN:64,(anonymous_19)
FN:73,(anonymous_20)
FN:79,(anonymous_21)
FN:99,(anonymous_22)
FN:106,(anonymous_23)
FN:111,(anonymous_24)
FNF:16
FNH:0
FNDA:0,(anonymous_9)
FNDA:0,(anonymous_10)
FNDA:0,(anonymous_11)
FNDA:0,(anonymous_12)
FNDA:0,(anonymous_13)
FNDA:0,(anonymous_14)
FNDA:0,(anonymous_15)
FNDA:0,(anonymous_16)
FNDA:0,(anonymous_17)
FNDA:0,(anonymous_18)
FNDA:0,(anonymous_19)
FNDA:0,(anonymous_20)
FNDA:0,(anonymous_21)
FNDA:0,(anonymous_22)
FNDA:0,(anonymous_23)
FNDA:0,(anonymous_24)
DA:1,0
DA:3,0
DA:7,0
DA:9,0
DA:10,0
DA:12,0
DA:13,0
DA:15,0
DA:16,0
DA:19,0
DA:20,0
DA:24,0
DA:25,0
DA:26,0
DA:27,0
DA:29,0
DA:30,0
DA:32,0
DA:33,0
DA:34,0
DA:35,0
DA:39,0
DA:40,0
DA:41,0
DA:42,0
DA:43,0
DA:47,0
DA:48,0
DA:52,0
DA:53,0
DA:55,0
DA:56,0
DA:58,0
DA:59,0
DA:60,0
DA:61,0
DA:65,0
DA:67,0
DA:75,0
DA:80,0
DA:81,0
DA:82,0
DA:83,0
DA:84,0
DA:85,0
DA:86,0
DA:87,0
DA:88,0
DA:89,0
DA:90,0
DA:91,0
DA:104,0
DA:105,0
DA:106,0
DA:107,0
DA:108,0
DA:112,0
DA:113,0
DA:114,0
DA:116,0
DA:117,0
DA:118,0
DA:120,0
LF:63
LH:0
BRDA:19,0,0,0
BRDA:20,1,0,0
BRDA:41,2,0,0
BRDA:41,2,1,0
BRDA:41,3,0,0
BRDA:41,3,1,0
BRDA:42,4,0,0
BRDA:42,4,1,0
BRDA:47,5,0,0
BRDA:47,5,1,0
BRDA:48,6,0,0
BRDA:48,6,1,0
BRDA:52,7,0,0
BRDA:52,7,1,0
BRDA:58,8,0,0
BRDA:58,8,1,0
BRDA:82,9,0,0
BRDA:82,9,1,0
BRDA:82,10,0,0
BRDA:82,10,1,0
BRDA:83,11,0,0
BRDA:83,11,1,0
BRDA:86,12,0,0
BRDA:86,12,1,0
BRDA:86,13,0,0
BRDA:86,13,1,0
BRDA:90,14,0,0
BRDA:90,14,1,0
BRDA:104,15,0,0
BRDA:104,15,1,0
BRDA:105,16,0,0
BRDA:105,16,1,0
BRDA:108,17,0,0
BRDA:108,17,1,0
BRDA:112,18,0,0
BRDA:112,18,1,0
BRDA:116,19,0,0
BRDA:116,19,1,0
BRF:38
BRH:0
end_of_record
TN:
SF:packages/cli/src/commands/MigrationsStatusCommand.ts
FN:16,(anonymous_9)
FN:21,(anonymous_10)
FN:25,(anonymous_11)
FN:33,(anonymous_12)
FN:40,(anonymous_13)
FN:41,(anonymous_14)
FNF:6
FNH:0
FNDA:0,(anonymous_9)
FNDA:0,(anonymous_10)
FNDA:0,(anonymous_11)
FNDA:0,(anonymous_12)
FNDA:0,(anonymous_13)
FNDA:0,(anonymous_14)
DA:1,0
DA:3,0
DA:4,0
DA:7,0
DA:9,0
DA:11,0
DA:12,0
DA:13,0
DA:14,0
DA:17,0
DA:18,0
DA:22,0
DA:23,0
DA:25,0
DA:26,0
DA:27,0
DA:28,0
DA:29,0
DA:30,0
DA:31,0
DA:33,0
DA:34,0
DA:37,0
DA:38,0
DA:39,0
DA:40,0
DA:41,0
DA:43,0
DA:44,0
DA:45,0
DA:46,0
DA:47,0
LF:32
LH:0
BRDA:17,0,0,0
BRDA:18,1,0,0
BRDA:22,2,0,0
BRDA:22,2,1,0
BRDA:23,3,0,0
BRDA:23,3,1,0
BRDA:26,4,0,0
BRDA:26,4,1,0
BRDA:31,5,0,0
BRDA:31,5,1,0
BRF:10
BRH:0
end_of_record
TN:
SF:packages/cli/src/commands/MigrationsValidateCommand.ts
FN:15,(anonymous_9)
FN:20,(anonymous_10)
FN:38,(anonymous_11)
FN:43,(anonymous_12)
FN:46,(anonymous_13)
FN:47,(anonymous_14)
FN:50,(anonymous_15)
FN:56,(anonymous_16)
FN:64,(anonymous_17)
FN:67,(anonymous_18)
FN:75,(anonymous_19)
FN:76,(anonymous_20)
FN:77,(anonymous_21)
FN:86,(anonymous_22)
FN:87,(anonymous_23)
FN:96,(anonymous_24)
FN:138,(anonymous_25)
FNF:17
FNH:0
FNDA:0,(anonymous_9)
FNDA:0,(anonymous_10)
FNDA:0,(anonymous_11)
FNDA:0,(anonymous_12)
FNDA:0,(anonymous_13)
FNDA:0,(anonymous_14)
FNDA:0,(anonymous_15)
FNDA:0,(anonymous_16)
FNDA:0,(anonymous_17)
FNDA:0,(anonymous_18)
FNDA:0,(anonymous_19)
FNDA:0,(anonymous_20)
FNDA:0,(anonymous_21)
FNDA:0,(anonymous_22)
FNDA:0,(anonymous_23)
FNDA:0,(anonymous_24)
FNDA:0,(anonymous_25)
DA:1,0
DA:4,0
DA:6,0
DA:7,0
DA:9,0
DA:10,0
DA:12,0
DA:13,0
DA:16,0
DA:17,0
DA:21,0
DA:22,0
DA:23,0
DA:24,0
DA:25,0
DA:27,0
DA:28,0
DA:29,0
DA:30,0
DA:31,0
DA:32,0
DA:33,0
DA:34,0
DA:35,0
DA:39,0
DA:40,0
DA:44,0
DA:46,0
DA:47,0
DA:54,0
DA:55,0
DA:57,0
DA:58,0
DA:59,0
DA:60,0
DA:62,0
DA:64,0
DA:68,0
DA:69,0
DA:70,0
DA:71,0
DA:76,0
DA:77,0
DA:78,0
DA:79,0
DA:80,0
DA:81,0
DA:87,0
DA:88,0
DA:90,0
DA:106,0
DA:107,0
DA:109,0
DA:110,0
DA:111,0
DA:112,0
DA:113,0
DA:115,0
DA:116,0
DA:117,0
DA:118,0
DA:120,0
DA:121,0
DA:122,0
DA:123,0
DA:125,0
DA:126,0
DA:128,0
DA:129,0
DA:130,0
DA:133,0
DA:139,0
DA:140,0
DA:141,0
DA:142,0
DA:143,0
DA:145,0
DA:146,0
LF:78
LH:0
BRDA:16,0,0,0
BRDA:17,1,0,0
BRDA:22,2,0,0
BRDA:22,2,1,0
BRDA:39,3,0,0
BRDA:39,3,1,0
BRDA:40,4,0,0
BRDA:40,4,1,0
BRDA:58,5,0,0
BRDA:58,5,1,0
BRDA:70,6,0,0
BRDA:70,6,1,0
BRDA:79,7,0,0
BRDA:79,7,1,0
BRDA:87,8,0,0
BRDA:87,8,1,0
BRDA:110,9,0,0
BRDA:110,9,1,0
BRDA:111,10,0,0
BRDA:111,10,1,0
BRDA:116,11,0,0
BRDA:116,11,1,0
BRDA:116,12,0,0
BRDA:116,12,1,0
BRDA:122,13,0,0
BRDA:122,13,1,0
BRDA:122,14,0,0
BRDA:122,14,1,0
BRDA:125,15,0,0
BRDA:125,15,1,0
BRDA:125,16,0,0
BRDA:125,16,1,0
BRDA:128,17,0,0
BRDA:128,17,1,0
BRDA:130,18,0,0
BRDA:130,18,1,0
BRDA:139,19,0,0
BRDA:139,19,1,0
BRF:38
BRH:0
end_of_record
TN:
SF:packages/cli/src/commands/SchemaApplyCommand.ts
FN:21,(anonymous_9)
FN:26,(anonymous_10)
FNF:2
FNH:0
FNDA:0,(anonymous_9)
FNDA:0,(anonymous_10)
DA:1,0
DA:3,0
DA:8,0
DA:9,0
DA:12,0
DA:14,0
DA:16,0
DA:17,0
DA:18,0
DA:19,0
DA:22,0
DA:23,0
DA:27,0
DA:28,0
DA:29,0
DA:30,0
DA:31,0
DA:32,0
DA:33,0
DA:35,0
DA:36,0
DA:37,0
DA:38,0
DA:39,0
DA:40,0
DA:41,0
DA:42,0
DA:43,0
DA:44,0
DA:45,0
DA:47,0
DA:48,0
DA:51,0
DA:52,0
DA:55,0
DA:56,0
DA:58,0
LF:37
LH:0
BRDA:22,0,0,0
BRDA:23,1,0,0
BRDA:27,2,0,0
BRDA:27,2,1,0
BRDA:30,3,0,0
BRDA:30,3,1,0
BRDA:41,4,0,0
BRDA:41,4,1,0
BRDA:43,5,0,0
BRDA:43,5,1,0
BRDA:47,6,0,0
BRDA:47,6,1,0
BRDA:47,7,0,0
BRDA:47,7,1,0
BRDA:58,8,0,0
BRDA:58,8,1,0
BRF:16
BRH:0
end_of_record
TN:
SF:packages/cli/src/commands/SchemaDiffCommand.ts
FN:21,(anonymous_9)
FN:26,(anonymous_10)
FNF:2
FNH:0
FNDA:0,(anonymous_9)
FNDA:0,(anonymous_10)
DA:1,0
DA:3,0
DA:8,0
DA:9,0
DA:12,0
DA:14,0
DA:16,0
DA:17,0
DA:18,0
DA:19,0
DA:22,0
DA:23,0
DA:27,0
DA:28,0
DA:29,0
DA:30,0
DA:31,0
DA:33,0
DA:34,0
DA:35,0
DA:36,0
DA:37,0
LF:22
LH:0
BRDA:22,0,0,0
BRDA:23,1,0,0
BRDA:27,2,0,0
BRDA:27,2,1,0
BRDA:28,3,0,0
BRDA:28,3,1,0
BRF:6
BRH:0
end_of_record
TN:
SF:packages/cli/src/commands/SchemaExportCommand.ts
FN:14,(anonymous_9)
FN:19,(anonymous_10)
FNF:2
FNH:0
FNDA:0,(anonymous_9)
FNDA:0,(anonymous_10)
DA:1,0
DA:2,0
DA:5,0
DA:7,0
DA:9,0
DA:10,0
DA:11,0
DA:12,0
DA:15,0
DA:16,0
DA:20,0
DA:21,0
DA:22,0
DA:23,0
DA:24,0
DA:25,0
LF:16
LH:0
BRDA:15,0,0,0
BRDA:16,1,0,0
BRDA:20,2,0,0
BRDA:20,2,1,0
BRF:4
BRH:0
end_of_record
TN:
SF:packages/cli/src/commands/SchemaValidateCommand.ts
FN:21,(anonymous_9)
FN:26,(anonymous_10)
FNF:2
FNH:0
FNDA:0,(anonymous_9)
FNDA:0,(anonymous_10)
DA:1,0
DA:3,0
DA:8,0
DA:9,0
DA:12,0
DA:14,0
DA:16,0
DA:17,0
DA:18,0
DA:19,0
DA:22,0
DA:23,0
DA:27,0
DA:28,0
DA:29,0
DA:30,0
DA:31,0
DA:33,0
DA:34,0
DA:35,0
DA:36,0
DA:37,0
DA:38,0
DA:39,0
DA:40,0
DA:42,0
LF:26
LH:0
BRDA:22,0,0,0
BRDA:23,1,0,0
BRDA:27,2,0,0
BRDA:27,2,1,0
BRDA:28,3,0,0
BRDA:28,3,1,0
BRDA:37,4,0,0
BRDA:37,4,1,0
BRF:8
BRH:0
end_of_record
TN:
SF:packages/cli/src/commands/SeedCommand.ts
FN:14,(anonymous_9)
FN:19,(anonymous_10)
FN:29,(anonymous_11)
FNF:3
FNH:0
FNDA:0,(anonymous_9)
FNDA:0,(anonymous_10)
FNDA:0,(anonymous_11)
DA:1,0
DA:5,0
DA:7,0
DA:9,0
DA:10,0
DA:11,0
DA:12,0
DA:15,0
DA:16,0
DA:20,0
DA:21,0
DA:22,0
DA:23,0
DA:24,0
DA:26,0
DA:27,0
DA:29,0
DA:31,0
DA:33,0
DA:35,0
LF:20
LH:0
BRDA:15,0,0,0
BRDA:16,1,0,0
BRDA:20,2,0,0
BRDA:20,2,1,0
BRDA:21,3,0,0
BRDA:21,3,1,0
BRF:6
BRH:0
end_of_record
TN:
SF:packages/cli/src/generators/EntityTemplateBuilder.ts
FN:9,(anonymous_0)
FN:29,(anonymous_1)
FN:33,(anonymous_2)
FNF:3
FNH:0
FNDA:0,(anonymous_0)
FNDA:0,(anonymous_1)
FNDA:0,(anonymous_2)
DA:8,0
DA:10,0
DA:11,0
DA:12,0
DA:13,0
DA:14,0
DA:15,0
DA:16,0
DA:17,0
DA:18,0
DA:19,0
DA:20,0
DA:21,0
DA:22,0
DA:23,0
DA:25,0
DA:26,0
DA:30,0
DA:34,0
DA:38,0
DA:40,0
DA:42,0
DA:44,0
DA:46,0
DA:49,0
DA:51,0
LF:26
LH:0
BRDA:16,0,0,0
BRDA:16,0,1,0
BRDA:19,1,0,0
BRDA:19,1,1,0
BRDA:20,2,0,0
BRDA:20,2,1,0
BRDA:34,3,0,0
BRDA:34,3,1,0
BRDA:34,3,2,0
BRDA:34,3,3,0
BRDA:34,3,4,0
BRDA:34,3,5,0
BRDA:34,3,6,0
BRDA:34,3,7,0
BRDA:34,3,8,0
BRDA:34,3,9,0
BRF:16
BRH:0
end_of_record
TN:
SF:packages/cli/src/generators/MigrationTemplateBuilder.ts
FN:2,(anonymous_0)
FNF:1
FNH:0
FNDA:0,(anonymous_0)
DA:1,0
DA:3,0
LF:2
LH:0
BRF:0
BRH:0
end_of_record
TN:
SF:packages/cli/src/services/ArgReader.ts
FN:2,(anonymous_0)
FN:4,(anonymous_1)
FNF:2
FNH:0
FNDA:0,(anonymous_0)
FNDA:0,(anonymous_1)
DA:1,0
DA:2,0
DA:5,0
DA:6,0
DA:7,0
DA:8,0
DA:9,0
DA:10,0
DA:11,0
DA:13,0
DA:15,0
LF:11
LH:0
BRDA:8,0,0,0
BRDA:8,0,1,0
BRDA:10,1,0,0
BRDA:10,1,1,0
BRDA:10,2,0,0
BRDA:10,2,1,0
BRDA:13,3,0,0
BRDA:13,3,1,0
BRF:8
BRH:0
end_of_record
TN:
SF:packages/composite-sql-logger/src/logger/CompositeSqlLogger.ts
FN:12,(anonymous_0)
FN:15,(anonymous_1)
FN:24,(anonymous_2)
FN:33,(anonymous_3)
FN:42,(anonymous_4)
FN:51,(anonymous_5)
FN:60,(anonymous_6)
FNF:7
FNH:0
FNDA:0,(anonymous_0)
FNDA:0,(anonymous_1)
FNDA:0,(anonymous_2)
FNDA:0,(anonymous_3)
FNDA:0,(anonymous_4)
FNDA:0,(anonymous_5)
FNDA:0,(anonymous_6)
DA:10,0
DA:13,0
DA:16,0
DA:17,0
DA:18,0
DA:25,0
DA:26,0
DA:27,0
DA:34,0
DA:35,0
DA:36,0
DA:43,0
DA:44,0
DA:45,0
DA:52,0
DA:53,0
DA:54,0
DA:61,0
DA:62,0
DA:63,0
LF:20
LH:0
BRF:0
BRH:0
end_of_record
TN:
SF:packages/composite-sql-logger/src/logger/CompositeSqlLoggerFactory.ts
FN:7,(anonymous_0)
FN:16,(anonymous_1)
FNF:2
FNH:0
FNDA:0,(anonymous_0)
FNDA:0,(anonymous_1)
DA:2,0
DA:4,0
DA:13,0
DA:14,0
DA:17,0
DA:18,0
DA:19,0
DA:20,0
DA:21,0
DA:26,0
DA:27,0
DA:28,0
LF:12
LH:0
BRDA:8,0,0,0
BRDA:13,1,0,0
BRDA:13,1,1,0
BRDA:14,2,0,0
BRDA:14,2,1,0
BRDA:21,3,0,0
BRDA:21,3,1,0
BRDA:26,4,0,0
BRDA:26,4,1,0
BRDA:27,5,0,0
BRDA:27,5,1,0
BRF:11
BRH:0
end_of_record
TN:
SF:packages/core/src/DatabaseProvider.ts
FN:33,(anonymous_0)
FN:81,(anonymous_1)
FN:97,(anonymous_2)
FN:113,(anonymous_3)
FN:122,(anonymous_4)
FN:137,(anonymous_5)
FN:138,(anonymous_6)
FN:144,(anonymous_7)
FN:146,(anonymous_8)
FN:156,(anonymous_9)
FN:228,(anonymous_10)
FN:235,(anonymous_11)
FN:254,(anonymous_12)
FN:267,(anonymous_13)
FN:290,(anonymous_14)
FN:315,(anonymous_15)
FN:322,(anonymous_16)
FN:327,(anonymous_17)
FN:332,(anonymous_18)
FN:336,(anonymous_19)
FNF:20
FNH:16
FNDA:107,(anonymous_0)
FNDA:1,(anonymous_1)
FNDA:1,(anonymous_2)
FNDA:0,(anonymous_3)
FNDA:0,(anonymous_4)
FNDA:93,(anonymous_5)
FNDA:93,(anonymous_6)
FNDA:8,(anonymous_7)
FNDA:11,(anonymous_8)
FNDA:101,(anonymous_9)
FNDA:3,(anonymous_10)
FNDA:5,(anonymous_11)
FNDA:360,(anonymous_12)
FNDA:358,(anonymous_13)
FNDA:408,(anonymous_14)
FNDA:0,(anonymous_15)
FNDA:0,(anonymous_16)
FNDA:59,(anonymous_17)
FNDA:105,(anonymous_18)
FNDA:188,(anonymous_19)
DA:16,44
DA:18,107
DA:19,107
DA:27,107
DA:40,107
DA:41,107
DA:42,107
DA:43,107
DA:44,107
DA:82,1
DA:83,1
DA:84,1
DA:85,1
DA:86,5
DA:88,1
DA:89,1
DA:91,0
DA:92,0
DA:98,1
DA:99,1
DA:100,1
DA:101,1
DA:102,5
DA:104,1
DA:105,1
DA:107,0
DA:108,0
DA:114,0
DA:115,0
DA:117,0
DA:123,0
DA:124,0
DA:125,0
DA:126,0
DA:127,0
DA:129,0
DA:130,0
DA:132,0
DA:133,0
DA:138,93
DA:145,8
DA:146,11
DA:161,101
DA:162,101
DA:163,101
DA:164,101
DA:170,101
DA:171,101
DA:172,101
DA:174,101
DA:175,101
DA:176,104
DA:177,104
DA:178,99
DA:179,99
DA:191,99
DA:192,99
DA:194,5
DA:195,5
DA:196,5
DA:204,5
DA:205,5
DA:215,5
DA:216,2
DA:218,3
DA:219,3
DA:220,3
DA:221,3
DA:228,3
DA:236,5
DA:237,5
DA:255,360
DA:256,10
DA:257,10
DA:258,10
DA:259,10
DA:272,358
DA:273,10
DA:278,10
DA:279,10
DA:280,10
DA:281,10
DA:282,10
DA:294,408
DA:295,4
DA:296,4
DA:297,4
DA:298,4
DA:316,0
DA:323,0
DA:328,59
DA:333,105
DA:337,188
LF:93
LH:75
BRDA:82,0,0,0
BRDA:82,0,1,1
BRDA:98,1,0,0
BRDA:98,1,1,1
BRDA:123,2,0,0
BRDA:123,2,1,0
BRDA:137,3,0,11
BRDA:144,4,0,8
BRDA:184,5,0,2
BRDA:184,5,1,0
BRDA:186,6,0,0
BRDA:186,6,1,0
BRDA:205,7,0,3
BRDA:205,7,1,2
BRDA:206,8,0,3
BRDA:206,8,1,3
BRDA:215,9,0,2
BRDA:215,9,1,3
BRDA:215,10,0,5
BRDA:215,10,1,5
BRDA:215,10,2,3
BRDA:220,11,0,2
BRDA:220,11,1,1
BRDA:236,12,0,5
BRDA:236,12,1,0
BRDA:236,13,0,0
BRDA:236,13,1,0
BRDA:238,14,0,5
BRDA:238,14,1,5
BRDA:238,14,2,1
BRDA:238,14,3,1
BRDA:238,14,4,1
BRDA:255,15,0,350
BRDA:255,15,1,10
BRDA:255,16,0,360
BRDA:255,16,1,10
BRDA:272,17,0,348
BRDA:272,17,1,10
BRDA:272,18,0,358
BRDA:272,18,1,10
BRDA:273,19,0,2
BRDA:273,19,1,8
BRDA:275,20,0,8
BRDA:275,20,1,0
BRDA:278,21,0,2
BRDA:278,21,1,8
BRDA:294,22,0,404
BRDA:294,22,1,4
BRDA:294,23,0,408
BRDA:294,23,1,4
BRF:50
BRH:39
end_of_record
TN:
SF:packages/core/src/DdlBuilder.ts
FN:11,(anonymous_0)
FN:15,(anonymous_1)
FN:19,(anonymous_2)
FN:33,(anonymous_3)
FNF:4
FNH:0
FNDA:0,(anonymous_0)
FNDA:0,(anonymous_1)
FNDA:0,(anonymous_2)
FNDA:0,(anonymous_3)
DA:8,21
DA:12,0
DA:16,0
DA:20,0
DA:21,0
DA:22,0
DA:30,0
DA:34,0
LF:8
LH:1
BRDA:21,0,0,0
BRDA:21,0,1,0
BRF:2
BRH:0
end_of_record
TN:
SF:packages/core/src/batch/BatchExecutor.ts
FN:12,(anonymous_0)
FN:14,(anonymous_1)
FNF:2
FNH:2
FNDA:22,(anonymous_0)
FNDA:22,(anonymous_1)
DA:11,2
DA:12,22
DA:15,22
DA:16,20
DA:18,22
DA:19,22
DA:20,17
DA:21,16
DA:23,17
DA:25,5
DA:26,2
DA:28,5
LF:12
LH:12
BRDA:15,0,0,20
BRDA:15,0,1,2
BRDA:15,1,0,22
BRDA:15,1,1,21
BRDA:20,2,0,16
BRDA:20,2,1,1
BRDA:20,3,0,17
BRDA:20,3,1,16
BRDA:25,4,0,2
BRDA:25,4,1,3
BRDA:25,5,0,5
BRDA:25,5,1,5
BRF:12
BRH:12
end_of_record
TN:
SF:packages/core/src/batch/BatchOperations.ts
FN:64,(anonymous_0)
FN:74,(anonymous_1)
FN:109,(anonymous_2)
FN:154,(anonymous_3)
FN:187,(anonymous_4)
FN:232,(anonymous_5)
FN:257,(anonymous_6)
FN:284,(anonymous_7)
FN:317,(anonymous_8)
FN:362,(anonymous_9)
FN:374,(anonymous_10)
FN:377,(anonymous_11)
FN:385,(anonymous_12)
FN:414,(anonymous_13)
FN:424,(anonymous_14)
FN:433,(anonymous_15)
FN:451,(anonymous_16)
FN:455,(anonymous_17)
FN:465,(anonymous_18)
FN:468,(anonymous_19)
FN:474,(anonymous_20)
FN:486,(anonymous_21)
FN:508,(anonymous_22)
FN:519,(anonymous_23)
FN:530,(anonymous_24)
FN:556,(anonymous_25)
FN:566,(anonymous_26)
FNF:27
FNH:26
FNDA:19,(anonymous_0)
FNDA:10,(anonymous_1)
FNDA:12,(anonymous_2)
FNDA:2,(anonymous_3)
FNDA:2,(anonymous_4)
FNDA:3,(anonymous_5)
FNDA:3,(anonymous_6)
FNDA:2,(anonymous_7)
FNDA:2,(anonymous_8)
FNDA:12,(anonymous_9)
FNDA:28,(anonymous_10)
FNDA:21,(anonymous_11)
FNDA:21,(anonymous_12)
FNDA:2,(anonymous_13)
FNDA:1,(anonymous_14)
FNDA:4,(anonymous_15)
FNDA:3,(anonymous_16)
FNDA:3,(anonymous_17)
FNDA:4,(anonymous_18)
FNDA:4,(anonymous_19)
FNDA:2,(anonymous_20)
FNDA:2,(anonymous_21)
FNDA:0,(anonymous_22)
FNDA:17,(anonymous_23)
FNDA:1,(anonymous_24)
FNDA:3,(anonymous_25)
FNDA:2,(anonymous_26)
DA:3,1
DA:4,1
DA:5,1
DA:58,1
DA:60,19
DA:65,19
DA:66,19
DA:67,19
DA:81,10
DA:82,10
DA:89,9
DA:91,9
DA:92,1
DA:100,8
DA:101,8
DA:102,8
DA:103,8
DA:105,8
DA:106,12
DA:108,12
DA:109,12
DA:110,12
DA:111,9
DA:113,9
DA:114,9
DA:116,3
DA:117,1
DA:118,1
DA:120,1
DA:121,1
DA:123,2
DA:128,6
DA:130,6
DA:131,1
DA:141,5
DA:161,2
DA:162,2
DA:169,2
DA:171,2
DA:172,0
DA:180,2
DA:181,2
DA:182,2
DA:183,2
DA:185,2
DA:186,2
DA:187,2
DA:188,2
DA:189,2
DA:191,2
DA:192,2
DA:194,0
DA:195,0
DA:196,0
DA:198,0
DA:199,0
DA:201,0
DA:206,2
DA:208,2
DA:209,0
DA:219,2
DA:237,3
DA:238,3
DA:244,3
DA:246,3
DA:247,0
DA:250,3
DA:251,3
DA:252,3
DA:253,3
DA:255,3
DA:256,3
DA:257,3
DA:258,3
DA:259,2
DA:261,2
DA:262,2
DA:264,1
DA:265,0
DA:266,0
DA:267,0
DA:269,1
DA:274,2
DA:291,2
DA:292,2
DA:299,2
DA:301,2
DA:302,0
DA:310,2
DA:311,2
DA:312,2
DA:313,2
DA:315,2
DA:316,2
DA:317,2
DA:318,2
DA:319,2
DA:321,2
DA:322,2
DA:324,0
DA:325,0
DA:326,0
DA:328,0
DA:329,0
DA:331,0
DA:336,2
DA:338,2
DA:339,0
DA:349,2
DA:367,12
DA:369,5
DA:373,7
DA:375,28
DA:377,21
DA:381,7
DA:382,0
DA:385,21
DA:386,7
DA:387,7
DA:389,7
DA:390,8
DA:391,8
DA:393,8
DA:394,24
DA:395,24
DA:396,24
DA:399,8
DA:402,7
DA:407,7
DA:408,4
DA:419,2
DA:420,1
DA:424,1
DA:425,1
DA:428,1
DA:429,0
DA:432,1
DA:433,4
DA:436,1
DA:437,0
DA:441,1
DA:442,1
DA:445,1
DA:455,3
DA:456,3
DA:459,3
DA:460,1
DA:463,2
DA:466,4
DA:468,4
DA:470,2
DA:471,1
DA:474,2
DA:475,1
DA:480,1
DA:491,2
DA:492,1
DA:496,1
DA:497,1
DA:498,1
DA:499,1
DA:502,1
DA:509,0
DA:510,0
DA:511,0
DA:513,0
DA:520,17
DA:521,17
DA:522,1
DA:524,16
DA:534,1
DA:536,1
DA:537,0
DA:545,1
DA:557,3
DA:558,2
DA:560,1
DA:567,2
LF:178
LH:150
BRDA:77,0,0,4
BRDA:84,1,0,6
BRDA:85,2,0,7
BRDA:86,3,0,7
BRDA:88,4,0,8
BRDA:91,5,0,1
BRDA:91,5,1,8
BRDA:116,6,0,1
BRDA:116,6,1,2
BRDA:130,7,0,1
BRDA:130,7,1,5
BRDA:157,8,0,2
BRDA:164,9,0,2
BRDA:165,10,0,2
BRDA:166,11,0,2
BRDA:168,12,0,2
BRDA:171,13,0,0
BRDA:171,13,1,2
BRDA:194,14,0,0
BRDA:194,14,1,0
BRDA:208,15,0,0
BRDA:208,15,1,2
BRDA:235,16,0,3
BRDA:240,17,0,3
BRDA:241,18,0,3
BRDA:242,19,0,3
BRDA:246,20,0,0
BRDA:246,20,1,3
BRDA:264,21,0,0
BRDA:264,21,1,1
BRDA:287,22,0,2
BRDA:294,23,0,2
BRDA:295,24,0,2
BRDA:296,25,0,2
BRDA:298,26,0,2
BRDA:301,27,0,0
BRDA:301,27,1,2
BRDA:324,28,0,0
BRDA:324,28,1,0
BRDA:338,29,0,0
BRDA:338,29,1,2
BRDA:367,30,0,5
BRDA:367,30,1,7
BRDA:367,31,0,12
BRDA:367,31,1,6
BRDA:375,32,0,28
BRDA:375,32,1,21
BRDA:381,33,0,0
BRDA:381,33,1,7
BRDA:385,34,0,21
BRDA:385,34,1,0
BRDA:419,35,0,1
BRDA:419,35,1,1
BRDA:419,36,0,2
BRDA:419,36,1,1
BRDA:428,37,0,0
BRDA:428,37,1,1
BRDA:433,38,0,4
BRDA:433,38,1,3
BRDA:436,39,0,0
BRDA:436,39,1,1
BRDA:459,40,0,1
BRDA:459,40,1,2
BRDA:468,41,0,4
BRDA:468,41,1,3
BRDA:470,42,0,1
BRDA:470,42,1,1
BRDA:477,43,0,1
BRDA:477,43,1,0
BRDA:491,44,0,1
BRDA:491,44,1,1
BRDA:491,45,0,2
BRDA:491,45,1,1
BRDA:521,46,0,1
BRDA:521,46,1,16
BRDA:536,47,0,0
BRDA:536,47,1,1
BRDA:557,48,0,2
BRDA:557,48,1,1
BRF:79
BRH:63
end_of_record
TN:
SF:packages/core/src/batch/BatchPlan.ts
FN:2,(anonymous_0)
FNF:1
FNH:1
FNDA:19,(anonymous_0)
DA:1,2
DA:3,19
DA:4,19
DA:5,25
DA:7,19
LF:5
LH:5
BRF:0
BRH:0
end_of_record
TN:
SF:packages/core/src/change-tracking/ChangeTracker.ts
FN:16,(anonymous_0)
FN:29,(anonymous_1)
FN:48,(anonymous_2)
FN:66,(anonymous_3)
FN:79,(anonymous_4)
FN:81,(anonymous_5)
FN:90,(anonymous_6)
FN:98,(anonymous_7)
FN:112,(anonymous_8)
FN:119,(anonymous_9)
FN:134,(anonymous_10)
FN:144,(anonymous_11)
FNF:12
FNH:12
FNDA:106,(anonymous_0)
FNDA:9,(anonymous_1)
FNDA:7,(anonymous_2)
FNDA:3,(anonymous_3)
FNDA:96,(anonymous_4)
FNDA:441,(anonymous_5)
FNDA:12,(anonymous_6)
FNDA:84,(anonymous_7)
FNDA:1,(anonymous_8)
FNDA:2,(anonymous_9)
FNDA:432,(anonymous_10)
FNDA:1,(anonymous_11)
DA:2,35
DA:8,35
DA:9,76
DA:17,106
DA:30,9
DA:31,9
DA:32,5
DA:34,4
DA:49,7
DA:50,7
DA:51,4
DA:53,3
DA:67,3
DA:80,96
DA:81,441
DA:91,12
DA:92,12
DA:99,84
DA:100,430
DA:101,5
DA:103,425
DA:104,425
DA:113,1
DA:120,2
DA:121,2
DA:122,1
DA:123,1
DA:135,432
DA:145,1
LF:29
LH:29
BRDA:31,0,0,5
BRDA:31,0,1,4
BRDA:50,1,0,4
BRDA:50,1,1,3
BRDA:92,2,0,11
BRDA:92,2,1,1
BRDA:100,3,0,5
BRDA:100,3,1,425
BRDA:121,4,0,1
BRDA:121,4,1,1
BRDA:121,5,0,2
BRDA:121,5,1,1
BRDA:122,6,0,1
BRDA:122,6,1,0
BRF:14
BRH:13
end_of_record
TN:
SF:packages/core/src/context/DbContext.ts
FN:26,getOriginal
FN:79,(anonymous_1)
FN:100,(anonymous_2)
FN:101,(anonymous_3)
FN:104,(anonymous_4)
FN:105,(anonymous_5)
FN:136,(anonymous_6)
FN:155,(anonymous_7)
FN:182,(anonymous_8)
FN:206,(anonymous_9)
FN:218,(anonymous_10)
FN:225,(anonymous_11)
FN:254,(anonymous_12)
FN:287,(anonymous_13)
FN:296,(anonymous_14)
FN:305,(anonymous_15)
FN:314,(anonymous_16)
FN:323,(anonymous_17)
FN:337,(anonymous_18)
FN:358,(anonymous_19)
FN:374,(anonymous_20)
FN:399,(anonymous_21)
FN:419,(anonymous_22)
FN:439,(anonymous_23)
FN:447,(anonymous_24)
FN:481,(anonymous_25)
FN:497,(anonymous_26)
FN:510,(anonymous_27)
FN:518,(anonymous_28)
FN:530,(anonymous_29)
FN:540,(anonymous_30)
FN:551,(anonymous_31)
FN:563,(anonymous_32)
FN:575,(anonymous_33)
FN:579,(anonymous_34)
FN:582,(anonymous_35)
FN:601,(anonymous_36)
FN:608,(anonymous_37)
FN:615,(anonymous_38)
FN:622,(anonymous_39)
FN:631,(anonymous_40)
FN:635,(anonymous_41)
FN:643,(anonymous_42)
FN:653,(anonymous_43)
FN:663,(anonymous_44)
FN:671,(anonymous_45)
FN:685,(anonymous_46)
FN:697,(anonymous_47)
FN:733,(anonymous_48)
FN:774,(anonymous_49)
FN:787,(anonymous_50)
FN:811,(anonymous_51)
FN:839,(anonymous_52)
FN:854,(anonymous_53)
FNF:54
FNH:38
FNDA:98,getOriginal
FNDA:50,(anonymous_1)
FNDA:91,(anonymous_2)
FNDA:5,(anonymous_3)
FNDA:4,(anonymous_4)
FNDA:3,(anonymous_5)
FNDA:145,(anonymous_6)
FNDA:38,(anonymous_7)
FNDA:92,(anonymous_8)
FNDA:2,(anonymous_9)
FNDA:7,(anonymous_10)
FNDA:4,(anonymous_11)
FNDA:3,(anonymous_12)
FNDA:41,(anonymous_13)
FNDA:7,(anonymous_14)
FNDA:0,(anonymous_15)
FNDA:0,(anonymous_16)
FNDA:0,(anonymous_17)
FNDA:0,(anonymous_18)
FNDA:1,(anonymous_19)
FNDA:0,(anonymous_20)
FNDA:0,(anonymous_21)
FNDA:50,(anonymous_22)
FNDA:0,(anonymous_23)
FNDA:0,(anonymous_24)
FNDA:92,(anonymous_25)
FNDA:92,(anonymous_26)
FNDA:110,(anonymous_27)
FNDA:100,(anonymous_28)
FNDA:100,(anonymous_29)
FNDA:3,(anonymous_30)
FNDA:1,(anonymous_31)
FNDA:2,(anonymous_32)
FNDA:6,(anonymous_33)
FNDA:35,(anonymous_34)
FNDA:100,(anonymous_35)
FNDA:91,(anonymous_36)
FNDA:5,(anonymous_37)
FNDA:4,(anonymous_38)
FNDA:4,(anonymous_39)
FNDA:3,(anonymous_40)
FNDA:4,(anonymous_41)
FNDA:97,(anonymous_42)
FNDA:3,(anonymous_43)
FNDA:8,(anonymous_44)
FNDA:0,(anonymous_45)
FNDA:3,(anonymous_46)
FNDA:0,(anonymous_47)
FNDA:0,(anonymous_48)
FNDA:0,(anonymous_49)
FNDA:0,(anonymous_50)
FNDA:0,(anonymous_51)
FNDA:0,(anonymous_52)
FNDA:0,(anonymous_53)
DA:2,34
DA:3,34
DA:5,34
DA:6,34
DA:7,34
DA:8,34
DA:9,34
DA:10,34
DA:11,34
DA:12,34
DA:22,34
DA:24,34
DA:27,98
DA:28,98
DA:30,98
DA:31,98
DA:33,0
DA:49,34
DA:53,50
DA:54,50
DA:57,50
DA:72,50
DA:81,50
DA:82,50
DA:84,50
DA:85,50
DA:90,50
DA:91,50
DA:92,50
DA:93,50
DA:98,50
DA:99,50
DA:100,91
DA:101,50
DA:102,50
DA:104,4
DA:105,3
DA:108,50
DA:109,4
DA:116,50
DA:117,50
DA:120,50
DA:121,0
DA:122,0
DA:124,50
DA:127,50
DA:137,145
DA:139,145
DA:140,145
DA:141,145
DA:142,1
DA:144,144
DA:146,144
DA:147,144
DA:156,38
DA:159,38
DA:160,38
DA:161,45
DA:162,45
DA:164,45
DA:169,38
DA:171,38
DA:172,45
DA:183,92
DA:184,92
DA:185,92
DA:186,92
DA:187,92
DA:195,82
DA:196,82
DA:197,100
DA:198,100
DA:199,100
DA:201,82
DA:202,82
DA:207,2
DA:208,2
DA:209,1
DA:211,1
DA:219,7
DA:226,4
DA:229,4
DA:231,4
DA:233,4
DA:234,1
DA:240,1
DA:255,3
DA:257,3
DA:258,1
DA:259,1
DA:260,1
DA:266,1
DA:275,3
DA:277,3
DA:288,41
DA:297,7
DA:306,0
DA:315,0
DA:324,0
DA:325,0
DA:342,0
DA:347,0
DA:362,1
DA:367,1
DA:379,0
DA:381,0
DA:389,0
DA:400,0
DA:401,0
DA:404,0
DA:405,0
DA:406,0
DA:420,50
DA:422,50
DA:423,53
DA:424,53
DA:433,53
DA:436,53
DA:437,53
DA:438,53
DA:439,0
DA:463,0
DA:464,0
DA:465,0
DA:466,0
DA:467,0
DA:468,0
DA:469,0
DA:470,0
DA:471,0
DA:472,0
DA:474,0
DA:476,0
DA:484,92
DA:485,110
DA:486,101
DA:487,101
DA:488,101
DA:489,264
DA:490,264
DA:491,1
DA:510,110
DA:523,100
DA:535,100
DA:536,3
DA:537,3
DA:538,3
DA:539,3
DA:540,3
DA:541,3
DA:543,3
DA:544,1
DA:546,3
DA:547,2
DA:558,1
DA:559,1
DA:560,0
DA:570,2
DA:571,2
DA:572,0
DA:579,35
DA:587,100
DA:589,91
DA:590,91
DA:592,5
DA:593,5
DA:595,4
DA:597,0
DA:605,91
DA:612,5
DA:619,4
DA:626,4
DA:627,1
DA:628,1
DA:629,1
DA:630,1
DA:631,3
DA:632,1
DA:633,1
DA:634,1
DA:635,4
DA:637,1
DA:638,1
DA:639,1
DA:640,1
DA:647,97
DA:648,7
DA:649,7
DA:650,7
DA:657,3
DA:658,1
DA:659,1
DA:660,1
DA:664,8
DA:665,8
DA:674,0
DA:675,0
DA:676,0
DA:681,0
DA:682,0
DA:688,3
DA:689,3
DA:707,0
DA:708,0
DA:709,0
DA:710,0
DA:711,0
DA:718,0
DA:720,0
DA:721,0
DA:722,0
DA:723,0
DA:749,0
DA:750,0
DA:751,0
DA:752,0
DA:758,0
DA:765,0
DA:767,0
DA:768,0
DA:779,0
DA:795,0
DA:796,0
DA:800,0
DA:802,0
DA:806,0
DA:808,0
DA:816,0
DA:817,0
DA:818,0
DA:819,0
DA:820,0
DA:821,0
DA:822,0
DA:823,0
DA:824,0
DA:825,0
DA:827,0
DA:830,0
DA:831,0
DA:852,0
DA:853,0
DA:854,0
DA:855,0
DA:856,0
LF:245
LH:164
BRDA:30,0,0,98
BRDA:30,0,1,98
BRDA:108,1,0,4
BRDA:108,1,1,46
BRDA:110,2,0,4
BRDA:110,2,1,0
BRDA:117,3,0,50
BRDA:117,3,1,50
BRDA:120,4,0,0
BRDA:120,4,1,50
BRDA:140,5,0,0
BRDA:140,5,1,145
BRDA:141,6,0,1
BRDA:141,6,1,144
BRDA:184,7,0,0
BRDA:184,7,1,92
BRDA:184,8,0,92
BRDA:184,8,1,92
BRDA:233,9,0,1
BRDA:233,9,1,3
BRDA:242,10,0,1
BRDA:242,10,1,0
BRDA:257,11,0,1
BRDA:257,11,1,2
BRDA:268,12,0,1
BRDA:268,12,1,0
BRDA:343,13,0,0
BRDA:343,13,1,0
BRDA:344,14,0,0
BRDA:344,14,1,0
BRDA:345,15,0,0
BRDA:345,15,1,0
BRDA:363,16,0,1
BRDA:363,16,1,1
BRDA:364,17,0,1
BRDA:364,17,1,1
BRDA:365,18,0,1
BRDA:365,18,1,1
BRDA:379,19,0,0
BRDA:379,19,1,0
BRDA:400,20,0,0
BRDA:400,20,1,0
BRDA:406,21,0,0
BRDA:406,21,1,0
BRDA:437,22,0,1
BRDA:437,22,1,52
BRDA:465,23,0,0
BRDA:465,23,1,0
BRDA:465,24,0,0
BRDA:465,24,1,0
BRDA:467,25,0,0
BRDA:467,25,1,0
BRDA:468,26,0,0
BRDA:468,26,1,0
BRDA:476,27,0,0
BRDA:476,27,1,0
BRDA:485,28,0,9
BRDA:485,28,1,101
BRDA:487,29,0,0
BRDA:487,29,1,101
BRDA:490,30,0,1
BRDA:490,30,1,263
BRDA:490,31,0,264
BRDA:490,31,1,111
BRDA:535,32,0,97
BRDA:535,32,1,3
BRDA:537,33,0,0
BRDA:537,33,1,3
BRDA:539,34,0,0
BRDA:539,34,1,3
BRDA:540,35,0,3
BRDA:540,35,1,3
BRDA:543,36,0,1
BRDA:543,36,1,2
BRDA:546,37,0,2
BRDA:546,37,1,1
BRDA:546,38,0,3
BRDA:546,38,1,2
BRDA:558,39,0,1
BRDA:558,39,1,0
BRDA:559,40,0,0
BRDA:559,40,1,1
BRDA:559,41,0,1
BRDA:559,41,1,0
BRDA:570,42,0,2
BRDA:570,42,1,0
BRDA:571,43,0,0
BRDA:571,43,1,2
BRDA:571,44,0,2
BRDA:571,44,1,0
BRDA:587,45,0,91
BRDA:587,45,1,5
BRDA:587,45,2,4
BRDA:587,45,3,0
BRDA:595,46,0,4
BRDA:595,46,1,0
BRDA:626,47,0,3
BRDA:626,47,1,1
BRDA:628,48,0,0
BRDA:628,48,1,1
BRDA:629,49,0,1
BRDA:629,49,1,0
BRDA:630,50,0,1
BRDA:630,50,1,0
BRDA:631,51,0,3
BRDA:631,51,1,2
BRDA:632,52,0,0
BRDA:632,52,1,1
BRDA:635,53,0,4
BRDA:635,53,1,3
BRDA:637,54,0,1
BRDA:637,54,1,0
BRDA:647,55,0,90
BRDA:647,55,1,7
BRDA:649,56,0,0
BRDA:649,56,1,7
BRDA:657,57,0,2
BRDA:657,57,1,1
BRDA:659,58,0,0
BRDA:659,58,1,1
BRDA:675,59,0,0
BRDA:675,59,1,0
BRDA:677,60,0,0
BRDA:677,60,1,0
BRDA:688,61,0,0
BRDA:688,61,1,3
BRDA:690,62,0,3
BRDA:690,62,1,3
BRDA:691,63,0,3
BRDA:691,63,1,3
BRDA:692,64,0,3
BRDA:692,64,1,3
BRDA:693,65,0,3
BRDA:693,65,1,3
BRDA:707,66,0,0
BRDA:707,66,1,0
BRDA:709,67,0,0
BRDA:709,67,1,0
BRDA:710,68,0,0
BRDA:710,68,1,0
BRDA:720,69,0,0
BRDA:720,69,1,0
BRDA:720,70,0,0
BRDA:720,70,1,0
BRDA:722,71,0,0
BRDA:722,71,1,0
BRDA:751,72,0,0
BRDA:751,72,1,0
BRDA:758,73,0,0
BRDA:758,73,1,0
BRDA:759,74,0,0
BRDA:759,74,1,0
BRDA:759,74,2,0
BRDA:759,74,3,0
BRDA:759,74,4,0
BRDA:759,74,5,0
BRDA:767,75,0,0
BRDA:767,75,1,0
BRDA:767,76,0,0
BRDA:767,76,1,0
BRDA:767,76,2,0
BRDA:780,77,0,0
BRDA:780,77,1,0
BRDA:780,77,2,0
BRDA:780,77,3,0
BRDA:795,78,0,0
BRDA:795,78,1,0
BRDA:795,79,0,0
BRDA:795,79,1,0
BRDA:796,80,0,0
BRDA:796,80,1,0
BRDA:797,81,0,0
BRDA:797,81,1,0
BRDA:797,81,2,0
BRDA:800,82,0,0
BRDA:800,82,1,0
BRDA:802,83,0,0
BRDA:802,83,1,0
BRDA:803,84,0,0
BRDA:803,84,1,0
BRDA:803,84,2,0
BRDA:803,84,3,0
BRDA:806,85,0,0
BRDA:806,85,1,0
BRDA:819,86,0,0
BRDA:819,86,1,0
BRDA:820,87,0,0
BRDA:820,87,1,0
BRDA:820,88,0,0
BRDA:820,88,1,0
BRDA:821,89,0,0
BRDA:821,89,1,0
BRDA:821,90,0,0
BRDA:821,90,1,0
BRDA:823,91,0,0
BRDA:823,91,1,0
BRDA:827,92,0,0
BRDA:827,92,1,0
BRDA:827,93,0,0
BRDA:827,93,1,0
BRDA:830,94,0,0
BRDA:830,94,1,0
BRDA:830,94,2,0
BRDA:852,95,0,0
BRDA:852,95,1,0
BRDA:853,96,0,0
BRDA:853,96,1,0
BRDA:854,97,0,0
BRDA:854,97,1,0
BRF:209
BRH:83
end_of_record
TN:
SF:packages/core/src/context/DbSet.ts
FN:26,(anonymous_0)
FN:45,(anonymous_1)
FN:51,(anonymous_2)
FN:57,(anonymous_3)
FN:63,(anonymous_4)
FN:68,(anonymous_5)
FN:73,(anonymous_6)
FN:79,(anonymous_7)
FN:97,(anonymous_8)
FN:102,(anonymous_9)
FN:117,(anonymous_10)
FN:130,(anonymous_11)
FN:139,(anonymous_12)
FN:146,(anonymous_13)
FN:157,(anonymous_14)
FN:171,(anonymous_15)
FN:184,(anonymous_16)
FN:201,(anonymous_17)
FN:215,(anonymous_18)
FN:229,(anonymous_19)
FN:243,(anonymous_20)
FN:257,(anonymous_21)
FN:271,(anonymous_22)
FN:285,(anonymous_23)
FN:298,(anonymous_24)
FN:312,(anonymous_25)
FN:324,(anonymous_26)
FN:336,(anonymous_27)
FN:348,(anonymous_28)
FN:360,(anonymous_29)
FN:372,(anonymous_30)
FN:385,(anonymous_31)
FN:399,(anonymous_32)
FN:403,(anonymous_33)
FN:408,(anonymous_34)
FN:429,(anonymous_35)
FN:435,(anonymous_36)
FN:439,(anonymous_37)
FN:439,(anonymous_38)
FN:442,(anonymous_39)
FN:449,(anonymous_40)
FNF:41
FNH:17
FNDA:66,(anonymous_0)
FNDA:100,(anonymous_1)
FNDA:6,(anonymous_2)
FNDA:5,(anonymous_3)
FNDA:0,(anonymous_4)
FNDA:0,(anonymous_5)
FNDA:0,(anonymous_6)
FNDA:11,(anonymous_7)
FNDA:8,(anonymous_8)
FNDA:7,(anonymous_9)
FNDA:0,(anonymous_10)
FNDA:0,(anonymous_11)
FNDA:0,(anonymous_12)
FNDA:0,(anonymous_13)
FNDA:7,(anonymous_14)
FNDA:0,(anonymous_15)
FNDA:1,(anonymous_16)
FNDA:0,(anonymous_17)
FNDA:6,(anonymous_18)
FNDA:0,(anonymous_19)
FNDA:0,(anonymous_20)
FNDA:0,(anonymous_21)
FNDA:0,(anonymous_22)
FNDA:0,(anonymous_23)
FNDA:0,(anonymous_24)
FNDA:4,(anonymous_25)
FNDA:2,(anonymous_26)
FNDA:0,(anonymous_27)
FNDA:0,(anonymous_28)
FNDA:7,(anonymous_29)
FNDA:2,(anonymous_30)
FNDA:2,(anonymous_31)
FNDA:1,(anonymous_32)
FNDA:1,(anonymous_33)
FNDA:0,(anonymous_34)
FNDA:0,(anonymous_35)
FNDA:0,(anonymous_36)
FNDA:0,(anonymous_37)
FNDA:0,(anonymous_38)
FNDA:0,(anonymous_39)
FNDA:0,(anonymous_40)
DA:6,34
DA:7,34
DA:11,34
DA:17,34
DA:35,66
DA:36,66
DA:37,66
DA:38,66
DA:39,66
DA:40,66
DA:41,66
DA:46,100
DA:47,100
DA:52,6
DA:53,6
DA:58,5
DA:59,5
DA:64,0
DA:65,0
DA:69,0
DA:70,0
DA:74,0
DA:75,0
DA:80,11
DA:81,0
DA:84,11
DA:85,11
DA:86,1
DA:88,10
DA:89,10
DA:97,8
DA:103,7
DA:104,0
DA:106,7
DA:118,0
DA:119,0
DA:120,0
DA:122,0
DA:123,0
DA:124,0
DA:125,0
DA:127,0
DA:129,0
DA:130,0
DA:132,0
DA:143,0
DA:144,0
DA:145,0
DA:146,0
DA:149,0
DA:158,7
DA:167,7
DA:172,0
DA:181,0
DA:188,1
DA:197,1
DA:202,0
DA:211,0
DA:216,6
DA:225,6
DA:230,0
DA:239,0
DA:244,0
DA:253,0
DA:258,0
DA:267,0
DA:272,0
DA:281,0
DA:286,0
DA:295,0
DA:299,0
DA:308,0
DA:313,4
DA:325,2
DA:337,0
DA:349,0
DA:361,7
DA:373,2
DA:386,2
DA:395,1
DA:400,1
DA:404,1
DA:409,0
DA:410,0
DA:411,0
DA:412,0
DA:413,0
DA:414,0
DA:416,0
DA:417,0
DA:419,0
DA:420,0
DA:421,0
DA:423,0
DA:425,0
DA:430,0
DA:431,0
DA:432,0
DA:433,0
DA:435,0
DA:439,0
DA:440,0
DA:442,0
DA:443,0
DA:448,0
DA:449,0
DA:451,0
DA:452,0
DA:453,0
DA:454,0
DA:456,0
DA:457,0
DA:461,0
DA:463,0
LF:114
LH:40
BRDA:80,0,0,0
BRDA:80,0,1,11
BRDA:80,1,0,11
BRDA:80,1,1,9
BRDA:85,2,0,1
BRDA:85,2,1,10
BRDA:85,3,0,11
BRDA:85,3,1,11
BRDA:103,4,0,0
BRDA:103,4,1,7
BRDA:103,5,0,7
BRDA:103,5,1,6
BRDA:118,6,0,0
BRDA:118,6,1,0
BRDA:118,7,0,0
BRDA:118,7,1,0
BRDA:120,8,0,0
BRDA:120,8,1,0
BRDA:120,9,0,0
BRDA:120,9,1,0
BRDA:125,10,0,0
BRDA:125,10,1,0
BRDA:130,11,0,0
BRDA:130,11,1,0
BRDA:143,12,0,0
BRDA:143,12,1,0
BRDA:143,13,0,0
BRDA:143,13,1,0
BRDA:145,14,0,0
BRDA:145,14,1,0
BRDA:146,15,0,0
BRDA:146,15,1,0
BRDA:146,16,0,0
BRDA:146,16,1,0
BRDA:410,17,0,0
BRDA:410,17,1,0
BRDA:410,18,0,0
BRDA:410,18,1,0
BRDA:414,19,0,0
BRDA:414,19,1,0
BRDA:414,20,0,0
BRDA:414,20,1,0
BRDA:420,21,0,0
BRDA:420,21,1,0
BRDA:431,22,0,0
BRDA:431,22,1,0
BRDA:431,23,0,0
BRDA:431,23,1,0
BRDA:439,24,0,0
BRDA:439,24,1,0
BRDA:440,25,0,0
BRDA:440,25,1,0
BRDA:445,26,0,0
BRDA:445,26,1,0
BRDA:452,27,0,0
BRDA:452,27,1,0
BRDA:452,28,0,0
BRDA:452,28,1,0
BRDA:456,29,0,0
BRDA:456,29,1,0
BRF:60
BRH:10
end_of_record
TN:
SF:packages/core/src/context/commands/DeleteCommand.ts
FN:14,(anonymous_0)
FN:20,(anonymous_1)
FNF:2
FNH:2
FNDA:52,(anonymous_0)
FNDA:6,(anonymous_1)
DA:13,35
DA:15,52
DA:16,52
DA:17,52
DA:21,6
DA:22,4
DA:23,4
DA:24,4
LF:8
LH:8
BRDA:21,0,0,2
BRDA:21,0,1,4
BRF:2
BRH:2
end_of_record
TN:
SF:packages/core/src/context/commands/InsertCommand.ts
FN:10,(anonymous_0)
FN:15,(anonymous_1)
FNF:2
FNH:2
FNDA:51,(anonymous_0)
FNDA:92,(anonymous_1)
DA:9,35
DA:11,51
DA:12,51
DA:16,92
DA:17,92
DA:18,92
LF:6
LH:6
BRDA:16,0,0,0
BRDA:16,0,1,92
BRDA:16,1,0,92
BRDA:16,1,1,92
BRF:4
BRH:3
end_of_record
TN:
SF:packages/core/src/context/commands/UpdateCommand.ts
FN:10,(anonymous_0)
FN:15,(anonymous_1)
FNF:2
FNH:2
FNDA:51,(anonymous_0)
FNDA:6,(anonymous_1)
DA:9,35
DA:11,51
DA:12,51
DA:16,6
DA:17,6
DA:18,6
LF:6
LH:6
BRDA:16,0,0,0
BRDA:16,0,1,6
BRDA:16,1,0,6
BRDA:16,1,1,6
BRF:4
BRH:3
end_of_record
TN:
SF:packages/core/src/context/services/ChangeValidationService.ts
FN:20,(anonymous_0)
FN:28,(anonymous_1)
FN:57,(anonymous_2)
FN:71,(anonymous_3)
FN:83,(anonymous_4)
FN:119,(anonymous_5)
FN:160,(anonymous_6)
FN:173,(anonymous_7)
FN:197,(anonymous_8)
FN:223,(anonymous_9)
FN:238,(anonymous_10)
FNF:11
FNH:11
FNDA:56,(anonymous_0)
FNDA:98,(anonymous_1)
FNDA:112,(anonymous_2)
FNDA:112,(anonymous_3)
FNDA:293,(anonymous_4)
FNDA:293,(anonymous_5)
FNDA:293,(anonymous_6)
FNDA:293,(anonymous_7)
FNDA:112,(anonymous_8)
FNDA:23,(anonymous_9)
FNDA:48,(anonymous_10)
DA:1,35
DA:2,35
DA:12,35
DA:18,56
DA:24,56
DA:25,56
DA:37,98
DA:39,98
DA:40,116
DA:41,112
DA:42,112
DA:44,112
DA:45,112
DA:47,112
DA:48,293
DA:49,293
DA:51,112
DA:54,98
DA:60,112
DA:61,112
DA:62,45
DA:67,45
DA:68,45
DA:74,112
DA:75,3
DA:93,293
DA:94,2
DA:95,2
DA:96,1
DA:97,1
DA:104,1
DA:106,1
DA:107,1
DA:108,1
DA:109,1
DA:135,293
DA:136,293
DA:137,293
DA:138,293
DA:144,293
DA:151,6
DA:153,293
DA:154,2
DA:165,293
DA:181,293
DA:182,15
DA:186,2
DA:188,13
DA:192,3
DA:194,10
DA:202,112
DA:203,112
DA:204,112
DA:205,25
DA:206,25
DA:207,25
DA:208,25
DA:209,25
DA:210,13
DA:211,13
DA:213,13
DA:214,13
DA:215,13
DA:236,23
DA:237,23
DA:238,48
DA:239,23
DA:240,23
LF:68
LH:68
BRDA:40,0,0,4
BRDA:40,0,1,112
BRDA:40,1,0,116
BRDA:40,1,1,10
BRDA:42,2,0,0
BRDA:42,2,1,112
BRDA:44,3,0,3
BRDA:44,3,1,109
BRDA:54,4,0,15
BRDA:54,4,1,83
BRDA:61,5,0,67
BRDA:61,5,1,45
BRDA:63,6,0,45
BRDA:63,6,1,36
BRDA:74,7,0,109
BRDA:74,7,1,3
BRDA:76,8,0,3
BRDA:76,8,1,2
BRDA:77,9,0,3
BRDA:77,9,1,2
BRDA:78,10,0,3
BRDA:78,10,1,2
BRDA:79,11,0,3
BRDA:79,11,1,2
BRDA:93,12,0,291
BRDA:93,12,1,2
BRDA:95,13,0,1
BRDA:95,13,1,1
BRDA:96,14,0,1
BRDA:96,14,1,0
BRDA:106,15,0,1
BRDA:106,15,1,0
BRDA:106,16,0,1
BRDA:106,16,1,1
BRDA:108,17,0,1
BRDA:108,17,1,0
BRDA:137,18,0,293
BRDA:137,18,1,4
BRDA:144,19,0,6
BRDA:144,19,1,287
BRDA:145,20,0,293
BRDA:145,20,1,212
BRDA:145,20,2,212
BRDA:145,20,3,114
BRDA:145,20,4,8
BRDA:145,20,5,8
BRDA:153,21,0,2
BRDA:153,21,1,291
BRDA:153,22,0,293
BRDA:153,22,1,9
BRDA:153,22,2,3
BRDA:166,23,0,293
BRDA:166,23,1,293
BRDA:166,23,2,112
BRDA:166,23,3,112
BRDA:181,24,0,278
BRDA:181,24,1,15
BRDA:181,25,0,293
BRDA:181,25,1,15
BRDA:182,26,0,2
BRDA:182,26,1,13
BRDA:183,27,0,15
BRDA:183,27,1,9
BRDA:183,27,2,7
BRDA:186,28,0,2
BRDA:186,28,1,0
BRDA:188,29,0,3
BRDA:188,29,1,10
BRDA:189,30,0,13
BRDA:189,30,1,6
BRDA:189,30,2,13
BRDA:189,30,3,11
BRDA:192,31,0,3
BRDA:192,31,1,1
BRDA:205,32,0,25
BRDA:205,32,1,24
BRDA:206,33,0,0
BRDA:206,33,1,25
BRDA:206,34,0,25
BRDA:206,34,1,1
BRDA:207,35,0,0
BRDA:207,35,1,25
BRDA:207,36,0,25
BRDA:207,36,1,0
BRDA:209,37,0,13
BRDA:209,37,1,12
BRDA:213,38,0,0
BRDA:213,38,1,13
BRDA:213,39,0,13
BRDA:213,39,1,1
BRDA:214,40,0,13
BRDA:214,40,1,13
BRDA:214,40,2,1
BRDA:236,41,0,23
BRDA:236,41,1,0
BRDA:237,42,0,23
BRDA:237,42,1,0
BRDA:238,43,0,23
BRDA:238,43,1,1
BRF:99
BRH:88
end_of_record
TN:
SF:packages/core/src/decorators/Column.ts
FN:5,isStage3FieldContext
FN:33,Column
FN:34,ColumnDecorator
FN:40,(anonymous_3)
FN:68,getTypeString
FNF:5
FNH:5
FNDA:151,isStage3FieldContext
FNDA:151,Column
FNDA:151,ColumnDecorator
FNDA:1412,(anonymous_3)
FNDA:795,getTypeString
DA:1,28
DA:2,28
DA:10,151
DA:33,28
DA:34,151
DA:35,151
DA:36,0
DA:38,151
DA:39,151
DA:40,151
DA:41,1412
DA:42,1412
DA:43,1412
DA:48,1412
DA:60,1412
DA:61,1412
DA:62,1412
DA:63,1412
DA:69,795
DA:70,0
DA:72,0
DA:74,0
DA:76,0
DA:78,0
DA:80,0
DA:82,0
DA:84,0
LF:27
LH:18
BRDA:10,0,0,151
BRDA:10,0,1,151
BRDA:10,0,2,151
BRDA:10,0,3,151
BRDA:33,1,0,114
BRDA:35,2,0,0
BRDA:35,2,1,151
BRDA:42,3,0,0
BRDA:42,3,1,1412
BRDA:50,4,0,1412
BRDA:50,4,1,1411
BRDA:51,5,0,1412
BRDA:51,5,1,795
BRDA:57,6,0,1412
BRDA:57,6,1,1412
BRDA:58,7,0,1412
BRDA:58,7,1,1412
BRDA:61,8,0,1412
BRDA:61,8,1,2
BRDA:69,9,0,795
BRDA:69,9,1,0
BRDA:69,10,0,795
BRDA:69,10,1,0
BRDA:70,11,0,0
BRDA:70,11,1,0
BRDA:70,11,2,0
BRDA:70,11,3,0
BRDA:70,11,4,0
BRDA:70,11,5,0
BRDA:70,11,6,0
BRF:30
BRH:19
end_of_record
TN:
SF:packages/core/src/decorators/ComputedColumn.ts
FN:5,isStage3FieldContext
FN:22,ComputedColumn
FN:23,ComputedColumnDecorator
FN:29,(anonymous_3)
FN:44,(anonymous_4)
FNF:5
FNH:0
FNDA:0,isStage3FieldContext
FNDA:0,ComputedColumn
FNDA:0,ComputedColumnDecorator
FNDA:0,(anonymous_3)
FNDA:0,(anonymous_4)
DA:1,0
DA:2,0
DA:10,0
DA:22,0
DA:23,0
DA:24,0
DA:25,0
DA:27,0
DA:28,0
DA:29,0
DA:30,0
DA:31,0
DA:32,0
DA:42,0
DA:43,0
DA:44,0
DA:45,0
DA:46,0
DA:48,0
DA:50,0
LF:20
LH:0
BRDA:10,0,0,0
BRDA:10,0,1,0
BRDA:10,0,2,0
BRDA:10,0,3,0
BRDA:24,1,0,0
BRDA:24,1,1,0
BRDA:31,2,0,0
BRDA:31,2,1,0
BRDA:34,3,0,0
BRDA:34,3,1,0
BRDA:43,4,0,0
BRDA:43,4,1,0
BRDA:45,5,0,0
BRDA:45,5,1,0
BRF:14
BRH:0
end_of_record
TN:
SF:packages/core/src/decorators/DatabaseFunction.ts
FN:5,isStage3FieldContext
FN:13,DatabaseFunction
FN:19,DatabaseFunctionDecorator
FN:27,(anonymous_3)
FN:55,(anonymous_4)
FNF:5
FNH:0
FNDA:0,isStage3FieldContext
FNDA:0,DatabaseFunction
FNDA:0,DatabaseFunctionDecorator
FNDA:0,(anonymous_3)
FNDA:0,(anonymous_4)
DA:1,0
DA:2,0
DA:10,0
DA:13,0
DA:19,0
DA:23,0
DA:24,0
DA:26,0
DA:27,0
DA:28,0
DA:29,0
DA:32,0
DA:33,0
DA:51,0
DA:54,0
DA:55,0
DA:56,0
DA:57,0
DA:62,0
DA:64,0
LF:20
LH:0
BRDA:10,0,0,0
BRDA:10,0,1,0
BRDA:10,0,2,0
BRDA:10,0,3,0
BRDA:23,1,0,0
BRDA:23,1,1,0
BRDA:29,2,0,0
BRDA:29,2,1,0
BRDA:32,3,0,0
BRDA:32,3,1,0
BRDA:32,4,0,0
BRDA:32,4,1,0
BRDA:35,5,0,0
BRDA:35,5,1,0
BRDA:42,6,0,0
BRDA:42,6,1,0
BRDA:54,7,0,0
BRDA:54,7,1,0
BRDA:56,8,0,0
BRDA:56,8,1,0
BRF:20
BRH:0
end_of_record
TN:
SF:packages/core/src/decorators/Entity.ts
FN:14,isStage3ClassContext
FN:24,Entity
FN:25,(anonymous_2)
FN:43,(anonymous_3)
FNF:4
FNH:4
FNDA:103,isStage3ClassContext
FNDA:103,Entity
FNDA:103,(anonymous_2)
FNDA:103,(anonymous_3)
DA:1,28
DA:2,28
DA:17,103
DA:24,28
DA:25,103
DA:29,103
DA:32,103
DA:34,103
DA:36,103
DA:42,103
DA:43,103
DA:44,103
DA:46,103
DA:47,103
DA:48,0
DA:51,103
DA:52,103
DA:53,103
DA:54,0
DA:56,103
DA:57,103
DA:58,0
DA:61,103
DA:62,103
DA:63,0
DA:65,0
DA:68,0
DA:70,103
DA:71,103
DA:72,0
DA:78,103
DA:82,0
LF:32
LH:24
BRDA:17,0,0,103
BRDA:17,0,1,103
BRDA:17,0,2,103
BRDA:24,1,0,90
BRDA:29,2,0,103
BRDA:29,2,1,90
BRDA:32,3,0,103
BRDA:32,3,1,0
BRDA:47,4,0,0
BRDA:47,4,1,103
BRDA:52,5,0,103
BRDA:52,5,1,103
BRDA:56,6,0,103
BRDA:56,6,1,103
BRDA:61,7,0,103
BRDA:61,7,1,103
BRDA:65,8,0,0
BRDA:65,8,1,0
BRDA:65,9,0,0
BRDA:65,9,1,0
BRDA:70,10,0,103
BRDA:70,10,1,103
BRF:22
BRH:16
end_of_record
TN:
SF:packages/core/src/decorators/PrimaryKey.ts
FN:4,isStage3FieldContext
FN:17,PrimaryKey
FN:18,PrimaryKeyDecorator
FN:24,(anonymous_3)
FN:61,(anonymous_4)
FNF:5
FNH:4
FNDA:99,isStage3FieldContext
FNDA:99,PrimaryKey
FNDA:99,PrimaryKeyDecorator
FNDA:808,(anonymous_3)
FNDA:0,(anonymous_4)
DA:1,28
DA:9,99
DA:17,28
DA:18,99
DA:19,99
DA:20,0
DA:22,99
DA:23,99
DA:24,99
DA:25,808
DA:26,808
DA:36,808
DA:44,808
DA:54,808
DA:55,808
DA:56,808
DA:58,808
DA:59,808
DA:60,0
DA:61,0
DA:64,0
DA:65,0
DA:66,0
DA:69,808
DA:70,808
DA:71,808
LF:26
LH:20
BRDA:9,0,0,99
BRDA:9,0,1,99
BRDA:9,0,2,99
BRDA:9,0,3,99
BRDA:17,1,0,4
BRDA:19,2,0,0
BRDA:19,2,1,99
BRDA:26,3,0,0
BRDA:26,3,1,808
BRDA:38,4,0,808
BRDA:38,4,1,808
BRDA:39,5,0,808
BRDA:39,5,1,808
BRDA:54,6,0,808
BRDA:54,6,1,92
BRDA:59,7,0,0
BRDA:59,7,1,808
BRDA:64,8,0,0
BRDA:64,8,1,0
BRDA:69,9,0,808
BRDA:69,9,1,92
BRDA:70,10,0,92
BRDA:70,10,1,716
BRF:23
BRH:18
end_of_record
TN:
SF:packages/core/src/decorators/Relationships.ts
FN:18,isStage3FieldContext
FN:26,defineRelationship
FN:37,(anonymous_2)
FN:68,OneToMany
FN:72,(anonymous_4)
FN:80,ManyToOne
FN:84,(anonymous_6)
FN:92,OneToOne
FN:96,(anonymous_8)
FN:104,ManyToMany
FN:108,(anonymous_10)
FNF:11
FNH:7
FNDA:33,isStage3FieldContext
FNDA:33,defineRelationship
FNDA:460,(anonymous_2)
FNDA:17,OneToMany
FNDA:17,(anonymous_4)
FNDA:16,ManyToOne
FNDA:16,(anonymous_6)
FNDA:0,OneToOne
FNDA:0,(anonymous_8)
FNDA:0,ManyToMany
FNDA:0,(anonymous_10)
DA:1,22
DA:2,22
DA:23,33
DA:34,33
DA:35,33
DA:36,33
DA:37,33
DA:38,460
DA:39,460
DA:41,460
DA:43,460
DA:46,460
DA:54,460
DA:56,460
DA:57,460
DA:58,460
DA:60,33
DA:62,0
DA:68,22
DA:72,17
DA:73,17
DA:80,22
DA:84,16
DA:85,16
DA:92,22
DA:96,0
DA:97,0
DA:104,22
DA:108,0
DA:109,0
LF:30
LH:25
BRDA:23,0,0,33
BRDA:23,0,1,33
BRDA:23,0,2,33
BRDA:23,0,3,33
BRDA:34,1,0,33
BRDA:34,1,1,0
BRDA:39,2,0,0
BRDA:39,2,1,460
BRDA:43,3,0,0
BRDA:43,3,1,460
BRDA:43,4,0,460
BRDA:43,4,1,460
BRDA:52,5,0,460
BRDA:52,5,1,460
BRDA:56,6,0,460
BRDA:56,6,1,27
BRDA:70,7,0,2
BRDA:82,8,0,1
BRDA:94,9,0,0
BRDA:106,10,0,0
BRF:20
BRH:15
end_of_record
TN:
SF:packages/core/src/decorators/ValidIf.ts
FN:5,isStage3FieldContext
FN:13,ValidIf
FN:22,ValidIfDecorator
FN:28,(anonymous_3)
FN:51,ValidIfOf
FN:57,RequiredIfOf
FN:61,RequiredIfDecorator
FN:67,(anonymous_7)
FN:72,(anonymous_8)
FN:92,MinLengthOf
FN:93,MinLengthDecorator
FN:98,(anonymous_11)
FN:103,(anonymous_12)
FN:120,MaxLengthOf
FN:121,MaxLengthDecorator
FN:126,(anonymous_15)
FN:131,(anonymous_16)
FN:148,PatternOf
FN:149,PatternDecorator
FN:154,(anonymous_19)
FN:159,(anonymous_20)
FN:172,RangeOf
FN:173,RangeDecorator
FN:178,(anonymous_23)
FN:183,(anonymous_24)
FNF:25
FNH:17
FNDA:10,isStage3FieldContext
FNDA:3,ValidIf
FNDA:3,ValidIfDecorator
FNDA:3,(anonymous_3)
FNDA:2,ValidIfOf
FNDA:3,RequiredIfOf
FNDA:3,RequiredIfDecorator
FNDA:3,(anonymous_7)
FNDA:6,(anonymous_8)
FNDA:1,MinLengthOf
FNDA:1,MinLengthDecorator
FNDA:1,(anonymous_11)
FNDA:1,(anonymous_12)
FNDA:0,MaxLengthOf
FNDA:0,MaxLengthDecorator
FNDA:0,(anonymous_15)
FNDA:0,(anonymous_16)
FNDA:0,PatternOf
FNDA:0,PatternDecorator
FNDA:0,(anonymous_19)
FNDA:0,(anonymous_20)
FNDA:3,RangeOf
FNDA:3,RangeDecorator
FNDA:3,(anonymous_23)
FNDA:6,(anonymous_24)
DA:1,25
DA:10,10
DA:13,25
DA:22,3
DA:23,3
DA:24,0
DA:26,3
DA:27,3
DA:28,3
DA:29,3
DA:30,3
DA:32,3
DA:33,3
DA:41,3
DA:51,25
DA:53,2
DA:57,25
DA:61,3
DA:62,3
DA:63,0
DA:65,3
DA:66,3
DA:67,3
DA:68,3
DA:69,3
DA:71,3
DA:72,3
DA:73,6
DA:74,6
DA:75,4
DA:76,4
DA:77,0
DA:78,0
DA:79,0
DA:81,3
DA:86,3
DA:92,25
DA:93,1
DA:94,1
DA:95,0
DA:96,1
DA:97,1
DA:98,1
DA:99,1
DA:100,1
DA:102,1
DA:103,1
DA:104,1
DA:105,1
DA:106,1
DA:107,0
DA:109,1
DA:114,1
DA:120,25
DA:121,0
DA:122,0
DA:123,0
DA:124,0
DA:125,0
DA:126,0
DA:127,0
DA:128,0
DA:130,0
DA:131,0
DA:132,0
DA:133,0
DA:134,0
DA:135,0
DA:137,0
DA:142,0
DA:148,25
DA:149,0
DA:150,0
DA:151,0
DA:152,0
DA:153,0
DA:154,0
DA:155,0
DA:156,0
DA:158,0
DA:159,0
DA:160,0
DA:161,0
DA:162,0
DA:163,0
DA:165,0
DA:166,0
DA:172,25
DA:173,3
DA:174,3
DA:175,0
DA:176,3
DA:177,3
DA:178,3
DA:179,3
DA:180,3
DA:182,3
DA:183,3
DA:184,6
DA:185,6
DA:186,6
DA:187,6
DA:188,4
DA:190,4
DA:192,3
DA:193,3
LF:106
LH:66
BRDA:10,0,0,10
BRDA:10,0,1,10
BRDA:10,0,2,10
BRDA:10,0,3,10
BRDA:23,1,0,0
BRDA:23,1,1,3
BRDA:30,2,0,0
BRDA:30,2,1,3
BRDA:32,3,0,3
BRDA:32,3,1,1
BRDA:62,4,0,0
BRDA:62,4,1,3
BRDA:69,5,0,0
BRDA:69,5,1,3
BRDA:71,6,0,3
BRDA:71,6,1,1
BRDA:74,7,0,2
BRDA:74,7,1,4
BRDA:76,8,0,4
BRDA:76,8,1,0
BRDA:76,9,0,4
BRDA:76,9,1,4
BRDA:77,10,0,0
BRDA:77,10,1,0
BRDA:78,11,0,0
BRDA:78,11,1,0
BRDA:84,12,0,3
BRDA:84,12,1,3
BRDA:94,13,0,0
BRDA:94,13,1,1
BRDA:100,14,0,0
BRDA:100,14,1,1
BRDA:102,15,0,1
BRDA:102,15,1,1
BRDA:105,16,0,0
BRDA:105,16,1,1
BRDA:105,17,0,1
BRDA:105,17,1,1
BRDA:106,18,0,1
BRDA:106,18,1,0
BRDA:112,19,0,1
BRDA:112,19,1,0
BRDA:122,20,0,0
BRDA:122,20,1,0
BRDA:128,21,0,0
BRDA:128,21,1,0
BRDA:130,22,0,0
BRDA:130,22,1,0
BRDA:133,23,0,0
BRDA:133,23,1,0
BRDA:133,24,0,0
BRDA:133,24,1,0
BRDA:134,25,0,0
BRDA:134,25,1,0
BRDA:140,26,0,0
BRDA:140,26,1,0
BRDA:150,27,0,0
BRDA:150,27,1,0
BRDA:156,28,0,0
BRDA:156,28,1,0
BRDA:158,29,0,0
BRDA:158,29,1,0
BRDA:161,30,0,0
BRDA:161,30,1,0
BRDA:161,31,0,0
BRDA:161,31,1,0
BRDA:162,32,0,0
BRDA:162,32,1,0
BRDA:165,33,0,0
BRDA:165,33,1,0
BRDA:174,34,0,0
BRDA:174,34,1,3
BRDA:180,35,0,0
BRDA:180,35,1,3
BRDA:182,36,0,3
BRDA:182,36,1,0
BRDA:185,37,0,0
BRDA:185,37,1,6
BRDA:185,38,0,6
BRDA:185,38,1,6
BRDA:186,39,0,6
BRDA:186,39,1,0
BRDA:187,40,0,2
BRDA:187,40,1,4
BRDA:187,41,0,6
BRDA:187,41,1,6
BRDA:188,42,0,0
BRDA:188,42,1,4
BRDA:188,43,0,4
BRDA:188,43,1,0
BRDA:192,44,0,3
BRDA:192,44,1,3
BRF:92
BRH:43
end_of_record
TN:
SF:packages/core/src/decorators/index.ts
FN:5,(anonymous_0)
FN:7,(anonymous_1)
FN:8,(anonymous_2)
FN:9,(anonymous_3)
FN:10,(anonymous_4)
FN:11,(anonymous_5)
FN:12,(anonymous_6)
FN:13,(anonymous_7)
FN:16,isStage3ClassContext
FN:38,normalizeIndexOptions
FN:60,Index
FN:61,IndexDecorator
FN:65,(anonymous_12)
FNF:13
FNH:4
FNDA:0,(anonymous_0)
FNDA:0,(anonymous_1)
FNDA:0,(anonymous_2)
FNDA:0,(anonymous_3)
FNDA:0,(anonymous_4)
FNDA:0,(anonymous_5)
FNDA:0,(anonymous_6)
FNDA:0,(anonymous_7)
FNDA:0,isStage3ClassContext
FNDA:1,normalizeIndexOptions
FNDA:1,Index
FNDA:1,IndexDecorator
FNDA:1,(anonymous_12)
DA:1,1
DA:4,1
DA:5,1
DA:6,1
DA:7,1
DA:8,1
DA:9,1
DA:10,1
DA:11,1
DA:12,1
DA:13,1
DA:17,0
DA:38,1
DA:40,1
DA:57,1
DA:60,1
DA:61,1
DA:62,1
DA:63,0
DA:65,1
DA:66,1
DA:67,1
DA:68,1
DA:69,1
DA:70,1
DA:71,1
LF:26
LH:24
BRDA:17,0,0,0
BRDA:17,0,1,0
BRDA:40,1,0,0
BRDA:40,1,1,1
BRDA:45,2,0,1
BRDA:45,2,1,0
BRDA:62,3,0,0
BRDA:62,3,1,1
BRDA:67,4,0,0
BRDA:67,4,1,1
BRDA:69,5,0,1
BRDA:69,5,1,1
BRF:12
BRH:6
end_of_record
TN:
SF:packages/core/src/loading/EntityLoader.ts
FN:19,(anonymous_0)
FN:30,(anonymous_1)
FN:37,(anonymous_2)
FN:64,(anonymous_3)
FN:89,(anonymous_4)
FN:122,(anonymous_5)
FN:156,(anonymous_6)
FN:168,(anonymous_7)
FN:182,(anonymous_8)
FN:197,(anonymous_9)
FN:205,(anonymous_10)
FN:213,(anonymous_11)
FN:219,(anonymous_12)
FN:224,(anonymous_13)
FN:228,(anonymous_14)
FN:249,(anonymous_15)
FN:267,(anonymous_16)
FN:272,(anonymous_17)
FN:275,(anonymous_18)
FN:300,(anonymous_19)
FN:339,(anonymous_20)
FN:349,(anonymous_21)
FN:350,(anonymous_22)
FN:383,(anonymous_23)
FN:395,(anonymous_24)
FN:396,(anonymous_25)
FNF:26
FNH:18
FNDA:60,(anonymous_0)
FNDA:51,(anonymous_1)
FNDA:6,(anonymous_2)
FNDA:4,(anonymous_3)
FNDA:4,(anonymous_4)
FNDA:4,(anonymous_5)
FNDA:0,(anonymous_6)
FNDA:1,(anonymous_7)
FNDA:50,(anonymous_8)
FNDA:0,(anonymous_9)
FNDA:8,(anonymous_10)
FNDA:3,(anonymous_11)
FNDA:1,(anonymous_12)
FNDA:50,(anonymous_13)
FNDA:0,(anonymous_14)
FNDA:9,(anonymous_15)
FNDA:0,(anonymous_16)
FNDA:0,(anonymous_17)
FNDA:9,(anonymous_18)
FNDA:41,(anonymous_19)
FNDA:0,(anonymous_20)
FNDA:0,(anonymous_21)
FNDA:0,(anonymous_22)
FNDA:41,(anonymous_23)
FNDA:276,(anonymous_24)
FNDA:276,(anonymous_25)
DA:2,34
DA:4,34
DA:11,34
DA:13,60
DA:23,60
DA:24,60
DA:31,51
DA:42,6
DA:43,6
DA:45,5
DA:50,5
DA:51,4
DA:52,4
DA:53,1
DA:55,1
DA:58,0
DA:68,4
DA:70,4
DA:75,4
DA:76,3
DA:77,3
DA:78,1
DA:80,1
DA:83,0
DA:94,4
DA:95,4
DA:96,4
DA:98,4
DA:99,4
DA:101,3
DA:103,3
DA:104,9
DA:105,9
DA:127,4
DA:128,4
DA:129,4
DA:130,4
DA:131,4
DA:132,4
DA:134,4
DA:135,41
DA:136,41
DA:161,0
DA:173,1
DA:183,50
DA:184,50
DA:185,50
DA:187,0
DA:188,0
DA:198,0
DA:199,0
DA:200,0
DA:206,8
DA:207,8
DA:217,3
DA:218,1
DA:219,1
DA:220,1
DA:225,50
DA:237,0
DA:238,0
DA:239,0
DA:240,0
DA:245,0
DA:246,0
DA:256,9
DA:257,9
DA:258,9
DA:259,9
DA:260,9
DA:261,9
DA:264,9
DA:271,0
DA:272,0
DA:288,9
DA:289,9
DA:290,9
DA:291,9
DA:293,0
DA:296,0
DA:316,41
DA:317,41
DA:318,41
DA:327,41
DA:329,0
DA:347,0
DA:348,0
DA:349,0
DA:350,0
DA:351,0
DA:352,0
DA:354,0
DA:355,0
DA:360,0
DA:361,0
DA:362,0
DA:363,0
DA:364,0
DA:366,0
DA:367,0
DA:368,0
DA:369,0
DA:372,0
DA:373,0
DA:392,41
DA:393,41
DA:394,41
DA:395,276
DA:396,276
DA:397,41
DA:398,41
DA:400,41
DA:401,41
DA:406,41
DA:407,41
DA:408,314
DA:409,314
DA:410,314
DA:411,314
DA:413,41
DA:414,276
DA:415,276
DA:418,41
DA:419,0
LF:124
LH:85
BRDA:43,0,0,1
BRDA:43,0,1,5
BRDA:50,1,0,4
BRDA:50,1,1,1
BRDA:50,2,0,5
BRDA:50,2,1,2
BRDA:53,3,0,1
BRDA:53,3,1,0
BRDA:75,4,0,3
BRDA:75,4,1,1
BRDA:75,5,0,4
BRDA:75,5,1,2
BRDA:78,6,0,1
BRDA:78,6,1,0
BRDA:96,7,0,0
BRDA:96,7,1,4
BRDA:98,8,0,4
BRDA:98,8,1,2
BRDA:99,9,0,1
BRDA:99,9,1,3
BRDA:104,10,0,0
BRDA:104,10,1,9
BRDA:127,11,0,0
BRDA:127,11,1,4
BRDA:130,12,0,0
BRDA:130,12,1,4
BRDA:131,13,0,4
BRDA:131,13,1,3
BRDA:132,14,0,0
BRDA:132,14,1,4
BRDA:135,15,0,0
BRDA:135,15,1,41
BRDA:184,16,0,50
BRDA:184,16,1,0
BRDA:184,17,0,50
BRDA:184,17,1,50
BRDA:184,17,2,50
BRDA:198,18,0,0
BRDA:198,18,1,0
BRDA:217,19,0,2
BRDA:217,19,1,1
BRDA:220,20,0,0
BRDA:220,20,1,1
BRDA:225,21,0,50
BRDA:225,21,1,33
BRDA:237,22,0,0
BRDA:237,22,1,0
BRDA:239,23,0,0
BRDA:239,23,1,0
BRDA:239,24,0,0
BRDA:239,24,1,0
BRDA:245,25,0,0
BRDA:245,25,1,0
BRDA:257,26,0,0
BRDA:257,26,1,9
BRDA:259,27,0,0
BRDA:259,27,1,9
BRDA:259,28,0,9
BRDA:259,28,1,9
BRDA:260,29,0,9
BRDA:260,29,1,0
BRDA:272,30,0,0
BRDA:272,30,1,0
BRDA:290,31,0,9
BRDA:290,31,1,0
BRDA:317,32,0,41
BRDA:317,32,1,0
BRDA:331,33,0,0
BRDA:331,33,1,0
BRDA:347,34,0,0
BRDA:347,34,1,0
BRDA:350,35,0,0
BRDA:350,35,1,0
BRDA:352,36,0,0
BRDA:352,36,1,0
BRDA:368,37,0,0
BRDA:368,37,1,0
BRDA:368,38,0,0
BRDA:368,38,1,0
BRDA:372,39,0,0
BRDA:372,39,1,0
BRDA:393,40,0,0
BRDA:393,40,1,41
BRDA:396,41,0,276
BRDA:396,41,1,276
BRDA:398,42,0,0
BRDA:398,42,1,41
BRDA:400,43,0,41
BRDA:400,43,1,0
BRDA:409,44,0,314
BRDA:409,44,1,272
BRDA:415,45,0,276
BRDA:415,45,1,4
BRDA:418,46,0,0
BRDA:418,46,1,41
BRF:95
BRH:50
end_of_record
TN:
SF:packages/core/src/loading/LazyLoadingProxy.ts
FN:43,(anonymous_0)
FN:48,(anonymous_1)
FN:53,(anonymous_2)
FN:63,(anonymous_3)
FN:70,(anonymous_4)
FN:76,(anonymous_5)
FN:80,(anonymous_6)
FN:83,(anonymous_7)
FN:95,(anonymous_8)
FN:125,(anonymous_9)
FN:127,(anonymous_10)
FN:129,(anonymous_11)
FN:130,(anonymous_12)
FN:131,(anonymous_13)
FN:136,(anonymous_14)
FN:151,(anonymous_15)
FN:161,(anonymous_16)
FN:166,(anonymous_17)
FN:181,(anonymous_18)
FN:190,(anonymous_19)
FN:195,(anonymous_20)
FN:207,(anonymous_21)
FN:210,(anonymous_22)
FN:218,(anonymous_23)
FN:236,(anonymous_24)
FN:241,(anonymous_25)
FN:247,(anonymous_26)
FN:254,(anonymous_27)
FN:264,(anonymous_28)
FN:276,(anonymous_29)
FN:284,(anonymous_30)
FN:309,(anonymous_31)
FN:313,(anonymous_32)
FN:332,(anonymous_33)
FN:388,(anonymous_34)
FN:422,(anonymous_35)
FN:431,(anonymous_36)
FN:432,(anonymous_37)
FN:437,(anonymous_38)
FN:461,(anonymous_39)
FN:472,(anonymous_40)
FN:473,(anonymous_41)
FN:502,(anonymous_42)
FN:513,(anonymous_43)
FN:523,isLazyProxy
FN:530,getLazyTarget
FN:538,awaitLazyLoad
FNF:47
FNH:39
FNDA:0,(anonymous_0)
FNDA:34,(anonymous_1)
FNDA:6,(anonymous_2)
FNDA:13,(anonymous_3)
FNDA:1,(anonymous_4)
FNDA:1,(anonymous_5)
FNDA:1,(anonymous_6)
FNDA:1,(anonymous_7)
FNDA:31,(anonymous_8)
FNDA:74,(anonymous_9)
FNDA:5,(anonymous_10)
FNDA:0,(anonymous_11)
FNDA:1,(anonymous_12)
FNDA:9,(anonymous_13)
FNDA:74,(anonymous_14)
FNDA:32,(anonymous_15)
FNDA:5,(anonymous_16)
FNDA:1,(anonymous_17)
FNDA:5,(anonymous_18)
FNDA:5,(anonymous_19)
FNDA:0,(anonymous_20)
FNDA:1,(anonymous_21)
FNDA:2,(anonymous_22)
FNDA:9,(anonymous_23)
FNDA:8,(anonymous_24)
FNDA:11,(anonymous_25)
FNDA:61,(anonymous_26)
FNDA:6,(anonymous_27)
FNDA:12,(anonymous_28)
FNDA:4,(anonymous_29)
FNDA:2,(anonymous_30)
FNDA:2,(anonymous_31)
FNDA:3,(anonymous_32)
FNDA:6,(anonymous_33)
FNDA:3,(anonymous_34)
FNDA:0,(anonymous_35)
FNDA:0,(anonymous_36)
FNDA:0,(anonymous_37)
FNDA:0,(anonymous_38)
FNDA:3,(anonymous_39)
FNDA:4,(anonymous_40)
FNDA:4,(anonymous_41)
FNDA:9,(anonymous_42)
FNDA:0,(anonymous_43)
FNDA:8,isLazyProxy
FNDA:2,getLazyTarget
FNDA:2,awaitLazyLoad
DA:1,35
DA:8,35
DA:13,35
DA:18,35
DA:23,35
DA:40,35
DA:44,0
DA:49,34
DA:50,34
DA:58,6
DA:59,6
DA:60,6
DA:64,13
DA:65,13
DA:66,13
DA:67,13
DA:71,1
DA:72,1
DA:73,1
DA:77,1
DA:81,1
DA:82,1
DA:87,1
DA:100,31
DA:101,1
DA:104,30
DA:105,30
DA:106,1
DA:110,29
DA:111,29
DA:112,29
DA:118,29
DA:119,29
DA:120,1
DA:124,29
DA:126,74
DA:128,5
DA:129,0
DA:130,1
DA:132,9
DA:145,74
DA:146,69
DA:147,69
DA:148,43
DA:150,32
DA:151,32
DA:152,32
DA:153,14
DA:154,14
DA:155,6
DA:162,5
DA:163,5
DA:164,5
DA:167,1
DA:168,1
DA:169,1
DA:171,6
DA:172,6
DA:174,8
DA:175,0
DA:178,26
DA:189,5
DA:190,5
DA:191,5
DA:192,5
DA:196,0
DA:202,0
DA:204,0
DA:208,1
DA:209,1
DA:211,2
DA:222,9
DA:228,1
DA:230,8
DA:241,11
DA:248,61
DA:255,6
DA:256,5
DA:258,1
DA:265,12
DA:266,11
DA:270,1
DA:277,4
DA:278,4
DA:290,2
DA:292,2
DA:293,2
DA:296,2
DA:297,2
DA:299,2
DA:300,4
DA:301,3
DA:303,1
DA:308,2
DA:309,2
DA:310,2
DA:313,2
DA:314,3
DA:315,3
DA:318,2
DA:319,2
DA:323,2
DA:324,1
DA:338,6
DA:339,6
DA:341,6
DA:343,6
DA:346,2
DA:347,2
DA:349,2
DA:350,1
DA:353,1
DA:354,1
DA:358,4
DA:359,4
DA:361,4
DA:362,4
DA:363,0
DA:366,4
DA:367,4
DA:371,3
DA:376,0
DA:377,0
DA:381,0
DA:394,3
DA:396,3
DA:397,3
DA:399,3
DA:401,3
DA:404,0
DA:405,0
DA:409,3
DA:417,3
DA:429,0
DA:430,0
DA:431,0
DA:432,0
DA:433,0
DA:434,0
DA:437,0
DA:439,0
DA:440,0
DA:442,0
DA:443,0
DA:444,0
DA:445,0
DA:446,0
DA:447,0
DA:448,0
DA:451,0
DA:452,0
DA:453,0
DA:454,0
DA:456,0
DA:457,0
DA:469,3
DA:470,3
DA:471,3
DA:472,4
DA:473,4
DA:474,3
DA:475,3
DA:477,3
DA:478,3
DA:479,3
DA:481,3
DA:482,3
DA:483,4
DA:484,4
DA:485,4
DA:486,4
DA:487,4
DA:490,3
DA:491,4
DA:492,4
DA:494,4
DA:495,4
DA:503,9
DA:504,9
DA:505,9
DA:507,0
DA:514,0
DA:515,0
DA:516,0
DA:523,35
DA:524,8
DA:530,35
DA:531,2
DA:538,35
DA:539,2
DA:540,1
DA:542,1
LF:192
LH:154
BRDA:77,0,0,1
BRDA:77,0,1,0
BRDA:81,1,0,0
BRDA:81,1,1,1
BRDA:100,2,0,1
BRDA:100,2,1,30
BRDA:105,3,0,1
BRDA:105,3,1,29
BRDA:105,4,0,30
BRDA:105,4,1,30
BRDA:119,5,0,1
BRDA:119,5,1,28
BRDA:119,6,0,29
BRDA:119,6,1,1
BRDA:145,7,0,5
BRDA:145,7,1,69
BRDA:146,8,0,0
BRDA:146,8,1,69
BRDA:147,9,0,26
BRDA:147,9,1,43
BRDA:148,10,0,11
BRDA:148,10,1,32
BRDA:152,11,0,14
BRDA:152,11,1,18
BRDA:154,12,0,6
BRDA:154,12,1,8
BRDA:154,13,0,14
BRDA:154,13,1,6
BRDA:174,14,0,0
BRDA:174,14,1,8
BRDA:191,15,0,5
BRDA:191,15,1,0
BRDA:196,16,0,0
BRDA:196,16,1,0
BRDA:197,17,0,0
BRDA:197,17,1,0
BRDA:197,17,2,0
BRDA:197,17,3,0
BRDA:211,18,0,2
BRDA:211,18,1,2
BRDA:211,18,2,2
BRDA:211,18,3,2
BRDA:222,19,0,1
BRDA:222,19,1,8
BRDA:223,20,0,9
BRDA:223,20,1,8
BRDA:223,20,2,8
BRDA:223,20,3,8
BRDA:255,21,0,5
BRDA:255,21,1,1
BRDA:265,22,0,11
BRDA:265,22,1,1
BRDA:278,23,0,4
BRDA:278,23,1,0
BRDA:290,24,0,0
BRDA:290,24,1,2
BRDA:293,25,0,0
BRDA:293,25,1,2
BRDA:300,26,0,3
BRDA:300,26,1,1
BRDA:310,27,0,0
BRDA:310,27,1,2
BRDA:315,28,0,3
BRDA:315,28,1,3
BRDA:315,28,2,3
BRDA:318,29,0,2
BRDA:318,29,1,0
BRDA:323,30,0,1
BRDA:323,30,1,1
BRDA:339,31,0,0
BRDA:339,31,1,6
BRDA:343,32,0,2
BRDA:343,32,1,2
BRDA:343,32,2,4
BRDA:343,32,3,0
BRDA:343,32,4,0
BRDA:346,33,0,2
BRDA:346,33,1,0
BRDA:349,34,0,1
BRDA:349,34,1,1
BRDA:349,35,0,2
BRDA:349,35,1,2
BRDA:354,36,0,1
BRDA:354,36,1,0
BRDA:359,37,0,0
BRDA:359,37,1,4
BRDA:362,38,0,0
BRDA:362,38,1,4
BRDA:362,39,0,4
BRDA:362,39,1,4
BRDA:366,40,0,4
BRDA:366,40,1,0
BRDA:394,41,0,0
BRDA:394,41,1,3
BRDA:397,42,0,0
BRDA:397,42,1,3
BRDA:401,43,0,0
BRDA:401,43,1,0
BRDA:401,43,2,3
BRDA:429,44,0,0
BRDA:429,44,1,0
BRDA:432,45,0,0
BRDA:432,45,1,0
BRDA:434,46,0,0
BRDA:434,46,1,0
BRDA:437,47,0,0
BRDA:437,47,1,0
BRDA:445,48,0,0
BRDA:445,48,1,0
BRDA:453,49,0,0
BRDA:453,49,1,0
BRDA:453,50,0,0
BRDA:453,50,1,0
BRDA:455,51,0,0
BRDA:455,51,1,0
BRDA:457,52,0,0
BRDA:457,52,1,0
BRDA:470,53,0,0
BRDA:470,53,1,3
BRDA:473,54,0,4
BRDA:473,54,1,4
BRDA:475,55,0,0
BRDA:475,55,1,3
BRDA:477,56,0,3
BRDA:477,56,1,0
BRDA:478,57,0,3
BRDA:478,57,1,1
BRDA:485,58,0,4
BRDA:485,58,1,3
BRDA:493,59,0,4
BRDA:493,59,1,1
BRDA:495,60,0,3
BRDA:495,60,1,1
BRDA:504,61,0,9
BRDA:504,61,1,0
BRDA:504,62,0,9
BRDA:504,62,1,9
BRDA:504,62,2,9
BRDA:514,63,0,0
BRDA:514,63,1,0
BRDA:539,64,0,1
BRDA:539,64,1,1
BRF:142
BRH:90
end_of_record
TN:
SF:packages/core/src/loading/LoadingStrategy.ts
FN:5,(anonymous_0)
FN:5,(anonymous_1)
FNF:2
FNH:1
FNDA:130,(anonymous_0)
FNDA:0,(anonymous_1)
DA:5,172
LF:1
LH:1
BRF:0
BRH:0
end_of_record
TN:
SF:packages/core/src/metadata/EntityMetadata.ts
FN:15,(anonymous_0)
FN:32,(anonymous_1)
FN:40,(anonymous_2)
FN:49,(anonymous_3)
FN:60,(anonymous_4)
FN:69,(anonymous_5)
FN:78,(anonymous_6)
FNF:7
FNH:7
FNDA:252,(anonymous_0)
FNDA:233,(anonymous_1)
FNDA:368,(anonymous_2)
FNDA:131,(anonymous_3)
FNDA:51,(anonymous_4)
FNDA:7,(anonymous_5)
FNDA:211,(anonymous_6)
DA:8,54
DA:16,252
DA:33,233
DA:34,233
DA:41,368
DA:42,368
DA:43,368
DA:50,131
DA:51,131
DA:52,131
DA:54,131
DA:61,51
DA:62,51
DA:63,51
DA:70,7
DA:71,7
DA:72,7
DA:79,211
DA:80,0
DA:83,211
LF:20
LH:19
BRDA:20,0,0,252
BRDA:20,0,1,127
BRDA:41,1,0,368
BRDA:41,1,1,0
BRDA:50,2,0,131
BRDA:50,2,1,0
BRDA:51,3,0,131
BRDA:51,3,1,0
BRDA:61,4,0,51
BRDA:61,4,1,0
BRDA:70,5,0,7
BRDA:70,5,1,0
BRDA:79,6,0,0
BRDA:79,6,1,211
BRDA:86,7,0,211
BRDA:86,7,1,0
BRDA:86,7,2,0
BRDA:91,8,0,211
BRDA:91,8,1,0
BRDA:92,9,0,211
BRDA:92,9,1,0
BRDA:93,10,0,211
BRDA:93,10,1,0
BRDA:94,11,0,211
BRDA:94,11,1,0
BRF:25
BRH:13
end_of_record
TN:
SF:packages/core/src/metadata/MetadataStorage.ts
FN:14,(anonymous_0)
FN:23,(anonymous_1)
FN:26,(anonymous_2)
FN:34,(anonymous_3)
FN:39,(anonymous_4)
FN:54,(anonymous_5)
FN:59,(anonymous_6)
FN:64,(anonymous_7)
FN:69,(anonymous_8)
FN:74,(anonymous_9)
FN:81,(anonymous_10)
FN:93,(anonymous_11)
FN:102,(anonymous_12)
FN:133,(anonymous_13)
FN:143,(anonymous_14)
FN:157,(anonymous_15)
FN:178,(anonymous_16)
FN:183,(anonymous_17)
FN:190,(anonymous_18)
FN:192,(anonymous_19)
FN:206,(anonymous_20)
FN:212,(anonymous_21)
FN:214,(anonymous_22)
FN:228,(anonymous_23)
FN:239,(anonymous_24)
FN:248,(anonymous_25)
FN:257,(anonymous_26)
FNF:27
FNH:24
FNDA:6276,(anonymous_0)
FNDA:54,(anonymous_1)
FNDA:5836,(anonymous_2)
FNDA:137,(anonymous_3)
FNDA:1246,(anonymous_4)
FNDA:239,(anonymous_5)
FNDA:2584,(anonymous_6)
FNDA:935,(anonymous_7)
FNDA:503,(anonymous_8)
FNDA:9,(anonymous_9)
FNDA:798,(anonymous_10)
FNDA:239,(anonymous_11)
FNDA:2584,(anonymous_12)
FNDA:4019,(anonymous_13)
FNDA:935,(anonymous_14)
FNDA:503,(anonymous_15)
FNDA:9,(anonymous_16)
FNDA:0,(anonymous_17)
FNDA:0,(anonymous_18)
FNDA:0,(anonymous_19)
FNDA:1,(anonymous_20)
FNDA:17,(anonymous_21)
FNDA:9,(anonymous_22)
FNDA:202,(anonymous_23)
FNDA:1246,(anonymous_24)
FNDA:137,(anonymous_25)
FNDA:181,(anonymous_26)
DA:2,54
DA:3,54
DA:9,54
DA:11,54
DA:12,54
DA:16,6276
DA:18,6276
DA:19,6276
DA:20,6276
DA:27,5836
DA:28,54
DA:30,5836
DA:35,137
DA:40,1246
DA:42,1246
DA:43,1246
DA:44,1246
DA:45,1246
DA:46,1242
DA:48,0
DA:50,1242
DA:55,239
DA:60,2584
DA:65,935
DA:70,503
DA:75,9
DA:82,798
DA:83,798
DA:84,252
DA:86,798
DA:94,239
DA:95,239
DA:96,233
DA:104,2584
DA:105,1
DA:110,2583
DA:111,5
DA:112,0
DA:116,5
DA:117,0
DA:121,5
DA:122,0
DA:127,5
DA:129,2583
DA:130,2583
DA:131,2583
DA:133,4019
DA:134,255
DA:136,2215
DA:138,368
DA:139,368
DA:144,935
DA:145,935
DA:146,935
DA:147,804
DA:148,98
DA:150,804
DA:152,131
DA:153,131
DA:159,503
DA:161,503
DA:164,503
DA:165,503
DA:166,503
DA:167,452
DA:171,452
DA:173,51
DA:174,51
DA:179,9
DA:180,9
DA:181,9
DA:183,0
DA:184,0
DA:189,0
DA:190,0
DA:192,0
DA:193,0
DA:194,0
DA:200,0
DA:201,0
DA:204,9
DA:205,9
DA:206,9
DA:207,1
DA:211,8
DA:212,17
DA:214,9
DA:215,8
DA:216,1
DA:222,7
DA:229,202
DA:230,202
DA:231,202
DA:232,202
DA:233,202
DA:234,202
DA:240,1246
DA:241,1246
DA:242,174
DA:244,1246
DA:250,137
DA:251,28
DA:253,137
DA:258,181
DA:259,181
LF:105
LH:92
BRDA:19,0,0,0
BRDA:19,0,1,6276
BRDA:20,1,0,6276
BRDA:20,1,1,6276
BRDA:27,2,0,54
BRDA:27,2,1,5782
BRDA:43,3,0,0
BRDA:43,3,1,1246
BRDA:45,4,0,4
BRDA:45,4,1,1242
BRDA:46,5,0,0
BRDA:46,5,1,1242
BRDA:83,6,0,252
BRDA:83,6,1,546
BRDA:95,7,0,233
BRDA:95,7,1,6
BRDA:104,8,0,1
BRDA:104,8,1,2583
BRDA:104,9,0,2584
BRDA:104,9,1,4
BRDA:110,10,0,5
BRDA:110,10,1,2578
BRDA:111,11,0,0
BRDA:111,11,1,5
BRDA:111,12,0,5
BRDA:111,12,1,5
BRDA:116,13,0,0
BRDA:116,13,1,5
BRDA:121,14,0,0
BRDA:121,14,1,5
BRDA:131,15,0,2215
BRDA:131,15,1,368
BRDA:133,16,0,255
BRDA:133,16,1,1960
BRDA:146,17,0,804
BRDA:146,17,1,131
BRDA:147,18,0,98
BRDA:147,18,1,706
BRDA:161,19,0,461
BRDA:161,19,1,42
BRDA:161,20,0,503
BRDA:161,20,1,503
BRDA:166,21,0,452
BRDA:166,21,1,51
BRDA:181,22,0,0
BRDA:181,22,1,9
BRDA:183,23,0,0
BRDA:183,23,1,0
BRDA:193,24,0,0
BRDA:193,24,1,0
BRDA:206,25,0,1
BRDA:206,25,1,8
BRDA:206,26,0,9
BRDA:206,26,1,0
BRDA:212,27,0,8
BRDA:212,27,1,0
BRDA:215,28,0,1
BRDA:215,28,1,7
BRDA:230,29,0,202
BRDA:230,29,1,0
BRDA:241,30,0,174
BRDA:241,30,1,1072
BRF:62
BRH:48
end_of_record
TN:
SF:packages/core/src/migrations/DialectMigrationSql.ts
FN:11,generateMigrationFromDiff
FN:24,(anonymous_1)
FN:32,(anonymous_2)
FN:39,(anonymous_3)
FNF:4
FNH:4
FNDA:81,generateMigrationFromDiff
FNDA:81,(anonymous_1)
FNDA:81,(anonymous_2)
FNDA:87,(anonymous_3)
DA:4,45
DA:5,45
DA:6,45
DA:7,45
DA:11,45
DA:15,81
DA:25,81
DA:26,81
DA:27,81
DA:28,81
DA:29,81
DA:33,81
DA:34,81
DA:35,87
DA:36,81
DA:40,87
DA:41,87
DA:42,68
DA:43,62
DA:44,62
DA:45,62
DA:46,62
DA:47,62
DA:48,62
LF:24
LH:24
BRDA:41,0,0,19
BRDA:41,0,1,68
BRDA:42,1,0,6
BRDA:42,1,1,62
BRF:4
BRH:4
end_of_record
TN:
SF:packages/core/src/migrations/DiffBasedMigration.ts
FN:16,(anonymous_0)
FN:18,(anonymous_1)
FN:20,(anonymous_2)
FN:24,(anonymous_3)
FN:26,(anonymous_4)
FN:28,(anonymous_5)
FN:30,(anonymous_6)
FN:34,(anonymous_7)
FN:36,(anonymous_8)
FN:48,(anonymous_9)
FNF:10
FNH:5
FNDA:1,(anonymous_0)
FNDA:1,(anonymous_1)
FNDA:1,(anonymous_2)
FNDA:1,(anonymous_3)
FNDA:0,(anonymous_4)
FNDA:0,(anonymous_5)
FNDA:0,(anonymous_6)
FNDA:0,(anonymous_7)
FNDA:2,(anonymous_8)
FNDA:0,(anonymous_9)
DA:1,22
DA:5,22
DA:11,22
DA:21,1
DA:31,0
DA:37,2
DA:38,2
DA:39,2
DA:40,2
DA:41,2
DA:42,2
DA:43,2
DA:45,2
DA:49,0
DA:50,0
DA:51,0
DA:52,0
DA:53,0
DA:54,0
DA:55,0
DA:57,0
LF:21
LH:12
BRDA:41,0,0,0
BRDA:41,0,1,2
BRDA:53,1,0,0
BRDA:53,1,1,0
BRF:4
BRH:1
end_of_record
TN:
SF:packages/core/src/migrations/DiffMigrationGenerator.ts
FN:20,(anonymous_0)
FN:22,(anonymous_1)
FN:29,(anonymous_2)
FN:32,(anonymous_3)
FN:33,(anonymous_4)
FN:47,(anonymous_5)
FNF:6
FNH:3
FNDA:5,(anonymous_0)
FNDA:6,(anonymous_1)
FNDA:10,(anonymous_2)
FNDA:0,(anonymous_3)
FNDA:0,(anonymous_4)
FNDA:0,(anonymous_5)
DA:3,22
DA:5,22
DA:6,22
DA:19,22
DA:20,5
DA:23,6
DA:24,6
DA:25,6
DA:26,6
DA:27,6
DA:28,6
DA:29,10
DA:33,0
DA:34,0
DA:35,0
DA:37,0
DA:38,0
DA:39,0
DA:41,0
DA:42,0
DA:44,0
DA:48,0
DA:49,0
DA:50,0
DA:51,0
DA:52,0
LF:26
LH:12
BRDA:35,0,0,0
BRDA:35,0,1,0
BRDA:37,1,0,0
BRDA:37,1,1,0
BRDA:41,2,0,0
BRDA:41,2,1,0
BRDA:41,3,0,0
BRDA:41,3,1,0
BRDA:48,4,0,0
BRDA:48,4,1,0
BRDA:49,5,0,0
BRDA:49,5,1,0
BRDA:50,6,0,0
BRDA:50,6,1,0
BRDA:50,7,0,0
BRDA:50,7,1,0
BRDA:51,8,0,0
BRDA:51,8,1,0
BRF:18
BRH:0
end_of_record
TN:
SF:packages/core/src/migrations/DiffTypes.ts
FN:84,compareSchemas
FN:86,(anonymous_1)
FN:99,(anonymous_2)
FN:106,diffExistingTable
FNF:4
FNH:4
FNDA:10,compareSchemas
FNDA:7,(anonymous_1)
FNDA:9,(anonymous_2)
FNDA:7,diffExistingTable
DA:84,26
DA:85,10
DA:86,10
DA:88,10
DA:89,9
DA:90,9
DA:91,2
DA:92,2
DA:94,7
DA:95,7
DA:99,10
DA:100,10
DA:101,7
DA:103,10
DA:110,7
DA:111,7
DA:112,7
DA:113,7
DA:114,7
DA:115,0
DA:117,7
LF:21
LH:20
BRDA:90,0,0,2
BRDA:90,0,1,7
BRDA:95,1,0,7
BRDA:95,1,1,0
BRDA:101,2,0,0
BRDA:101,2,1,7
BRDA:114,3,0,0
BRDA:114,3,1,7
BRDA:114,4,0,7
BRDA:114,4,1,4
BRDA:114,4,2,0
BRDA:119,5,0,3
BRDA:119,5,1,4
BRDA:120,6,0,4
BRDA:120,6,1,3
BRDA:121,7,0,1
BRDA:121,7,1,6
BRF:17
BRH:13
end_of_record
TN:
SF:packages/core/src/migrations/Migration.ts
FN:17,(anonymous_0)
FN:22,(anonymous_1)
FNF:2
FNH:2
FNDA:22,(anonymous_0)
FNDA:23,(anonymous_1)
DA:5,23
DA:18,22
DA:23,23
LF:3
LH:3
BRF:0
BRH:0
end_of_record
TN:
SF:packages/core/src/migrations/MigrationBuilder.ts
FN:35,(anonymous_0)
FN:39,(anonymous_1)
FN:54,(anonymous_2)
FN:59,(anonymous_3)
FN:64,(anonymous_4)
FN:83,(anonymous_5)
FN:90,(anonymous_6)
FN:95,(anonymous_7)
FN:112,(anonymous_8)
FN:128,(anonymous_9)
FN:150,(anonymous_10)
FN:158,(anonymous_11)
FN:163,(anonymous_12)
FN:168,(anonymous_13)
FN:183,(anonymous_14)
FN:188,(anonymous_15)
FN:193,(anonymous_16)
FN:198,(anonymous_17)
FN:210,(anonymous_18)
FN:216,(anonymous_19)
FN:224,(anonymous_20)
FN:229,(anonymous_21)
FN:242,(anonymous_22)
FN:246,(anonymous_23)
FN:248,(anonymous_24)
FN:259,(anonymous_25)
FN:291,(anonymous_26)
FN:308,(anonymous_27)
FN:321,(anonymous_28)
FN:330,(anonymous_29)
FNF:30
FNH:28
FNDA:4,(anonymous_0)
FNDA:8,(anonymous_1)
FNDA:4,(anonymous_2)
FNDA:1,(anonymous_3)
FNDA:1,(anonymous_4)
FNDA:4,(anonymous_5)
FNDA:2,(anonymous_6)
FNDA:2,(anonymous_7)
FNDA:2,(anonymous_8)
FNDA:2,(anonymous_9)
FNDA:2,(anonymous_10)
FNDA:1,(anonymous_11)
FNDA:1,(anonymous_12)
FNDA:0,(anonymous_13)
FNDA:0,(anonymous_14)
FNDA:1,(anonymous_15)
FNDA:1,(anonymous_16)
FNDA:10,(anonymous_17)
FNDA:10,(anonymous_18)
FNDA:8,(anonymous_19)
FNDA:1,(anonymous_20)
FNDA:1,(anonymous_21)
FNDA:10,(anonymous_22)
FNDA:10,(anonymous_23)
FNDA:12,(anonymous_24)
FNDA:10,(anonymous_25)
FNDA:10,(anonymous_26)
FNDA:10,(anonymous_27)
FNDA:10,(anonymous_28)
FNDA:5,(anonymous_29)
DA:3,25
DA:30,4
DA:31,4
DA:32,4
DA:33,4
DA:36,4
DA:44,8
DA:51,8
DA:55,4
DA:56,4
DA:60,1
DA:61,1
DA:65,1
DA:66,1
DA:70,25
DA:71,8
DA:72,8
DA:73,8
DA:74,8
DA:75,8
DA:76,8
DA:77,8
DA:78,8
DA:79,8
DA:80,8
DA:81,8
DA:84,4
DA:85,4
DA:86,4
DA:87,4
DA:91,2
DA:92,2
DA:111,2
DA:117,2
DA:133,2
DA:141,2
DA:148,2
DA:151,2
DA:154,2
DA:155,2
DA:159,1
DA:160,1
DA:164,1
DA:165,1
DA:179,0
DA:180,0
DA:184,0
DA:185,0
DA:189,1
DA:190,1
DA:194,1
DA:195,1
DA:199,10
DA:200,10
DA:201,10
DA:202,10
DA:203,10
DA:204,10
DA:205,10
DA:206,10
DA:207,10
DA:211,10
DA:212,4
DA:216,8
DA:224,1
DA:229,1
DA:243,10
DA:247,10
DA:248,10
DA:249,12
DA:250,12
DA:251,7
DA:252,7
DA:253,7
DA:255,12
DA:260,10
DA:261,2
DA:271,10
DA:272,2
DA:283,10
DA:284,2
DA:292,10
DA:293,1
DA:294,1
DA:295,1
DA:301,10
DA:302,1
DA:303,1
DA:304,1
DA:309,10
DA:310,0
DA:311,0
DA:312,0
DA:314,10
DA:315,0
DA:316,0
DA:317,0
DA:322,10
DA:323,10
DA:324,3
DA:325,3
DA:326,3
DA:331,5
LF:103
LH:93
BRDA:47,0,0,8
BRDA:47,0,1,2
BRDA:59,1,0,1
BRDA:122,2,0,2
BRDA:122,2,1,0
BRDA:135,3,0,2
BRDA:135,3,1,0
BRDA:136,4,0,2
BRDA:136,4,1,0
BRDA:143,5,0,2
BRDA:143,5,1,0
BRDA:145,6,0,2
BRDA:145,6,1,0
BRDA:146,7,0,0
BRDA:146,7,1,2
BRDA:158,8,0,1
BRDA:220,9,0,8
BRDA:220,9,1,0
BRDA:250,10,0,7
BRDA:250,10,1,5
BRDA:266,11,0,2
BRDA:266,11,1,0
BRDA:277,12,0,2
BRDA:277,12,1,0
BRDA:294,13,0,1
BRDA:294,13,1,1
BRDA:303,14,0,1
BRDA:303,14,1,1
BRDA:311,15,0,0
BRDA:311,15,1,0
BRDA:316,16,0,0
BRDA:316,16,1,0
BRDA:325,17,0,3
BRDA:325,17,1,3
BRF:34
BRH:21
end_of_record
TN:
SF:packages/core/src/migrations/MigrationFileBuilder.ts
FN:13,(anonymous_0)
FN:19,(anonymous_1)
FN:21,(anonymous_2)
FN:24,(anonymous_3)
FNF:4
FNH:4
FNDA:1,(anonymous_0)
FNDA:3,(anonymous_1)
FNDA:2,(anonymous_2)
FNDA:1,(anonymous_3)
DA:3,22
DA:12,22
DA:17,1
DA:18,1
DA:19,3
DA:20,1
DA:21,2
DA:23,1
DA:25,1
DA:30,1
DA:31,1
LF:11
LH:11
BRDA:23,0,0,1
BRDA:23,0,1,0
BRDA:25,1,0,0
BRDA:25,1,1,1
BRF:4
BRH:2
end_of_record
TN:
SF:packages/core/src/migrations/MigrationRunner.ts
FN:20,(anonymous_0)
FN:25,(anonymous_1)
FN:27,(anonymous_2)
FN:31,(anonymous_3)
FN:43,(anonymous_4)
FN:51,(anonymous_5)
FN:63,(anonymous_6)
FN:66,(anonymous_7)
FN:92,(anonymous_8)
FN:104,(anonymous_9)
FNF:10
FNH:10
FNDA:5,(anonymous_0)
FNDA:7,(anonymous_1)
FNDA:3,(anonymous_2)
FNDA:7,(anonymous_3)
FNDA:11,(anonymous_4)
FNDA:9,(anonymous_5)
FNDA:5,(anonymous_6)
FNDA:1,(anonymous_7)
FNDA:1,(anonymous_8)
FNDA:2,(anonymous_9)
DA:16,22
DA:18,5
DA:21,5
DA:26,7
DA:27,7
DA:32,7
DA:39,7
DA:44,11
DA:45,11
DA:51,11
DA:58,0
DA:64,5
DA:65,5
DA:66,5
DA:68,5
DA:69,8
DA:70,7
DA:72,7
DA:73,7
DA:74,7
DA:76,6
DA:81,6
DA:82,6
DA:84,1
DA:85,1
DA:93,1
DA:94,1
DA:97,1
DA:99,1
DA:100,2
DA:101,1
DA:104,2
DA:105,1
DA:106,1
DA:108,1
DA:109,1
DA:110,1
DA:112,1
DA:116,1
DA:117,1
DA:119,0
DA:120,0
LF:42
LH:39
BRDA:69,0,0,7
BRDA:69,0,1,1
BRDA:100,1,0,1
BRDA:100,1,1,1
BRDA:100,2,0,2
BRDA:100,2,1,2
BRDA:105,3,0,1
BRDA:105,3,1,0
BRF:8
BRH:7
end_of_record
TN:
SF:packages/core/src/migrations/MigrationTemplate.ts
FN:13,escapeBackticks
FN:21,generateMigrationClassSource
FN:28,(anonymous_2)
FN:35,(anonymous_3)
FNF:4
FNH:4
FNDA:2,escapeBackticks
FNDA:1,generateMigrationClassSource
FNDA:1,(anonymous_2)
FNDA:1,(anonymous_3)
DA:2,1
DA:14,2
DA:21,1
DA:25,1
DA:26,1
DA:28,1
DA:32,1
DA:36,1
DA:40,1
LF:9
LH:9
BRDA:32,0,0,1
BRDA:32,0,1,0
BRF:2
BRH:1
end_of_record
TN:
SF:packages/core/src/migrations/SchemaInspector.ts
FN:25,(anonymous_0)
FN:27,(anonymous_1)
FN:31,(anonymous_2)
FN:34,(anonymous_3)
FN:39,(anonymous_4)
FN:58,(anonymous_5)
FN:67,extractWhereClause
FN:75,(anonymous_7)
FN:77,(anonymous_8)
FN:81,(anonymous_9)
FN:84,(anonymous_10)
FN:97,(anonymous_11)
FN:116,(anonymous_12)
FN:118,(anonymous_13)
FN:122,(anonymous_14)
FN:125,(anonymous_15)
FN:151,(anonymous_16)
FN:151,(anonymous_17)
FN:160,(anonymous_18)
FN:162,(anonymous_19)
FN:166,(anonymous_20)
FN:169,(anonymous_21)
FNF:22
FNH:14
FNDA:3,(anonymous_0)
FNDA:3,(anonymous_1)
FNDA:3,(anonymous_2)
FNDA:3,(anonymous_3)
FNDA:3,(anonymous_4)
FNDA:0,(anonymous_5)
FNDA:0,extractWhereClause
FNDA:2,(anonymous_7)
FNDA:0,(anonymous_8)
FNDA:0,(anonymous_9)
FNDA:2,(anonymous_10)
FNDA:2,(anonymous_11)
FNDA:2,(anonymous_12)
FNDA:0,(anonymous_13)
FNDA:0,(anonymous_14)
FNDA:2,(anonymous_15)
FNDA:2,(anonymous_16)
FNDA:1,(anonymous_17)
FNDA:2,(anonymous_18)
FNDA:0,(anonymous_19)
FNDA:0,(anonymous_20)
FNDA:2,(anonymous_21)
DA:24,24
DA:25,3
DA:28,3
DA:31,3
DA:35,3
DA:36,3
DA:40,3
DA:46,3
DA:47,3
DA:48,0
DA:51,0
DA:54,0
DA:55,0
DA:56,0
DA:58,0
DA:63,3
DA:68,0
DA:69,0
DA:70,0
DA:74,24
DA:75,2
DA:78,0
DA:81,0
DA:85,2
DA:89,2
DA:90,2
DA:91,2
DA:92,2
DA:94,2
DA:95,2
DA:96,2
DA:97,2
DA:98,2
DA:99,2
DA:101,2
DA:103,0
DA:105,2
DA:106,2
DA:108,2
DA:110,2
DA:115,24
DA:116,2
DA:119,0
DA:122,0
DA:126,2
DA:137,2
DA:141,2
DA:142,2
DA:143,2
DA:144,1
DA:145,2
DA:146,2
DA:147,1
DA:149,2
DA:150,2
DA:151,2
DA:152,1
DA:154,2
DA:159,24
DA:160,2
DA:163,0
DA:166,0
DA:170,2
DA:178,2
DA:187,2
DA:188,2
DA:189,1
DA:197,2
DA:198,1
DA:199,1
DA:201,2
DA:202,2
DA:203,1
DA:205,2
LF:74
LH:58
BRDA:54,0,0,0
BRDA:54,0,1,0
BRDA:55,1,0,0
BRDA:55,1,1,0
BRDA:60,2,0,0
BRDA:60,2,1,0
BRDA:68,3,0,0
BRDA:68,3,1,0
BRDA:70,4,0,0
BRDA:70,4,1,0
BRDA:91,5,0,2
BRDA:91,5,1,0
BRDA:95,6,0,2
BRDA:95,6,1,0
BRDA:96,7,0,2
BRDA:96,7,1,1
BRDA:101,8,0,0
BRDA:101,8,1,2
BRDA:143,9,0,1
BRDA:143,9,1,1
BRDA:146,10,0,1
BRDA:146,10,1,1
BRDA:147,11,0,1
BRDA:147,11,1,0
BRDA:193,12,0,1
BRDA:193,12,1,0
BRDA:199,13,0,1
BRDA:199,13,1,0
BRF:28
BRH:12
end_of_record
TN:
SF:packages/core/src/migrations/SchemaSnapshot.ts
FN:17,(anonymous_0)
FN:21,(anonymous_1)
FN:23,(anonymous_2)
FN:24,(anonymous_3)
FN:42,(anonymous_4)
FN:42,(anonymous_5)
FN:44,(anonymous_6)
FN:72,(anonymous_7)
FN:85,(anonymous_8)
FN:90,(anonymous_9)
FN:90,(anonymous_10)
FN:91,(anonymous_11)
FN:103,(anonymous_12)
FN:107,(anonymous_13)
FN:117,(anonymous_14)
FN:122,(anonymous_15)
FN:137,(anonymous_16)
FN:146,(anonymous_17)
FN:167,(anonymous_18)
FN:173,(anonymous_19)
FN:177,(anonymous_20)
FN:183,(anonymous_21)
FNF:22
FNH:11
FNDA:8,(anonymous_0)
FNDA:8,(anonymous_1)
FNDA:8,(anonymous_2)
FNDA:24,(anonymous_3)
FNDA:8,(anonymous_4)
FNDA:8,(anonymous_5)
FNDA:3,(anonymous_6)
FNDA:0,(anonymous_7)
FNDA:0,(anonymous_8)
FNDA:0,(anonymous_9)
FNDA:0,(anonymous_10)
FNDA:0,(anonymous_11)
FNDA:0,(anonymous_12)
FNDA:0,(anonymous_13)
FNDA:0,(anonymous_14)
FNDA:0,(anonymous_15)
FNDA:0,(anonymous_16)
FNDA:24,(anonymous_17)
FNDA:0,(anonymous_18)
FNDA:1,(anonymous_19)
FNDA:1,(anonymous_20)
FNDA:1,(anonymous_21)
DA:2,23
DA:4,23
DA:14,23
DA:18,8
DA:22,8
DA:23,8
DA:24,24
DA:41,8
DA:42,8
DA:44,8
DA:61,8
DA:69,8
DA:73,0
DA:74,0
DA:75,0
DA:76,0
DA:77,0
DA:78,0
DA:79,0
DA:80,0
DA:81,0
DA:82,0
DA:83,0
DA:85,0
DA:90,0
DA:91,0
DA:100,0
DA:103,0
DA:104,0
DA:105,0
DA:106,0
DA:107,0
DA:114,0
DA:115,0
DA:116,0
DA:117,0
DA:119,0
DA:120,0
DA:121,0
DA:122,0
DA:129,0
DA:131,0
DA:132,0
DA:133,0
DA:134,0
DA:135,0
DA:137,0
DA:143,0
DA:147,24
DA:150,12
DA:154,0
DA:156,3
DA:159,2
DA:161,0
DA:163,7
DA:168,0
DA:172,23
DA:174,1
DA:178,1
DA:179,1
DA:180,1
DA:184,1
DA:185,0
LF:63
LH:23
BRDA:42,0,0,8
BRDA:42,0,1,0
BRDA:44,1,0,8
BRDA:44,1,1,0
BRDA:73,2,0,0
BRDA:73,2,1,0
BRDA:75,3,0,0
BRDA:75,3,1,0
BRDA:76,4,0,0
BRDA:76,4,1,0
BRDA:104,5,0,0
BRDA:104,5,1,0
BRDA:114,6,0,0
BRDA:114,6,1,0
BRDA:119,7,0,0
BRDA:119,7,1,0
BRDA:132,8,0,0
BRDA:132,8,1,0
BRDA:147,9,0,12
BRDA:147,9,1,12
BRDA:147,9,2,0
BRDA:147,9,3,0
BRDA:147,9,4,0
BRDA:147,9,5,3
BRDA:147,9,6,2
BRDA:147,9,7,2
BRDA:147,9,8,0
BRDA:147,9,9,7
[...]
BRDA:436,66,1,0
BRDA:444,67,0,0
BRDA:444,67,1,0
BRDA:444,68,0,0
BRDA:444,68,1,0
BRDA:445,69,0,0
BRDA:445,69,1,0
BRDA:445,69,2,0
BRDA:445,69,3,0
BRDA:445,69,4,0
BRDA:445,69,5,0
BRDA:445,69,6,0
BRDA:445,69,7,0
BRDA:445,69,8,0
BRDA:450,70,0,0
BRDA:450,70,1,0
BRDA:454,71,0,0
BRDA:454,71,1,0
BRDA:457,72,0,0
BRDA:457,72,1,0
BRDA:466,73,0,0
BRDA:466,73,1,0
BRDA:467,74,0,0
BRDA:467,74,1,0
BRDA:468,75,0,0
BRDA:468,75,1,0
BRF:177
BRH:0
end_of_record
TN:
SF:packages/postgres/src/builders/PgIndexBuilder.ts
FN:18,(anonymous_0)
FN:20,(anonymous_1)
FN:44,(anonymous_2)
FN:55,(anonymous_3)
FN:69,(anonymous_4)
FN:82,(anonymous_5)
FN:85,(anonymous_6)
FN:90,(anonymous_7)
FN:104,(anonymous_8)
FN:108,(anonymous_9)
FN:112,(anonymous_10)
FN:116,(anonymous_11)
FN:120,(anonymous_12)
FNF:13
FNH:0
FNDA:0,(anonymous_0)
FNDA:0,(anonymous_1)
FNDA:0,(anonymous_2)
FNDA:0,(anonymous_3)
FNDA:0,(anonymous_4)
FNDA:0,(anonymous_5)
FNDA:0,(anonymous_6)
FNDA:0,(anonymous_7)
FNDA:0,(anonymous_8)
FNDA:0,(anonymous_9)
FNDA:0,(anonymous_10)
FNDA:0,(anonymous_11)
FNDA:0,(anonymous_12)
DA:17,0
DA:18,0
DA:21,0
DA:22,0
DA:23,0
DA:25,0
DA:26,0
DA:27,0
DA:28,0
DA:29,0
DA:30,0
DA:31,0
DA:32,0
DA:49,0
DA:50,0
DA:51,0
DA:52,0
DA:60,0
DA:61,0
DA:62,0
DA:63,0
DA:76,0
DA:77,0
DA:78,0
DA:79,0
DA:83,0
DA:84,0
DA:85,0
DA:87,0
DA:98,0
DA:99,0
DA:100,0
DA:101,0
DA:105,0
DA:109,0
DA:113,0
DA:117,0
DA:130,0
LF:38
LH:0
BRDA:21,0,0,0
BRDA:21,0,1,0
BRDA:22,1,0,0
BRDA:22,1,1,0
BRDA:49,2,0,0
BRDA:49,2,1,0
BRDA:49,3,0,0
BRDA:49,3,1,0
BRDA:50,4,0,0
BRDA:50,4,1,0
BRDA:51,5,0,0
BRDA:51,5,1,0
BRDA:52,6,0,0
BRDA:52,6,1,0
BRDA:60,7,0,0
BRDA:60,7,1,0
BRDA:61,8,0,0
BRDA:61,8,1,0
BRDA:62,9,0,0
BRDA:62,9,1,0
BRDA:62,10,0,0
BRDA:62,10,1,0
BRDA:78,11,0,0
BRDA:78,11,1,0
BRDA:83,12,0,0
BRDA:83,12,1,0
BRDA:83,13,0,0
BRDA:83,13,1,0
BRDA:85,14,0,0
BRDA:85,14,1,0
BRDA:98,15,0,0
BRDA:98,15,1,0
BRDA:99,16,0,0
BRDA:99,16,1,0
BRDA:100,17,0,0
BRDA:100,17,1,0
BRDA:105,18,0,0
BRDA:105,18,1,0
BRDA:109,19,0,0
BRDA:109,19,1,0
BRDA:113,20,0,0
BRDA:113,20,1,0
BRDA:117,21,0,0
BRDA:117,21,1,0
BRF:44
BRH:0
end_of_record
TN:
SF:packages/postgres/src/emitters/PgGroupEmitter.ts
FN:4,(anonymous_0)
FNF:1
FNH:0
FNDA:0,(anonymous_0)
DA:3,0
DA:5,0
DA:6,0
DA:7,0
DA:8,0
DA:9,0
DA:11,0
LF:7
LH:0
BRDA:5,0,0,0
BRDA:5,0,1,0
BRDA:7,1,0,0
BRDA:7,1,1,0
BRF:4
BRH:0
end_of_record
TN:
SF:packages/postgres/src/emitters/PgJoinEmitter.ts
FN:4,(anonymous_0)
FNF:1
FNH:0
FNDA:0,(anonymous_0)
DA:3,0
DA:5,0
DA:6,0
DA:7,0
DA:8,0
DA:9,0
DA:10,0
DA:12,0
LF:8
LH:0
BRDA:5,0,0,0
BRDA:5,0,1,0
BRDA:5,1,0,0
BRDA:5,1,1,0
BRDA:9,2,0,0
BRDA:9,2,1,0
BRF:6
BRH:0
end_of_record
TN:
SF:packages/postgres/src/emitters/PgOrderEmitter.ts
FN:4,(anonymous_0)
FN:6,(anonymous_1)
FNF:2
FNH:0
FNDA:0,(anonymous_0)
FNDA:0,(anonymous_1)
DA:3,0
DA:5,0
DA:6,0
DA:7,0
LF:4
LH:0
BRDA:5,0,0,0
BRDA:5,0,1,0
BRDA:5,1,0,0
BRDA:5,1,1,0
BRF:4
BRH:0
end_of_record
TN:
SF:packages/postgres/src/emitters/PgWhereEmitter.ts
FN:4,(anonymous_0)
FN:6,(anonymous_1)
FNF:2
FNH:0
FNDA:0,(anonymous_0)
FNDA:0,(anonymous_1)
DA:3,0
DA:5,0
DA:6,0
DA:7,0
DA:8,0
LF:5
LH:0
BRDA:5,0,0,0
BRDA:5,0,1,0
BRDA:5,1,0,0
BRDA:5,1,1,0
BRF:4
BRH:0
end_of_record
TN:
SF:packages/prometheus-sql-logger/src/logger/PrometheusSqlLogger.ts
FN:53,(anonymous_0)
FN:90,(anonymous_1)
FN:95,(anonymous_2)
FN:136,(anonymous_3)
FN:143,(anonymous_4)
FN:186,(anonymous_5)
FN:203,(anonymous_6)
FN:210,(anonymous_7)
FN:218,(anonymous_8)
FN:231,(anonymous_9)
FN:245,(anonymous_10)
FN:254,(anonymous_11)
FN:261,(anonymous_12)
FN:273,(anonymous_13)
FN:277,(anonymous_14)
FN:287,(anonymous_15)
FNF:16
FNH:0
FNDA:0,(anonymous_0)
FNDA:0,(anonymous_1)
FNDA:0,(anonymous_2)
FNDA:0,(anonymous_3)
FNDA:0,(anonymous_4)
FNDA:0,(anonymous_5)
FNDA:0,(anonymous_6)
FNDA:0,(anonymous_7)
FNDA:0,(anonymous_8)
FNDA:0,(anonymous_9)
FNDA:0,(anonymous_10)
FNDA:0,(anonymous_11)
FNDA:0,(anonymous_12)
FNDA:0,(anonymous_13)
FNDA:0,(anonymous_14)
FNDA:0,(anonymous_15)
DA:32,0
DA:33,0
DA:50,0
DA:51,0
DA:54,0
DA:55,0
DA:56,0
DA:57,0
DA:58,0
DA:59,0
DA:60,0
DA:61,0
DA:62,0
DA:67,0
DA:73,0
DA:78,0
DA:83,0
DA:84,0
DA:89,0
DA:91,0
DA:92,0
DA:96,0
DA:97,0
DA:102,0
DA:107,0
DA:112,0
DA:117,0
DA:122,0
DA:123,0
DA:129,0
DA:152,0
DA:153,0
DA:154,0
DA:155,0
DA:156,0
DA:157,0
DA:158,0
DA:159,0
DA:160,0
DA:161,0
DA:162,0
DA:163,0
DA:172,0
DA:174,0
DA:175,0
DA:181,0
DA:193,0
DA:194,0
DA:195,0
DA:196,0
DA:197,0
DA:198,0
DA:199,0
DA:204,0
DA:205,0
DA:206,0
DA:211,0
DA:212,0
DA:213,0
DA:223,0
DA:224,0
DA:225,0
DA:226,0
DA:227,0
DA:236,0
DA:237,0
DA:238,0
DA:246,0
DA:247,0
DA:248,0
DA:255,0
DA:256,0
DA:257,0
DA:259,0
DA:262,0
DA:263,0
DA:265,0
DA:266,0
DA:267,0
DA:268,0
DA:271,0
DA:274,0
DA:275,0
DA:278,0
DA:279,0
DA:280,0
DA:281,0
DA:282,0
DA:283,0
DA:284,0
DA:285,0
DA:288,0
LF:92
LH:0
BRDA:54,0,0,0
BRDA:54,0,1,0
BRDA:55,1,0,0
BRDA:55,1,1,0
BRDA:57,2,0,0
BRDA:57,2,1,0
BRDA:58,3,0,0
BRDA:58,3,1,0
BRDA:60,4,0,0
BRDA:60,4,1,0
BRDA:83,5,0,0
BRDA:83,5,1,0
BRDA:122,6,0,0
BRDA:122,6,1,0
BRDA:152,7,0,0
BRDA:152,7,1,0
BRDA:152,8,0,0
BRDA:152,8,1,0
BRDA:152,8,2,0
BRDA:152,8,3,0
BRDA:155,9,0,0
BRDA:155,9,1,0
BRDA:156,10,0,0
BRDA:156,10,1,0
BRDA:157,11,0,0
BRDA:157,11,1,0
BRDA:167,12,0,0
BRDA:167,12,1,0
BRDA:174,13,0,0
BRDA:174,13,1,0
BRDA:174,14,0,0
BRDA:174,14,1,0
BRDA:179,15,0,0
BRDA:179,15,1,0
BRDA:193,16,0,0
BRDA:193,16,1,0
BRDA:193,17,0,0
BRDA:193,17,1,0
BRDA:193,17,2,0
BRDA:196,18,0,0
BRDA:196,18,1,0
BRDA:197,19,0,0
BRDA:197,19,1,0
BRDA:204,20,0,0
BRDA:204,20,1,0
BRDA:204,21,0,0
BRDA:204,21,1,0
BRDA:206,22,0,0
BRDA:206,22,1,0
BRDA:211,23,0,0
BRDA:211,23,1,0
BRDA:211,24,0,0
BRDA:211,24,1,0
BRDA:213,25,0,0
BRDA:213,25,1,0
BRDA:223,26,0,0
BRDA:223,26,1,0
BRDA:223,27,0,0
BRDA:223,27,1,0
BRDA:224,28,0,0
BRDA:224,28,1,0
BRDA:226,29,0,0
BRDA:226,29,1,0
BRDA:236,30,0,0
BRDA:236,30,1,0
BRDA:236,31,0,0
BRDA:236,31,1,0
BRDA:239,32,0,0
BRDA:239,32,1,0
BRDA:246,33,0,0
BRDA:246,33,1,0
BRDA:246,34,0,0
BRDA:246,34,1,0
BRDA:249,35,0,0
BRDA:249,35,1,0
BRDA:257,36,0,0
BRDA:257,36,1,0
BRDA:257,37,0,0
BRDA:257,37,1,0
BRDA:257,37,2,0
BRDA:262,38,0,0
BRDA:262,38,1,0
BRDA:275,39,0,0
BRDA:275,39,1,0
BRDA:280,40,0,0
BRDA:280,40,1,0
BRDA:280,41,0,0
BRDA:280,41,1,0
BRDA:282,42,0,0
BRDA:282,42,1,0
BRDA:282,43,0,0
BRDA:282,43,1,0
BRDA:284,44,0,0
BRDA:284,44,1,0
BRDA:284,45,0,0
BRDA:284,45,1,0
BRF:96
BRH:0
end_of_record
TN:
SF:packages/sqlite/src/SQLiteCreateIndex.test.ts
FN:3,(anonymous_0)
FNF:1
FNH:0
FNDA:0,(anonymous_0)
DA:1,0
DA:3,0
DA:4,0
DA:10,0
LF:4
LH:0
BRF:0
BRH:0
end_of_record
TN:
SF:packages/sqlite/src/SQLiteCreateIndexCollation.test.ts
FN:3,(anonymous_0)
FNF:1
FNH:0
FNDA:0,(anonymous_0)
DA:1,0
DA:3,0
DA:4,0
DA:13,0
LF:4
LH:0
BRF:0
BRH:0
end_of_record
TN:
SF:packages/sqlite/src/SQLiteCreateIndexExpressions.test.ts
FN:3,(anonymous_0)
FNF:1
FNH:0
FNDA:0,(anonymous_0)
DA:1,0
DA:3,0
DA:4,0
DA:12,0
LF:4
LH:0
BRF:0
BRH:0
end_of_record
TN:
SF:packages/sqlite/src/SQLiteCreateIndexOrders.test.ts
FN:3,(anonymous_0)
FNF:1
FNH:0
FNDA:0,(anonymous_0)
DA:1,0
DA:3,0
DA:4,0
DA:10,0
LF:4
LH:0
BRF:0
BRH:0
end_of_record
TN:
SF:packages/sqlite/src/SQLiteDdlStrategy.snapshot.test.ts
FN:11,(anonymous_0)
FN:26,(anonymous_1)
FNF:2
FNH:0
FNDA:0,(anonymous_0)
FNDA:0,(anonymous_1)
DA:1,0
DA:3,0
DA:11,0
DA:12,0
DA:13,0
DA:14,0
DA:26,0
DA:27,0
DA:28,0
DA:29,0
DA:30,0
LF:11
LH:0
BRF:0
BRH:0
end_of_record
TN:
SF:packages/sqlite/src/SQLiteDdlStrategy.test.ts
FN:11,(anonymous_0)
FN:26,(anonymous_1)
FNF:2
FNH:0
FNDA:0,(anonymous_0)
FNDA:0,(anonymous_1)
DA:1,0
DA:3,0
DA:11,0
DA:12,0
DA:13,0
DA:14,0
DA:26,0
DA:27,0
DA:28,0
DA:29,0
DA:30,0
LF:11
LH:0
BRF:0
BRH:0
end_of_record
TN:
SF:packages/sqlite/src/SQLiteDdlStrategy.ts
FN:9,(anonymous_0)
FN:12,(anonymous_1)
FN:16,(anonymous_2)
FN:19,(anonymous_3)
FN:20,(anonymous_4)
FN:26,(anonymous_5)
FN:29,(anonymous_6)
FN:43,(anonymous_7)
FN:58,(anonymous_8)
FN:99,(anonymous_9)
FNF:10
FNH:0
FNDA:0,(anonymous_0)
FNDA:0,(anonymous_1)
FNDA:0,(anonymous_2)
FNDA:0,(anonymous_3)
FNDA:0,(anonymous_4)
FNDA:0,(anonymous_5)
FNDA:0,(anonymous_6)
FNDA:0,(anonymous_7)
FNDA:0,(anonymous_8)
FNDA:0,(anonymous_9)
DA:2,0
DA:5,0
DA:7,0
DA:9,0
DA:10,0
DA:13,0
DA:14,0
DA:16,0
DA:18,0
DA:19,0
DA:20,0
DA:21,0
DA:25,0
DA:26,0
DA:27,0
DA:28,0
DA:29,0
DA:31,0
DA:33,0
DA:36,0
DA:40,0
DA:55,0
DA:59,0
DA:60,0
DA:62,0
DA:63,0
DA:64,0
DA:68,0
DA:69,0
DA:73,0
DA:75,0
DA:77,0
DA:78,0
DA:82,0
DA:83,0
DA:84,0
DA:85,0
DA:88,0
DA:89,0
DA:90,0
DA:91,0
DA:92,0
DA:96,0
DA:100,0
DA:103,0
DA:106,0
DA:110,0
DA:112,0
DA:115,0
DA:117,0
DA:119,0
LF:51
LH:0
BRDA:13,0,0,0
BRDA:13,0,1,0
BRDA:13,1,0,0
BRDA:13,1,1,0
BRDA:18,2,0,0
BRDA:18,2,1,0
BRDA:21,3,0,0
BRDA:21,3,1,0
BRDA:25,4,0,0
BRDA:25,4,1,0
BRDA:27,5,0,0
BRDA:27,5,1,0
BRDA:27,6,0,0
BRDA:27,6,1,0
BRDA:27,6,2,0
BRDA:59,7,0,0
BRDA:59,7,1,0
BRDA:59,8,0,0
BRDA:59,8,1,0
BRDA:62,9,0,0
BRDA:62,9,1,0
BRDA:63,10,0,0
BRDA:63,10,1,0
BRDA:63,11,0,0
BRDA:63,11,1,0
BRDA:63,11,2,0
BRDA:68,12,0,0
BRDA:68,12,1,0
BRDA:77,13,0,0
BRDA:77,13,1,0
BRDA:82,14,0,0
BRDA:82,14,1,0
BRDA:83,15,0,0
BRDA:83,15,1,0
BRDA:84,16,0,0
BRDA:84,16,1,0
BRDA:89,17,0,0
BRDA:89,17,1,0
BRDA:91,18,0,0
BRDA:91,18,1,0
BRDA:100,19,0,0
BRDA:100,19,1,0
BRDA:100,19,2,0
BRDA:100,19,3,0
BRDA:100,19,4,0
BRDA:100,19,5,0
BRDA:100,19,6,0
BRDA:100,19,7,0
BRDA:100,19,8,0
BRDA:100,19,9,0
BRDA:100,19,10,0
BRDA:100,19,11,0
BRDA:100,20,0,0
BRDA:100,20,1,0
BRF:54
BRH:0
end_of_record
TN:
SF:packages/sqlite/src/SQLiteDialect.test.ts
FN:11,(anonymous_0)
FN:12,(anonymous_1)
FN:43,(anonymous_2)
FNF:3
FNH:0
FNDA:0,(anonymous_0)
FNDA:0,(anonymous_1)
FNDA:0,(anonymous_2)
DA:1,0
DA:2,0
DA:11,0
DA:12,0
DA:13,0
DA:14,0
DA:15,0
DA:22,0
DA:28,0
DA:34,0
DA:40,0
DA:43,0
DA:44,0
DA:45,0
DA:53,0
DA:54,0
LF:16
LH:0
BRF:0
BRH:0
end_of_record
TN:
SF:packages/sqlite/src/SQLiteDialect.ts
FN:24,(anonymous_0)
FN:31,(anonymous_1)
FN:49,(anonymous_2)
FN:56,(anonymous_3)
FN:60,(anonymous_4)
FN:65,(anonymous_5)
FNF:6
FNH:0
FNDA:0,(anonymous_0)
FNDA:0,(anonymous_1)
FNDA:0,(anonymous_2)
FNDA:0,(anonymous_3)
FNDA:0,(anonymous_4)
FNDA:0,(anonymous_5)
DA:8,0
DA:9,0
DA:10,0
DA:11,0
DA:12,0
DA:19,0
DA:20,0
DA:21,0
DA:22,0
DA:23,0
DA:25,0
DA:35,0
DA:36,0
DA:37,0
DA:38,0
DA:39,0
DA:40,0
DA:41,0
DA:42,0
DA:43,0
DA:44,0
DA:45,0
DA:46,0
DA:50,0
DA:51,0
DA:52,0
DA:53,0
DA:57,0
DA:61,0
DA:62,0
DA:66,0
DA:67,0
DA:68,0
DA:69,0
DA:71,0
DA:72,0
DA:74,0
LF:37
LH:0
BRDA:36,0,0,0
BRDA:36,0,1,0
BRDA:39,1,0,0
BRDA:39,1,1,0
BRDA:51,2,0,0
BRDA:51,2,1,0
BRDA:52,3,0,0
BRDA:52,3,1,0
BRDA:52,4,0,0
BRDA:52,4,1,0
BRDA:61,5,0,0
BRDA:61,5,1,0
BRDA:61,6,0,0
BRDA:61,6,1,0
BRDA:66,7,0,0
BRDA:66,7,1,0
BRDA:67,8,0,0
BRDA:67,8,1,0
BRDA:68,9,0,0
BRDA:68,9,1,0
BRDA:69,10,0,0
BRDA:69,10,1,0
BRDA:71,11,0,0
BRDA:71,11,1,0
BRF:24
BRH:0
end_of_record
TN:
SF:packages/sqlite/src/SQLiteProvider.ts
FN:44,safeRequireSqlite3
FN:59,(anonymous_1)
FN:71,(anonymous_2)
FN:72,(anonymous_3)
FN:74,(anonymous_4)
FN:88,(anonymous_5)
FN:89,(anonymous_6)
FN:91,(anonymous_7)
FN:107,(anonymous_8)
FN:119,(anonymous_9)
FN:130,(anonymous_10)
FN:147,(anonymous_11)
FN:153,(anonymous_12)
FN:177,(anonymous_13)
FN:192,(anonymous_14)
FN:206,(anonymous_15)
FN:214,(anonymous_16)
FN:225,(anonymous_17)
FN:234,(anonymous_18)
FN:239,(anonymous_19)
FN:243,(anonymous_20)
FN:256,(anonymous_21)
FN:261,(anonymous_22)
FN:265,(anonymous_23)
FN:277,(anonymous_24)
FN:280,(anonymous_25)
FN:284,(anonymous_26)
FN:287,(anonymous_27)
FN:289,(anonymous_28)
FN:293,(anonymous_29)
FN:297,(anonymous_30)
FN:303,(anonymous_31)
FN:314,(anonymous_32)
FN:318,(anonymous_33)
FN:327,(anonymous_34)
FN:339,(anonymous_35)
FN:350,(anonymous_36)
FN:362,(anonymous_37)
FN:374,(anonymous_38)
FN:379,(anonymous_39)
FN:383,(anonymous_40)
FN:391,(anonymous_41)
FN:392,(anonymous_42)
FN:393,(anonymous_43)
FN:402,(anonymous_44)
FN:408,(anonymous_45)
FN:416,(anonymous_46)
FN:417,(anonymous_47)
FN:428,(anonymous_48)
FN:453,(anonymous_49)
FN:461,(anonymous_50)
FN:482,(anonymous_51)
FN:487,(anonymous_52)
FN:511,(anonymous_53)
FN:530,(anonymous_54)
FN:555,(anonymous_55)
FN:586,mapSqliteError
FNF:57
FNH:0
FNDA:0,safeRequireSqlite3
FNDA:0,(anonymous_1)
FNDA:0,(anonymous_2)
FNDA:0,(anonymous_3)
FNDA:0,(anonymous_4)
FNDA:0,(anonymous_5)
FNDA:0,(anonymous_6)
FNDA:0,(anonymous_7)
FNDA:0,(anonymous_8)
FNDA:0,(anonymous_9)
FNDA:0,(anonymous_10)
FNDA:0,(anonymous_11)
FNDA:0,(anonymous_12)
FNDA:0,(anonymous_13)
FNDA:0,(anonymous_14)
FNDA:0,(anonymous_15)
FNDA:0,(anonymous_16)
FNDA:0,(anonymous_17)
FNDA:0,(anonymous_18)
FNDA:0,(anonymous_19)
FNDA:0,(anonymous_20)
FNDA:0,(anonymous_21)
FNDA:0,(anonymous_22)
FNDA:0,(anonymous_23)
FNDA:0,(anonymous_24)
FNDA:0,(anonymous_25)
FNDA:0,(anonymous_26)
FNDA:0,(anonymous_27)
FNDA:0,(anonymous_28)
FNDA:0,(anonymous_29)
FNDA:0,(anonymous_30)
FNDA:0,(anonymous_31)
FNDA:0,(anonymous_32)
FNDA:0,(anonymous_33)
FNDA:0,(anonymous_34)
FNDA:0,(anonymous_35)
FNDA:0,(anonymous_36)
FNDA:0,(anonymous_37)
FNDA:0,(anonymous_38)
FNDA:0,(anonymous_39)
FNDA:0,(anonymous_40)
FNDA:0,(anonymous_41)
FNDA:0,(anonymous_42)
FNDA:0,(anonymous_43)
FNDA:0,(anonymous_44)
FNDA:0,(anonymous_45)
FNDA:0,(anonymous_46)
FNDA:0,(anonymous_47)
FNDA:0,(anonymous_48)
FNDA:0,(anonymous_49)
FNDA:0,(anonymous_50)
FNDA:0,(anonymous_51)
FNDA:0,(anonymous_52)
FNDA:0,(anonymous_53)
FNDA:0,(anonymous_54)
FNDA:0,(anonymous_55)
FNDA:0,mapSqliteError
DA:11,0
DA:20,0
DA:21,0
DA:45,0
DA:47,0
DA:49,0
DA:55,0
DA:56,0
DA:57,0
DA:66,0
DA:67,0
DA:72,0
DA:73,0
DA:74,0
DA:75,0
DA:76,0
DA:78,0
DA:80,0
DA:81,0
DA:89,0
DA:90,0
DA:91,0
DA:92,0
DA:93,0
DA:95,0
DA:96,0
DA:97,0
DA:101,0
DA:108,0
DA:109,0
DA:112,0
DA:113,0
DA:114,0
DA:120,0
DA:121,0
DA:122,0
DA:125,0
DA:126,0
DA:128,0
DA:129,0
DA:130,0
DA:131,0
DA:136,0
DA:137,0
DA:138,0
DA:139,0
DA:143,0
DA:148,0
DA:149,0
DA:150,0
DA:153,0
DA:154,0
DA:159,0
DA:161,0
DA:162,0
DA:163,0
DA:167,0
DA:168,0
DA:169,0
DA:170,0
DA:171,0
DA:173,0
DA:178,0
DA:179,0
DA:180,0
DA:183,0
DA:184,0
DA:186,0
DA:187,0
DA:196,0
DA:197,0
DA:198,0
DA:201,0
DA:202,0
DA:203,0
DA:206,0
DA:207,0
DA:208,0
DA:211,0
DA:212,0
DA:213,0
DA:214,0
DA:215,0
DA:217,0
DA:221,0
DA:226,0
DA:227,0
DA:228,0
DA:231,0
DA:232,0
DA:233,0
DA:234,0
DA:235,0
DA:237,0
DA:239,0
DA:247,0
DA:248,0
DA:249,0
DA:252,0
DA:253,0
DA:254,0
DA:255,0
DA:256,0
DA:257,0
DA:259,0
DA:261,0
DA:270,0
DA:271,0
DA:272,0
DA:275,0
DA:276,0
DA:277,0
DA:279,0
DA:280,0
DA:281,0
DA:282,0
DA:283,0
DA:284,0
DA:285,0
DA:287,0
DA:288,0
DA:289,0
DA:297,0
DA:298,0
DA:299,0
DA:300,0
DA:303,0
DA:304,0
DA:305,0
DA:307,0
DA:318,0
DA:319,0
DA:320,0
DA:321,0
DA:324,0
DA:328,0
DA:329,0
DA:331,0
DA:340,0
DA:341,0
DA:343,0
DA:344,0
DA:345,0
DA:346,0
DA:351,0
DA:352,0
DA:354,0
DA:355,0
DA:356,0
DA:357,0
DA:358,0
DA:363,0
DA:364,0
DA:366,0
DA:367,0
DA:368,0
DA:369,0
DA:370,0
DA:375,0
DA:383,0
DA:385,0
DA:387,0
DA:388,0
DA:391,0
DA:392,0
DA:393,0
DA:394,0
DA:397,0
DA:398,0
DA:407,0
DA:409,0
DA:412,0
DA:413,0
DA:416,0
DA:417,0
DA:418,0
DA:420,0
DA:421,0
DA:424,0
DA:425,0
DA:427,0
DA:428,0
DA:429,0
DA:430,0
DA:434,0
DA:435,0
DA:438,0
DA:439,0
DA:440,0
DA:443,0
DA:444,0
DA:447,0
DA:448,0
DA:449,0
DA:457,0
DA:458,0
DA:460,0
DA:461,0
DA:462,0
DA:463,0
DA:467,0
DA:468,0
DA:471,0
DA:472,0
DA:475,0
DA:476,0
DA:478,0
DA:483,0
DA:488,0
DA:489,0
DA:491,0
DA:492,0
DA:493,0
DA:494,0
DA:502,0
DA:506,0
DA:507,0
DA:512,0
DA:520,0
DA:522,0
DA:523,0
DA:525,0
DA:531,0
DA:532,0
DA:535,0
DA:537,0
DA:540,0
DA:541,0
DA:543,0
DA:545,0
DA:546,0
DA:548,0
DA:550,0
DA:556,0
DA:557,0
DA:560,0
DA:562,0
DA:565,0
DA:568,0
DA:571,0
DA:572,0
DA:573,0
DA:575,0
DA:578,0
DA:580,0
DA:587,0
DA:588,0
DA:589,0
DA:590,0
DA:593,0
DA:594,0
DA:596,0
DA:597,0
DA:599,0
DA:600,0
DA:602,0
LF:256
LH:0
BRDA:75,0,0,0
BRDA:75,0,1,0
BRDA:90,1,0,0
BRDA:90,1,1,0
BRDA:92,2,0,0
BRDA:92,2,1,0
BRDA:121,3,0,0
BRDA:121,3,1,0
BRDA:129,4,0,0
BRDA:129,4,1,0
BRDA:131,5,0,0
BRDA:131,5,1,0
BRDA:132,6,0,0
BRDA:132,6,1,0
BRDA:132,6,2,0
BRDA:137,7,0,0
BRDA:137,7,1,0
BRDA:138,8,0,0
BRDA:138,8,1,0
BRDA:149,9,0,0
BRDA:149,9,1,0
BRDA:161,10,0,0
BRDA:161,10,1,0
BRDA:162,11,0,0
BRDA:162,11,1,0
BRDA:167,12,0,0
BRDA:167,12,1,0
BRDA:170,13,0,0
BRDA:170,13,1,0
BRDA:170,14,0,0
BRDA:170,14,1,0
BRDA:179,15,0,0
BRDA:179,15,1,0
BRDA:186,16,0,0
BRDA:186,16,1,0
BRDA:197,17,0,0
BRDA:197,17,1,0
BRDA:202,18,0,0
BRDA:202,18,1,0
BRDA:207,19,0,0
BRDA:207,19,1,0
BRDA:212,20,0,0
BRDA:212,20,1,0
BRDA:213,21,0,0
BRDA:213,21,1,0
BRDA:214,22,0,0
BRDA:214,22,1,0
BRDA:215,23,0,0
BRDA:215,23,1,0
BRDA:221,24,0,0
BRDA:221,24,1,0
BRDA:227,25,0,0
BRDA:227,25,1,0
BRDA:232,26,0,0
BRDA:232,26,1,0
BRDA:233,27,0,0
BRDA:233,27,1,0
BRDA:234,28,0,0
BRDA:234,28,1,0
BRDA:235,29,0,0
BRDA:235,29,1,0
BRDA:248,30,0,0
BRDA:248,30,1,0
BRDA:254,31,0,0
BRDA:254,31,1,0
BRDA:255,32,0,0
BRDA:255,32,1,0
BRDA:256,33,0,0
BRDA:256,33,1,0
BRDA:257,34,0,0
BRDA:257,34,1,0
BRDA:271,35,0,0
BRDA:271,35,1,0
BRDA:275,36,0,0
BRDA:275,36,1,0
BRDA:275,37,0,0
BRDA:275,37,1,0
BRDA:277,38,0,0
BRDA:277,38,1,0
BRDA:279,39,0,0
BRDA:279,39,1,0
BRDA:282,40,0,0
BRDA:282,40,1,0
BRDA:283,41,0,0
BRDA:283,41,1,0
BRDA:284,42,0,0
BRDA:284,42,1,0
BRDA:285,43,0,0
BRDA:285,43,1,0
BRDA:295,44,0,0
BRDA:298,45,0,0
BRDA:298,45,1,0
BRDA:304,46,0,0
BRDA:304,46,1,0
BRDA:316,47,0,0
BRDA:319,48,0,0
BRDA:319,48,1,0
BRDA:328,49,0,0
BRDA:328,49,1,0
BRDA:340,50,0,0
BRDA:340,50,1,0
BRDA:351,51,0,0
BRDA:351,51,1,0
BRDA:363,52,0,0
BRDA:363,52,1,0
BRDA:387,53,0,0
BRDA:387,53,1,0
BRDA:387,54,0,0
BRDA:387,54,1,0
BRDA:387,54,2,0
BRDA:409,55,0,0
BRDA:409,55,1,0
BRDA:409,55,2,0
BRDA:412,56,0,0
BRDA:412,56,1,0
BRDA:420,57,0,0
BRDA:420,57,1,0
BRDA:429,58,0,0
BRDA:429,58,1,0
BRDA:438,59,0,0
BRDA:438,59,1,0
BRDA:443,60,0,0
BRDA:443,60,1,0
BRDA:462,61,0,0
BRDA:462,61,1,0
BRDA:471,62,0,0
BRDA:471,62,1,0
BRDA:491,63,0,0
BRDA:491,63,1,0
BRDA:493,64,0,0
BRDA:493,64,1,0
BRDA:512,65,0,0
BRDA:512,65,1,0
BRDA:513,66,0,0
BRDA:513,66,1,0
BRDA:513,66,2,0
BRDA:513,66,3,0
BRDA:513,66,4,0
BRDA:513,66,5,0
BRDA:523,67,0,0
BRDA:523,67,1,0
BRDA:531,68,0,0
BRDA:531,68,1,0
BRDA:531,69,0,0
BRDA:531,69,1,0
BRDA:535,70,0,0
BRDA:535,70,1,0
BRDA:535,70,2,0
BRDA:535,70,3,0
BRDA:535,70,4,0
BRDA:537,71,0,0
BRDA:537,71,1,0
BRDA:540,72,0,0
BRDA:540,72,1,0
BRDA:545,73,0,0
BRDA:545,73,1,0
BRDA:556,74,0,0
BRDA:556,74,1,0
BRDA:556,75,0,0
BRDA:556,75,1,0
BRDA:560,76,0,0
BRDA:560,76,1,0
BRDA:560,76,2,0
BRDA:560,76,3,0
BRDA:560,76,4,0
BRDA:560,76,5,0
BRDA:560,76,6,0
BRDA:571,77,0,0
BRDA:571,77,1,0
BRDA:571,78,0,0
BRDA:571,78,1,0
BRDA:571,78,2,0
BRDA:589,79,0,0
BRDA:589,79,1,0
BRDA:590,80,0,0
BRDA:590,80,1,0
BRDA:593,81,0,0
BRDA:593,81,1,0
BRDA:593,82,0,0
BRDA:593,82,1,0
BRDA:596,83,0,0
BRDA:596,83,1,0
BRDA:596,84,0,0
BRDA:596,84,1,0
BRDA:599,85,0,0
BRDA:599,85,1,0
BRDA:599,86,0,0
BRDA:599,86,1,0
BRF:188
BRH:0
end_of_record
TN:
SF:packages/sqlite/src/builders/SQLiteIndexBuilder.ts
FN:14,(anonymous_0)
FN:16,(anonymous_1)
FNF:2
FNH:0
FNDA:0,(anonymous_0)
FNDA:0,(anonymous_1)
DA:13,0
DA:14,0
DA:17,0
DA:18,0
DA:19,0
DA:21,0
DA:22,0
DA:23,0
DA:24,0
DA:25,0
DA:26,0
DA:27,0
DA:29,0
DA:30,0
DA:31,0
LF:15
LH:0
BRDA:17,0,0,0
BRDA:17,0,1,0
BRDA:17,1,0,0
BRDA:17,1,1,0
BRDA:17,1,2,0
BRDA:18,2,0,0
BRDA:18,2,1,0
BRDA:21,3,0,0
BRDA:21,3,1,0
BRDA:22,4,0,0
BRDA:22,4,1,0
BRDA:25,5,0,0
BRDA:25,5,1,0
BRDA:26,6,0,0
BRDA:26,6,1,0
BRDA:29,7,0,0
BRDA:29,7,1,0
BRF:17
BRH:0
end_of_record
TN:
SF:packages/sqlite/src/emitters/SQLiteGroupEmitter.ts
FN:4,(anonymous_0)
FNF:1
FNH:0
FNDA:0,(anonymous_0)
DA:3,0
DA:5,0
DA:6,0
DA:7,0
DA:8,0
DA:9,0
DA:11,0
LF:7
LH:0
BRDA:5,0,0,0
BRDA:5,0,1,0
BRDA:7,1,0,0
BRDA:7,1,1,0
BRF:4
BRH:0
end_of_record
TN:
SF:packages/sqlite/src/emitters/SQLiteJoinEmitter.ts
FN:4,(anonymous_0)
FNF:1
FNH:0
FNDA:0,(anonymous_0)
DA:3,0
DA:5,0
DA:6,0
DA:7,0
DA:8,0
DA:9,0
DA:10,0
DA:12,0
LF:8
LH:0
BRDA:5,0,0,0
BRDA:5,0,1,0
BRDA:5,1,0,0
BRDA:5,1,1,0
BRDA:9,2,0,0
BRDA:9,2,1,0
BRF:6
BRH:0
end_of_record
TN:
SF:packages/sqlite/src/emitters/SQLiteOrderEmitter.ts
FN:4,(anonymous_0)
FN:6,(anonymous_1)
FNF:2
FNH:0
FNDA:0,(anonymous_0)
FNDA:0,(anonymous_1)
DA:3,0
DA:5,0
DA:6,0
DA:7,0
LF:4
LH:0
BRDA:5,0,0,0
BRDA:5,0,1,0
BRDA:5,1,0,0
BRDA:5,1,1,0
BRF:4
BRH:0
end_of_record
TN:
SF:packages/sqlite/src/emitters/SQLiteWhereEmitter.ts
FN:4,(anonymous_0)
FN:6,(anonymous_1)
FNF:2
FNH:0
FNDA:0,(anonymous_0)
FNDA:0,(anonymous_1)
DA:3,0
DA:5,0
DA:6,0
DA:7,0
DA:8,0
LF:5
LH:0
BRDA:5,0,0,0
BRDA:5,0,1,0
BRDA:5,1,0,0
BRDA:5,1,1,0
BRF:4
BRH:0
end_of_record
